<?xml version="1.0" encoding="UTF-8" ?>
<testsuite failures="6" time="1.668" errors="0" skipped="0" tests="6" name="com.wakaleo.gameoflife.webtests.WhenTheUserEntersAnInitialGrid">
  <properties>
    <property name="java.runtime.name" value="OpenJDK Runtime Environment"/>
    <property name="sun.boot.library.path" value="/usr/lib/jvm/java-1.7.0-openjdk-1.7.0.79.x86_64/jre/lib/amd64"/>
    <property name="java.vm.version" value="24.79-b02"/>
    <property name="java.vm.vendor" value="Oracle Corporation"/>
    <property name="java.vendor.url" value="http://java.oracle.com/"/>
    <property name="path.separator" value=":"/>
    <property name="guice.disable.misplaced.annotation.check" value="true"/>
    <property name="java.vm.name" value="OpenJDK 64-Bit Server VM"/>
    <property name="file.encoding.pkg" value="sun.io"/>
    <property name="user.country" value="US"/>
    <property name="sun.java.launcher" value="SUN_STANDARD"/>
    <property name="sun.os.patch.level" value="unknown"/>
    <property name="java.vm.specification.name" value="Java Virtual Machine Specification"/>
    <property name="user.dir" value="/var/lib/jenkins/jobs/project01/workspace/gameoflife-acceptance-tests"/>
    <property name="java.runtime.version" value="1.7.0_79-mockbuild_2015_05_14_07_23-b00"/>
    <property name="java.awt.graphicsenv" value="sun.awt.X11GraphicsEnvironment"/>
    <property name="java.endorsed.dirs" value="/usr/lib/jvm/java-1.7.0-openjdk-1.7.0.79.x86_64/jre/lib/endorsed"/>
    <property name="os.arch" value="amd64"/>
    <property name="java.io.tmpdir" value="/tmp"/>
    <property name="line.separator" value="
"/>
    <property name="selenium.host" value="http://172.23.37.104:8080/gameoflife"/>
    <property name="java.vm.specification.vendor" value="Oracle Corporation"/>
    <property name="os.name" value="Linux"/>
    <property name="classworlds.conf" value="/usr/share/apache-maven/bin/m2.conf"/>
    <property name="sun.jnu.encoding" value="UTF-8"/>
    <property name="java.library.path" value="/usr/java/packages/lib/amd64:/usr/lib64:/lib64:/lib:/usr/lib"/>
    <property name="java.specification.name" value="Java Platform API Specification"/>
    <property name="java.class.version" value="51.0"/>
    <property name="sun.management.compiler" value="HotSpot 64-Bit Tiered Compilers"/>
    <property name="os.version" value="3.1.1"/>
    <property name="user.home" value="/root"/>
    <property name="user.timezone" value="Etc/UTC"/>
    <property name="java.awt.printerjob" value="sun.print.PSPrinterJob"/>
    <property name="file.encoding" value="UTF-8"/>
    <property name="java.specification.version" value="1.7"/>
    <property name="user.name" value="root"/>
    <property name="java.class.path" value="/usr/share/apache-maven/boot/plexus-classworlds-2.5.2.jar"/>
    <property name="java.vm.specification.version" value="1.7"/>
    <property name="sun.arch.data.model" value="64"/>
    <property name="java.home" value="/usr/lib/jvm/java-1.7.0-openjdk-1.7.0.79.x86_64/jre"/>
    <property name="sun.java.command" value="org.codehaus.plexus.classworlds.launcher.Launcher verify -Dselenium.host=http://172.23.37.104:8080/gameoflife"/>
    <property name="java.specification.vendor" value="Oracle Corporation"/>
    <property name="user.language" value="en"/>
    <property name="awt.toolkit" value="sun.awt.X11.XToolkit"/>
    <property name="java.vm.info" value="mixed mode"/>
    <property name="java.version" value="1.7.0_79"/>
    <property name="java.ext.dirs" value="/usr/lib/jvm/java-1.7.0-openjdk-1.7.0.79.x86_64/jre/lib/ext:/usr/java/packages/lib/ext"/>
    <property name="securerandom.source" value="file:/dev/./urandom"/>
    <property name="sun.boot.class.path" value="/usr/lib/jvm/java-1.7.0-openjdk-1.7.0.79.x86_64/jre/lib/resources.jar:/usr/lib/jvm/java-1.7.0-openjdk-1.7.0.79.x86_64/jre/lib/rt.jar:/usr/lib/jvm/java-1.7.0-openjdk-1.7.0.79.x86_64/jre/lib/sunrsasign.jar:/usr/lib/jvm/java-1.7.0-openjdk-1.7.0.79.x86_64/jre/lib/jsse.jar:/usr/lib/jvm/java-1.7.0-openjdk-1.7.0.79.x86_64/jre/lib/jce.jar:/usr/lib/jvm/java-1.7.0-openjdk-1.7.0.79.x86_64/jre/lib/charsets.jar:/usr/lib/jvm/java-1.7.0-openjdk-1.7.0.79.x86_64/jre/lib/rhino.jar:/usr/lib/jvm/java-1.7.0-openjdk-1.7.0.79.x86_64/jre/lib/jfr.jar:/usr/lib/jvm/java-1.7.0-openjdk-1.7.0.79.x86_64/jre/classes"/>
    <property name="java.vendor" value="Oracle Corporation"/>
    <property name="maven.home" value="/usr/share/apache-maven"/>
    <property name="file.separator" value="/"/>
    <property name="java.vendor.url.bug" value="http://bugreport.sun.com/bugreport/"/>
    <property name="sun.cpu.endian" value="little"/>
    <property name="sun.io.unicode.encoding" value="UnicodeLittle"/>
    <property name="sun.cpu.isalist" value=""/>
  </properties>
  <testcase time="0.105" classname="com.wakaleo.gameoflife.webtests.WhenTheUserEntersAnInitialGrid" name="userShouldBeAbleToSeedAnEmptyGridOnTheNewGamePage">
    <failure message="Could not instantiate class org.openqa.selenium.firefox.FirefoxDriver" type="net.thucydides.core.webdriver.WebdriverAssertionError">net.thucydides.core.webdriver.WebdriverAssertionError: Could not instantiate class org.openqa.selenium.firefox.FirefoxDriver
	at net.thucydides.core.webdriver.WebDriverFacade.newDriverInstance(WebDriverFacade.java:90)
	at net.thucydides.core.webdriver.WebDriverFacade.newProxyDriver(WebDriverFacade.java:82)
	at net.thucydides.core.webdriver.WebDriverFacade.getProxiedDriver(WebDriverFacade.java:54)
	at net.thucydides.core.pages.Pages.browserIsHeadless(Pages.java:141)
	at net.thucydides.core.pages.Pages.openHeadlessDriverIfNotOpen(Pages.java:126)
	at net.thucydides.core.pages.Pages.openBrowserIfRequiredFor(Pages.java:119)
	at net.thucydides.core.pages.Pages.currentPageAt(Pages.java:107)
	at com.wakaleo.gameoflife.webtests.steps.PlayerSteps.onHomePage(PlayerSteps.java:57)
	at com.wakaleo.gameoflife.webtests.steps.PlayerSteps.opens_home_page(PlayerSteps.java:18)
	at com.wakaleo.gameoflife.webtests.steps.PlayerSteps$$EnhancerByCGLIB$$e7ad7fc9.CGLIB$opens_home_page$0(&lt;generated&gt;)
	at com.wakaleo.gameoflife.webtests.steps.PlayerSteps$$EnhancerByCGLIB$$e7ad7fc9$$FastClassByCGLIB$$2f6316fe.invoke(&lt;generated&gt;)
	at net.sf.cglib.proxy.MethodProxy.invokeSuper(MethodProxy.java:228)
	at net.thucydides.core.steps.StepInterceptor.executeTestStepMethod(StepInterceptor.java:273)
	at net.thucydides.core.steps.StepInterceptor.runTestStep(StepInterceptor.java:252)
	at net.thucydides.core.steps.StepInterceptor.testStepResult(StepInterceptor.java:124)
	at net.thucydides.core.steps.StepInterceptor.intercept(StepInterceptor.java:50)
	at com.wakaleo.gameoflife.webtests.steps.PlayerSteps$$EnhancerByCGLIB$$e7ad7fc9.opens_home_page(&lt;generated&gt;)
	at com.wakaleo.gameoflife.webtests.WhenTheUserEntersAnInitialGrid.userShouldBeAbleToSeedAnEmptyGridOnTheNewGamePage(WhenTheUserEntersAnInitialGrid.java:47)
	at sun.reflect.NativeMethodAccessorImpl.invoke0(Native Method)
	at sun.reflect.NativeMethodAccessorImpl.invoke(NativeMethodAccessorImpl.java:57)
	at sun.reflect.DelegatingMethodAccessorImpl.invoke(DelegatingMethodAccessorImpl.java:43)
	at java.lang.reflect.Method.invoke(Method.java:606)
	at org.junit.runners.model.FrameworkMethod$1.runReflectiveCall(FrameworkMethod.java:45)
	at org.junit.internal.runners.model.ReflectiveCallable.run(ReflectiveCallable.java:15)
	at org.junit.runners.model.FrameworkMethod.invokeExplosively(FrameworkMethod.java:42)
	at org.junit.internal.runners.statements.InvokeMethod.evaluate(InvokeMethod.java:20)
	at net.thucydides.junit.runners.ThucydidesStatement.evaluate(ThucydidesStatement.java:21)
	at org.junit.runners.ParentRunner.runLeaf(ParentRunner.java:263)
	at org.junit.runners.BlockJUnit4ClassRunner.runChild(BlockJUnit4ClassRunner.java:68)
	at net.thucydides.junit.runners.ThucydidesRunner.runChild(ThucydidesRunner.java:339)
	at net.thucydides.junit.runners.ThucydidesRunner.runChild(ThucydidesRunner.java:56)
	at org.junit.runners.ParentRunner$3.run(ParentRunner.java:231)
	at org.junit.runners.ParentRunner$1.schedule(ParentRunner.java:60)
	at org.junit.runners.ParentRunner.runChildren(ParentRunner.java:229)
	at org.junit.runners.ParentRunner.access$000(ParentRunner.java:50)
	at org.junit.runners.ParentRunner$2.evaluate(ParentRunner.java:222)
	at org.junit.runners.ParentRunner.run(ParentRunner.java:300)
	at net.thucydides.junit.runners.ThucydidesRunner.run(ThucydidesRunner.java:201)
	at org.junit.runners.Suite.runChild(Suite.java:128)
	at org.junit.runners.Suite.runChild(Suite.java:24)
	at org.junit.runners.ParentRunner$3.run(ParentRunner.java:231)
	at java.util.concurrent.Executors$RunnableAdapter.call(Executors.java:471)
	at java.util.concurrent.FutureTask.run(FutureTask.java:262)
	at java.util.concurrent.ThreadPoolExecutor.runWorker(ThreadPoolExecutor.java:1145)
	at java.util.concurrent.ThreadPoolExecutor$Worker.run(ThreadPoolExecutor.java:615)
	at java.lang.Thread.run(Thread.java:745)
</failure>
    <system-err>4113 [pool-1-thread-1] INFO net.thucydides.core.Thucydides - 
  _____ _____ ____ _____   ____ _____  _    ____ _____ _____ ____  
 |_   _| ____/ ___|_   _| / ___|_   _|/ \  |  _ \_   _| ____|  _ \ 
   | | |  _| \___ \ | |   \___ \ | | / _ \ | |_) || | |  _| | | | |
   | | | |___ ___) || |    ___) || |/ ___ \|  _ &lt; | | | |___| |_| |
   |_| |_____|____/ |_|   |____/ |_/_/   \_\_| \_\|_| |_____|____/ 
                                                                   

TEST STARTED: userShouldBeAbleToSeedAnEmptyGridOnTheNewGamePage
--------------------------------------------------------------------
4113 [pool-1-thread-1] INFO net.thucydides.core.Thucydides - TEST NUMBER: 1
4113 [pool-1-thread-1] INFO net.thucydides.core.Thucydides - Test Suite Started: When the user enters an initial grid
4114 [pool-1-thread-1] INFO net.thucydides.core.Thucydides - 
  _____ _____ ____ _____   ____ _____  _    ____ _____ _____ ____  
 |_   _| ____/ ___|_   _| / ___|_   _|/ \  |  _ \_   _| ____|  _ \ 
   | | |  _| \___ \ | |   \___ \ | | / _ \ | |_) || | |  _| | | | |
   | | | |___ ___) || |    ___) || |/ ___ \|  _ &lt; | | | |___| |_| |
   |_| |_____|____/ |_|   |____/ |_/_/   \_\_| \_\|_| |_____|____/ 
                                                                   

TEST STARTED: userShouldBeAbleToSeedAnEmptyGridOnTheNewGamePage
--------------------------------------------------------------------
4114 [pool-1-thread-1] INFO net.thucydides.core.Thucydides - TEST NUMBER: 2
4115 [pool-1-thread-1] INFO net.thucydides.core.Thucydides - 
  _____ _____ ____ _____   ____ _____  _    ____ _____ _____ ____  
 |_   _| ____/ ___|_   _| / ___|_   _|/ \  |  _ \_   _| ____|  _ \ 
   | | |  _| \___ \ | |   \___ \ | | / _ \ | |_) || | |  _| | | | |
   | | | |___ ___) || |    ___) || |/ ___ \|  _ &lt; | | | |___| |_| |
   |_| |_____|____/ |_|   |____/ |_/_/   \_\_| \_\|_| |_____|____/ 
                                                                   

TEST STARTED: userShouldBeAbleToSeedAnEmptyGridOnTheNewGamePage
--------------------------------------------------------------------
4115 [pool-1-thread-1] INFO net.thucydides.core.Thucydides - TEST NUMBER: 3
4121 [pool-1-thread-1] INFO net.thucydides.core.Thucydides - Test Suite Started: When the user enters an initial grid
4122 [pool-1-thread-1] INFO net.thucydides.core.Thucydides - 
  _____ _____ ____ _____   ____ _____  _    ____ _____ _____ ____  
 |_   _| ____/ ___|_   _| / ___|_   _|/ \  |  _ \_   _| ____|  _ \ 
   | | |  _| \___ \ | |   \___ \ | | / _ \ | |_) || | |  _| | | | |
   | | | |___ ___) || |    ___) || |/ ___ \|  _ &lt; | | | |___| |_| |
   |_| |_____|____/ |_|   |____/ |_/_/   \_\_| \_\|_| |_____|____/ 
                                                                   

TEST STARTED: userShouldBeAbleToSeedAnEmptyGridOnTheNewGamePage
--------------------------------------------------------------------
4122 [pool-1-thread-1] INFO net.thucydides.core.Thucydides - TEST NUMBER: 4
org.openqa.selenium.firefox.NotConnectedException: Unable to connect to host localhost on port 7055 after 45000 ms. Firefox console output:
Error: no display specified
Error: no display specified
	at org.openqa.selenium.firefox.internal.NewProfileExtensionConnection.start(NewProfileExtensionConnection.java:109)	at org.openqa.selenium.firefox.FirefoxDriver.startClient(FirefoxDriver.java:245)	at org.openqa.selenium.remote.RemoteWebDriver.&lt;init&gt;(RemoteWebDriver.java:109)	at org.openqa.selenium.firefox.FirefoxDriver.&lt;init&gt;(FirefoxDriver.java:183)	at org.openqa.selenium.firefox.FirefoxDriver.&lt;init&gt;(FirefoxDriver.java:178)	at org.openqa.selenium.firefox.FirefoxDriver.&lt;init&gt;(FirefoxDriver.java:174)	at org.openqa.selenium.firefox.FirefoxDriver.&lt;init&gt;(FirefoxDriver.java:96)	at sun.reflect.NativeConstructorAccessorImpl.newInstance0(Native Method)	at sun.reflect.NativeConstructorAccessorImpl.newInstance(NativeConstructorAccessorImpl.java:57)	at sun.reflect.DelegatingConstructorAccessorImpl.newInstance(DelegatingConstructorAccessorImpl.java:45)	at java.lang.reflect.Constructor.newInstance(Constructor.java:526)	at net.thucydides.core.webdriver.WebdriverInstanceFactory.newInstanceOf(WebdriverInstanceFactory.java:28)	at net.thucydides.core.webdriver.WebDriverFactory.firefoxDriverFrom(WebDriverFactory.java:314)	at net.thucydides.core.webdriver.WebDriverFactory.newWebdriverInstance(WebDriverFactory.java:135)	at net.thucydides.core.webdriver.WebDriverFacade.newDriverInstance(WebDriverFacade.java:87)	at net.thucydides.core.webdriver.WebDriverFacade.newProxyDriver(WebDriverFacade.java:82)	at net.thucydides.core.webdriver.WebDriverFacade.getProxiedDriver(WebDriverFacade.java:54)	at net.thucydides.core.pages.Pages.browserIsHeadless(Pages.java:141)	at net.thucydides.core.pages.Pages.openHeadlessDriverIfNotOpen(Pages.java:126)	at net.thucydides.core.pages.Pages.openBrowserIfRequiredFor(Pages.java:119)	at net.thucydides.core.pages.Pages.currentPageAt(Pages.java:107)	at com.wakaleo.gameoflife.webtests.steps.PlayerSteps.onHomePage(PlayerSteps.java:57)	at com.wakaleo.gameoflife.webtests.steps.PlayerSteps.opens_home_page(PlayerSteps.java:18)	at com.wakaleo.gameoflife.webtests.steps.PlayerSteps$$EnhancerByCGLIB$$e7ad7fc9.CGLIB$opens_home_page$0(&lt;generated&gt;)	at com.wakaleo.gameoflife.webtests.steps.PlayerSteps$$EnhancerByCGLIB$$e7ad7fc9$$FastClassByCGLIB$$2f6316fe.invoke(&lt;generated&gt;)	at net.sf.cglib.proxy.MethodProxy.invokeSuper(MethodProxy.java:228)	at net.thucydides.core.steps.StepInterceptor.executeTestStepMethod(StepInterceptor.java:273)	at net.thucydides.core.steps.StepInterceptor.runTestStep(StepInterceptor.java:252)	at net.thucydides.core.steps.StepInterceptor.testStepResult(StepInterceptor.java:124)	at net.thucydides.core.steps.StepInterceptor.intercept(StepInterceptor.java:50)	at com.wakaleo.gameoflife.webtests.steps.PlayerSteps$$EnhancerByCGLIB$$e7ad7fc9.opens_home_page(&lt;generated&gt;)	at com.wakaleo.gameoflife.webtests.WhenTheUserEntersAnInitialGrid.userShouldBeAbleToSeedAnEmptyGridOnTheNewGamePage(WhenTheUserEntersAnInitialGrid.java:47)	at sun.reflect.NativeMethodAccessorImpl.invoke0(Native Method)	at sun.reflect.NativeMethodAccessorImpl.invoke(NativeMethodAccessorImpl.java:57)	at sun.reflect.DelegatingMethodAccessorImpl.invoke(DelegatingMethodAccessorImpl.java:43)	at java.lang.reflect.Method.invoke(Method.java:606)	at org.junit.runners.model.FrameworkMethod$1.runReflectiveCall(FrameworkMethod.java:45)	at org.junit.internal.runners.model.ReflectiveCallable.run(ReflectiveCallable.java:15)	at org.junit.runners.model.FrameworkMethod.invokeExplosively(FrameworkMethod.java:42)	at org.junit.internal.runners.statements.InvokeMethod.evaluate(InvokeMethod.java:20)	at net.thucydides.junit.runners.ThucydidesStatement.evaluate(ThucydidesStatement.java:21)	at org.junit.runners.ParentRunner.runLeaf(ParentRunner.java:263)	at org.junit.runners.BlockJUnit4ClassRunner.runChild(BlockJUnit4ClassRunner.java:68)	at net.thucydides.junit.runners.ThucydidesRunner.runChild(ThucydidesRunner.java:339)	at net.thucydides.junit.runners.ThucydidesRunner.runChild(ThucydidesRunner.java:56)	at org.junit.runners.ParentRunner$3.run(ParentRunner.java:231)	at org.junit.runners.ParentRunner$1.schedule(ParentRunner.java:60)	at org.junit.runners.ParentRunner.runChildren(ParentRunner.java:229)	at org.junit.runners.ParentRunner.access$000(ParentRunner.java:50)	at org.junit.runners.ParentRunner$2.evaluate(ParentRunner.java:222)	at org.junit.runners.ParentRunner.run(ParentRunner.java:300)	at net.thucydides.junit.runners.ThucydidesRunner.run(ThucydidesRunner.java:201)	at org.junit.runners.Suite.runChild(Suite.java:128)	at org.junit.runners.Suite.runChild(Suite.java:24)	at org.junit.runners.ParentRunner$3.run(ParentRunner.java:231)	at java.util.concurrent.Executors$RunnableAdapter.call(Executors.java:471)	at java.util.concurrent.FutureTask.run(FutureTask.java:262)	at java.util.concurrent.ThreadPoolExecutor.runWorker(ThreadPoolExecutor.java:1145)	at java.util.concurrent.ThreadPoolExecutor$Worker.run(ThreadPoolExecutor.java:615)	at java.lang.Thread.run(Thread.java:745)51611 [pool-1-thread-1] ERROR net.thucydides.core.webdriver.WebDriverFacade - FAILED TO CREATE NEW DRIVER INSTANCE class org.openqa.selenium.firefox.FirefoxDriver: Could not instantiate class org.openqa.selenium.firefox.FirefoxDriver
net.thucydides.core.webdriver.UnsupportedDriverException: Could not instantiate class org.openqa.selenium.firefox.FirefoxDriver	at net.thucydides.core.webdriver.WebDriverFactory.newWebdriverInstance(WebDriverFactory.java:149)	at net.thucydides.core.webdriver.WebDriverFacade.newDriverInstance(WebDriverFacade.java:87)	at net.thucydides.core.webdriver.WebDriverFacade.newProxyDriver(WebDriverFacade.java:82)	at net.thucydides.core.webdriver.WebDriverFacade.getProxiedDriver(WebDriverFacade.java:54)	at net.thucydides.core.pages.Pages.browserIsHeadless(Pages.java:141)	at net.thucydides.core.pages.Pages.openHeadlessDriverIfNotOpen(Pages.java:126)	at net.thucydides.core.pages.Pages.openBrowserIfRequiredFor(Pages.java:119)	at net.thucydides.core.pages.Pages.currentPageAt(Pages.java:107)	at com.wakaleo.gameoflife.webtests.steps.PlayerSteps.onHomePage(PlayerSteps.java:57)	at com.wakaleo.gameoflife.webtests.steps.PlayerSteps.opens_home_page(PlayerSteps.java:18)	at com.wakaleo.gameoflife.webtests.steps.PlayerSteps$$EnhancerByCGLIB$$e7ad7fc9.CGLIB$opens_home_page$0(&lt;generated&gt;)	at com.wakaleo.gameoflife.webtests.steps.PlayerSteps$$EnhancerByCGLIB$$e7ad7fc9$$FastClassByCGLIB$$2f6316fe.invoke(&lt;generated&gt;)	at net.sf.cglib.proxy.MethodProxy.invokeSuper(MethodProxy.java:228)	at net.thucydides.core.steps.StepInterceptor.executeTestStepMethod(StepInterceptor.java:273)	at net.thucydides.core.steps.StepInterceptor.runTestStep(StepInterceptor.java:252)	at net.thucydides.core.steps.StepInterceptor.testStepResult(StepInterceptor.java:124)	at net.thucydides.core.steps.StepInterceptor.intercept(StepInterceptor.java:50)	at com.wakaleo.gameoflife.webtests.steps.PlayerSteps$$EnhancerByCGLIB$$e7ad7fc9.opens_home_page(&lt;generated&gt;)	at com.wakaleo.gameoflife.webtests.WhenTheUserEntersAnInitialGrid.userShouldBeAbleToSeedAnEmptyGridOnTheNewGamePage(WhenTheUserEntersAnInitialGrid.java:47)	at sun.reflect.NativeMethodAccessorImpl.invoke0(Native Method)	at sun.reflect.NativeMethodAccessorImpl.invoke(NativeMethodAccessorImpl.java:57)	at sun.reflect.DelegatingMethodAccessorImpl.invoke(DelegatingMethodAccessorImpl.java:43)	at java.lang.reflect.Method.invoke(Method.java:606)	at org.junit.runners.model.FrameworkMethod$1.runReflectiveCall(FrameworkMethod.java:45)	at org.junit.internal.runners.model.ReflectiveCallable.run(ReflectiveCallable.java:15)	at org.junit.runners.model.FrameworkMethod.invokeExplosively(FrameworkMethod.java:42)	at org.junit.internal.runners.statements.InvokeMethod.evaluate(InvokeMethod.java:20)	at net.thucydides.junit.runners.ThucydidesStatement.evaluate(ThucydidesStatement.java:21)	at org.junit.runners.ParentRunner.runLeaf(ParentRunner.java:263)	at org.junit.runners.BlockJUnit4ClassRunner.runChild(BlockJUnit4ClassRunner.java:68)	at net.thucydides.junit.runners.ThucydidesRunner.runChild(ThucydidesRunner.java:339)	at net.thucydides.junit.runners.ThucydidesRunner.runChild(ThucydidesRunner.java:56)	at org.junit.runners.ParentRunner$3.run(ParentRunner.java:231)	at org.junit.runners.ParentRunner$1.schedule(ParentRunner.java:60)	at org.junit.runners.ParentRunner.runChildren(ParentRunner.java:229)	at org.junit.runners.ParentRunner.access$000(ParentRunner.java:50)	at org.junit.runners.ParentRunner$2.evaluate(ParentRunner.java:222)	at org.junit.runners.ParentRunner.run(ParentRunner.java:300)	at net.thucydides.junit.runners.ThucydidesRunner.run(ThucydidesRunner.java:201)	at org.junit.runners.Suite.runChild(Suite.java:128)	at org.junit.runners.Suite.runChild(Suite.java:24)	at org.junit.runners.ParentRunner$3.run(ParentRunner.java:231)	at java.util.concurrent.Executors$RunnableAdapter.call(Executors.java:471)	at java.util.concurrent.FutureTask.run(FutureTask.java:262)	at java.util.concurrent.ThreadPoolExecutor.runWorker(ThreadPoolExecutor.java:1145)	at java.util.concurrent.ThreadPoolExecutor$Worker.run(ThreadPoolExecutor.java:615)	at java.lang.Thread.run(Thread.java:745)Caused by: java.lang.reflect.InvocationTargetException	at sun.reflect.NativeConstructorAccessorImpl.newInstance0(Native Method)	at sun.reflect.NativeConstructorAccessorImpl.newInstance(NativeConstructorAccessorImpl.java:57)	at sun.reflect.DelegatingConstructorAccessorImpl.newInstance(DelegatingConstructorAccessorImpl.java:45)	at java.lang.reflect.Constructor.newInstance(Constructor.java:526)	at net.thucydides.core.webdriver.WebdriverInstanceFactory.newInstanceOf(WebdriverInstanceFactory.java:28)	at net.thucydides.core.webdriver.WebDriverFactory.firefoxDriverFrom(WebDriverFactory.java:314)	at net.thucydides.core.webdriver.WebDriverFactory.newWebdriverInstance(WebDriverFactory.java:135)	... 46 moreCaused by: org.openqa.selenium.WebDriverException: Failed to connect to binary FirefoxBinary(/usr/bin/firefox) on port 7055; process output follows: 
Error: no display specified
Error: no display specified

Build info: version: &apos;2.25.0&apos;, revision: &apos;17482&apos;, time: &apos;2012-07-18 22:18:01&apos;
System info: os.name: &apos;Linux&apos;, os.arch: &apos;amd64&apos;, os.version: &apos;3.1.1&apos;, java.version: &apos;1.7.0_79&apos;
Driver info: driver.version: FirefoxDriver	at org.openqa.selenium.firefox.internal.NewProfileExtensionConnection.start(NewProfileExtensionConnection.java:121)	at org.openqa.selenium.firefox.FirefoxDriver.startClient(FirefoxDriver.java:245)	at org.openqa.selenium.remote.RemoteWebDriver.&lt;init&gt;(RemoteWebDriver.java:109)	at org.openqa.selenium.firefox.FirefoxDriver.&lt;init&gt;(FirefoxDriver.java:183)	at org.openqa.selenium.firefox.FirefoxDriver.&lt;init&gt;(FirefoxDriver.java:178)	at org.openqa.selenium.firefox.FirefoxDriver.&lt;init&gt;(FirefoxDriver.java:174)	at org.openqa.selenium.firefox.FirefoxDriver.&lt;init&gt;(FirefoxDriver.java:96)	... 53 moreCaused by: org.openqa.selenium.firefox.NotConnectedException: Unable to connect to host localhost on port 7055 after 45000 ms. Firefox console output:
Error: no display specified
Error: no display specified
	at org.openqa.selenium.firefox.internal.NewProfileExtensionConnection.start(NewProfileExtensionConnection.java:109)	... 59 moreorg.openqa.selenium.firefox.NotConnectedException: Unable to connect to host localhost on port 7055 after 45000 ms. Firefox console output:
Error: no display specified
Error: no display specified
	at org.openqa.selenium.firefox.internal.NewProfileExtensionConnection.start(NewProfileExtensionConnection.java:109)	at org.openqa.selenium.firefox.FirefoxDriver.startClient(FirefoxDriver.java:245)	at org.openqa.selenium.remote.RemoteWebDriver.&lt;init&gt;(RemoteWebDriver.java:109)	at org.openqa.selenium.firefox.FirefoxDriver.&lt;init&gt;(FirefoxDriver.java:183)	at org.openqa.selenium.firefox.FirefoxDriver.&lt;init&gt;(FirefoxDriver.java:178)	at org.openqa.selenium.firefox.FirefoxDriver.&lt;init&gt;(FirefoxDriver.java:174)	at org.openqa.selenium.firefox.FirefoxDriver.&lt;init&gt;(FirefoxDriver.java:96)	at sun.reflect.NativeConstructorAccessorImpl.newInstance0(Native Method)	at sun.reflect.NativeConstructorAccessorImpl.newInstance(NativeConstructorAccessorImpl.java:57)	at sun.reflect.DelegatingConstructorAccessorImpl.newInstance(DelegatingConstructorAccessorImpl.java:45)	at java.lang.reflect.Constructor.newInstance(Constructor.java:526)	at net.thucydides.core.webdriver.WebdriverInstanceFactory.newInstanceOf(WebdriverInstanceFactory.java:28)	at net.thucydides.core.webdriver.WebDriverFactory.firefoxDriverFrom(WebDriverFactory.java:314)	at net.thucydides.core.webdriver.WebDriverFactory.newWebdriverInstance(WebDriverFactory.java:135)	at net.thucydides.core.webdriver.WebDriverFacade.newDriverInstance(WebDriverFacade.java:87)	at net.thucydides.core.webdriver.WebDriverFacade.newProxyDriver(WebDriverFacade.java:82)	at net.thucydides.core.webdriver.WebDriverFacade.getProxiedDriver(WebDriverFacade.java:54)	at net.thucydides.core.pages.Pages.browserIsHeadless(Pages.java:141)	at net.thucydides.core.pages.Pages.openHeadlessDriverIfNotOpen(Pages.java:126)	at net.thucydides.core.pages.Pages.openBrowserIfRequiredFor(Pages.java:119)	at net.thucydides.core.pages.Pages.currentPageAt(Pages.java:107)	at com.wakaleo.gameoflife.webtests.steps.PlayerSteps.onHomePage(PlayerSteps.java:57)	at com.wakaleo.gameoflife.webtests.steps.PlayerSteps.chooses_to_start_a_new_game(PlayerSteps.java:28)	at com.wakaleo.gameoflife.webtests.steps.PlayerSteps$$EnhancerByCGLIB$$e7ad7fc9.CGLIB$chooses_to_start_a_new_game$1(&lt;generated&gt;)	at com.wakaleo.gameoflife.webtests.steps.PlayerSteps$$EnhancerByCGLIB$$e7ad7fc9$$FastClassByCGLIB$$2f6316fe.invoke(&lt;generated&gt;)	at net.sf.cglib.proxy.MethodProxy.invokeSuper(MethodProxy.java:228)	at net.thucydides.core.steps.StepInterceptor.invokeMethod(StepInterceptor.java:285)	at net.thucydides.core.steps.StepInterceptor.runSkippedMethod(StepInterceptor.java:140)	at net.thucydides.core.steps.StepInterceptor.skipTestStep(StepInterceptor.java:130)	at net.thucydides.core.steps.StepInterceptor.testStepResult(StepInterceptor.java:121)	at net.thucydides.core.steps.StepInterceptor.intercept(StepInterceptor.java:50)	at com.wakaleo.gameoflife.webtests.steps.PlayerSteps$$EnhancerByCGLIB$$e7ad7fc9.chooses_to_start_a_new_game(&lt;generated&gt;)	at com.wakaleo.gameoflife.webtests.WhenTheUserEntersAnInitialGrid.userShouldBeAbleToSeedAnEmptyGridOnTheNewGamePage(WhenTheUserEntersAnInitialGrid.java:48)	at sun.reflect.NativeMethodAccessorImpl.invoke0(Native Method)	at sun.reflect.NativeMethodAccessorImpl.invoke(NativeMethodAccessorImpl.java:57)	at sun.reflect.DelegatingMethodAccessorImpl.invoke(DelegatingMethodAccessorImpl.java:43)	at java.lang.reflect.Method.invoke(Method.java:606)	at org.junit.runners.model.FrameworkMethod$1.runReflectiveCall(FrameworkMethod.java:45)	at org.junit.internal.runners.model.ReflectiveCallable.run(ReflectiveCallable.java:15)	at org.junit.runners.model.FrameworkMethod.invokeExplosively(FrameworkMethod.java:42)	at org.junit.internal.runners.statements.InvokeMethod.evaluate(InvokeMethod.java:20)	at net.thucydides.junit.runners.ThucydidesStatement.evaluate(ThucydidesStatement.java:21)	at org.junit.runners.ParentRunner.runLeaf(ParentRunner.java:263)	at org.junit.runners.BlockJUnit4ClassRunner.runChild(BlockJUnit4ClassRunner.java:68)	at net.thucydides.junit.runners.ThucydidesRunner.runChild(ThucydidesRunner.java:339)	at net.thucydides.junit.runners.ThucydidesRunner.runChild(ThucydidesRunner.java:56)	at org.junit.runners.ParentRunner$3.run(ParentRunner.java:231)	at org.junit.runners.ParentRunner$1.schedule(ParentRunner.java:60)	at org.junit.runners.ParentRunner.runChildren(ParentRunner.java:229)	at org.junit.runners.ParentRunner.access$000(ParentRunner.java:50)	at org.junit.runners.ParentRunner$2.evaluate(ParentRunner.java:222)	at org.junit.runners.ParentRunner.run(ParentRunner.java:300)	at net.thucydides.junit.runners.ThucydidesRunner.run(ThucydidesRunner.java:201)	at org.junit.runners.Suite.runChild(Suite.java:128)	at org.junit.runners.Suite.runChild(Suite.java:24)	at org.junit.runners.ParentRunner$3.run(ParentRunner.java:231)	at java.util.concurrent.Executors$RunnableAdapter.call(Executors.java:471)	at java.util.concurrent.FutureTask.run(FutureTask.java:262)	at java.util.concurrent.ThreadPoolExecutor.runWorker(ThreadPoolExecutor.java:1145)	at java.util.concurrent.ThreadPoolExecutor$Worker.run(ThreadPoolExecutor.java:615)	at java.lang.Thread.run(Thread.java:745)96967 [pool-1-thread-1] ERROR net.thucydides.core.webdriver.WebDriverFacade - FAILED TO CREATE NEW DRIVER INSTANCE class org.openqa.selenium.firefox.FirefoxDriver: Could not instantiate class org.openqa.selenium.firefox.FirefoxDriver
net.thucydides.core.webdriver.UnsupportedDriverException: Could not instantiate class org.openqa.selenium.firefox.FirefoxDriver	at net.thucydides.core.webdriver.WebDriverFactory.newWebdriverInstance(WebDriverFactory.java:149)	at net.thucydides.core.webdriver.WebDriverFacade.newDriverInstance(WebDriverFacade.java:87)	at net.thucydides.core.webdriver.WebDriverFacade.newProxyDriver(WebDriverFacade.java:82)	at net.thucydides.core.webdriver.WebDriverFacade.getProxiedDriver(WebDriverFacade.java:54)	at net.thucydides.core.pages.Pages.browserIsHeadless(Pages.java:141)	at net.thucydides.core.pages.Pages.openHeadlessDriverIfNotOpen(Pages.java:126)	at net.thucydides.core.pages.Pages.openBrowserIfRequiredFor(Pages.java:119)	at net.thucydides.core.pages.Pages.currentPageAt(Pages.java:107)	at com.wakaleo.gameoflife.webtests.steps.PlayerSteps.onHomePage(PlayerSteps.java:57)	at com.wakaleo.gameoflife.webtests.steps.PlayerSteps.chooses_to_start_a_new_game(PlayerSteps.java:28)	at com.wakaleo.gameoflife.webtests.steps.PlayerSteps$$EnhancerByCGLIB$$e7ad7fc9.CGLIB$chooses_to_start_a_new_game$1(&lt;generated&gt;)	at com.wakaleo.gameoflife.webtests.steps.PlayerSteps$$EnhancerByCGLIB$$e7ad7fc9$$FastClassByCGLIB$$2f6316fe.invoke(&lt;generated&gt;)	at net.sf.cglib.proxy.MethodProxy.invokeSuper(MethodProxy.java:228)	at net.thucydides.core.steps.StepInterceptor.invokeMethod(StepInterceptor.java:285)	at net.thucydides.core.steps.StepInterceptor.runSkippedMethod(StepInterceptor.java:140)	at net.thucydides.core.steps.StepInterceptor.skipTestStep(StepInterceptor.java:130)	at net.thucydides.core.steps.StepInterceptor.testStepResult(StepInterceptor.java:121)	at net.thucydides.core.steps.StepInterceptor.intercept(StepInterceptor.java:50)	at com.wakaleo.gameoflife.webtests.steps.PlayerSteps$$EnhancerByCGLIB$$e7ad7fc9.chooses_to_start_a_new_game(&lt;generated&gt;)	at com.wakaleo.gameoflife.webtests.WhenTheUserEntersAnInitialGrid.userShouldBeAbleToSeedAnEmptyGridOnTheNewGamePage(WhenTheUserEntersAnInitialGrid.java:48)	at sun.reflect.NativeMethodAccessorImpl.invoke0(Native Method)	at sun.reflect.NativeMethodAccessorImpl.invoke(NativeMethodAccessorImpl.java:57)	at sun.reflect.DelegatingMethodAccessorImpl.invoke(DelegatingMethodAccessorImpl.java:43)	at java.lang.reflect.Method.invoke(Method.java:606)	at org.junit.runners.model.FrameworkMethod$1.runReflectiveCall(FrameworkMethod.java:45)	at org.junit.internal.runners.model.ReflectiveCallable.run(ReflectiveCallable.java:15)	at org.junit.runners.model.FrameworkMethod.invokeExplosively(FrameworkMethod.java:42)	at org.junit.internal.runners.statements.InvokeMethod.evaluate(InvokeMethod.java:20)	at net.thucydides.junit.runners.ThucydidesStatement.evaluate(ThucydidesStatement.java:21)	at org.junit.runners.ParentRunner.runLeaf(ParentRunner.java:263)	at org.junit.runners.BlockJUnit4ClassRunner.runChild(BlockJUnit4ClassRunner.java:68)	at net.thucydides.junit.runners.ThucydidesRunner.runChild(ThucydidesRunner.java:339)	at net.thucydides.junit.runners.ThucydidesRunner.runChild(ThucydidesRunner.java:56)	at org.junit.runners.ParentRunner$3.run(ParentRunner.java:231)	at org.junit.runners.ParentRunner$1.schedule(ParentRunner.java:60)	at org.junit.runners.ParentRunner.runChildren(ParentRunner.java:229)	at org.junit.runners.ParentRunner.access$000(ParentRunner.java:50)	at org.junit.runners.ParentRunner$2.evaluate(ParentRunner.java:222)	at org.junit.runners.ParentRunner.run(ParentRunner.java:300)	at net.thucydides.junit.runners.ThucydidesRunner.run(ThucydidesRunner.java:201)	at org.junit.runners.Suite.runChild(Suite.java:128)	at org.junit.runners.Suite.runChild(Suite.java:24)	at org.junit.runners.ParentRunner$3.run(ParentRunner.java:231)	at java.util.concurrent.Executors$RunnableAdapter.call(Executors.java:471)	at java.util.concurrent.FutureTask.run(FutureTask.java:262)	at java.util.concurrent.ThreadPoolExecutor.runWorker(ThreadPoolExecutor.java:1145)	at java.util.concurrent.ThreadPoolExecutor$Worker.run(ThreadPoolExecutor.java:615)	at java.lang.Thread.run(Thread.java:745)Caused by: java.lang.reflect.InvocationTargetException	at sun.reflect.NativeConstructorAccessorImpl.newInstance0(Native Method)	at sun.reflect.NativeConstructorAccessorImpl.newInstance(NativeConstructorAccessorImpl.java:57)	at sun.reflect.DelegatingConstructorAccessorImpl.newInstance(DelegatingConstructorAccessorImpl.java:45)	at java.lang.reflect.Constructor.newInstance(Constructor.java:526)	at net.thucydides.core.webdriver.WebdriverInstanceFactory.newInstanceOf(WebdriverInstanceFactory.java:28)	at net.thucydides.core.webdriver.WebDriverFactory.firefoxDriverFrom(WebDriverFactory.java:314)	at net.thucydides.core.webdriver.WebDriverFactory.newWebdriverInstance(WebDriverFactory.java:135)	... 47 moreCaused by: org.openqa.selenium.WebDriverException: Failed to connect to binary FirefoxBinary(/usr/bin/firefox) on port 7055; process output follows: 
Error: no display specified
Error: no display specified

Build info: version: &apos;2.25.0&apos;, revision: &apos;17482&apos;, time: &apos;2012-07-18 22:18:01&apos;
System info: os.name: &apos;Linux&apos;, os.arch: &apos;amd64&apos;, os.version: &apos;3.1.1&apos;, java.version: &apos;1.7.0_79&apos;
Driver info: driver.version: FirefoxDriver	at org.openqa.selenium.firefox.internal.NewProfileExtensionConnection.start(NewProfileExtensionConnection.java:121)	at org.openqa.selenium.firefox.FirefoxDriver.startClient(FirefoxDriver.java:245)	at org.openqa.selenium.remote.RemoteWebDriver.&lt;init&gt;(RemoteWebDriver.java:109)	at org.openqa.selenium.firefox.FirefoxDriver.&lt;init&gt;(FirefoxDriver.java:183)	at org.openqa.selenium.firefox.FirefoxDriver.&lt;init&gt;(FirefoxDriver.java:178)	at org.openqa.selenium.firefox.FirefoxDriver.&lt;init&gt;(FirefoxDriver.java:174)	at org.openqa.selenium.firefox.FirefoxDriver.&lt;init&gt;(FirefoxDriver.java:96)	... 54 moreCaused by: org.openqa.selenium.firefox.NotConnectedException: Unable to connect to host localhost on port 7055 after 45000 ms. Firefox console output:
Error: no display specified
Error: no display specified
	at org.openqa.selenium.firefox.internal.NewProfileExtensionConnection.start(NewProfileExtensionConnection.java:109)	... 60 moreorg.openqa.selenium.firefox.NotConnectedException: Unable to connect to host localhost on port 7055 after 45000 ms. Firefox console output:
Error: no display specified
Error: no display specified
	at org.openqa.selenium.firefox.internal.NewProfileExtensionConnection.start(NewProfileExtensionConnection.java:109)	at org.openqa.selenium.firefox.FirefoxDriver.startClient(FirefoxDriver.java:245)	at org.openqa.selenium.remote.RemoteWebDriver.&lt;init&gt;(RemoteWebDriver.java:109)	at org.openqa.selenium.firefox.FirefoxDriver.&lt;init&gt;(FirefoxDriver.java:183)	at org.openqa.selenium.firefox.FirefoxDriver.&lt;init&gt;(FirefoxDriver.java:178)	at org.openqa.selenium.firefox.FirefoxDriver.&lt;init&gt;(FirefoxDriver.java:174)	at org.openqa.selenium.firefox.FirefoxDriver.&lt;init&gt;(FirefoxDriver.java:96)	at sun.reflect.NativeConstructorAccessorImpl.newInstance0(Native Method)	at sun.reflect.NativeConstructorAccessorImpl.newInstance(NativeConstructorAccessorImpl.java:57)	at sun.reflect.DelegatingConstructorAccessorImpl.newInstance(DelegatingConstructorAccessorImpl.java:45)	at java.lang.reflect.Constructor.newInstance(Constructor.java:526)	at net.thucydides.core.webdriver.WebdriverInstanceFactory.newInstanceOf(WebdriverInstanceFactory.java:28)	at net.thucydides.core.webdriver.WebDriverFactory.firefoxDriverFrom(WebDriverFactory.java:314)	at net.thucydides.core.webdriver.WebDriverFactory.newWebdriverInstance(WebDriverFactory.java:135)	at net.thucydides.core.webdriver.WebDriverFacade.newDriverInstance(WebDriverFacade.java:87)	at net.thucydides.core.webdriver.WebDriverFacade.newProxyDriver(WebDriverFacade.java:82)	at net.thucydides.core.webdriver.WebDriverFacade.getProxiedDriver(WebDriverFacade.java:54)	at net.thucydides.core.pages.Pages.browserIsHeadless(Pages.java:141)	at net.thucydides.core.pages.Pages.openHeadlessDriverIfNotOpen(Pages.java:126)	at net.thucydides.core.pages.Pages.openBrowserIfRequiredFor(Pages.java:119)	at net.thucydides.core.pages.Pages.currentPageAt(Pages.java:107)	at com.wakaleo.gameoflife.webtests.steps.PlayerSteps.onEnterGridPage(PlayerSteps.java:61)	at com.wakaleo.gameoflife.webtests.steps.PlayerSteps.starts_simulation(PlayerSteps.java:43)	at com.wakaleo.gameoflife.webtests.steps.PlayerSteps$$EnhancerByCGLIB$$e7ad7fc9.CGLIB$starts_simulation$3(&lt;generated&gt;)	at com.wakaleo.gameoflife.webtests.steps.PlayerSteps$$EnhancerByCGLIB$$e7ad7fc9$$FastClassByCGLIB$$2f6316fe.invoke(&lt;generated&gt;)	at net.sf.cglib.proxy.MethodProxy.invokeSuper(MethodProxy.java:228)	at net.thucydides.core.steps.StepInterceptor.invokeMethod(StepInterceptor.java:285)	at net.thucydides.core.steps.StepInterceptor.runSkippedMethod(StepInterceptor.java:140)	at net.thucydides.core.steps.StepInterceptor.skipTestStep(StepInterceptor.java:130)	at net.thucydides.core.steps.StepInterceptor.testStepResult(StepInterceptor.java:121)	at net.thucydides.core.steps.StepInterceptor.intercept(StepInterceptor.java:50)	at com.wakaleo.gameoflife.webtests.steps.PlayerSteps$$EnhancerByCGLIB$$e7ad7fc9.starts_simulation(&lt;generated&gt;)	at com.wakaleo.gameoflife.webtests.WhenTheUserEntersAnInitialGrid.userShouldBeAbleToSeedAnEmptyGridOnTheNewGamePage(WhenTheUserEntersAnInitialGrid.java:49)	at sun.reflect.NativeMethodAccessorImpl.invoke0(Native Method)	at sun.reflect.NativeMethodAccessorImpl.invoke(NativeMethodAccessorImpl.java:57)	at sun.reflect.DelegatingMethodAccessorImpl.invoke(DelegatingMethodAccessorImpl.java:43)	at java.lang.reflect.Method.invoke(Method.java:606)	at org.junit.runners.model.FrameworkMethod$1.runReflectiveCall(FrameworkMethod.java:45)	at org.junit.internal.runners.model.ReflectiveCallable.run(ReflectiveCallable.java:15)	at org.junit.runners.model.FrameworkMethod.invokeExplosively(FrameworkMethod.java:42)	at org.junit.internal.runners.statements.InvokeMethod.evaluate(InvokeMethod.java:20)	at net.thucydides.junit.runners.ThucydidesStatement.evaluate(ThucydidesStatement.java:21)	at org.junit.runners.ParentRunner.runLeaf(ParentRunner.java:263)	at org.junit.runners.BlockJUnit4ClassRunner.runChild(BlockJUnit4ClassRunner.java:68)	at net.thucydides.junit.runners.ThucydidesRunner.runChild(ThucydidesRunner.java:339)	at net.thucydides.junit.runners.ThucydidesRunner.runChild(ThucydidesRunner.java:56)	at org.junit.runners.ParentRunner$3.run(ParentRunner.java:231)	at org.junit.runners.ParentRunner$1.schedule(ParentRunner.java:60)	at org.junit.runners.ParentRunner.runChildren(ParentRunner.java:229)	at org.junit.runners.ParentRunner.access$000(ParentRunner.java:50)	at org.junit.runners.ParentRunner$2.evaluate(ParentRunner.java:222)	at org.junit.runners.ParentRunner.run(ParentRunner.java:300)	at net.thucydides.junit.runners.ThucydidesRunner.run(ThucydidesRunner.java:201)	at org.junit.runners.Suite.runChild(Suite.java:128)	at org.junit.runners.Suite.runChild(Suite.java:24)	at org.junit.runners.ParentRunner$3.run(ParentRunner.java:231)	at java.util.concurrent.Executors$RunnableAdapter.call(Executors.java:471)	at java.util.concurrent.FutureTask.run(FutureTask.java:262)	at java.util.concurrent.ThreadPoolExecutor.runWorker(ThreadPoolExecutor.java:1145)	at java.util.concurrent.ThreadPoolExecutor$Worker.run(ThreadPoolExecutor.java:615)	at java.lang.Thread.run(Thread.java:745)142330 [pool-1-thread-1] ERROR net.thucydides.core.webdriver.WebDriverFacade - FAILED TO CREATE NEW DRIVER INSTANCE class org.openqa.selenium.firefox.FirefoxDriver: Could not instantiate class org.openqa.selenium.firefox.FirefoxDriver
net.thucydides.core.webdriver.UnsupportedDriverException: Could not instantiate class org.openqa.selenium.firefox.FirefoxDriver	at net.thucydides.core.webdriver.WebDriverFactory.newWebdriverInstance(WebDriverFactory.java:149)	at net.thucydides.core.webdriver.WebDriverFacade.newDriverInstance(WebDriverFacade.java:87)	at net.thucydides.core.webdriver.WebDriverFacade.newProxyDriver(WebDriverFacade.java:82)	at net.thucydides.core.webdriver.WebDriverFacade.getProxiedDriver(WebDriverFacade.java:54)	at net.thucydides.core.pages.Pages.browserIsHeadless(Pages.java:141)	at net.thucydides.core.pages.Pages.openHeadlessDriverIfNotOpen(Pages.java:126)	at net.thucydides.core.pages.Pages.openBrowserIfRequiredFor(Pages.java:119)	at net.thucydides.core.pages.Pages.currentPageAt(Pages.java:107)	at com.wakaleo.gameoflife.webtests.steps.PlayerSteps.onEnterGridPage(PlayerSteps.java:61)	at com.wakaleo.gameoflife.webtests.steps.PlayerSteps.starts_simulation(PlayerSteps.java:43)	at com.wakaleo.gameoflife.webtests.steps.PlayerSteps$$EnhancerByCGLIB$$e7ad7fc9.CGLIB$starts_simulation$3(&lt;generated&gt;)	at com.wakaleo.gameoflife.webtests.steps.PlayerSteps$$EnhancerByCGLIB$$e7ad7fc9$$FastClassByCGLIB$$2f6316fe.invoke(&lt;generated&gt;)	at net.sf.cglib.proxy.MethodProxy.invokeSuper(MethodProxy.java:228)	at net.thucydides.core.steps.StepInterceptor.invokeMethod(StepInterceptor.java:285)	at net.thucydides.core.steps.StepInterceptor.runSkippedMethod(StepInterceptor.java:140)	at net.thucydides.core.steps.StepInterceptor.skipTestStep(StepInterceptor.java:130)	at net.thucydides.core.steps.StepInterceptor.testStepResult(StepInterceptor.java:121)	at net.thucydides.core.steps.StepInterceptor.intercept(StepInterceptor.java:50)	at com.wakaleo.gameoflife.webtests.steps.PlayerSteps$$EnhancerByCGLIB$$e7ad7fc9.starts_simulation(&lt;generated&gt;)	at com.wakaleo.gameoflife.webtests.WhenTheUserEntersAnInitialGrid.userShouldBeAbleToSeedAnEmptyGridOnTheNewGamePage(WhenTheUserEntersAnInitialGrid.java:49)	at sun.reflect.NativeMethodAccessorImpl.invoke0(Native Method)	at sun.reflect.NativeMethodAccessorImpl.invoke(NativeMethodAccessorImpl.java:57)	at sun.reflect.DelegatingMethodAccessorImpl.invoke(DelegatingMethodAccessorImpl.java:43)	at java.lang.reflect.Method.invoke(Method.java:606)	at org.junit.runners.model.FrameworkMethod$1.runReflectiveCall(FrameworkMethod.java:45)	at org.junit.internal.runners.model.ReflectiveCallable.run(ReflectiveCallable.java:15)	at org.junit.runners.model.FrameworkMethod.invokeExplosively(FrameworkMethod.java:42)	at org.junit.internal.runners.statements.InvokeMethod.evaluate(InvokeMethod.java:20)	at net.thucydides.junit.runners.ThucydidesStatement.evaluate(ThucydidesStatement.java:21)	at org.junit.runners.ParentRunner.runLeaf(ParentRunner.java:263)	at org.junit.runners.BlockJUnit4ClassRunner.runChild(BlockJUnit4ClassRunner.java:68)	at net.thucydides.junit.runners.ThucydidesRunner.runChild(ThucydidesRunner.java:339)	at net.thucydides.junit.runners.ThucydidesRunner.runChild(ThucydidesRunner.java:56)	at org.junit.runners.ParentRunner$3.run(ParentRunner.java:231)	at org.junit.runners.ParentRunner$1.schedule(ParentRunner.java:60)	at org.junit.runners.ParentRunner.runChildren(ParentRunner.java:229)	at org.junit.runners.ParentRunner.access$000(ParentRunner.java:50)	at org.junit.runners.ParentRunner$2.evaluate(ParentRunner.java:222)	at org.junit.runners.ParentRunner.run(ParentRunner.java:300)	at net.thucydides.junit.runners.ThucydidesRunner.run(ThucydidesRunner.java:201)	at org.junit.runners.Suite.runChild(Suite.java:128)	at org.junit.runners.Suite.runChild(Suite.java:24)	at org.junit.runners.ParentRunner$3.run(ParentRunner.java:231)	at java.util.concurrent.Executors$RunnableAdapter.call(Executors.java:471)	at java.util.concurrent.FutureTask.run(FutureTask.java:262)	at java.util.concurrent.ThreadPoolExecutor.runWorker(ThreadPoolExecutor.java:1145)	at java.util.concurrent.ThreadPoolExecutor$Worker.run(ThreadPoolExecutor.java:615)	at java.lang.Thread.run(Thread.java:745)Caused by: java.lang.reflect.InvocationTargetException	at sun.reflect.NativeConstructorAccessorImpl.newInstance0(Native Method)	at sun.reflect.NativeConstructorAccessorImpl.newInstance(NativeConstructorAccessorImpl.java:57)	at sun.reflect.DelegatingConstructorAccessorImpl.newInstance(DelegatingConstructorAccessorImpl.java:45)	at java.lang.reflect.Constructor.newInstance(Constructor.java:526)	at net.thucydides.core.webdriver.WebdriverInstanceFactory.newInstanceOf(WebdriverInstanceFactory.java:28)	at net.thucydides.core.webdriver.WebDriverFactory.firefoxDriverFrom(WebDriverFactory.java:314)	at net.thucydides.core.webdriver.WebDriverFactory.newWebdriverInstance(WebDriverFactory.java:135)	... 47 moreCaused by: org.openqa.selenium.WebDriverException: Failed to connect to binary FirefoxBinary(/usr/bin/firefox) on port 7055; process output follows: 
Error: no display specified
Error: no display specified

Build info: version: &apos;2.25.0&apos;, revision: &apos;17482&apos;, time: &apos;2012-07-18 22:18:01&apos;
System info: os.name: &apos;Linux&apos;, os.arch: &apos;amd64&apos;, os.version: &apos;3.1.1&apos;, java.version: &apos;1.7.0_79&apos;
Driver info: driver.version: FirefoxDriver	at org.openqa.selenium.firefox.internal.NewProfileExtensionConnection.start(NewProfileExtensionConnection.java:121)	at org.openqa.selenium.firefox.FirefoxDriver.startClient(FirefoxDriver.java:245)	at org.openqa.selenium.remote.RemoteWebDriver.&lt;init&gt;(RemoteWebDriver.java:109)	at org.openqa.selenium.firefox.FirefoxDriver.&lt;init&gt;(FirefoxDriver.java:183)	at org.openqa.selenium.firefox.FirefoxDriver.&lt;init&gt;(FirefoxDriver.java:178)	at org.openqa.selenium.firefox.FirefoxDriver.&lt;init&gt;(FirefoxDriver.java:174)	at org.openqa.selenium.firefox.FirefoxDriver.&lt;init&gt;(FirefoxDriver.java:96)	... 54 moreCaused by: org.openqa.selenium.firefox.NotConnectedException: Unable to connect to host localhost on port 7055 after 45000 ms. Firefox console output:
Error: no display specified
Error: no display specified
	at org.openqa.selenium.firefox.internal.NewProfileExtensionConnection.start(NewProfileExtensionConnection.java:109)	... 60 moreorg.openqa.selenium.firefox.NotConnectedException: Unable to connect to host localhost on port 7055 after 45000 ms. Firefox console output:
Error: no display specified
Error: no display specified
	at org.openqa.selenium.firefox.internal.NewProfileExtensionConnection.start(NewProfileExtensionConnection.java:109)	at org.openqa.selenium.firefox.FirefoxDriver.startClient(FirefoxDriver.java:245)	at org.openqa.selenium.remote.RemoteWebDriver.&lt;init&gt;(RemoteWebDriver.java:109)	at org.openqa.selenium.firefox.FirefoxDriver.&lt;init&gt;(FirefoxDriver.java:183)	at org.openqa.selenium.firefox.FirefoxDriver.&lt;init&gt;(FirefoxDriver.java:178)	at org.openqa.selenium.firefox.FirefoxDriver.&lt;init&gt;(FirefoxDriver.java:174)	at org.openqa.selenium.firefox.FirefoxDriver.&lt;init&gt;(FirefoxDriver.java:96)	at sun.reflect.NativeConstructorAccessorImpl.newInstance0(Native Method)	at sun.reflect.NativeConstructorAccessorImpl.newInstance(NativeConstructorAccessorImpl.java:57)	at sun.reflect.DelegatingConstructorAccessorImpl.newInstance(DelegatingConstructorAccessorImpl.java:45)	at java.lang.reflect.Constructor.newInstance(Constructor.java:526)	at net.thucydides.core.webdriver.WebdriverInstanceFactory.newInstanceOf(WebdriverInstanceFactory.java:28)	at net.thucydides.core.webdriver.WebDriverFactory.firefoxDriverFrom(WebDriverFactory.java:314)	at net.thucydides.core.webdriver.WebDriverFactory.newWebdriverInstance(WebDriverFactory.java:135)	at net.thucydides.core.webdriver.WebDriverFacade.newDriverInstance(WebDriverFacade.java:87)	at net.thucydides.core.webdriver.WebDriverFacade.newProxyDriver(WebDriverFacade.java:82)	at net.thucydides.core.webdriver.WebDriverFacade.getProxiedDriver(WebDriverFacade.java:54)	at net.thucydides.core.pages.Pages.browserIsHeadless(Pages.java:141)	at net.thucydides.core.pages.Pages.openHeadlessDriverIfNotOpen(Pages.java:126)	at net.thucydides.core.pages.Pages.openBrowserIfRequiredFor(Pages.java:119)	at net.thucydides.core.pages.Pages.currentPageAt(Pages.java:107)	at com.wakaleo.gameoflife.webtests.steps.PlayerSteps.onShowGridPage(PlayerSteps.java:65)	at com.wakaleo.gameoflife.webtests.steps.PlayerSteps.should_see_grid(PlayerSteps.java:38)	at com.wakaleo.gameoflife.webtests.steps.PlayerSteps$$EnhancerByCGLIB$$e7ad7fc9.CGLIB$should_see_grid$4(&lt;generated&gt;)	at com.wakaleo.gameoflife.webtests.steps.PlayerSteps$$EnhancerByCGLIB$$e7ad7fc9$$FastClassByCGLIB$$2f6316fe.invoke(&lt;generated&gt;)	at net.sf.cglib.proxy.MethodProxy.invokeSuper(MethodProxy.java:228)	at net.thucydides.core.steps.StepInterceptor.invokeMethod(StepInterceptor.java:285)	at net.thucydides.core.steps.StepInterceptor.runSkippedMethod(StepInterceptor.java:140)	at net.thucydides.core.steps.StepInterceptor.skipTestStep(StepInterceptor.java:130)	at net.thucydides.core.steps.StepInterceptor.testStepResult(StepInterceptor.java:121)	at net.thucydides.core.steps.StepInterceptor.intercept(StepInterceptor.java:50)	at com.wakaleo.gameoflife.webtests.steps.PlayerSteps$$EnhancerByCGLIB$$e7ad7fc9.should_see_grid(&lt;generated&gt;)	at com.wakaleo.gameoflife.webtests.WhenTheUserEntersAnInitialGrid.userShouldBeAbleToSeedAnEmptyGridOnTheNewGamePage(WhenTheUserEntersAnInitialGrid.java:50)	at sun.reflect.NativeMethodAccessorImpl.invoke0(Native Method)	at sun.reflect.NativeMethodAccessorImpl.invoke(NativeMethodAccessorImpl.java:57)	at sun.reflect.DelegatingMethodAccessorImpl.invoke(DelegatingMethodAccessorImpl.java:43)	at java.lang.reflect.Method.invoke(Method.java:606)	at org.junit.runners.model.FrameworkMethod$1.runReflectiveCall(FrameworkMethod.java:45)	at org.junit.internal.runners.model.ReflectiveCallable.run(ReflectiveCallable.java:15)	at org.junit.runners.model.FrameworkMethod.invokeExplosively(FrameworkMethod.java:42)	at org.junit.internal.runners.statements.InvokeMethod.evaluate(InvokeMethod.java:20)	at net.thucydides.junit.runners.ThucydidesStatement.evaluate(ThucydidesStatement.java:21)	at org.junit.runners.ParentRunner.runLeaf(ParentRunner.java:263)	at org.junit.runners.BlockJUnit4ClassRunner.runChild(BlockJUnit4ClassRunner.java:68)	at net.thucydides.junit.runners.ThucydidesRunner.runChild(ThucydidesRunner.java:339)	at net.thucydides.junit.runners.ThucydidesRunner.runChild(ThucydidesRunner.java:56)	at org.junit.runners.ParentRunner$3.run(ParentRunner.java:231)	at org.junit.runners.ParentRunner$1.schedule(ParentRunner.java:60)	at org.junit.runners.ParentRunner.runChildren(ParentRunner.java:229)	at org.junit.runners.ParentRunner.access$000(ParentRunner.java:50)	at org.junit.runners.ParentRunner$2.evaluate(ParentRunner.java:222)	at org.junit.runners.ParentRunner.run(ParentRunner.java:300)	at net.thucydides.junit.runners.ThucydidesRunner.run(ThucydidesRunner.java:201)	at org.junit.runners.Suite.runChild(Suite.java:128)	at org.junit.runners.Suite.runChild(Suite.java:24)	at org.junit.runners.ParentRunner$3.run(ParentRunner.java:231)	at java.util.concurrent.Executors$RunnableAdapter.call(Executors.java:471)	at java.util.concurrent.FutureTask.run(FutureTask.java:262)	at java.util.concurrent.ThreadPoolExecutor.runWorker(ThreadPoolExecutor.java:1145)	at java.util.concurrent.ThreadPoolExecutor$Worker.run(ThreadPoolExecutor.java:615)	at java.lang.Thread.run(Thread.java:745)187595 [pool-1-thread-1] ERROR net.thucydides.core.webdriver.WebDriverFacade - FAILED TO CREATE NEW DRIVER INSTANCE class org.openqa.selenium.firefox.FirefoxDriver: Could not instantiate class org.openqa.selenium.firefox.FirefoxDriver
net.thucydides.core.webdriver.UnsupportedDriverException: Could not instantiate class org.openqa.selenium.firefox.FirefoxDriver	at net.thucydides.core.webdriver.WebDriverFactory.newWebdriverInstance(WebDriverFactory.java:149)	at net.thucydides.core.webdriver.WebDriverFacade.newDriverInstance(WebDriverFacade.java:87)	at net.thucydides.core.webdriver.WebDriverFacade.newProxyDriver(WebDriverFacade.java:82)	at net.thucydides.core.webdriver.WebDriverFacade.getProxiedDriver(WebDriverFacade.java:54)	at net.thucydides.core.pages.Pages.browserIsHeadless(Pages.java:141)	at net.thucydides.core.pages.Pages.openHeadlessDriverIfNotOpen(Pages.java:126)	at net.thucydides.core.pages.Pages.openBrowserIfRequiredFor(Pages.java:119)	at net.thucydides.core.pages.Pages.currentPageAt(Pages.java:107)	at com.wakaleo.gameoflife.webtests.steps.PlayerSteps.onShowGridPage(PlayerSteps.java:65)	at com.wakaleo.gameoflife.webtests.steps.PlayerSteps.should_see_grid(PlayerSteps.java:38)	at com.wakaleo.gameoflife.webtests.steps.PlayerSteps$$EnhancerByCGLIB$$e7ad7fc9.CGLIB$should_see_grid$4(&lt;generated&gt;)	at com.wakaleo.gameoflife.webtests.steps.PlayerSteps$$EnhancerByCGLIB$$e7ad7fc9$$FastClassByCGLIB$$2f6316fe.invoke(&lt;generated&gt;)	at net.sf.cglib.proxy.MethodProxy.invokeSuper(MethodProxy.java:228)	at net.thucydides.core.steps.StepInterceptor.invokeMethod(StepInterceptor.java:285)	at net.thucydides.core.steps.StepInterceptor.runSkippedMethod(StepInterceptor.java:140)	at net.thucydides.core.steps.StepInterceptor.skipTestStep(StepInterceptor.java:130)	at net.thucydides.core.steps.StepInterceptor.testStepResult(StepInterceptor.java:121)	at net.thucydides.core.steps.StepInterceptor.intercept(StepInterceptor.java:50)	at com.wakaleo.gameoflife.webtests.steps.PlayerSteps$$EnhancerByCGLIB$$e7ad7fc9.should_see_grid(&lt;generated&gt;)	at com.wakaleo.gameoflife.webtests.WhenTheUserEntersAnInitialGrid.userShouldBeAbleToSeedAnEmptyGridOnTheNewGamePage(WhenTheUserEntersAnInitialGrid.java:50)	at sun.reflect.NativeMethodAccessorImpl.invoke0(Native Method)	at sun.reflect.NativeMethodAccessorImpl.invoke(NativeMethodAccessorImpl.java:57)	at sun.reflect.DelegatingMethodAccessorImpl.invoke(DelegatingMethodAccessorImpl.java:43)	at java.lang.reflect.Method.invoke(Method.java:606)	at org.junit.runners.model.FrameworkMethod$1.runReflectiveCall(FrameworkMethod.java:45)	at org.junit.internal.runners.model.ReflectiveCallable.run(ReflectiveCallable.java:15)	at org.junit.runners.model.FrameworkMethod.invokeExplosively(FrameworkMethod.java:42)	at org.junit.internal.runners.statements.InvokeMethod.evaluate(InvokeMethod.java:20)	at net.thucydides.junit.runners.ThucydidesStatement.evaluate(ThucydidesStatement.java:21)	at org.junit.runners.ParentRunner.runLeaf(ParentRunner.java:263)	at org.junit.runners.BlockJUnit4ClassRunner.runChild(BlockJUnit4ClassRunner.java:68)	at net.thucydides.junit.runners.ThucydidesRunner.runChild(ThucydidesRunner.java:339)	at net.thucydides.junit.runners.ThucydidesRunner.runChild(ThucydidesRunner.java:56)	at org.junit.runners.ParentRunner$3.run(ParentRunner.java:231)	at org.junit.runners.ParentRunner$1.schedule(ParentRunner.java:60)	at org.junit.runners.ParentRunner.runChildren(ParentRunner.java:229)	at org.junit.runners.ParentRunner.access$000(ParentRunner.java:50)	at org.junit.runners.ParentRunner$2.evaluate(ParentRunner.java:222)	at org.junit.runners.ParentRunner.run(ParentRunner.java:300)	at net.thucydides.junit.runners.ThucydidesRunner.run(ThucydidesRunner.java:201)	at org.junit.runners.Suite.runChild(Suite.java:128)	at org.junit.runners.Suite.runChild(Suite.java:24)	at org.junit.runners.ParentRunner$3.run(ParentRunner.java:231)	at java.util.concurrent.Executors$RunnableAdapter.call(Executors.java:471)	at java.util.concurrent.FutureTask.run(FutureTask.java:262)	at java.util.concurrent.ThreadPoolExecutor.runWorker(ThreadPoolExecutor.java:1145)	at java.util.concurrent.ThreadPoolExecutor$Worker.run(ThreadPoolExecutor.java:615)	at java.lang.Thread.run(Thread.java:745)Caused by: java.lang.reflect.InvocationTargetException	at sun.reflect.NativeConstructorAccessorImpl.newInstance0(Native Method)	at sun.reflect.NativeConstructorAccessorImpl.newInstance(NativeConstructorAccessorImpl.java:57)	at sun.reflect.DelegatingConstructorAccessorImpl.newInstance(DelegatingConstructorAccessorImpl.java:45)	at java.lang.reflect.Constructor.newInstance(Constructor.java:526)	at net.thucydides.core.webdriver.WebdriverInstanceFactory.newInstanceOf(WebdriverInstanceFactory.java:28)	at net.thucydides.core.webdriver.WebDriverFactory.firefoxDriverFrom(WebDriverFactory.java:314)	at net.thucydides.core.webdriver.WebDriverFactory.newWebdriverInstance(WebDriverFactory.java:135)	... 47 moreCaused by: org.openqa.selenium.WebDriverException: Failed to connect to binary FirefoxBinary(/usr/bin/firefox) on port 7055; process output follows: 
Error: no display specified
Error: no display specified

Build info: version: &apos;2.25.0&apos;, revision: &apos;17482&apos;, time: &apos;2012-07-18 22:18:01&apos;
System info: os.name: &apos;Linux&apos;, os.arch: &apos;amd64&apos;, os.version: &apos;3.1.1&apos;, java.version: &apos;1.7.0_79&apos;
Driver info: driver.version: FirefoxDriver	at org.openqa.selenium.firefox.internal.NewProfileExtensionConnection.start(NewProfileExtensionConnection.java:121)	at org.openqa.selenium.firefox.FirefoxDriver.startClient(FirefoxDriver.java:245)	at org.openqa.selenium.remote.RemoteWebDriver.&lt;init&gt;(RemoteWebDriver.java:109)	at org.openqa.selenium.firefox.FirefoxDriver.&lt;init&gt;(FirefoxDriver.java:183)	at org.openqa.selenium.firefox.FirefoxDriver.&lt;init&gt;(FirefoxDriver.java:178)	at org.openqa.selenium.firefox.FirefoxDriver.&lt;init&gt;(FirefoxDriver.java:174)	at org.openqa.selenium.firefox.FirefoxDriver.&lt;init&gt;(FirefoxDriver.java:96)	... 54 moreCaused by: org.openqa.selenium.firefox.NotConnectedException: Unable to connect to host localhost on port 7055 after 45000 ms. Firefox console output:
Error: no display specified
Error: no display specified
	at org.openqa.selenium.firefox.internal.NewProfileExtensionConnection.start(NewProfileExtensionConnection.java:109)	... 60 more187601 [pool-1-thread-1] INFO net.thucydides.core.Thucydides - 
  _____ _____ ____ _____   ____ _____  _    ____ _____ _____ ____  
 |_   _| ____/ ___|_   _| / ___|_   _|/ \  |  _ \_   _| ____|  _ \ 
   | | |  _| \___ \ | |   \___ \ | | / _ \ | |_) || | |  _| | | | |
   | | | |___ ___) || |    ___) || |/ ___ \|  _ &lt; | | | |___| |_| |
   |_| |_____|____/ |_|   |____/ |_/_/   \_\_| \_\|_| |_____|____/ 
                                                                   

TEST STARTED: userShouldBeAbleToSeedAnEmptyGridOnTheNewGamePage
--------------------------------------------------------------------
187601 [pool-1-thread-1] INFO net.thucydides.core.Thucydides - TEST NUMBER: 5
187602 [pool-1-thread-1] INFO net.thucydides.core.Thucydides - 
  _____ _____ ____ _____   ____ _____  _    ____ _____ _____ ____  
 |_   _| ____/ ___|_   _| / ___|_   _|/ \  |  _ \_   _| ____|  _ \ 
   | | |  _| \___ \ | |   \___ \ | | / _ \ | |_) || | |  _| | | | |
   | | | |___ ___) || |    ___) || |/ ___ \|  _ &lt; | | | |___| |_| |
   |_| |_____|____/ |_|   |____/ |_/_/   \_\_| \_\|_| |_____|____/ 
                                                                   

TEST STARTED: userShouldBeAbleToSeedAnEmptyGridOnTheNewGamePage
--------------------------------------------------------------------
187602 [pool-1-thread-1] INFO net.thucydides.core.Thucydides - TEST NUMBER: 6
187610 [pool-1-thread-1] INFO net.thucydides.core.Thucydides - 
           __  _____ _____ ____ _____   _____ _    ___ _     _____ ____  
  _       / / |_   _| ____/ ___|_   _| |  ___/ \  |_ _| |   | ____|  _ \ 
 (_)_____| |    | | |  _| \___ \ | |   | |_ / _ \  | || |   |  _| | | | |
  _|_____| |    | | | |___ ___) || |   |  _/ ___ \ | || |___| |___| |_| |
 (_)     | |    |_| |_____|____/ |_|   |_|/_/   \_\___|_____|_____|____/ 
          \_\                                                            

TEST FAILED: User should be able to seed an empty grid on the new game page
--------------------------------------------------------------------------
187610 [pool-1-thread-1] INFO net.thucydides.core.Thucydides - RELATED ISSUES: 
187610 [pool-1-thread-1] INFO net.thucydides.core.Thucydides - 
  _____ _    ___ _     _   _ ____  _____ 
 |  ___/ \  |_ _| |   | | | |  _ \| ____|
 | |_ / _ \  | || |   | | | | |_) |  _|  
 |  _/ ___ \ | || |___| |_| |  _ &lt;| |___ 
 |_|/_/   \_\___|_____|\___/|_| \_\_____|
                                         

Could not instantiate class org.openqa.selenium.firefox.FirefoxDriver
187611 [pool-1-thread-1] INFO net.thucydides.core.Thucydides - 
           __  _____ _____ ____ _____   _____ _    ___ _     _____ ____  
  _       / / |_   _| ____/ ___|_   _| |  ___/ \  |_ _| |   | ____|  _ \ 
 (_)_____| |    | | |  _| \___ \ | |   | |_ / _ \  | || |   |  _| | | | |
  _|_____| |    | | | |___ ___) || |   |  _/ ___ \ | || |___| |___| |_| |
 (_)     | |    |_| |_____|____/ |_|   |_|/_/   \_\___|_____|_____|____/ 
          \_\                                                            

TEST FAILED: User should be able to seed an empty grid on the new game page
--------------------------------------------------------------------------
187611 [pool-1-thread-1] INFO net.thucydides.core.Thucydides - RELATED ISSUES: 
187611 [pool-1-thread-1] INFO net.thucydides.core.Thucydides - 
  _____ _    ___ _     _   _ ____  _____ 
 |  ___/ \  |_ _| |   | | | |  _ \| ____|
 | |_ / _ \  | || |   | | | | |_) |  _|  
 |  _/ ___ \ | || |___| |_| |  _ &lt;| |___ 
 |_|/_/   \_\___|_____|\___/|_| \_\_____|
                                         

Could not instantiate class org.openqa.selenium.firefox.FirefoxDriver
</system-err>
  </testcase>
  <testcase time="0.086" classname="com.wakaleo.gameoflife.webtests.WhenTheUserEntersAnInitialGrid" name="theGridDisplayPageShouldContainANextGenerationButton">
    <failure message="Could not instantiate class org.openqa.selenium.firefox.FirefoxDriver" type="net.thucydides.core.webdriver.WebdriverAssertionError">net.thucydides.core.webdriver.WebdriverAssertionError: Could not instantiate class org.openqa.selenium.firefox.FirefoxDriver
	at net.thucydides.core.webdriver.WebDriverFacade.newDriverInstance(WebDriverFacade.java:90)
	at net.thucydides.core.webdriver.WebDriverFacade.newProxyDriver(WebDriverFacade.java:82)
	at net.thucydides.core.webdriver.WebDriverFacade.getProxiedDriver(WebDriverFacade.java:54)
	at net.thucydides.core.pages.Pages.browserIsHeadless(Pages.java:141)
	at net.thucydides.core.pages.Pages.openHeadlessDriverIfNotOpen(Pages.java:126)
	at net.thucydides.core.pages.Pages.openBrowserIfRequiredFor(Pages.java:119)
	at net.thucydides.core.pages.Pages.currentPageAt(Pages.java:107)
	at com.wakaleo.gameoflife.webtests.steps.PlayerSteps.onHomePage(PlayerSteps.java:57)
	at com.wakaleo.gameoflife.webtests.steps.PlayerSteps.opens_home_page(PlayerSteps.java:18)
	at com.wakaleo.gameoflife.webtests.steps.PlayerSteps$$EnhancerByCGLIB$$e7ad7fc9.CGLIB$opens_home_page$0(&lt;generated&gt;)
	at com.wakaleo.gameoflife.webtests.steps.PlayerSteps$$EnhancerByCGLIB$$e7ad7fc9$$FastClassByCGLIB$$2f6316fe.invoke(&lt;generated&gt;)
	at net.sf.cglib.proxy.MethodProxy.invokeSuper(MethodProxy.java:228)
	at net.thucydides.core.steps.StepInterceptor.executeTestStepMethod(StepInterceptor.java:273)
	at net.thucydides.core.steps.StepInterceptor.runTestStep(StepInterceptor.java:252)
	at net.thucydides.core.steps.StepInterceptor.testStepResult(StepInterceptor.java:124)
	at net.thucydides.core.steps.StepInterceptor.intercept(StepInterceptor.java:50)
	at com.wakaleo.gameoflife.webtests.steps.PlayerSteps$$EnhancerByCGLIB$$e7ad7fc9.opens_home_page(&lt;generated&gt;)
	at com.wakaleo.gameoflife.webtests.WhenTheUserEntersAnInitialGrid.theGridDisplayPageShouldContainANextGenerationButton(WhenTheUserEntersAnInitialGrid.java:55)
	at sun.reflect.NativeMethodAccessorImpl.invoke0(Native Method)
	at sun.reflect.NativeMethodAccessorImpl.invoke(NativeMethodAccessorImpl.java:57)
	at sun.reflect.DelegatingMethodAccessorImpl.invoke(DelegatingMethodAccessorImpl.java:43)
	at java.lang.reflect.Method.invoke(Method.java:606)
	at org.junit.runners.model.FrameworkMethod$1.runReflectiveCall(FrameworkMethod.java:45)
	at org.junit.internal.runners.model.ReflectiveCallable.run(ReflectiveCallable.java:15)
	at org.junit.runners.model.FrameworkMethod.invokeExplosively(FrameworkMethod.java:42)
	at org.junit.internal.runners.statements.InvokeMethod.evaluate(InvokeMethod.java:20)
	at net.thucydides.junit.runners.ThucydidesStatement.evaluate(ThucydidesStatement.java:21)
	at org.junit.runners.ParentRunner.runLeaf(ParentRunner.java:263)
	at org.junit.runners.BlockJUnit4ClassRunner.runChild(BlockJUnit4ClassRunner.java:68)
	at net.thucydides.junit.runners.ThucydidesRunner.runChild(ThucydidesRunner.java:339)
	at net.thucydides.junit.runners.ThucydidesRunner.runChild(ThucydidesRunner.java:56)
	at org.junit.runners.ParentRunner$3.run(ParentRunner.java:231)
	at org.junit.runners.ParentRunner$1.schedule(ParentRunner.java:60)
	at org.junit.runners.ParentRunner.runChildren(ParentRunner.java:229)
	at org.junit.runners.ParentRunner.access$000(ParentRunner.java:50)
	at org.junit.runners.ParentRunner$2.evaluate(ParentRunner.java:222)
	at org.junit.runners.ParentRunner.run(ParentRunner.java:300)
	at net.thucydides.junit.runners.ThucydidesRunner.run(ThucydidesRunner.java:201)
	at org.junit.runners.Suite.runChild(Suite.java:128)
	at org.junit.runners.Suite.runChild(Suite.java:24)
	at org.junit.runners.ParentRunner$3.run(ParentRunner.java:231)
	at java.util.concurrent.Executors$RunnableAdapter.call(Executors.java:471)
	at java.util.concurrent.FutureTask.run(FutureTask.java:262)
	at java.util.concurrent.ThreadPoolExecutor.runWorker(ThreadPoolExecutor.java:1145)
	at java.util.concurrent.ThreadPoolExecutor$Worker.run(ThreadPoolExecutor.java:615)
	at java.lang.Thread.run(Thread.java:745)
</failure>
    <system-err>187618 [pool-1-thread-1] INFO net.thucydides.core.Thucydides - 
  _____ _____ ____ _____   ____ _____  _    ____ _____ _____ ____  
 |_   _| ____/ ___|_   _| / ___|_   _|/ \  |  _ \_   _| ____|  _ \ 
   | | |  _| \___ \ | |   \___ \ | | / _ \ | |_) || | |  _| | | | |
   | | | |___ ___) || |    ___) || |/ ___ \|  _ &lt; | | | |___| |_| |
   |_| |_____|____/ |_|   |____/ |_/_/   \_\_| \_\|_| |_____|____/ 
                                                                   

TEST STARTED: theGridDisplayPageShouldContainANextGenerationButton
--------------------------------------------------------------------
187618 [pool-1-thread-1] INFO net.thucydides.core.Thucydides - TEST NUMBER: 7
187619 [pool-1-thread-1] INFO net.thucydides.core.Thucydides - 
  _____ _____ ____ _____   ____ _____  _    ____ _____ _____ ____  
 |_   _| ____/ ___|_   _| / ___|_   _|/ \  |  _ \_   _| ____|  _ \ 
   | | |  _| \___ \ | |   \___ \ | | / _ \ | |_) || | |  _| | | | |
   | | | |___ ___) || |    ___) || |/ ___ \|  _ &lt; | | | |___| |_| |
   |_| |_____|____/ |_|   |____/ |_/_/   \_\_| \_\|_| |_____|____/ 
                                                                   

TEST STARTED: theGridDisplayPageShouldContainANextGenerationButton
--------------------------------------------------------------------
187619 [pool-1-thread-1] INFO net.thucydides.core.Thucydides - TEST NUMBER: 8
org.openqa.selenium.firefox.NotConnectedException: Unable to connect to host localhost on port 7055 after 45000 ms. Firefox console output:
Error: no display specified
Error: no display specified
	at org.openqa.selenium.firefox.internal.NewProfileExtensionConnection.start(NewProfileExtensionConnection.java:109)	at org.openqa.selenium.firefox.FirefoxDriver.startClient(FirefoxDriver.java:245)	at org.openqa.selenium.remote.RemoteWebDriver.&lt;init&gt;(RemoteWebDriver.java:109)	at org.openqa.selenium.firefox.FirefoxDriver.&lt;init&gt;(FirefoxDriver.java:183)	at org.openqa.selenium.firefox.FirefoxDriver.&lt;init&gt;(FirefoxDriver.java:178)	at org.openqa.selenium.firefox.FirefoxDriver.&lt;init&gt;(FirefoxDriver.java:174)	at org.openqa.selenium.firefox.FirefoxDriver.&lt;init&gt;(FirefoxDriver.java:96)	at sun.reflect.NativeConstructorAccessorImpl.newInstance0(Native Method)	at sun.reflect.NativeConstructorAccessorImpl.newInstance(NativeConstructorAccessorImpl.java:57)	at sun.reflect.DelegatingConstructorAccessorImpl.newInstance(DelegatingConstructorAccessorImpl.java:45)	at java.lang.reflect.Constructor.newInstance(Constructor.java:526)	at net.thucydides.core.webdriver.WebdriverInstanceFactory.newInstanceOf(WebdriverInstanceFactory.java:28)	at net.thucydides.core.webdriver.WebDriverFactory.firefoxDriverFrom(WebDriverFactory.java:314)	at net.thucydides.core.webdriver.WebDriverFactory.newWebdriverInstance(WebDriverFactory.java:135)	at net.thucydides.core.webdriver.WebDriverFacade.newDriverInstance(WebDriverFacade.java:87)	at net.thucydides.core.webdriver.WebDriverFacade.newProxyDriver(WebDriverFacade.java:82)	at net.thucydides.core.webdriver.WebDriverFacade.getProxiedDriver(WebDriverFacade.java:54)	at net.thucydides.core.pages.Pages.browserIsHeadless(Pages.java:141)	at net.thucydides.core.pages.Pages.openHeadlessDriverIfNotOpen(Pages.java:126)	at net.thucydides.core.pages.Pages.openBrowserIfRequiredFor(Pages.java:119)	at net.thucydides.core.pages.Pages.currentPageAt(Pages.java:107)	at com.wakaleo.gameoflife.webtests.steps.PlayerSteps.onHomePage(PlayerSteps.java:57)	at com.wakaleo.gameoflife.webtests.steps.PlayerSteps.opens_home_page(PlayerSteps.java:18)	at com.wakaleo.gameoflife.webtests.steps.PlayerSteps$$EnhancerByCGLIB$$e7ad7fc9.CGLIB$opens_home_page$0(&lt;generated&gt;)	at com.wakaleo.gameoflife.webtests.steps.PlayerSteps$$EnhancerByCGLIB$$e7ad7fc9$$FastClassByCGLIB$$2f6316fe.invoke(&lt;generated&gt;)	at net.sf.cglib.proxy.MethodProxy.invokeSuper(MethodProxy.java:228)	at net.thucydides.core.steps.StepInterceptor.executeTestStepMethod(StepInterceptor.java:273)	at net.thucydides.core.steps.StepInterceptor.runTestStep(StepInterceptor.java:252)	at net.thucydides.core.steps.StepInterceptor.testStepResult(StepInterceptor.java:124)	at net.thucydides.core.steps.StepInterceptor.intercept(StepInterceptor.java:50)	at com.wakaleo.gameoflife.webtests.steps.PlayerSteps$$EnhancerByCGLIB$$e7ad7fc9.opens_home_page(&lt;generated&gt;)	at com.wakaleo.gameoflife.webtests.WhenTheUserEntersAnInitialGrid.theGridDisplayPageShouldContainANextGenerationButton(WhenTheUserEntersAnInitialGrid.java:55)	at sun.reflect.NativeMethodAccessorImpl.invoke0(Native Method)	at sun.reflect.NativeMethodAccessorImpl.invoke(NativeMethodAccessorImpl.java:57)	at sun.reflect.DelegatingMethodAccessorImpl.invoke(DelegatingMethodAccessorImpl.java:43)	at java.lang.reflect.Method.invoke(Method.java:606)	at org.junit.runners.model.FrameworkMethod$1.runReflectiveCall(FrameworkMethod.java:45)	at org.junit.internal.runners.model.ReflectiveCallable.run(ReflectiveCallable.java:15)	at org.junit.runners.model.FrameworkMethod.invokeExplosively(FrameworkMethod.java:42)	at org.junit.internal.runners.statements.InvokeMethod.evaluate(InvokeMethod.java:20)	at net.thucydides.junit.runners.ThucydidesStatement.evaluate(ThucydidesStatement.java:21)	at org.junit.runners.ParentRunner.runLeaf(ParentRunner.java:263)	at org.junit.runners.BlockJUnit4ClassRunner.runChild(BlockJUnit4ClassRunner.java:68)	at net.thucydides.junit.runners.ThucydidesRunner.runChild(ThucydidesRunner.java:339)	at net.thucydides.junit.runners.ThucydidesRunner.runChild(ThucydidesRunner.java:56)	at org.junit.runners.ParentRunner$3.run(ParentRunner.java:231)	at org.junit.runners.ParentRunner$1.schedule(ParentRunner.java:60)	at org.junit.runners.ParentRunner.runChildren(ParentRunner.java:229)	at org.junit.runners.ParentRunner.access$000(ParentRunner.java:50)	at org.junit.runners.ParentRunner$2.evaluate(ParentRunner.java:222)	at org.junit.runners.ParentRunner.run(ParentRunner.java:300)	at net.thucydides.junit.runners.ThucydidesRunner.run(ThucydidesRunner.java:201)	at org.junit.runners.Suite.runChild(Suite.java:128)	at org.junit.runners.Suite.runChild(Suite.java:24)	at org.junit.runners.ParentRunner$3.run(ParentRunner.java:231)	at java.util.concurrent.Executors$RunnableAdapter.call(Executors.java:471)	at java.util.concurrent.FutureTask.run(FutureTask.java:262)	at java.util.concurrent.ThreadPoolExecutor.runWorker(ThreadPoolExecutor.java:1145)	at java.util.concurrent.ThreadPoolExecutor$Worker.run(ThreadPoolExecutor.java:615)	at java.lang.Thread.run(Thread.java:745)232891 [pool-1-thread-1] ERROR net.thucydides.core.webdriver.WebDriverFacade - FAILED TO CREATE NEW DRIVER INSTANCE class org.openqa.selenium.firefox.FirefoxDriver: Could not instantiate class org.openqa.selenium.firefox.FirefoxDriver
net.thucydides.core.webdriver.UnsupportedDriverException: Could not instantiate class org.openqa.selenium.firefox.FirefoxDriver	at net.thucydides.core.webdriver.WebDriverFactory.newWebdriverInstance(WebDriverFactory.java:149)	at net.thucydides.core.webdriver.WebDriverFacade.newDriverInstance(WebDriverFacade.java:87)	at net.thucydides.core.webdriver.WebDriverFacade.newProxyDriver(WebDriverFacade.java:82)	at net.thucydides.core.webdriver.WebDriverFacade.getProxiedDriver(WebDriverFacade.java:54)	at net.thucydides.core.pages.Pages.browserIsHeadless(Pages.java:141)	at net.thucydides.core.pages.Pages.openHeadlessDriverIfNotOpen(Pages.java:126)	at net.thucydides.core.pages.Pages.openBrowserIfRequiredFor(Pages.java:119)	at net.thucydides.core.pages.Pages.currentPageAt(Pages.java:107)	at com.wakaleo.gameoflife.webtests.steps.PlayerSteps.onHomePage(PlayerSteps.java:57)	at com.wakaleo.gameoflife.webtests.steps.PlayerSteps.opens_home_page(PlayerSteps.java:18)	at com.wakaleo.gameoflife.webtests.steps.PlayerSteps$$EnhancerByCGLIB$$e7ad7fc9.CGLIB$opens_home_page$0(&lt;generated&gt;)	at com.wakaleo.gameoflife.webtests.steps.PlayerSteps$$EnhancerByCGLIB$$e7ad7fc9$$FastClassByCGLIB$$2f6316fe.invoke(&lt;generated&gt;)	at net.sf.cglib.proxy.MethodProxy.invokeSuper(MethodProxy.java:228)	at net.thucydides.core.steps.StepInterceptor.executeTestStepMethod(StepInterceptor.java:273)	at net.thucydides.core.steps.StepInterceptor.runTestStep(StepInterceptor.java:252)	at net.thucydides.core.steps.StepInterceptor.testStepResult(StepInterceptor.java:124)	at net.thucydides.core.steps.StepInterceptor.intercept(StepInterceptor.java:50)	at com.wakaleo.gameoflife.webtests.steps.PlayerSteps$$EnhancerByCGLIB$$e7ad7fc9.opens_home_page(&lt;generated&gt;)	at com.wakaleo.gameoflife.webtests.WhenTheUserEntersAnInitialGrid.theGridDisplayPageShouldContainANextGenerationButton(WhenTheUserEntersAnInitialGrid.java:55)	at sun.reflect.NativeMethodAccessorImpl.invoke0(Native Method)	at sun.reflect.NativeMethodAccessorImpl.invoke(NativeMethodAccessorImpl.java:57)	at sun.reflect.DelegatingMethodAccessorImpl.invoke(DelegatingMethodAccessorImpl.java:43)	at java.lang.reflect.Method.invoke(Method.java:606)	at org.junit.runners.model.FrameworkMethod$1.runReflectiveCall(FrameworkMethod.java:45)	at org.junit.internal.runners.model.ReflectiveCallable.run(ReflectiveCallable.java:15)	at org.junit.runners.model.FrameworkMethod.invokeExplosively(FrameworkMethod.java:42)	at org.junit.internal.runners.statements.InvokeMethod.evaluate(InvokeMethod.java:20)	at net.thucydides.junit.runners.ThucydidesStatement.evaluate(ThucydidesStatement.java:21)	at org.junit.runners.ParentRunner.runLeaf(ParentRunner.java:263)	at org.junit.runners.BlockJUnit4ClassRunner.runChild(BlockJUnit4ClassRunner.java:68)	at net.thucydides.junit.runners.ThucydidesRunner.runChild(ThucydidesRunner.java:339)	at net.thucydides.junit.runners.ThucydidesRunner.runChild(ThucydidesRunner.java:56)	at org.junit.runners.ParentRunner$3.run(ParentRunner.java:231)	at org.junit.runners.ParentRunner$1.schedule(ParentRunner.java:60)	at org.junit.runners.ParentRunner.runChildren(ParentRunner.java:229)	at org.junit.runners.ParentRunner.access$000(ParentRunner.java:50)	at org.junit.runners.ParentRunner$2.evaluate(ParentRunner.java:222)	at org.junit.runners.ParentRunner.run(ParentRunner.java:300)	at net.thucydides.junit.runners.ThucydidesRunner.run(ThucydidesRunner.java:201)	at org.junit.runners.Suite.runChild(Suite.java:128)	at org.junit.runners.Suite.runChild(Suite.java:24)	at org.junit.runners.ParentRunner$3.run(ParentRunner.java:231)	at java.util.concurrent.Executors$RunnableAdapter.call(Executors.java:471)	at java.util.concurrent.FutureTask.run(FutureTask.java:262)	at java.util.concurrent.ThreadPoolExecutor.runWorker(ThreadPoolExecutor.java:1145)	at java.util.concurrent.ThreadPoolExecutor$Worker.run(ThreadPoolExecutor.java:615)	at java.lang.Thread.run(Thread.java:745)Caused by: java.lang.reflect.InvocationTargetException	at sun.reflect.NativeConstructorAccessorImpl.newInstance0(Native Method)	at sun.reflect.NativeConstructorAccessorImpl.newInstance(NativeConstructorAccessorImpl.java:57)	at sun.reflect.DelegatingConstructorAccessorImpl.newInstance(DelegatingConstructorAccessorImpl.java:45)	at java.lang.reflect.Constructor.newInstance(Constructor.java:526)	at net.thucydides.core.webdriver.WebdriverInstanceFactory.newInstanceOf(WebdriverInstanceFactory.java:28)	at net.thucydides.core.webdriver.WebDriverFactory.firefoxDriverFrom(WebDriverFactory.java:314)	at net.thucydides.core.webdriver.WebDriverFactory.newWebdriverInstance(WebDriverFactory.java:135)	... 46 moreCaused by: org.openqa.selenium.WebDriverException: Failed to connect to binary FirefoxBinary(/usr/bin/firefox) on port 7055; process output follows: 
Error: no display specified
Error: no display specified

Build info: version: &apos;2.25.0&apos;, revision: &apos;17482&apos;, time: &apos;2012-07-18 22:18:01&apos;
System info: os.name: &apos;Linux&apos;, os.arch: &apos;amd64&apos;, os.version: &apos;3.1.1&apos;, java.version: &apos;1.7.0_79&apos;
Driver info: driver.version: FirefoxDriver	at org.openqa.selenium.firefox.internal.NewProfileExtensionConnection.start(NewProfileExtensionConnection.java:121)	at org.openqa.selenium.firefox.FirefoxDriver.startClient(FirefoxDriver.java:245)	at org.openqa.selenium.remote.RemoteWebDriver.&lt;init&gt;(RemoteWebDriver.java:109)	at org.openqa.selenium.firefox.FirefoxDriver.&lt;init&gt;(FirefoxDriver.java:183)	at org.openqa.selenium.firefox.FirefoxDriver.&lt;init&gt;(FirefoxDriver.java:178)	at org.openqa.selenium.firefox.FirefoxDriver.&lt;init&gt;(FirefoxDriver.java:174)	at org.openqa.selenium.firefox.FirefoxDriver.&lt;init&gt;(FirefoxDriver.java:96)	... 53 moreCaused by: org.openqa.selenium.firefox.NotConnectedException: Unable to connect to host localhost on port 7055 after 45000 ms. Firefox console output:
Error: no display specified
Error: no display specified
	at org.openqa.selenium.firefox.internal.NewProfileExtensionConnection.start(NewProfileExtensionConnection.java:109)	... 59 moreorg.openqa.selenium.firefox.NotConnectedException: Unable to connect to host localhost on port 7055 after 45000 ms. Firefox console output:
Error: no display specified
Error: no display specified
	at org.openqa.selenium.firefox.internal.NewProfileExtensionConnection.start(NewProfileExtensionConnection.java:109)	at org.openqa.selenium.firefox.FirefoxDriver.startClient(FirefoxDriver.java:245)	at org.openqa.selenium.remote.RemoteWebDriver.&lt;init&gt;(RemoteWebDriver.java:109)	at org.openqa.selenium.firefox.FirefoxDriver.&lt;init&gt;(FirefoxDriver.java:183)	at org.openqa.selenium.firefox.FirefoxDriver.&lt;init&gt;(FirefoxDriver.java:178)	at org.openqa.selenium.firefox.FirefoxDriver.&lt;init&gt;(FirefoxDriver.java:174)	at org.openqa.selenium.firefox.FirefoxDriver.&lt;init&gt;(FirefoxDriver.java:96)	at sun.reflect.NativeConstructorAccessorImpl.newInstance0(Native Method)	at sun.reflect.NativeConstructorAccessorImpl.newInstance(NativeConstructorAccessorImpl.java:57)	at sun.reflect.DelegatingConstructorAccessorImpl.newInstance(DelegatingConstructorAccessorImpl.java:45)	at java.lang.reflect.Constructor.newInstance(Constructor.java:526)	at net.thucydides.core.webdriver.WebdriverInstanceFactory.newInstanceOf(WebdriverInstanceFactory.java:28)	at net.thucydides.core.webdriver.WebDriverFactory.firefoxDriverFrom(WebDriverFactory.java:314)	at net.thucydides.core.webdriver.WebDriverFactory.newWebdriverInstance(WebDriverFactory.java:135)	at net.thucydides.core.webdriver.WebDriverFacade.newDriverInstance(WebDriverFacade.java:87)	at net.thucydides.core.webdriver.WebDriverFacade.newProxyDriver(WebDriverFacade.java:82)	at net.thucydides.core.webdriver.WebDriverFacade.getProxiedDriver(WebDriverFacade.java:54)	at net.thucydides.core.pages.Pages.browserIsHeadless(Pages.java:141)	at net.thucydides.core.pages.Pages.openHeadlessDriverIfNotOpen(Pages.java:126)	at net.thucydides.core.pages.Pages.openBrowserIfRequiredFor(Pages.java:119)	at net.thucydides.core.pages.Pages.currentPageAt(Pages.java:107)	at com.wakaleo.gameoflife.webtests.steps.PlayerSteps.onHomePage(PlayerSteps.java:57)	at com.wakaleo.gameoflife.webtests.steps.PlayerSteps.chooses_to_start_a_new_game(PlayerSteps.java:28)	at com.wakaleo.gameoflife.webtests.steps.PlayerSteps$$EnhancerByCGLIB$$e7ad7fc9.CGLIB$chooses_to_start_a_new_game$1(&lt;generated&gt;)	at com.wakaleo.gameoflife.webtests.steps.PlayerSteps$$EnhancerByCGLIB$$e7ad7fc9$$FastClassByCGLIB$$2f6316fe.invoke(&lt;generated&gt;)	at net.sf.cglib.proxy.MethodProxy.invokeSuper(MethodProxy.java:228)	at net.thucydides.core.steps.StepInterceptor.invokeMethod(StepInterceptor.java:285)	at net.thucydides.core.steps.StepInterceptor.runSkippedMethod(StepInterceptor.java:140)	at net.thucydides.core.steps.StepInterceptor.skipTestStep(StepInterceptor.java:130)	at net.thucydides.core.steps.StepInterceptor.testStepResult(StepInterceptor.java:121)	at net.thucydides.core.steps.StepInterceptor.intercept(StepInterceptor.java:50)	at com.wakaleo.gameoflife.webtests.steps.PlayerSteps$$EnhancerByCGLIB$$e7ad7fc9.chooses_to_start_a_new_game(&lt;generated&gt;)	at com.wakaleo.gameoflife.webtests.WhenTheUserEntersAnInitialGrid.theGridDisplayPageShouldContainANextGenerationButton(WhenTheUserEntersAnInitialGrid.java:56)	at sun.reflect.NativeMethodAccessorImpl.invoke0(Native Method)	at sun.reflect.NativeMethodAccessorImpl.invoke(NativeMethodAccessorImpl.java:57)	at sun.reflect.DelegatingMethodAccessorImpl.invoke(DelegatingMethodAccessorImpl.java:43)	at java.lang.reflect.Method.invoke(Method.java:606)	at org.junit.runners.model.FrameworkMethod$1.runReflectiveCall(FrameworkMethod.java:45)	at org.junit.internal.runners.model.ReflectiveCallable.run(ReflectiveCallable.java:15)	at org.junit.runners.model.FrameworkMethod.invokeExplosively(FrameworkMethod.java:42)	at org.junit.internal.runners.statements.InvokeMethod.evaluate(InvokeMethod.java:20)	at net.thucydides.junit.runners.ThucydidesStatement.evaluate(ThucydidesStatement.java:21)	at org.junit.runners.ParentRunner.runLeaf(ParentRunner.java:263)	at org.junit.runners.BlockJUnit4ClassRunner.runChild(BlockJUnit4ClassRunner.java:68)	at net.thucydides.junit.runners.ThucydidesRunner.runChild(ThucydidesRunner.java:339)	at net.thucydides.junit.runners.ThucydidesRunner.runChild(ThucydidesRunner.java:56)	at org.junit.runners.ParentRunner$3.run(ParentRunner.java:231)	at org.junit.runners.ParentRunner$1.schedule(ParentRunner.java:60)	at org.junit.runners.ParentRunner.runChildren(ParentRunner.java:229)	at org.junit.runners.ParentRunner.access$000(ParentRunner.java:50)	at org.junit.runners.ParentRunner$2.evaluate(ParentRunner.java:222)	at org.junit.runners.ParentRunner.run(ParentRunner.java:300)	at net.thucydides.junit.runners.ThucydidesRunner.run(ThucydidesRunner.java:201)	at org.junit.runners.Suite.runChild(Suite.java:128)	at org.junit.runners.Suite.runChild(Suite.java:24)	at org.junit.runners.ParentRunner$3.run(ParentRunner.java:231)	at java.util.concurrent.Executors$RunnableAdapter.call(Executors.java:471)	at java.util.concurrent.FutureTask.run(FutureTask.java:262)	at java.util.concurrent.ThreadPoolExecutor.runWorker(ThreadPoolExecutor.java:1145)	at java.util.concurrent.ThreadPoolExecutor$Worker.run(ThreadPoolExecutor.java:615)	at java.lang.Thread.run(Thread.java:745)278124 [pool-1-thread-1] ERROR net.thucydides.core.webdriver.WebDriverFacade - FAILED TO CREATE NEW DRIVER INSTANCE class org.openqa.selenium.firefox.FirefoxDriver: Could not instantiate class org.openqa.selenium.firefox.FirefoxDriver
net.thucydides.core.webdriver.UnsupportedDriverException: Could not instantiate class org.openqa.selenium.firefox.FirefoxDriver	at net.thucydides.core.webdriver.WebDriverFactory.newWebdriverInstance(WebDriverFactory.java:149)	at net.thucydides.core.webdriver.WebDriverFacade.newDriverInstance(WebDriverFacade.java:87)	at net.thucydides.core.webdriver.WebDriverFacade.newProxyDriver(WebDriverFacade.java:82)	at net.thucydides.core.webdriver.WebDriverFacade.getProxiedDriver(WebDriverFacade.java:54)	at net.thucydides.core.pages.Pages.browserIsHeadless(Pages.java:141)	at net.thucydides.core.pages.Pages.openHeadlessDriverIfNotOpen(Pages.java:126)	at net.thucydides.core.pages.Pages.openBrowserIfRequiredFor(Pages.java:119)	at net.thucydides.core.pages.Pages.currentPageAt(Pages.java:107)	at com.wakaleo.gameoflife.webtests.steps.PlayerSteps.onHomePage(PlayerSteps.java:57)	at com.wakaleo.gameoflife.webtests.steps.PlayerSteps.chooses_to_start_a_new_game(PlayerSteps.java:28)	at com.wakaleo.gameoflife.webtests.steps.PlayerSteps$$EnhancerByCGLIB$$e7ad7fc9.CGLIB$chooses_to_start_a_new_game$1(&lt;generated&gt;)	at com.wakaleo.gameoflife.webtests.steps.PlayerSteps$$EnhancerByCGLIB$$e7ad7fc9$$FastClassByCGLIB$$2f6316fe.invoke(&lt;generated&gt;)	at net.sf.cglib.proxy.MethodProxy.invokeSuper(MethodProxy.java:228)	at net.thucydides.core.steps.StepInterceptor.invokeMethod(StepInterceptor.java:285)	at net.thucydides.core.steps.StepInterceptor.runSkippedMethod(StepInterceptor.java:140)	at net.thucydides.core.steps.StepInterceptor.skipTestStep(StepInterceptor.java:130)	at net.thucydides.core.steps.StepInterceptor.testStepResult(StepInterceptor.java:121)	at net.thucydides.core.steps.StepInterceptor.intercept(StepInterceptor.java:50)	at com.wakaleo.gameoflife.webtests.steps.PlayerSteps$$EnhancerByCGLIB$$e7ad7fc9.chooses_to_start_a_new_game(&lt;generated&gt;)	at com.wakaleo.gameoflife.webtests.WhenTheUserEntersAnInitialGrid.theGridDisplayPageShouldContainANextGenerationButton(WhenTheUserEntersAnInitialGrid.java:56)	at sun.reflect.NativeMethodAccessorImpl.invoke0(Native Method)	at sun.reflect.NativeMethodAccessorImpl.invoke(NativeMethodAccessorImpl.java:57)	at sun.reflect.DelegatingMethodAccessorImpl.invoke(DelegatingMethodAccessorImpl.java:43)	at java.lang.reflect.Method.invoke(Method.java:606)	at org.junit.runners.model.FrameworkMethod$1.runReflectiveCall(FrameworkMethod.java:45)	at org.junit.internal.runners.model.ReflectiveCallable.run(ReflectiveCallable.java:15)	at org.junit.runners.model.FrameworkMethod.invokeExplosively(FrameworkMethod.java:42)	at org.junit.internal.runners.statements.InvokeMethod.evaluate(InvokeMethod.java:20)	at net.thucydides.junit.runners.ThucydidesStatement.evaluate(ThucydidesStatement.java:21)	at org.junit.runners.ParentRunner.runLeaf(ParentRunner.java:263)	at org.junit.runners.BlockJUnit4ClassRunner.runChild(BlockJUnit4ClassRunner.java:68)	at net.thucydides.junit.runners.ThucydidesRunner.runChild(ThucydidesRunner.java:339)	at net.thucydides.junit.runners.ThucydidesRunner.runChild(ThucydidesRunner.java:56)	at org.junit.runners.ParentRunner$3.run(ParentRunner.java:231)	at org.junit.runners.ParentRunner$1.schedule(ParentRunner.java:60)	at org.junit.runners.ParentRunner.runChildren(ParentRunner.java:229)	at org.junit.runners.ParentRunner.access$000(ParentRunner.java:50)	at org.junit.runners.ParentRunner$2.evaluate(ParentRunner.java:222)	at org.junit.runners.ParentRunner.run(ParentRunner.java:300)	at net.thucydides.junit.runners.ThucydidesRunner.run(ThucydidesRunner.java:201)	at org.junit.runners.Suite.runChild(Suite.java:128)	at org.junit.runners.Suite.runChild(Suite.java:24)	at org.junit.runners.ParentRunner$3.run(ParentRunner.java:231)	at java.util.concurrent.Executors$RunnableAdapter.call(Executors.java:471)	at java.util.concurrent.FutureTask.run(FutureTask.java:262)	at java.util.concurrent.ThreadPoolExecutor.runWorker(ThreadPoolExecutor.java:1145)	at java.util.concurrent.ThreadPoolExecutor$Worker.run(ThreadPoolExecutor.java:615)	at java.lang.Thread.run(Thread.java:745)Caused by: java.lang.reflect.InvocationTargetException	at sun.reflect.NativeConstructorAccessorImpl.newInstance0(Native Method)	at sun.reflect.NativeConstructorAccessorImpl.newInstance(NativeConstructorAccessorImpl.java:57)	at sun.reflect.DelegatingConstructorAccessorImpl.newInstance(DelegatingConstructorAccessorImpl.java:45)	at java.lang.reflect.Constructor.newInstance(Constructor.java:526)	at net.thucydides.core.webdriver.WebdriverInstanceFactory.newInstanceOf(WebdriverInstanceFactory.java:28)	at net.thucydides.core.webdriver.WebDriverFactory.firefoxDriverFrom(WebDriverFactory.java:314)	at net.thucydides.core.webdriver.WebDriverFactory.newWebdriverInstance(WebDriverFactory.java:135)	... 47 moreCaused by: org.openqa.selenium.WebDriverException: Failed to connect to binary FirefoxBinary(/usr/bin/firefox) on port 7055; process output follows: 
Error: no display specified
Error: no display specified

Build info: version: &apos;2.25.0&apos;, revision: &apos;17482&apos;, time: &apos;2012-07-18 22:18:01&apos;
System info: os.name: &apos;Linux&apos;, os.arch: &apos;amd64&apos;, os.version: &apos;3.1.1&apos;, java.version: &apos;1.7.0_79&apos;
Driver info: driver.version: FirefoxDriver	at org.openqa.selenium.firefox.internal.NewProfileExtensionConnection.start(NewProfileExtensionConnection.java:121)	at org.openqa.selenium.firefox.FirefoxDriver.startClient(FirefoxDriver.java:245)	at org.openqa.selenium.remote.RemoteWebDriver.&lt;init&gt;(RemoteWebDriver.java:109)	at org.openqa.selenium.firefox.FirefoxDriver.&lt;init&gt;(FirefoxDriver.java:183)	at org.openqa.selenium.firefox.FirefoxDriver.&lt;init&gt;(FirefoxDriver.java:178)	at org.openqa.selenium.firefox.FirefoxDriver.&lt;init&gt;(FirefoxDriver.java:174)	at org.openqa.selenium.firefox.FirefoxDriver.&lt;init&gt;(FirefoxDriver.java:96)	... 54 moreCaused by: org.openqa.selenium.firefox.NotConnectedException: Unable to connect to host localhost on port 7055 after 45000 ms. Firefox console output:
Error: no display specified
Error: no display specified
	at org.openqa.selenium.firefox.internal.NewProfileExtensionConnection.start(NewProfileExtensionConnection.java:109)	... 60 moreorg.openqa.selenium.firefox.NotConnectedException: Unable to connect to host localhost on port 7055 after 45000 ms. Firefox console output:
Error: no display specified
Error: no display specified
	at org.openqa.selenium.firefox.internal.NewProfileExtensionConnection.start(NewProfileExtensionConnection.java:109)	at org.openqa.selenium.firefox.FirefoxDriver.startClient(FirefoxDriver.java:245)	at org.openqa.selenium.remote.RemoteWebDriver.&lt;init&gt;(RemoteWebDriver.java:109)	at org.openqa.selenium.firefox.FirefoxDriver.&lt;init&gt;(FirefoxDriver.java:183)	at org.openqa.selenium.firefox.FirefoxDriver.&lt;init&gt;(FirefoxDriver.java:178)	at org.openqa.selenium.firefox.FirefoxDriver.&lt;init&gt;(FirefoxDriver.java:174)	at org.openqa.selenium.firefox.FirefoxDriver.&lt;init&gt;(FirefoxDriver.java:96)	at sun.reflect.NativeConstructorAccessorImpl.newInstance0(Native Method)	at sun.reflect.NativeConstructorAccessorImpl.newInstance(NativeConstructorAccessorImpl.java:57)	at sun.reflect.DelegatingConstructorAccessorImpl.newInstance(DelegatingConstructorAccessorImpl.java:45)	at java.lang.reflect.Constructor.newInstance(Constructor.java:526)	at net.thucydides.core.webdriver.WebdriverInstanceFactory.newInstanceOf(WebdriverInstanceFactory.java:28)	at net.thucydides.core.webdriver.WebDriverFactory.firefoxDriverFrom(WebDriverFactory.java:314)	at net.thucydides.core.webdriver.WebDriverFactory.newWebdriverInstance(WebDriverFactory.java:135)	at net.thucydides.core.webdriver.WebDriverFacade.newDriverInstance(WebDriverFacade.java:87)	at net.thucydides.core.webdriver.WebDriverFacade.newProxyDriver(WebDriverFacade.java:82)	at net.thucydides.core.webdriver.WebDriverFacade.getProxiedDriver(WebDriverFacade.java:54)	at net.thucydides.core.pages.Pages.browserIsHeadless(Pages.java:141)	at net.thucydides.core.pages.Pages.openHeadlessDriverIfNotOpen(Pages.java:126)	at net.thucydides.core.pages.Pages.openBrowserIfRequiredFor(Pages.java:119)	at net.thucydides.core.pages.Pages.currentPageAt(Pages.java:107)	at com.wakaleo.gameoflife.webtests.steps.PlayerSteps.onEnterGridPage(PlayerSteps.java:61)	at com.wakaleo.gameoflife.webtests.steps.PlayerSteps.starts_simulation(PlayerSteps.java:43)	at com.wakaleo.gameoflife.webtests.steps.PlayerSteps$$EnhancerByCGLIB$$e7ad7fc9.CGLIB$starts_simulation$3(&lt;generated&gt;)	at com.wakaleo.gameoflife.webtests.steps.PlayerSteps$$EnhancerByCGLIB$$e7ad7fc9$$FastClassByCGLIB$$2f6316fe.invoke(&lt;generated&gt;)	at net.sf.cglib.proxy.MethodProxy.invokeSuper(MethodProxy.java:228)	at net.thucydides.core.steps.StepInterceptor.invokeMethod(StepInterceptor.java:285)	at net.thucydides.core.steps.StepInterceptor.runSkippedMethod(StepInterceptor.java:140)	at net.thucydides.core.steps.StepInterceptor.skipTestStep(StepInterceptor.java:130)	at net.thucydides.core.steps.StepInterceptor.testStepResult(StepInterceptor.java:121)	at net.thucydides.core.steps.StepInterceptor.intercept(StepInterceptor.java:50)	at com.wakaleo.gameoflife.webtests.steps.PlayerSteps$$EnhancerByCGLIB$$e7ad7fc9.starts_simulation(&lt;generated&gt;)	at com.wakaleo.gameoflife.webtests.WhenTheUserEntersAnInitialGrid.theGridDisplayPageShouldContainANextGenerationButton(WhenTheUserEntersAnInitialGrid.java:57)	at sun.reflect.NativeMethodAccessorImpl.invoke0(Native Method)	at sun.reflect.NativeMethodAccessorImpl.invoke(NativeMethodAccessorImpl.java:57)	at sun.reflect.DelegatingMethodAccessorImpl.invoke(DelegatingMethodAccessorImpl.java:43)	at java.lang.reflect.Method.invoke(Method.java:606)	at org.junit.runners.model.FrameworkMethod$1.runReflectiveCall(FrameworkMethod.java:45)	at org.junit.internal.runners.model.ReflectiveCallable.run(ReflectiveCallable.java:15)	at org.junit.runners.model.FrameworkMethod.invokeExplosively(FrameworkMethod.java:42)	at org.junit.internal.runners.statements.InvokeMethod.evaluate(InvokeMethod.java:20)	at net.thucydides.junit.runners.ThucydidesStatement.evaluate(ThucydidesStatement.java:21)	at org.junit.runners.ParentRunner.runLeaf(ParentRunner.java:263)	at org.junit.runners.BlockJUnit4ClassRunner.runChild(BlockJUnit4ClassRunner.java:68)	at net.thucydides.junit.runners.ThucydidesRunner.runChild(ThucydidesRunner.java:339)	at net.thucydides.junit.runners.ThucydidesRunner.runChild(ThucydidesRunner.java:56)	at org.junit.runners.ParentRunner$3.run(ParentRunner.java:231)	at org.junit.runners.ParentRunner$1.schedule(ParentRunner.java:60)	at org.junit.runners.ParentRunner.runChildren(ParentRunner.java:229)	at org.junit.runners.ParentRunner.access$000(ParentRunner.java:50)	at org.junit.runners.ParentRunner$2.evaluate(ParentRunner.java:222)	at org.junit.runners.ParentRunner.run(ParentRunner.java:300)	at net.thucydides.junit.runners.ThucydidesRunner.run(ThucydidesRunner.java:201)	at org.junit.runners.Suite.runChild(Suite.java:128)	at org.junit.runners.Suite.runChild(Suite.java:24)	at org.junit.runners.ParentRunner$3.run(ParentRunner.java:231)	at java.util.concurrent.Executors$RunnableAdapter.call(Executors.java:471)	at java.util.concurrent.FutureTask.run(FutureTask.java:262)	at java.util.concurrent.ThreadPoolExecutor.runWorker(ThreadPoolExecutor.java:1145)	at java.util.concurrent.ThreadPoolExecutor$Worker.run(ThreadPoolExecutor.java:615)	at java.lang.Thread.run(Thread.java:745)323403 [pool-1-thread-1] ERROR net.thucydides.core.webdriver.WebDriverFacade - FAILED TO CREATE NEW DRIVER INSTANCE class org.openqa.selenium.firefox.FirefoxDriver: Could not instantiate class org.openqa.selenium.firefox.FirefoxDriver
net.thucydides.core.webdriver.UnsupportedDriverException: Could not instantiate class org.openqa.selenium.firefox.FirefoxDriver	at net.thucydides.core.webdriver.WebDriverFactory.newWebdriverInstance(WebDriverFactory.java:149)	at net.thucydides.core.webdriver.WebDriverFacade.newDriverInstance(WebDriverFacade.java:87)	at net.thucydides.core.webdriver.WebDriverFacade.newProxyDriver(WebDriverFacade.java:82)	at net.thucydides.core.webdriver.WebDriverFacade.getProxiedDriver(WebDriverFacade.java:54)	at net.thucydides.core.pages.Pages.browserIsHeadless(Pages.java:141)	at net.thucydides.core.pages.Pages.openHeadlessDriverIfNotOpen(Pages.java:126)	at net.thucydides.core.pages.Pages.openBrowserIfRequiredFor(Pages.java:119)	at net.thucydides.core.pages.Pages.currentPageAt(Pages.java:107)	at com.wakaleo.gameoflife.webtests.steps.PlayerSteps.onEnterGridPage(PlayerSteps.java:61)	at com.wakaleo.gameoflife.webtests.steps.PlayerSteps.starts_simulation(PlayerSteps.java:43)	at com.wakaleo.gameoflife.webtests.steps.PlayerSteps$$EnhancerByCGLIB$$e7ad7fc9.CGLIB$starts_simulation$3(&lt;generated&gt;)	at com.wakaleo.gameoflife.webtests.steps.PlayerSteps$$EnhancerByCGLIB$$e7ad7fc9$$FastClassByCGLIB$$2f6316fe.invoke(&lt;generated&gt;)	at net.sf.cglib.proxy.MethodProxy.invokeSuper(MethodProxy.java:228)	at net.thucydides.core.steps.StepInterceptor.invokeMethod(StepInterceptor.java:285)	at net.thucydides.core.steps.StepInterceptor.runSkippedMethod(StepInterceptor.java:140)	at net.thucydides.core.steps.StepInterceptor.skipTestStep(StepInterceptor.java:130)	at net.thucydides.core.steps.StepInterceptor.testStepResult(StepInterceptor.java:121)	at net.thucydides.core.steps.StepInterceptor.intercept(StepInterceptor.java:50)	at com.wakaleo.gameoflife.webtests.steps.PlayerSteps$$EnhancerByCGLIB$$e7ad7fc9.starts_simulation(&lt;generated&gt;)	at com.wakaleo.gameoflife.webtests.WhenTheUserEntersAnInitialGrid.theGridDisplayPageShouldContainANextGenerationButton(WhenTheUserEntersAnInitialGrid.java:57)	at sun.reflect.NativeMethodAccessorImpl.invoke0(Native Method)	at sun.reflect.NativeMethodAccessorImpl.invoke(NativeMethodAccessorImpl.java:57)	at sun.reflect.DelegatingMethodAccessorImpl.invoke(DelegatingMethodAccessorImpl.java:43)	at java.lang.reflect.Method.invoke(Method.java:606)	at org.junit.runners.model.FrameworkMethod$1.runReflectiveCall(FrameworkMethod.java:45)	at org.junit.internal.runners.model.ReflectiveCallable.run(ReflectiveCallable.java:15)	at org.junit.runners.model.FrameworkMethod.invokeExplosively(FrameworkMethod.java:42)	at org.junit.internal.runners.statements.InvokeMethod.evaluate(InvokeMethod.java:20)	at net.thucydides.junit.runners.ThucydidesStatement.evaluate(ThucydidesStatement.java:21)	at org.junit.runners.ParentRunner.runLeaf(ParentRunner.java:263)	at org.junit.runners.BlockJUnit4ClassRunner.runChild(BlockJUnit4ClassRunner.java:68)	at net.thucydides.junit.runners.ThucydidesRunner.runChild(ThucydidesRunner.java:339)	at net.thucydides.junit.runners.ThucydidesRunner.runChild(ThucydidesRunner.java:56)	at org.junit.runners.ParentRunner$3.run(ParentRunner.java:231)	at org.junit.runners.ParentRunner$1.schedule(ParentRunner.java:60)	at org.junit.runners.ParentRunner.runChildren(ParentRunner.java:229)	at org.junit.runners.ParentRunner.access$000(ParentRunner.java:50)	at org.junit.runners.ParentRunner$2.evaluate(ParentRunner.java:222)	at org.junit.runners.ParentRunner.run(ParentRunner.java:300)	at net.thucydides.junit.runners.ThucydidesRunner.run(ThucydidesRunner.java:201)	at org.junit.runners.Suite.runChild(Suite.java:128)	at org.junit.runners.Suite.runChild(Suite.java:24)	at org.junit.runners.ParentRunner$3.run(ParentRunner.java:231)	at java.util.concurrent.Executors$RunnableAdapter.call(Executors.java:471)	at java.util.concurrent.FutureTask.run(FutureTask.java:262)	at java.util.concurrent.ThreadPoolExecutor.runWorker(ThreadPoolExecutor.java:1145)	at java.util.concurrent.ThreadPoolExecutor$Worker.run(ThreadPoolExecutor.java:615)	at java.lang.Thread.run(Thread.java:745)Caused by: java.lang.reflect.InvocationTargetException	at sun.reflect.NativeConstructorAccessorImpl.newInstance0(Native Method)	at sun.reflect.NativeConstructorAccessorImpl.newInstance(NativeConstructorAccessorImpl.java:57)	at sun.reflect.DelegatingConstructorAccessorImpl.newInstance(DelegatingConstructorAccessorImpl.java:45)	at java.lang.reflect.Constructor.newInstance(Constructor.java:526)	at net.thucydides.core.webdriver.WebdriverInstanceFactory.newInstanceOf(WebdriverInstanceFactory.java:28)	at net.thucydides.core.webdriver.WebDriverFactory.firefoxDriverFrom(WebDriverFactory.java:314)	at net.thucydides.core.webdriver.WebDriverFactory.newWebdriverInstance(WebDriverFactory.java:135)	... 47 moreCaused by: org.openqa.selenium.WebDriverException: Failed to connect to binary FirefoxBinary(/usr/bin/firefox) on port 7055; process output follows: 
Error: no display specified
Error: no display specified

Build info: version: &apos;2.25.0&apos;, revision: &apos;17482&apos;, time: &apos;2012-07-18 22:18:01&apos;
System info: os.name: &apos;Linux&apos;, os.arch: &apos;amd64&apos;, os.version: &apos;3.1.1&apos;, java.version: &apos;1.7.0_79&apos;
Driver info: driver.version: FirefoxDriver	at org.openqa.selenium.firefox.internal.NewProfileExtensionConnection.start(NewProfileExtensionConnection.java:121)	at org.openqa.selenium.firefox.FirefoxDriver.startClient(FirefoxDriver.java:245)	at org.openqa.selenium.remote.RemoteWebDriver.&lt;init&gt;(RemoteWebDriver.java:109)	at org.openqa.selenium.firefox.FirefoxDriver.&lt;init&gt;(FirefoxDriver.java:183)	at org.openqa.selenium.firefox.FirefoxDriver.&lt;init&gt;(FirefoxDriver.java:178)	at org.openqa.selenium.firefox.FirefoxDriver.&lt;init&gt;(FirefoxDriver.java:174)	at org.openqa.selenium.firefox.FirefoxDriver.&lt;init&gt;(FirefoxDriver.java:96)	... 54 moreCaused by: org.openqa.selenium.firefox.NotConnectedException: Unable to connect to host localhost on port 7055 after 45000 ms. Firefox console output:
Error: no display specified
Error: no display specified
	at org.openqa.selenium.firefox.internal.NewProfileExtensionConnection.start(NewProfileExtensionConnection.java:109)	... 60 moreorg.openqa.selenium.firefox.NotConnectedException: Unable to connect to host localhost on port 7055 after 45000 ms. Firefox console output:
Error: no display specified
Error: no display specified
	at org.openqa.selenium.firefox.internal.NewProfileExtensionConnection.start(NewProfileExtensionConnection.java:109)	at org.openqa.selenium.firefox.FirefoxDriver.startClient(FirefoxDriver.java:245)	at org.openqa.selenium.remote.RemoteWebDriver.&lt;init&gt;(RemoteWebDriver.java:109)	at org.openqa.selenium.firefox.FirefoxDriver.&lt;init&gt;(FirefoxDriver.java:183)	at org.openqa.selenium.firefox.FirefoxDriver.&lt;init&gt;(FirefoxDriver.java:178)	at org.openqa.selenium.firefox.FirefoxDriver.&lt;init&gt;(FirefoxDriver.java:174)	at org.openqa.selenium.firefox.FirefoxDriver.&lt;init&gt;(FirefoxDriver.java:96)	at sun.reflect.GeneratedConstructorAccessor39.newInstance(Unknown Source)	at sun.reflect.DelegatingConstructorAccessorImpl.newInstance(DelegatingConstructorAccessorImpl.java:45)	at java.lang.reflect.Constructor.newInstance(Constructor.java:526)	at net.thucydides.core.webdriver.WebdriverInstanceFactory.newInstanceOf(WebdriverInstanceFactory.java:28)	at net.thucydides.core.webdriver.WebDriverFactory.firefoxDriverFrom(WebDriverFactory.java:314)	at net.thucydides.core.webdriver.WebDriverFactory.newWebdriverInstance(WebDriverFactory.java:135)	at net.thucydides.core.webdriver.WebDriverFacade.newDriverInstance(WebDriverFacade.java:87)	at net.thucydides.core.webdriver.WebDriverFacade.newProxyDriver(WebDriverFacade.java:82)	at net.thucydides.core.webdriver.WebDriverFacade.getProxiedDriver(WebDriverFacade.java:54)	at net.thucydides.core.pages.Pages.browserIsHeadless(Pages.java:141)	at net.thucydides.core.pages.Pages.openHeadlessDriverIfNotOpen(Pages.java:126)	at net.thucydides.core.pages.Pages.openBrowserIfRequiredFor(Pages.java:119)	at net.thucydides.core.pages.Pages.get(Pages.java:90)	at com.wakaleo.gameoflife.webtests.steps.PlayerSteps.currentPage(PlayerSteps.java:69)	at com.wakaleo.gameoflife.webtests.steps.PlayerSteps.should_see_a_page_containing_text(PlayerSteps.java:33)	at com.wakaleo.gameoflife.webtests.steps.PlayerSteps$$EnhancerByCGLIB$$e7ad7fc9.CGLIB$should_see_a_page_containing_text$2(&lt;generated&gt;)	at com.wakaleo.gameoflife.webtests.steps.PlayerSteps$$EnhancerByCGLIB$$e7ad7fc9$$FastClassByCGLIB$$2f6316fe.invoke(&lt;generated&gt;)	at net.sf.cglib.proxy.MethodProxy.invokeSuper(MethodProxy.java:228)	at net.thucydides.core.steps.StepInterceptor.invokeMethod(StepInterceptor.java:285)	at net.thucydides.core.steps.StepInterceptor.runSkippedMethod(StepInterceptor.java:140)	at net.thucydides.core.steps.StepInterceptor.skipTestStep(StepInterceptor.java:130)	at net.thucydides.core.steps.StepInterceptor.testStepResult(StepInterceptor.java:121)	at net.thucydides.core.steps.StepInterceptor.intercept(StepInterceptor.java:50)	at com.wakaleo.gameoflife.webtests.steps.PlayerSteps$$EnhancerByCGLIB$$e7ad7fc9.should_see_a_page_containing_text(&lt;generated&gt;)	at com.wakaleo.gameoflife.webtests.WhenTheUserEntersAnInitialGrid.theGridDisplayPageShouldContainANextGenerationButton(WhenTheUserEntersAnInitialGrid.java:58)	at sun.reflect.NativeMethodAccessorImpl.invoke0(Native Method)	at sun.reflect.NativeMethodAccessorImpl.invoke(NativeMethodAccessorImpl.java:57)	at sun.reflect.DelegatingMethodAccessorImpl.invoke(DelegatingMethodAccessorImpl.java:43)	at java.lang.reflect.Method.invoke(Method.java:606)	at org.junit.runners.model.FrameworkMethod$1.runReflectiveCall(FrameworkMethod.java:45)	at org.junit.internal.runners.model.ReflectiveCallable.run(ReflectiveCallable.java:15)	at org.junit.runners.model.FrameworkMethod.invokeExplosively(FrameworkMethod.java:42)	at org.junit.internal.runners.statements.InvokeMethod.evaluate(InvokeMethod.java:20)	at net.thucydides.junit.runners.ThucydidesStatement.evaluate(ThucydidesStatement.java:21)	at org.junit.runners.ParentRunner.runLeaf(ParentRunner.java:263)	at org.junit.runners.BlockJUnit4ClassRunner.runChild(BlockJUnit4ClassRunner.java:68)	at net.thucydides.junit.runners.ThucydidesRunner.runChild(ThucydidesRunner.java:339)	at net.thucydides.junit.runners.ThucydidesRunner.runChild(ThucydidesRunner.java:56)	at org.junit.runners.ParentRunner$3.run(ParentRunner.java:231)	at org.junit.runners.ParentRunner$1.schedule(ParentRunner.java:60)	at org.junit.runners.ParentRunner.runChildren(ParentRunner.java:229)	at org.junit.runners.ParentRunner.access$000(ParentRunner.java:50)	at org.junit.runners.ParentRunner$2.evaluate(ParentRunner.java:222)	at org.junit.runners.ParentRunner.run(ParentRunner.java:300)	at net.thucydides.junit.runners.ThucydidesRunner.run(ThucydidesRunner.java:201)	at org.junit.runners.Suite.runChild(Suite.java:128)	at org.junit.runners.Suite.runChild(Suite.java:24)	at org.junit.runners.ParentRunner$3.run(ParentRunner.java:231)	at java.util.concurrent.Executors$RunnableAdapter.call(Executors.java:471)	at java.util.concurrent.FutureTask.run(FutureTask.java:262)	at java.util.concurrent.ThreadPoolExecutor.runWorker(ThreadPoolExecutor.java:1145)	at java.util.concurrent.ThreadPoolExecutor$Worker.run(ThreadPoolExecutor.java:615)	at java.lang.Thread.run(Thread.java:745)368653 [pool-1-thread-1] ERROR net.thucydides.core.webdriver.WebDriverFacade - FAILED TO CREATE NEW DRIVER INSTANCE class org.openqa.selenium.firefox.FirefoxDriver: Could not instantiate class org.openqa.selenium.firefox.FirefoxDriver
net.thucydides.core.webdriver.UnsupportedDriverException: Could not instantiate class org.openqa.selenium.firefox.FirefoxDriver	at net.thucydides.core.webdriver.WebDriverFactory.newWebdriverInstance(WebDriverFactory.java:149)	at net.thucydides.core.webdriver.WebDriverFacade.newDriverInstance(WebDriverFacade.java:87)	at net.thucydides.core.webdriver.WebDriverFacade.newProxyDriver(WebDriverFacade.java:82)	at net.thucydides.core.webdriver.WebDriverFacade.getProxiedDriver(WebDriverFacade.java:54)	at net.thucydides.core.pages.Pages.browserIsHeadless(Pages.java:141)	at net.thucydides.core.pages.Pages.openHeadlessDriverIfNotOpen(Pages.java:126)	at net.thucydides.core.pages.Pages.openBrowserIfRequiredFor(Pages.java:119)	at net.thucydides.core.pages.Pages.get(Pages.java:90)	at com.wakaleo.gameoflife.webtests.steps.PlayerSteps.currentPage(PlayerSteps.java:69)	at com.wakaleo.gameoflife.webtests.steps.PlayerSteps.should_see_a_page_containing_text(PlayerSteps.java:33)	at com.wakaleo.gameoflife.webtests.steps.PlayerSteps$$EnhancerByCGLIB$$e7ad7fc9.CGLIB$should_see_a_page_containing_text$2(&lt;generated&gt;)	at com.wakaleo.gameoflife.webtests.steps.PlayerSteps$$EnhancerByCGLIB$$e7ad7fc9$$FastClassByCGLIB$$2f6316fe.invoke(&lt;generated&gt;)	at net.sf.cglib.proxy.MethodProxy.invokeSuper(MethodProxy.java:228)	at net.thucydides.core.steps.StepInterceptor.invokeMethod(StepInterceptor.java:285)	at net.thucydides.core.steps.StepInterceptor.runSkippedMethod(StepInterceptor.java:140)	at net.thucydides.core.steps.StepInterceptor.skipTestStep(StepInterceptor.java:130)	at net.thucydides.core.steps.StepInterceptor.testStepResult(StepInterceptor.java:121)	at net.thucydides.core.steps.StepInterceptor.intercept(StepInterceptor.java:50)	at com.wakaleo.gameoflife.webtests.steps.PlayerSteps$$EnhancerByCGLIB$$e7ad7fc9.should_see_a_page_containing_text(&lt;generated&gt;)	at com.wakaleo.gameoflife.webtests.WhenTheUserEntersAnInitialGrid.theGridDisplayPageShouldContainANextGenerationButton(WhenTheUserEntersAnInitialGrid.java:58)	at sun.reflect.NativeMethodAccessorImpl.invoke0(Native Method)	at sun.reflect.NativeMethodAccessorImpl.invoke(NativeMethodAccessorImpl.java:57)	at sun.reflect.DelegatingMethodAccessorImpl.invoke(DelegatingMethodAccessorImpl.java:43)	at java.lang.reflect.Method.invoke(Method.java:606)	at org.junit.runners.model.FrameworkMethod$1.runReflectiveCall(FrameworkMethod.java:45)	at org.junit.internal.runners.model.ReflectiveCallable.run(ReflectiveCallable.java:15)	at org.junit.runners.model.FrameworkMethod.invokeExplosively(FrameworkMethod.java:42)	at org.junit.internal.runners.statements.InvokeMethod.evaluate(InvokeMethod.java:20)	at net.thucydides.junit.runners.ThucydidesStatement.evaluate(ThucydidesStatement.java:21)	at org.junit.runners.ParentRunner.runLeaf(ParentRunner.java:263)	at org.junit.runners.BlockJUnit4ClassRunner.runChild(BlockJUnit4ClassRunner.java:68)	at net.thucydides.junit.runners.ThucydidesRunner.runChild(ThucydidesRunner.java:339)	at net.thucydides.junit.runners.ThucydidesRunner.runChild(ThucydidesRunner.java:56)	at org.junit.runners.ParentRunner$3.run(ParentRunner.java:231)	at org.junit.runners.ParentRunner$1.schedule(ParentRunner.java:60)	at org.junit.runners.ParentRunner.runChildren(ParentRunner.java:229)	at org.junit.runners.ParentRunner.access$000(ParentRunner.java:50)	at org.junit.runners.ParentRunner$2.evaluate(ParentRunner.java:222)	at org.junit.runners.ParentRunner.run(ParentRunner.java:300)	at net.thucydides.junit.runners.ThucydidesRunner.run(ThucydidesRunner.java:201)	at org.junit.runners.Suite.runChild(Suite.java:128)	at org.junit.runners.Suite.runChild(Suite.java:24)	at org.junit.runners.ParentRunner$3.run(ParentRunner.java:231)	at java.util.concurrent.Executors$RunnableAdapter.call(Executors.java:471)	at java.util.concurrent.FutureTask.run(FutureTask.java:262)	at java.util.concurrent.ThreadPoolExecutor.runWorker(ThreadPoolExecutor.java:1145)	at java.util.concurrent.ThreadPoolExecutor$Worker.run(ThreadPoolExecutor.java:615)	at java.lang.Thread.run(Thread.java:745)Caused by: java.lang.reflect.InvocationTargetException	at sun.reflect.GeneratedConstructorAccessor39.newInstance(Unknown Source)	at sun.reflect.DelegatingConstructorAccessorImpl.newInstance(DelegatingConstructorAccessorImpl.java:45)	at java.lang.reflect.Constructor.newInstance(Constructor.java:526)	at net.thucydides.core.webdriver.WebdriverInstanceFactory.newInstanceOf(WebdriverInstanceFactory.java:28)	at net.thucydides.core.webdriver.WebDriverFactory.firefoxDriverFrom(WebDriverFactory.java:314)	at net.thucydides.core.webdriver.WebDriverFactory.newWebdriverInstance(WebDriverFactory.java:135)	... 47 moreCaused by: org.openqa.selenium.WebDriverException: Failed to connect to binary FirefoxBinary(/usr/bin/firefox) on port 7055; process output follows: 
Error: no display specified
Error: no display specified

Build info: version: &apos;2.25.0&apos;, revision: &apos;17482&apos;, time: &apos;2012-07-18 22:18:01&apos;
System info: os.name: &apos;Linux&apos;, os.arch: &apos;amd64&apos;, os.version: &apos;3.1.1&apos;, java.version: &apos;1.7.0_79&apos;
Driver info: driver.version: FirefoxDriver	at org.openqa.selenium.firefox.internal.NewProfileExtensionConnection.start(NewProfileExtensionConnection.java:121)	at org.openqa.selenium.firefox.FirefoxDriver.startClient(FirefoxDriver.java:245)	at org.openqa.selenium.remote.RemoteWebDriver.&lt;init&gt;(RemoteWebDriver.java:109)	at org.openqa.selenium.firefox.FirefoxDriver.&lt;init&gt;(FirefoxDriver.java:183)	at org.openqa.selenium.firefox.FirefoxDriver.&lt;init&gt;(FirefoxDriver.java:178)	at org.openqa.selenium.firefox.FirefoxDriver.&lt;init&gt;(FirefoxDriver.java:174)	at org.openqa.selenium.firefox.FirefoxDriver.&lt;init&gt;(FirefoxDriver.java:96)	... 53 moreCaused by: org.openqa.selenium.firefox.NotConnectedException: Unable to connect to host localhost on port 7055 after 45000 ms. Firefox console output:
Error: no display specified
Error: no display specified
	at org.openqa.selenium.firefox.internal.NewProfileExtensionConnection.start(NewProfileExtensionConnection.java:109)	... 59 more368661 [pool-1-thread-1] INFO net.thucydides.core.Thucydides - 
           __  _____ _____ ____ _____   _____ _    ___ _     _____ ____  
  _       / / |_   _| ____/ ___|_   _| |  ___/ \  |_ _| |   | ____|  _ \ 
 (_)_____| |    | | |  _| \___ \ | |   | |_ / _ \  | || |   |  _| | | | |
  _|_____| |    | | | |___ ___) || |   |  _/ ___ \ | || |___| |___| |_| |
 (_)     | |    |_| |_____|____/ |_|   |_|/_/   \_\___|_____|_____|____/ 
          \_\                                                            

TEST FAILED: The grid display page should contain a next generation button
--------------------------------------------------------------------------
368662 [pool-1-thread-1] INFO net.thucydides.core.Thucydides - RELATED ISSUES: 
368662 [pool-1-thread-1] INFO net.thucydides.core.Thucydides - 
  _____ _    ___ _     _   _ ____  _____ 
 |  ___/ \  |_ _| |   | | | |  _ \| ____|
 | |_ / _ \  | || |   | | | | |_) |  _|  
 |  _/ ___ \ | || |___| |_| |  _ &lt;| |___ 
 |_|/_/   \_\___|_____|\___/|_| \_\_____|
                                         

Could not instantiate class org.openqa.selenium.firefox.FirefoxDriver
368662 [pool-1-thread-1] INFO net.thucydides.core.Thucydides - 
           __  _____ _____ ____ _____   _____ _    ___ _     _____ ____  
  _       / / |_   _| ____/ ___|_   _| |  ___/ \  |_ _| |   | ____|  _ \ 
 (_)_____| |    | | |  _| \___ \ | |   | |_ / _ \  | || |   |  _| | | | |
  _|_____| |    | | | |___ ___) || |   |  _/ ___ \ | || |___| |___| |_| |
 (_)     | |    |_| |_____|____/ |_|   |_|/_/   \_\___|_____|_____|____/ 
          \_\                                                            

TEST FAILED: The grid display page should contain a next generation button
--------------------------------------------------------------------------
368663 [pool-1-thread-1] INFO net.thucydides.core.Thucydides - RELATED ISSUES: 
368663 [pool-1-thread-1] INFO net.thucydides.core.Thucydides - 
  _____ _    ___ _     _   _ ____  _____ 
 |  ___/ \  |_ _| |   | | | |  _ \| ____|
 | |_ / _ \  | || |   | | | | |_) |  _|  
 |  _/ ___ \ | || |___| |_| |  _ &lt;| |___ 
 |_|/_/   \_\___|_____|\___/|_| \_\_____|
                                         

Could not instantiate class org.openqa.selenium.firefox.FirefoxDriver
</system-err>
  </testcase>
  <testcase time="0.481" classname="com.wakaleo.gameoflife.webtests.WhenTheUserEntersAnInitialGrid" name="userShouldBeAbleToEnterOneLiveCellInTheGrid">
    <failure message="Could not instantiate class org.openqa.selenium.firefox.FirefoxDriver" type="net.thucydides.core.webdriver.WebdriverAssertionError">net.thucydides.core.webdriver.WebdriverAssertionError: Could not instantiate class org.openqa.selenium.firefox.FirefoxDriver
	at net.thucydides.core.webdriver.WebDriverFacade.newDriverInstance(WebDriverFacade.java:90)
	at net.thucydides.core.webdriver.WebDriverFacade.newProxyDriver(WebDriverFacade.java:82)
	at net.thucydides.core.webdriver.WebDriverFacade.getProxiedDriver(WebDriverFacade.java:54)
	at net.thucydides.core.pages.Pages.browserIsHeadless(Pages.java:141)
	at net.thucydides.core.pages.Pages.openHeadlessDriverIfNotOpen(Pages.java:126)
	at net.thucydides.core.pages.Pages.openBrowserIfRequiredFor(Pages.java:119)
	at net.thucydides.core.pages.Pages.currentPageAt(Pages.java:107)
	at com.wakaleo.gameoflife.webtests.steps.PlayerSteps.onHomePage(PlayerSteps.java:57)
	at com.wakaleo.gameoflife.webtests.steps.PlayerSteps.opens_home_page(PlayerSteps.java:18)
	at com.wakaleo.gameoflife.webtests.steps.PlayerSteps$$EnhancerByCGLIB$$e7ad7fc9.CGLIB$opens_home_page$0(&lt;generated&gt;)
	at com.wakaleo.gameoflife.webtests.steps.PlayerSteps$$EnhancerByCGLIB$$e7ad7fc9$$FastClassByCGLIB$$2f6316fe.invoke(&lt;generated&gt;)
	at net.sf.cglib.proxy.MethodProxy.invokeSuper(MethodProxy.java:228)
	at net.thucydides.core.steps.StepInterceptor.executeTestStepMethod(StepInterceptor.java:273)
	at net.thucydides.core.steps.StepInterceptor.runTestStep(StepInterceptor.java:252)
	at net.thucydides.core.steps.StepInterceptor.testStepResult(StepInterceptor.java:124)
	at net.thucydides.core.steps.StepInterceptor.intercept(StepInterceptor.java:50)
	at com.wakaleo.gameoflife.webtests.steps.PlayerSteps$$EnhancerByCGLIB$$e7ad7fc9.opens_home_page(&lt;generated&gt;)
	at com.wakaleo.gameoflife.webtests.WhenTheUserEntersAnInitialGrid.userShouldBeAbleToEnterOneLiveCellInTheGrid(WhenTheUserEntersAnInitialGrid.java:63)
	at sun.reflect.NativeMethodAccessorImpl.invoke0(Native Method)
	at sun.reflect.NativeMethodAccessorImpl.invoke(NativeMethodAccessorImpl.java:57)
	at sun.reflect.DelegatingMethodAccessorImpl.invoke(DelegatingMethodAccessorImpl.java:43)
	at java.lang.reflect.Method.invoke(Method.java:606)
	at org.junit.runners.model.FrameworkMethod$1.runReflectiveCall(FrameworkMethod.java:45)
	at org.junit.internal.runners.model.ReflectiveCallable.run(ReflectiveCallable.java:15)
	at org.junit.runners.model.FrameworkMethod.invokeExplosively(FrameworkMethod.java:42)
	at org.junit.internal.runners.statements.InvokeMethod.evaluate(InvokeMethod.java:20)
	at net.thucydides.junit.runners.ThucydidesStatement.evaluate(ThucydidesStatement.java:21)
	at org.junit.runners.ParentRunner.runLeaf(ParentRunner.java:263)
	at org.junit.runners.BlockJUnit4ClassRunner.runChild(BlockJUnit4ClassRunner.java:68)
	at net.thucydides.junit.runners.ThucydidesRunner.runChild(ThucydidesRunner.java:339)
	at net.thucydides.junit.runners.ThucydidesRunner.runChild(ThucydidesRunner.java:56)
	at org.junit.runners.ParentRunner$3.run(ParentRunner.java:231)
	at org.junit.runners.ParentRunner$1.schedule(ParentRunner.java:60)
	at org.junit.runners.ParentRunner.runChildren(ParentRunner.java:229)
	at org.junit.runners.ParentRunner.access$000(ParentRunner.java:50)
	at org.junit.runners.ParentRunner$2.evaluate(ParentRunner.java:222)
	at org.junit.runners.ParentRunner.run(ParentRunner.java:300)
	at net.thucydides.junit.runners.ThucydidesRunner.run(ThucydidesRunner.java:201)
	at org.junit.runners.Suite.runChild(Suite.java:128)
	at org.junit.runners.Suite.runChild(Suite.java:24)
	at org.junit.runners.ParentRunner$3.run(ParentRunner.java:231)
	at java.util.concurrent.Executors$RunnableAdapter.call(Executors.java:471)
	at java.util.concurrent.FutureTask.run(FutureTask.java:262)
	at java.util.concurrent.ThreadPoolExecutor.runWorker(ThreadPoolExecutor.java:1145)
	at java.util.concurrent.ThreadPoolExecutor$Worker.run(ThreadPoolExecutor.java:615)
	at java.lang.Thread.run(Thread.java:745)
</failure>
    <system-err>368666 [pool-1-thread-1] INFO net.thucydides.core.Thucydides - 
  _____ _____ ____ _____   ____ _____  _    ____ _____ _____ ____  
 |_   _| ____/ ___|_   _| / ___|_   _|/ \  |  _ \_   _| ____|  _ \ 
   | | |  _| \___ \ | |   \___ \ | | / _ \ | |_) || | |  _| | | | |
   | | | |___ ___) || |    ___) || |/ ___ \|  _ &lt; | | | |___| |_| |
   |_| |_____|____/ |_|   |____/ |_/_/   \_\_| \_\|_| |_____|____/ 
                                                                   

TEST STARTED: userShouldBeAbleToEnterOneLiveCellInTheGrid
--------------------------------------------------------------------
368666 [pool-1-thread-1] INFO net.thucydides.core.Thucydides - TEST NUMBER: 9
368666 [pool-1-thread-1] INFO net.thucydides.core.Thucydides - 
  _____ _____ ____ _____   ____ _____  _    ____ _____ _____ ____  
 |_   _| ____/ ___|_   _| / ___|_   _|/ \  |  _ \_   _| ____|  _ \ 
   | | |  _| \___ \ | |   \___ \ | | / _ \ | |_) || | |  _| | | | |
   | | | |___ ___) || |    ___) || |/ ___ \|  _ &lt; | | | |___| |_| |
   |_| |_____|____/ |_|   |____/ |_/_/   \_\_| \_\|_| |_____|____/ 
                                                                   

TEST STARTED: userShouldBeAbleToEnterOneLiveCellInTheGrid
--------------------------------------------------------------------
368667 [pool-1-thread-1] INFO net.thucydides.core.Thucydides - TEST NUMBER: 10
org.openqa.selenium.firefox.NotConnectedException: Unable to connect to host localhost on port 7055 after 45000 ms. Firefox console output:
Error: no display specified
Error: no display specified
	at org.openqa.selenium.firefox.internal.NewProfileExtensionConnection.start(NewProfileExtensionConnection.java:109)	at org.openqa.selenium.firefox.FirefoxDriver.startClient(FirefoxDriver.java:245)	at org.openqa.selenium.remote.RemoteWebDriver.&lt;init&gt;(RemoteWebDriver.java:109)	at org.openqa.selenium.firefox.FirefoxDriver.&lt;init&gt;(FirefoxDriver.java:183)	at org.openqa.selenium.firefox.FirefoxDriver.&lt;init&gt;(FirefoxDriver.java:178)	at org.openqa.selenium.firefox.FirefoxDriver.&lt;init&gt;(FirefoxDriver.java:174)	at org.openqa.selenium.firefox.FirefoxDriver.&lt;init&gt;(FirefoxDriver.java:96)	at sun.reflect.GeneratedConstructorAccessor39.newInstance(Unknown Source)	at sun.reflect.DelegatingConstructorAccessorImpl.newInstance(DelegatingConstructorAccessorImpl.java:45)	at java.lang.reflect.Constructor.newInstance(Constructor.java:526)	at net.thucydides.core.webdriver.WebdriverInstanceFactory.newInstanceOf(WebdriverInstanceFactory.java:28)	at net.thucydides.core.webdriver.WebDriverFactory.firefoxDriverFrom(WebDriverFactory.java:314)	at net.thucydides.core.webdriver.WebDriverFactory.newWebdriverInstance(WebDriverFactory.java:135)	at net.thucydides.core.webdriver.WebDriverFacade.newDriverInstance(WebDriverFacade.java:87)	at net.thucydides.core.webdriver.WebDriverFacade.newProxyDriver(WebDriverFacade.java:82)	at net.thucydides.core.webdriver.WebDriverFacade.getProxiedDriver(WebDriverFacade.java:54)	at net.thucydides.core.pages.Pages.browserIsHeadless(Pages.java:141)	at net.thucydides.core.pages.Pages.openHeadlessDriverIfNotOpen(Pages.java:126)	at net.thucydides.core.pages.Pages.openBrowserIfRequiredFor(Pages.java:119)	at net.thucydides.core.pages.Pages.currentPageAt(Pages.java:107)	at com.wakaleo.gameoflife.webtests.steps.PlayerSteps.onHomePage(PlayerSteps.java:57)	at com.wakaleo.gameoflife.webtests.steps.PlayerSteps.opens_home_page(PlayerSteps.java:18)	at com.wakaleo.gameoflife.webtests.steps.PlayerSteps$$EnhancerByCGLIB$$e7ad7fc9.CGLIB$opens_home_page$0(&lt;generated&gt;)	at com.wakaleo.gameoflife.webtests.steps.PlayerSteps$$EnhancerByCGLIB$$e7ad7fc9$$FastClassByCGLIB$$2f6316fe.invoke(&lt;generated&gt;)	at net.sf.cglib.proxy.MethodProxy.invokeSuper(MethodProxy.java:228)	at net.thucydides.core.steps.StepInterceptor.executeTestStepMethod(StepInterceptor.java:273)	at net.thucydides.core.steps.StepInterceptor.runTestStep(StepInterceptor.java:252)	at net.thucydides.core.steps.StepInterceptor.testStepResult(StepInterceptor.java:124)	at net.thucydides.core.steps.StepInterceptor.intercept(StepInterceptor.java:50)	at com.wakaleo.gameoflife.webtests.steps.PlayerSteps$$EnhancerByCGLIB$$e7ad7fc9.opens_home_page(&lt;generated&gt;)	at com.wakaleo.gameoflife.webtests.WhenTheUserEntersAnInitialGrid.userShouldBeAbleToEnterOneLiveCellInTheGrid(WhenTheUserEntersAnInitialGrid.java:63)	at sun.reflect.NativeMethodAccessorImpl.invoke0(Native Method)	at sun.reflect.NativeMethodAccessorImpl.invoke(NativeMethodAccessorImpl.java:57)	at sun.reflect.DelegatingMethodAccessorImpl.invoke(DelegatingMethodAccessorImpl.java:43)	at java.lang.reflect.Method.invoke(Method.java:606)	at org.junit.runners.model.FrameworkMethod$1.runReflectiveCall(FrameworkMethod.java:45)	at org.junit.internal.runners.model.ReflectiveCallable.run(ReflectiveCallable.java:15)	at org.junit.runners.model.FrameworkMethod.invokeExplosively(FrameworkMethod.java:42)	at org.junit.internal.runners.statements.InvokeMethod.evaluate(InvokeMethod.java:20)	at net.thucydides.junit.runners.ThucydidesStatement.evaluate(ThucydidesStatement.java:21)	at org.junit.runners.ParentRunner.runLeaf(ParentRunner.java:263)	at org.junit.runners.BlockJUnit4ClassRunner.runChild(BlockJUnit4ClassRunner.java:68)	at net.thucydides.junit.runners.ThucydidesRunner.runChild(ThucydidesRunner.java:339)	at net.thucydides.junit.runners.ThucydidesRunner.runChild(ThucydidesRunner.java:56)	at org.junit.runners.ParentRunner$3.run(ParentRunner.java:231)	at org.junit.runners.ParentRunner$1.schedule(ParentRunner.java:60)	at org.junit.runners.ParentRunner.runChildren(ParentRunner.java:229)	at org.junit.runners.ParentRunner.access$000(ParentRunner.java:50)	at org.junit.runners.ParentRunner$2.evaluate(ParentRunner.java:222)	at org.junit.runners.ParentRunner.run(ParentRunner.java:300)	at net.thucydides.junit.runners.ThucydidesRunner.run(ThucydidesRunner.java:201)	at org.junit.runners.Suite.runChild(Suite.java:128)	at org.junit.runners.Suite.runChild(Suite.java:24)	at org.junit.runners.ParentRunner$3.run(ParentRunner.java:231)	at java.util.concurrent.Executors$RunnableAdapter.call(Executors.java:471)	at java.util.concurrent.FutureTask.run(FutureTask.java:262)	at java.util.concurrent.ThreadPoolExecutor.runWorker(ThreadPoolExecutor.java:1145)	at java.util.concurrent.ThreadPoolExecutor$Worker.run(ThreadPoolExecutor.java:615)	at java.lang.Thread.run(Thread.java:745)413930 [pool-1-thread-1] ERROR net.thucydides.core.webdriver.WebDriverFacade - FAILED TO CREATE NEW DRIVER INSTANCE class org.openqa.selenium.firefox.FirefoxDriver: Could not instantiate class org.openqa.selenium.firefox.FirefoxDriver
net.thucydides.core.webdriver.UnsupportedDriverException: Could not instantiate class org.openqa.selenium.firefox.FirefoxDriver	at net.thucydides.core.webdriver.WebDriverFactory.newWebdriverInstance(WebDriverFactory.java:149)	at net.thucydides.core.webdriver.WebDriverFacade.newDriverInstance(WebDriverFacade.java:87)	at net.thucydides.core.webdriver.WebDriverFacade.newProxyDriver(WebDriverFacade.java:82)	at net.thucydides.core.webdriver.WebDriverFacade.getProxiedDriver(WebDriverFacade.java:54)	at net.thucydides.core.pages.Pages.browserIsHeadless(Pages.java:141)	at net.thucydides.core.pages.Pages.openHeadlessDriverIfNotOpen(Pages.java:126)	at net.thucydides.core.pages.Pages.openBrowserIfRequiredFor(Pages.java:119)	at net.thucydides.core.pages.Pages.currentPageAt(Pages.java:107)	at com.wakaleo.gameoflife.webtests.steps.PlayerSteps.onHomePage(PlayerSteps.java:57)	at com.wakaleo.gameoflife.webtests.steps.PlayerSteps.opens_home_page(PlayerSteps.java:18)	at com.wakaleo.gameoflife.webtests.steps.PlayerSteps$$EnhancerByCGLIB$$e7ad7fc9.CGLIB$opens_home_page$0(&lt;generated&gt;)	at com.wakaleo.gameoflife.webtests.steps.PlayerSteps$$EnhancerByCGLIB$$e7ad7fc9$$FastClassByCGLIB$$2f6316fe.invoke(&lt;generated&gt;)	at net.sf.cglib.proxy.MethodProxy.invokeSuper(MethodProxy.java:228)	at net.thucydides.core.steps.StepInterceptor.executeTestStepMethod(StepInterceptor.java:273)	at net.thucydides.core.steps.StepInterceptor.runTestStep(StepInterceptor.java:252)	at net.thucydides.core.steps.StepInterceptor.testStepResult(StepInterceptor.java:124)	at net.thucydides.core.steps.StepInterceptor.intercept(StepInterceptor.java:50)	at com.wakaleo.gameoflife.webtests.steps.PlayerSteps$$EnhancerByCGLIB$$e7ad7fc9.opens_home_page(&lt;generated&gt;)	at com.wakaleo.gameoflife.webtests.WhenTheUserEntersAnInitialGrid.userShouldBeAbleToEnterOneLiveCellInTheGrid(WhenTheUserEntersAnInitialGrid.java:63)	at sun.reflect.NativeMethodAccessorImpl.invoke0(Native Method)	at sun.reflect.NativeMethodAccessorImpl.invoke(NativeMethodAccessorImpl.java:57)	at sun.reflect.DelegatingMethodAccessorImpl.invoke(DelegatingMethodAccessorImpl.java:43)	at java.lang.reflect.Method.invoke(Method.java:606)	at org.junit.runners.model.FrameworkMethod$1.runReflectiveCall(FrameworkMethod.java:45)	at org.junit.internal.runners.model.ReflectiveCallable.run(ReflectiveCallable.java:15)	at org.junit.runners.model.FrameworkMethod.invokeExplosively(FrameworkMethod.java:42)	at org.junit.internal.runners.statements.InvokeMethod.evaluate(InvokeMethod.java:20)	at net.thucydides.junit.runners.ThucydidesStatement.evaluate(ThucydidesStatement.java:21)	at org.junit.runners.ParentRunner.runLeaf(ParentRunner.java:263)	at org.junit.runners.BlockJUnit4ClassRunner.runChild(BlockJUnit4ClassRunner.java:68)	at net.thucydides.junit.runners.ThucydidesRunner.runChild(ThucydidesRunner.java:339)	at net.thucydides.junit.runners.ThucydidesRunner.runChild(ThucydidesRunner.java:56)	at org.junit.runners.ParentRunner$3.run(ParentRunner.java:231)	at org.junit.runners.ParentRunner$1.schedule(ParentRunner.java:60)	at org.junit.runners.ParentRunner.runChildren(ParentRunner.java:229)	at org.junit.runners.ParentRunner.access$000(ParentRunner.java:50)	at org.junit.runners.ParentRunner$2.evaluate(ParentRunner.java:222)	at org.junit.runners.ParentRunner.run(ParentRunner.java:300)	at net.thucydides.junit.runners.ThucydidesRunner.run(ThucydidesRunner.java:201)	at org.junit.runners.Suite.runChild(Suite.java:128)	at org.junit.runners.Suite.runChild(Suite.java:24)	at org.junit.runners.ParentRunner$3.run(ParentRunner.java:231)	at java.util.concurrent.Executors$RunnableAdapter.call(Executors.java:471)	at java.util.concurrent.FutureTask.run(FutureTask.java:262)	at java.util.concurrent.ThreadPoolExecutor.runWorker(ThreadPoolExecutor.java:1145)	at java.util.concurrent.ThreadPoolExecutor$Worker.run(ThreadPoolExecutor.java:615)	at java.lang.Thread.run(Thread.java:745)Caused by: java.lang.reflect.InvocationTargetException	at sun.reflect.GeneratedConstructorAccessor39.newInstance(Unknown Source)	at sun.reflect.DelegatingConstructorAccessorImpl.newInstance(DelegatingConstructorAccessorImpl.java:45)	at java.lang.reflect.Constructor.newInstance(Constructor.java:526)	at net.thucydides.core.webdriver.WebdriverInstanceFactory.newInstanceOf(WebdriverInstanceFactory.java:28)	at net.thucydides.core.webdriver.WebDriverFactory.firefoxDriverFrom(WebDriverFactory.java:314)	at net.thucydides.core.webdriver.WebDriverFactory.newWebdriverInstance(WebDriverFactory.java:135)	... 46 moreCaused by: org.openqa.selenium.WebDriverException: Failed to connect to binary FirefoxBinary(/usr/bin/firefox) on port 7055; process output follows: 
Error: no display specified
Error: no display specified

Build info: version: &apos;2.25.0&apos;, revision: &apos;17482&apos;, time: &apos;2012-07-18 22:18:01&apos;
System info: os.name: &apos;Linux&apos;, os.arch: &apos;amd64&apos;, os.version: &apos;3.1.1&apos;, java.version: &apos;1.7.0_79&apos;
Driver info: driver.version: FirefoxDriver	at org.openqa.selenium.firefox.internal.NewProfileExtensionConnection.start(NewProfileExtensionConnection.java:121)	at org.openqa.selenium.firefox.FirefoxDriver.startClient(FirefoxDriver.java:245)	at org.openqa.selenium.remote.RemoteWebDriver.&lt;init&gt;(RemoteWebDriver.java:109)	at org.openqa.selenium.firefox.FirefoxDriver.&lt;init&gt;(FirefoxDriver.java:183)	at org.openqa.selenium.firefox.FirefoxDriver.&lt;init&gt;(FirefoxDriver.java:178)	at org.openqa.selenium.firefox.FirefoxDriver.&lt;init&gt;(FirefoxDriver.java:174)	at org.openqa.selenium.firefox.FirefoxDriver.&lt;init&gt;(FirefoxDriver.java:96)	... 52 moreCaused by: org.openqa.selenium.firefox.NotConnectedException: Unable to connect to host localhost on port 7055 after 45000 ms. Firefox console output:
Error: no display specified
Error: no display specified
	at org.openqa.selenium.firefox.internal.NewProfileExtensionConnection.start(NewProfileExtensionConnection.java:109)	... 58 moreorg.openqa.selenium.firefox.NotConnectedException: Unable to connect to host localhost on port 7055 after 45000 ms. Firefox console output:
Error: no display specified
Error: no display specified
	at org.openqa.selenium.firefox.internal.NewProfileExtensionConnection.start(NewProfileExtensionConnection.java:109)	at org.openqa.selenium.firefox.FirefoxDriver.startClient(FirefoxDriver.java:245)	at org.openqa.selenium.remote.RemoteWebDriver.&lt;init&gt;(RemoteWebDriver.java:109)	at org.openqa.selenium.firefox.FirefoxDriver.&lt;init&gt;(FirefoxDriver.java:183)	at org.openqa.selenium.firefox.FirefoxDriver.&lt;init&gt;(FirefoxDriver.java:178)	at org.openqa.selenium.firefox.FirefoxDriver.&lt;init&gt;(FirefoxDriver.java:174)	at org.openqa.selenium.firefox.FirefoxDriver.&lt;init&gt;(FirefoxDriver.java:96)	at sun.reflect.GeneratedConstructorAccessor39.newInstance(Unknown Source)	at sun.reflect.DelegatingConstructorAccessorImpl.newInstance(DelegatingConstructorAccessorImpl.java:45)	at java.lang.reflect.Constructor.newInstance(Constructor.java:526)	at net.thucydides.core.webdriver.WebdriverInstanceFactory.newInstanceOf(WebdriverInstanceFactory.java:28)	at net.thucydides.core.webdriver.WebDriverFactory.firefoxDriverFrom(WebDriverFactory.java:314)	at net.thucydides.core.webdriver.WebDriverFactory.newWebdriverInstance(WebDriverFactory.java:135)	at net.thucydides.core.webdriver.WebDriverFacade.newDriverInstance(WebDriverFacade.java:87)	at net.thucydides.core.webdriver.WebDriverFacade.newProxyDriver(WebDriverFacade.java:82)	at net.thucydides.core.webdriver.WebDriverFacade.getProxiedDriver(WebDriverFacade.java:54)	at net.thucydides.core.pages.Pages.browserIsHeadless(Pages.java:141)	at net.thucydides.core.pages.Pages.openHeadlessDriverIfNotOpen(Pages.java:126)	at net.thucydides.core.pages.Pages.openBrowserIfRequiredFor(Pages.java:119)	at net.thucydides.core.pages.Pages.currentPageAt(Pages.java:107)	at com.wakaleo.gameoflife.webtests.steps.PlayerSteps.onHomePage(PlayerSteps.java:57)	at com.wakaleo.gameoflife.webtests.steps.PlayerSteps.chooses_to_start_a_new_game(PlayerSteps.java:28)	at com.wakaleo.gameoflife.webtests.steps.PlayerSteps$$EnhancerByCGLIB$$e7ad7fc9.CGLIB$chooses_to_start_a_new_game$1(&lt;generated&gt;)	at com.wakaleo.gameoflife.webtests.steps.PlayerSteps$$EnhancerByCGLIB$$e7ad7fc9$$FastClassByCGLIB$$2f6316fe.invoke(&lt;generated&gt;)	at net.sf.cglib.proxy.MethodProxy.invokeSuper(MethodProxy.java:228)	at net.thucydides.core.steps.StepInterceptor.invokeMethod(StepInterceptor.java:285)	at net.thucydides.core.steps.StepInterceptor.runSkippedMethod(StepInterceptor.java:140)	at net.thucydides.core.steps.StepInterceptor.skipTestStep(StepInterceptor.java:130)	at net.thucydides.core.steps.StepInterceptor.testStepResult(StepInterceptor.java:121)	at net.thucydides.core.steps.StepInterceptor.intercept(StepInterceptor.java:50)	at com.wakaleo.gameoflife.webtests.steps.PlayerSteps$$EnhancerByCGLIB$$e7ad7fc9.chooses_to_start_a_new_game(&lt;generated&gt;)	at com.wakaleo.gameoflife.webtests.WhenTheUserEntersAnInitialGrid.userShouldBeAbleToEnterOneLiveCellInTheGrid(WhenTheUserEntersAnInitialGrid.java:64)	at sun.reflect.NativeMethodAccessorImpl.invoke0(Native Method)	at sun.reflect.NativeMethodAccessorImpl.invoke(NativeMethodAccessorImpl.java:57)	at sun.reflect.DelegatingMethodAccessorImpl.invoke(DelegatingMethodAccessorImpl.java:43)	at java.lang.reflect.Method.invoke(Method.java:606)	at org.junit.runners.model.FrameworkMethod$1.runReflectiveCall(FrameworkMethod.java:45)	at org.junit.internal.runners.model.ReflectiveCallable.run(ReflectiveCallable.java:15)	at org.junit.runners.model.FrameworkMethod.invokeExplosively(FrameworkMethod.java:42)	at org.junit.internal.runners.statements.InvokeMethod.evaluate(InvokeMethod.java:20)	at net.thucydides.junit.runners.ThucydidesStatement.evaluate(ThucydidesStatement.java:21)	at org.junit.runners.ParentRunner.runLeaf(ParentRunner.java:263)	at org.junit.runners.BlockJUnit4ClassRunner.runChild(BlockJUnit4ClassRunner.java:68)	at net.thucydides.junit.runners.ThucydidesRunner.runChild(ThucydidesRunner.java:339)	at net.thucydides.junit.runners.ThucydidesRunner.runChild(ThucydidesRunner.java:56)	at org.junit.runners.ParentRunner$3.run(ParentRunner.java:231)	at org.junit.runners.ParentRunner$1.schedule(ParentRunner.java:60)	at org.junit.runners.ParentRunner.runChildren(ParentRunner.java:229)	at org.junit.runners.ParentRunner.access$000(ParentRunner.java:50)	at org.junit.runners.ParentRunner$2.evaluate(ParentRunner.java:222)	at org.junit.runners.ParentRunner.run(ParentRunner.java:300)	at net.thucydides.junit.runners.ThucydidesRunner.run(ThucydidesRunner.java:201)	at org.junit.runners.Suite.runChild(Suite.java:128)	at org.junit.runners.Suite.runChild(Suite.java:24)	at org.junit.runners.ParentRunner$3.run(ParentRunner.java:231)	at java.util.concurrent.Executors$RunnableAdapter.call(Executors.java:471)	at java.util.concurrent.FutureTask.run(FutureTask.java:262)	at java.util.concurrent.ThreadPoolExecutor.runWorker(ThreadPoolExecutor.java:1145)	at java.util.concurrent.ThreadPoolExecutor$Worker.run(ThreadPoolExecutor.java:615)	at java.lang.Thread.run(Thread.java:745)459187 [pool-1-thread-1] ERROR net.thucydides.core.webdriver.WebDriverFacade - FAILED TO CREATE NEW DRIVER INSTANCE class org.openqa.selenium.firefox.FirefoxDriver: Could not instantiate class org.openqa.selenium.firefox.FirefoxDriver
net.thucydides.core.webdriver.UnsupportedDriverException: Could not instantiate class org.openqa.selenium.firefox.FirefoxDriver	at net.thucydides.core.webdriver.WebDriverFactory.newWebdriverInstance(WebDriverFactory.java:149)	at net.thucydides.core.webdriver.WebDriverFacade.newDriverInstance(WebDriverFacade.java:87)	at net.thucydides.core.webdriver.WebDriverFacade.newProxyDriver(WebDriverFacade.java:82)	at net.thucydides.core.webdriver.WebDriverFacade.getProxiedDriver(WebDriverFacade.java:54)	at net.thucydides.core.pages.Pages.browserIsHeadless(Pages.java:141)	at net.thucydides.core.pages.Pages.openHeadlessDriverIfNotOpen(Pages.java:126)	at net.thucydides.core.pages.Pages.openBrowserIfRequiredFor(Pages.java:119)	at net.thucydides.core.pages.Pages.currentPageAt(Pages.java:107)	at com.wakaleo.gameoflife.webtests.steps.PlayerSteps.onHomePage(PlayerSteps.java:57)	at com.wakaleo.gameoflife.webtests.steps.PlayerSteps.chooses_to_start_a_new_game(PlayerSteps.java:28)	at com.wakaleo.gameoflife.webtests.steps.PlayerSteps$$EnhancerByCGLIB$$e7ad7fc9.CGLIB$chooses_to_start_a_new_game$1(&lt;generated&gt;)	at com.wakaleo.gameoflife.webtests.steps.PlayerSteps$$EnhancerByCGLIB$$e7ad7fc9$$FastClassByCGLIB$$2f6316fe.invoke(&lt;generated&gt;)	at net.sf.cglib.proxy.MethodProxy.invokeSuper(MethodProxy.java:228)	at net.thucydides.core.steps.StepInterceptor.invokeMethod(StepInterceptor.java:285)	at net.thucydides.core.steps.StepInterceptor.runSkippedMethod(StepInterceptor.java:140)	at net.thucydides.core.steps.StepInterceptor.skipTestStep(StepInterceptor.java:130)	at net.thucydides.core.steps.StepInterceptor.testStepResult(StepInterceptor.java:121)	at net.thucydides.core.steps.StepInterceptor.intercept(StepInterceptor.java:50)	at com.wakaleo.gameoflife.webtests.steps.PlayerSteps$$EnhancerByCGLIB$$e7ad7fc9.chooses_to_start_a_new_game(&lt;generated&gt;)	at com.wakaleo.gameoflife.webtests.WhenTheUserEntersAnInitialGrid.userShouldBeAbleToEnterOneLiveCellInTheGrid(WhenTheUserEntersAnInitialGrid.java:64)	at sun.reflect.NativeMethodAccessorImpl.invoke0(Native Method)	at sun.reflect.NativeMethodAccessorImpl.invoke(NativeMethodAccessorImpl.java:57)	at sun.reflect.DelegatingMethodAccessorImpl.invoke(DelegatingMethodAccessorImpl.java:43)	at java.lang.reflect.Method.invoke(Method.java:606)	at org.junit.runners.model.FrameworkMethod$1.runReflectiveCall(FrameworkMethod.java:45)	at org.junit.internal.runners.model.ReflectiveCallable.run(ReflectiveCallable.java:15)	at org.junit.runners.model.FrameworkMethod.invokeExplosively(FrameworkMethod.java:42)	at org.junit.internal.runners.statements.InvokeMethod.evaluate(InvokeMethod.java:20)	at net.thucydides.junit.runners.ThucydidesStatement.evaluate(ThucydidesStatement.java:21)	at org.junit.runners.ParentRunner.runLeaf(ParentRunner.java:263)	at org.junit.runners.BlockJUnit4ClassRunner.runChild(BlockJUnit4ClassRunner.java:68)	at net.thucydides.junit.runners.ThucydidesRunner.runChild(ThucydidesRunner.java:339)	at net.thucydides.junit.runners.ThucydidesRunner.runChild(ThucydidesRunner.java:56)	at org.junit.runners.ParentRunner$3.run(ParentRunner.java:231)	at org.junit.runners.ParentRunner$1.schedule(ParentRunner.java:60)	at org.junit.runners.ParentRunner.runChildren(ParentRunner.java:229)	at org.junit.runners.ParentRunner.access$000(ParentRunner.java:50)	at org.junit.runners.ParentRunner$2.evaluate(ParentRunner.java:222)	at org.junit.runners.ParentRunner.run(ParentRunner.java:300)	at net.thucydides.junit.runners.ThucydidesRunner.run(ThucydidesRunner.java:201)	at org.junit.runners.Suite.runChild(Suite.java:128)	at org.junit.runners.Suite.runChild(Suite.java:24)	at org.junit.runners.ParentRunner$3.run(ParentRunner.java:231)	at java.util.concurrent.Executors$RunnableAdapter.call(Executors.java:471)	at java.util.concurrent.FutureTask.run(FutureTask.java:262)	at java.util.concurrent.ThreadPoolExecutor.runWorker(ThreadPoolExecutor.java:1145)	at java.util.concurrent.ThreadPoolExecutor$Worker.run(ThreadPoolExecutor.java:615)	at java.lang.Thread.run(Thread.java:745)Caused by: java.lang.reflect.InvocationTargetException	at sun.reflect.GeneratedConstructorAccessor39.newInstance(Unknown Source)	at sun.reflect.DelegatingConstructorAccessorImpl.newInstance(DelegatingConstructorAccessorImpl.java:45)	at java.lang.reflect.Constructor.newInstance(Constructor.java:526)	at net.thucydides.core.webdriver.WebdriverInstanceFactory.newInstanceOf(WebdriverInstanceFactory.java:28)	at net.thucydides.core.webdriver.WebDriverFactory.firefoxDriverFrom(WebDriverFactory.java:314)	at net.thucydides.core.webdriver.WebDriverFactory.newWebdriverInstance(WebDriverFactory.java:135)	... 47 moreCaused by: org.openqa.selenium.WebDriverException: Failed to connect to binary FirefoxBinary(/usr/bin/firefox) on port 7055; process output follows: 
Error: no display specified
Error: no display specified

Build info: version: &apos;2.25.0&apos;, revision: &apos;17482&apos;, time: &apos;2012-07-18 22:18:01&apos;
System info: os.name: &apos;Linux&apos;, os.arch: &apos;amd64&apos;, os.version: &apos;3.1.1&apos;, java.version: &apos;1.7.0_79&apos;
Driver info: driver.version: FirefoxDriver	at org.openqa.selenium.firefox.internal.NewProfileExtensionConnection.start(NewProfileExtensionConnection.java:121)	at org.openqa.selenium.firefox.FirefoxDriver.startClient(FirefoxDriver.java:245)	at org.openqa.selenium.remote.RemoteWebDriver.&lt;init&gt;(RemoteWebDriver.java:109)	at org.openqa.selenium.firefox.FirefoxDriver.&lt;init&gt;(FirefoxDriver.java:183)	at org.openqa.selenium.firefox.FirefoxDriver.&lt;init&gt;(FirefoxDriver.java:178)	at org.openqa.selenium.firefox.FirefoxDriver.&lt;init&gt;(FirefoxDriver.java:174)	at org.openqa.selenium.firefox.FirefoxDriver.&lt;init&gt;(FirefoxDriver.java:96)	... 53 moreCaused by: org.openqa.selenium.firefox.NotConnectedException: Unable to connect to host localhost on port 7055 after 45000 ms. Firefox console output:
Error: no display specified
Error: no display specified
	at org.openqa.selenium.firefox.internal.NewProfileExtensionConnection.start(NewProfileExtensionConnection.java:109)	... 59 moreorg.openqa.selenium.firefox.NotConnectedException: Unable to connect to host localhost on port 7055 after 45000 ms. Firefox console output:
Error: no display specified
Error: no display specified
	at org.openqa.selenium.firefox.internal.NewProfileExtensionConnection.start(NewProfileExtensionConnection.java:109)	at org.openqa.selenium.firefox.FirefoxDriver.startClient(FirefoxDriver.java:245)	at org.openqa.selenium.remote.RemoteWebDriver.&lt;init&gt;(RemoteWebDriver.java:109)	at org.openqa.selenium.firefox.FirefoxDriver.&lt;init&gt;(FirefoxDriver.java:183)	at org.openqa.selenium.firefox.FirefoxDriver.&lt;init&gt;(FirefoxDriver.java:178)	at org.openqa.selenium.firefox.FirefoxDriver.&lt;init&gt;(FirefoxDriver.java:174)	at org.openqa.selenium.firefox.FirefoxDriver.&lt;init&gt;(FirefoxDriver.java:96)	at sun.reflect.GeneratedConstructorAccessor39.newInstance(Unknown Source)	at sun.reflect.DelegatingConstructorAccessorImpl.newInstance(DelegatingConstructorAccessorImpl.java:45)	at java.lang.reflect.Constructor.newInstance(Constructor.java:526)	at net.thucydides.core.webdriver.WebdriverInstanceFactory.newInstanceOf(WebdriverInstanceFactory.java:28)	at net.thucydides.core.webdriver.WebDriverFactory.firefoxDriverFrom(WebDriverFactory.java:314)	at net.thucydides.core.webdriver.WebDriverFactory.newWebdriverInstance(WebDriverFactory.java:135)	at net.thucydides.core.webdriver.WebDriverFacade.newDriverInstance(WebDriverFacade.java:87)	at net.thucydides.core.webdriver.WebDriverFacade.newProxyDriver(WebDriverFacade.java:82)	at net.thucydides.core.webdriver.WebDriverFacade.getProxiedDriver(WebDriverFacade.java:54)	at net.thucydides.core.pages.Pages.browserIsHeadless(Pages.java:141)	at net.thucydides.core.pages.Pages.openHeadlessDriverIfNotOpen(Pages.java:126)	at net.thucydides.core.pages.Pages.openBrowserIfRequiredFor(Pages.java:119)	at net.thucydides.core.pages.Pages.currentPageAt(Pages.java:107)	at com.wakaleo.gameoflife.webtests.steps.PlayerSteps.onEnterGridPage(PlayerSteps.java:61)	at com.wakaleo.gameoflife.webtests.steps.PlayerSteps.clicks_on_cell_at(PlayerSteps.java:48)	at com.wakaleo.gameoflife.webtests.steps.PlayerSteps$$EnhancerByCGLIB$$e7ad7fc9.CGLIB$clicks_on_cell_at$5(&lt;generated&gt;)	at com.wakaleo.gameoflife.webtests.steps.PlayerSteps$$EnhancerByCGLIB$$e7ad7fc9$$FastClassByCGLIB$$2f6316fe.invoke(&lt;generated&gt;)	at net.sf.cglib.proxy.MethodProxy.invokeSuper(MethodProxy.java:228)	at net.thucydides.core.steps.StepInterceptor.invokeMethod(StepInterceptor.java:285)	at net.thucydides.core.steps.StepInterceptor.runSkippedMethod(StepInterceptor.java:140)	at net.thucydides.core.steps.StepInterceptor.skipTestStep(StepInterceptor.java:130)	at net.thucydides.core.steps.StepInterceptor.testStepResult(StepInterceptor.java:121)	at net.thucydides.core.steps.StepInterceptor.intercept(StepInterceptor.java:50)	at com.wakaleo.gameoflife.webtests.steps.PlayerSteps$$EnhancerByCGLIB$$e7ad7fc9.clicks_on_cell_at(&lt;generated&gt;)	at com.wakaleo.gameoflife.webtests.WhenTheUserEntersAnInitialGrid.userShouldBeAbleToEnterOneLiveCellInTheGrid(WhenTheUserEntersAnInitialGrid.java:65)	at sun.reflect.NativeMethodAccessorImpl.invoke0(Native Method)	at sun.reflect.NativeMethodAccessorImpl.invoke(NativeMethodAccessorImpl.java:57)	at sun.reflect.DelegatingMethodAccessorImpl.invoke(DelegatingMethodAccessorImpl.java:43)	at java.lang.reflect.Method.invoke(Method.java:606)	at org.junit.runners.model.FrameworkMethod$1.runReflectiveCall(FrameworkMethod.java:45)	at org.junit.internal.runners.model.ReflectiveCallable.run(ReflectiveCallable.java:15)	at org.junit.runners.model.FrameworkMethod.invokeExplosively(FrameworkMethod.java:42)	at org.junit.internal.runners.statements.InvokeMethod.evaluate(InvokeMethod.java:20)	at net.thucydides.junit.runners.ThucydidesStatement.evaluate(ThucydidesStatement.java:21)	at org.junit.runners.ParentRunner.runLeaf(ParentRunner.java:263)	at org.junit.runners.BlockJUnit4ClassRunner.runChild(BlockJUnit4ClassRunner.java:68)	at net.thucydides.junit.runners.ThucydidesRunner.runChild(ThucydidesRunner.java:339)	at net.thucydides.junit.runners.ThucydidesRunner.runChild(ThucydidesRunner.java:56)	at org.junit.runners.ParentRunner$3.run(ParentRunner.java:231)	at org.junit.runners.ParentRunner$1.schedule(ParentRunner.java:60)	at org.junit.runners.ParentRunner.runChildren(ParentRunner.java:229)	at org.junit.runners.ParentRunner.access$000(ParentRunner.java:50)	at org.junit.runners.ParentRunner$2.evaluate(ParentRunner.java:222)	at org.junit.runners.ParentRunner.run(ParentRunner.java:300)	at net.thucydides.junit.runners.ThucydidesRunner.run(ThucydidesRunner.java:201)	at org.junit.runners.Suite.runChild(Suite.java:128)	at org.junit.runners.Suite.runChild(Suite.java:24)	at org.junit.runners.ParentRunner$3.run(ParentRunner.java:231)	at java.util.concurrent.Executors$RunnableAdapter.call(Executors.java:471)	at java.util.concurrent.FutureTask.run(FutureTask.java:262)	at java.util.concurrent.ThreadPoolExecutor.runWorker(ThreadPoolExecutor.java:1145)	at java.util.concurrent.ThreadPoolExecutor$Worker.run(ThreadPoolExecutor.java:615)	at java.lang.Thread.run(Thread.java:745)504439 [pool-1-thread-1] ERROR net.thucydides.core.webdriver.WebDriverFacade - FAILED TO CREATE NEW DRIVER INSTANCE class org.openqa.selenium.firefox.FirefoxDriver: Could not instantiate class org.openqa.selenium.firefox.FirefoxDriver
net.thucydides.core.webdriver.UnsupportedDriverException: Could not instantiate class org.openqa.selenium.firefox.FirefoxDriver	at net.thucydides.core.webdriver.WebDriverFactory.newWebdriverInstance(WebDriverFactory.java:149)	at net.thucydides.core.webdriver.WebDriverFacade.newDriverInstance(WebDriverFacade.java:87)	at net.thucydides.core.webdriver.WebDriverFacade.newProxyDriver(WebDriverFacade.java:82)	at net.thucydides.core.webdriver.WebDriverFacade.getProxiedDriver(WebDriverFacade.java:54)	at net.thucydides.core.pages.Pages.browserIsHeadless(Pages.java:141)	at net.thucydides.core.pages.Pages.openHeadlessDriverIfNotOpen(Pages.java:126)	at net.thucydides.core.pages.Pages.openBrowserIfRequiredFor(Pages.java:119)	at net.thucydides.core.pages.Pages.currentPageAt(Pages.java:107)	at com.wakaleo.gameoflife.webtests.steps.PlayerSteps.onEnterGridPage(PlayerSteps.java:61)	at com.wakaleo.gameoflife.webtests.steps.PlayerSteps.clicks_on_cell_at(PlayerSteps.java:48)	at com.wakaleo.gameoflife.webtests.steps.PlayerSteps$$EnhancerByCGLIB$$e7ad7fc9.CGLIB$clicks_on_cell_at$5(&lt;generated&gt;)	at com.wakaleo.gameoflife.webtests.steps.PlayerSteps$$EnhancerByCGLIB$$e7ad7fc9$$FastClassByCGLIB$$2f6316fe.invoke(&lt;generated&gt;)	at net.sf.cglib.proxy.MethodProxy.invokeSuper(MethodProxy.java:228)	at net.thucydides.core.steps.StepInterceptor.invokeMethod(StepInterceptor.java:285)	at net.thucydides.core.steps.StepInterceptor.runSkippedMethod(StepInterceptor.java:140)	at net.thucydides.core.steps.StepInterceptor.skipTestStep(StepInterceptor.java:130)	at net.thucydides.core.steps.StepInterceptor.testStepResult(StepInterceptor.java:121)	at net.thucydides.core.steps.StepInterceptor.intercept(StepInterceptor.java:50)	at com.wakaleo.gameoflife.webtests.steps.PlayerSteps$$EnhancerByCGLIB$$e7ad7fc9.clicks_on_cell_at(&lt;generated&gt;)	at com.wakaleo.gameoflife.webtests.WhenTheUserEntersAnInitialGrid.userShouldBeAbleToEnterOneLiveCellInTheGrid(WhenTheUserEntersAnInitialGrid.java:65)	at sun.reflect.NativeMethodAccessorImpl.invoke0(Native Method)	at sun.reflect.NativeMethodAccessorImpl.invoke(NativeMethodAccessorImpl.java:57)	at sun.reflect.DelegatingMethodAccessorImpl.invoke(DelegatingMethodAccessorImpl.java:43)	at java.lang.reflect.Method.invoke(Method.java:606)	at org.junit.runners.model.FrameworkMethod$1.runReflectiveCall(FrameworkMethod.java:45)	at org.junit.internal.runners.model.ReflectiveCallable.run(ReflectiveCallable.java:15)	at org.junit.runners.model.FrameworkMethod.invokeExplosively(FrameworkMethod.java:42)	at org.junit.internal.runners.statements.InvokeMethod.evaluate(InvokeMethod.java:20)	at net.thucydides.junit.runners.ThucydidesStatement.evaluate(ThucydidesStatement.java:21)	at org.junit.runners.ParentRunner.runLeaf(ParentRunner.java:263)	at org.junit.runners.BlockJUnit4ClassRunner.runChild(BlockJUnit4ClassRunner.java:68)	at net.thucydides.junit.runners.ThucydidesRunner.runChild(ThucydidesRunner.java:339)	at net.thucydides.junit.runners.ThucydidesRunner.runChild(ThucydidesRunner.java:56)	at org.junit.runners.ParentRunner$3.run(ParentRunner.java:231)	at org.junit.runners.ParentRunner$1.schedule(ParentRunner.java:60)	at org.junit.runners.ParentRunner.runChildren(ParentRunner.java:229)	at org.junit.runners.ParentRunner.access$000(ParentRunner.java:50)	at org.junit.runners.ParentRunner$2.evaluate(ParentRunner.java:222)	at org.junit.runners.ParentRunner.run(ParentRunner.java:300)	at net.thucydides.junit.runners.ThucydidesRunner.run(ThucydidesRunner.java:201)	at org.junit.runners.Suite.runChild(Suite.java:128)	at org.junit.runners.Suite.runChild(Suite.java:24)	at org.junit.runners.ParentRunner$3.run(ParentRunner.java:231)	at java.util.concurrent.Executors$RunnableAdapter.call(Executors.java:471)	at java.util.concurrent.FutureTask.run(FutureTask.java:262)	at java.util.concurrent.ThreadPoolExecutor.runWorker(ThreadPoolExecutor.java:1145)	at java.util.concurrent.ThreadPoolExecutor$Worker.run(ThreadPoolExecutor.java:615)	at java.lang.Thread.run(Thread.java:745)Caused by: java.lang.reflect.InvocationTargetException	at sun.reflect.GeneratedConstructorAccessor39.newInstance(Unknown Source)	at sun.reflect.DelegatingConstructorAccessorImpl.newInstance(DelegatingConstructorAccessorImpl.java:45)	at java.lang.reflect.Constructor.newInstance(Constructor.java:526)	at net.thucydides.core.webdriver.WebdriverInstanceFactory.newInstanceOf(WebdriverInstanceFactory.java:28)	at net.thucydides.core.webdriver.WebDriverFactory.firefoxDriverFrom(WebDriverFactory.java:314)	at net.thucydides.core.webdriver.WebDriverFactory.newWebdriverInstance(WebDriverFactory.java:135)	... 47 moreCaused by: org.openqa.selenium.WebDriverException: Failed to connect to binary FirefoxBinary(/usr/bin/firefox) on port 7055; process output follows: 
Error: no display specified
Error: no display specified

Build info: version: &apos;2.25.0&apos;, revision: &apos;17482&apos;, time: &apos;2012-07-18 22:18:01&apos;
System info: os.name: &apos;Linux&apos;, os.arch: &apos;amd64&apos;, os.version: &apos;3.1.1&apos;, java.version: &apos;1.7.0_79&apos;
Driver info: driver.version: FirefoxDriver	at org.openqa.selenium.firefox.internal.NewProfileExtensionConnection.start(NewProfileExtensionConnection.java:121)	at org.openqa.selenium.firefox.FirefoxDriver.startClient(FirefoxDriver.java:245)	at org.openqa.selenium.remote.RemoteWebDriver.&lt;init&gt;(RemoteWebDriver.java:109)	at org.openqa.selenium.firefox.FirefoxDriver.&lt;init&gt;(FirefoxDriver.java:183)	at org.openqa.selenium.firefox.FirefoxDriver.&lt;init&gt;(FirefoxDriver.java:178)	at org.openqa.selenium.firefox.FirefoxDriver.&lt;init&gt;(FirefoxDriver.java:174)	at org.openqa.selenium.firefox.FirefoxDriver.&lt;init&gt;(FirefoxDriver.java:96)	... 53 moreCaused by: org.openqa.selenium.firefox.NotConnectedException: Unable to connect to host localhost on port 7055 after 45000 ms. Firefox console output:
Error: no display specified
Error: no display specified
	at org.openqa.selenium.firefox.internal.NewProfileExtensionConnection.start(NewProfileExtensionConnection.java:109)	... 59 moreorg.openqa.selenium.firefox.NotConnectedException: Unable to connect to host localhost on port 7055 after 45000 ms. Firefox console output:
Error: no display specified
Error: no display specified
	at org.openqa.selenium.firefox.internal.NewProfileExtensionConnection.start(NewProfileExtensionConnection.java:109)	at org.openqa.selenium.firefox.FirefoxDriver.startClient(FirefoxDriver.java:245)	at org.openqa.selenium.remote.RemoteWebDriver.&lt;init&gt;(RemoteWebDriver.java:109)	at org.openqa.selenium.firefox.FirefoxDriver.&lt;init&gt;(FirefoxDriver.java:183)	at org.openqa.selenium.firefox.FirefoxDriver.&lt;init&gt;(FirefoxDriver.java:178)	at org.openqa.selenium.firefox.FirefoxDriver.&lt;init&gt;(FirefoxDriver.java:174)	at org.openqa.selenium.firefox.FirefoxDriver.&lt;init&gt;(FirefoxDriver.java:96)	at sun.reflect.GeneratedConstructorAccessor39.newInstance(Unknown Source)	at sun.reflect.DelegatingConstructorAccessorImpl.newInstance(DelegatingConstructorAccessorImpl.java:45)	at java.lang.reflect.Constructor.newInstance(Constructor.java:526)	at net.thucydides.core.webdriver.WebdriverInstanceFactory.newInstanceOf(WebdriverInstanceFactory.java:28)	at net.thucydides.core.webdriver.WebDriverFactory.firefoxDriverFrom(WebDriverFactory.java:314)	at net.thucydides.core.webdriver.WebDriverFactory.newWebdriverInstance(WebDriverFactory.java:135)	at net.thucydides.core.webdriver.WebDriverFacade.newDriverInstance(WebDriverFacade.java:87)	at net.thucydides.core.webdriver.WebDriverFacade.newProxyDriver(WebDriverFacade.java:82)	at net.thucydides.core.webdriver.WebDriverFacade.getProxiedDriver(WebDriverFacade.java:54)	at net.thucydides.core.pages.Pages.browserIsHeadless(Pages.java:141)	at net.thucydides.core.pages.Pages.openHeadlessDriverIfNotOpen(Pages.java:126)	at net.thucydides.core.pages.Pages.openBrowserIfRequiredFor(Pages.java:119)	at net.thucydides.core.pages.Pages.currentPageAt(Pages.java:107)	at com.wakaleo.gameoflife.webtests.steps.PlayerSteps.onEnterGridPage(PlayerSteps.java:61)	at com.wakaleo.gameoflife.webtests.steps.PlayerSteps.starts_simulation(PlayerSteps.java:43)	at com.wakaleo.gameoflife.webtests.steps.PlayerSteps$$EnhancerByCGLIB$$e7ad7fc9.CGLIB$starts_simulation$3(&lt;generated&gt;)	at com.wakaleo.gameoflife.webtests.steps.PlayerSteps$$EnhancerByCGLIB$$e7ad7fc9$$FastClassByCGLIB$$2f6316fe.invoke(&lt;generated&gt;)	at net.sf.cglib.proxy.MethodProxy.invokeSuper(MethodProxy.java:228)	at net.thucydides.core.steps.StepInterceptor.invokeMethod(StepInterceptor.java:285)	at net.thucydides.core.steps.StepInterceptor.runSkippedMethod(StepInterceptor.java:140)	at net.thucydides.core.steps.StepInterceptor.skipTestStep(StepInterceptor.java:130)	at net.thucydides.core.steps.StepInterceptor.testStepResult(StepInterceptor.java:121)	at net.thucydides.core.steps.StepInterceptor.intercept(StepInterceptor.java:50)	at com.wakaleo.gameoflife.webtests.steps.PlayerSteps$$EnhancerByCGLIB$$e7ad7fc9.starts_simulation(&lt;generated&gt;)	at com.wakaleo.gameoflife.webtests.WhenTheUserEntersAnInitialGrid.userShouldBeAbleToEnterOneLiveCellInTheGrid(WhenTheUserEntersAnInitialGrid.java:66)	at sun.reflect.NativeMethodAccessorImpl.invoke0(Native Method)	at sun.reflect.NativeMethodAccessorImpl.invoke(NativeMethodAccessorImpl.java:57)	at sun.reflect.DelegatingMethodAccessorImpl.invoke(DelegatingMethodAccessorImpl.java:43)	at java.lang.reflect.Method.invoke(Method.java:606)	at org.junit.runners.model.FrameworkMethod$1.runReflectiveCall(FrameworkMethod.java:45)	at org.junit.internal.runners.model.ReflectiveCallable.run(ReflectiveCallable.java:15)	at org.junit.runners.model.FrameworkMethod.invokeExplosively(FrameworkMethod.java:42)	at org.junit.internal.runners.statements.InvokeMethod.evaluate(InvokeMethod.java:20)	at net.thucydides.junit.runners.ThucydidesStatement.evaluate(ThucydidesStatement.java:21)	at org.junit.runners.ParentRunner.runLeaf(ParentRunner.java:263)	at org.junit.runners.BlockJUnit4ClassRunner.runChild(BlockJUnit4ClassRunner.java:68)	at net.thucydides.junit.runners.ThucydidesRunner.runChild(ThucydidesRunner.java:339)	at net.thucydides.junit.runners.ThucydidesRunner.runChild(ThucydidesRunner.java:56)	at org.junit.runners.ParentRunner$3.run(ParentRunner.java:231)	at org.junit.runners.ParentRunner$1.schedule(ParentRunner.java:60)	at org.junit.runners.ParentRunner.runChildren(ParentRunner.java:229)	at org.junit.runners.ParentRunner.access$000(ParentRunner.java:50)	at org.junit.runners.ParentRunner$2.evaluate(ParentRunner.java:222)	at org.junit.runners.ParentRunner.run(ParentRunner.java:300)	at net.thucydides.junit.runners.ThucydidesRunner.run(ThucydidesRunner.java:201)	at org.junit.runners.Suite.runChild(Suite.java:128)	at org.junit.runners.Suite.runChild(Suite.java:24)	at org.junit.runners.ParentRunner$3.run(ParentRunner.java:231)	at java.util.concurrent.Executors$RunnableAdapter.call(Executors.java:471)	at java.util.concurrent.FutureTask.run(FutureTask.java:262)	at java.util.concurrent.ThreadPoolExecutor.runWorker(ThreadPoolExecutor.java:1145)	at java.util.concurrent.ThreadPoolExecutor$Worker.run(ThreadPoolExecutor.java:615)	at java.lang.Thread.run(Thread.java:745)549698 [pool-1-thread-1] ERROR net.thucydides.core.webdriver.WebDriverFacade - FAILED TO CREATE NEW DRIVER INSTANCE class org.openqa.selenium.firefox.FirefoxDriver: Could not instantiate class org.openqa.selenium.firefox.FirefoxDriver
net.thucydides.core.webdriver.UnsupportedDriverException: Could not instantiate class org.openqa.selenium.firefox.FirefoxDriver	at net.thucydides.core.webdriver.WebDriverFactory.newWebdriverInstance(WebDriverFactory.java:149)	at net.thucydides.core.webdriver.WebDriverFacade.newDriverInstance(WebDriverFacade.java:87)	at net.thucydides.core.webdriver.WebDriverFacade.newProxyDriver(WebDriverFacade.java:82)	at net.thucydides.core.webdriver.WebDriverFacade.getProxiedDriver(WebDriverFacade.java:54)	at net.thucydides.core.pages.Pages.browserIsHeadless(Pages.java:141)	at net.thucydides.core.pages.Pages.openHeadlessDriverIfNotOpen(Pages.java:126)	at net.thucydides.core.pages.Pages.openBrowserIfRequiredFor(Pages.java:119)	at net.thucydides.core.pages.Pages.currentPageAt(Pages.java:107)	at com.wakaleo.gameoflife.webtests.steps.PlayerSteps.onEnterGridPage(PlayerSteps.java:61)	at com.wakaleo.gameoflife.webtests.steps.PlayerSteps.starts_simulation(PlayerSteps.java:43)	at com.wakaleo.gameoflife.webtests.steps.PlayerSteps$$EnhancerByCGLIB$$e7ad7fc9.CGLIB$starts_simulation$3(&lt;generated&gt;)	at com.wakaleo.gameoflife.webtests.steps.PlayerSteps$$EnhancerByCGLIB$$e7ad7fc9$$FastClassByCGLIB$$2f6316fe.invoke(&lt;generated&gt;)	at net.sf.cglib.proxy.MethodProxy.invokeSuper(MethodProxy.java:228)	at net.thucydides.core.steps.StepInterceptor.invokeMethod(StepInterceptor.java:285)	at net.thucydides.core.steps.StepInterceptor.runSkippedMethod(StepInterceptor.java:140)	at net.thucydides.core.steps.StepInterceptor.skipTestStep(StepInterceptor.java:130)	at net.thucydides.core.steps.StepInterceptor.testStepResult(StepInterceptor.java:121)	at net.thucydides.core.steps.StepInterceptor.intercept(StepInterceptor.java:50)	at com.wakaleo.gameoflife.webtests.steps.PlayerSteps$$EnhancerByCGLIB$$e7ad7fc9.starts_simulation(&lt;generated&gt;)	at com.wakaleo.gameoflife.webtests.WhenTheUserEntersAnInitialGrid.userShouldBeAbleToEnterOneLiveCellInTheGrid(WhenTheUserEntersAnInitialGrid.java:66)	at sun.reflect.NativeMethodAccessorImpl.invoke0(Native Method)	at sun.reflect.NativeMethodAccessorImpl.invoke(NativeMethodAccessorImpl.java:57)	at sun.reflect.DelegatingMethodAccessorImpl.invoke(DelegatingMethodAccessorImpl.java:43)	at java.lang.reflect.Method.invoke(Method.java:606)	at org.junit.runners.model.FrameworkMethod$1.runReflectiveCall(FrameworkMethod.java:45)	at org.junit.internal.runners.model.ReflectiveCallable.run(ReflectiveCallable.java:15)	at org.junit.runners.model.FrameworkMethod.invokeExplosively(FrameworkMethod.java:42)	at org.junit.internal.runners.statements.InvokeMethod.evaluate(InvokeMethod.java:20)	at net.thucydides.junit.runners.ThucydidesStatement.evaluate(ThucydidesStatement.java:21)	at org.junit.runners.ParentRunner.runLeaf(ParentRunner.java:263)	at org.junit.runners.BlockJUnit4ClassRunner.runChild(BlockJUnit4ClassRunner.java:68)	at net.thucydides.junit.runners.ThucydidesRunner.runChild(ThucydidesRunner.java:339)	at net.thucydides.junit.runners.ThucydidesRunner.runChild(ThucydidesRunner.java:56)	at org.junit.runners.ParentRunner$3.run(ParentRunner.java:231)	at org.junit.runners.ParentRunner$1.schedule(ParentRunner.java:60)	at org.junit.runners.ParentRunner.runChildren(ParentRunner.java:229)	at org.junit.runners.ParentRunner.access$000(ParentRunner.java:50)	at org.junit.runners.ParentRunner$2.evaluate(ParentRunner.java:222)	at org.junit.runners.ParentRunner.run(ParentRunner.java:300)	at net.thucydides.junit.runners.ThucydidesRunner.run(ThucydidesRunner.java:201)	at org.junit.runners.Suite.runChild(Suite.java:128)	at org.junit.runners.Suite.runChild(Suite.java:24)	at org.junit.runners.ParentRunner$3.run(ParentRunner.java:231)	at java.util.concurrent.Executors$RunnableAdapter.call(Executors.java:471)	at java.util.concurrent.FutureTask.run(FutureTask.java:262)	at java.util.concurrent.ThreadPoolExecutor.runWorker(ThreadPoolExecutor.java:1145)	at java.util.concurrent.ThreadPoolExecutor$Worker.run(ThreadPoolExecutor.java:615)	at java.lang.Thread.run(Thread.java:745)Caused by: java.lang.reflect.InvocationTargetException	at sun.reflect.GeneratedConstructorAccessor39.newInstance(Unknown Source)	at sun.reflect.DelegatingConstructorAccessorImpl.newInstance(DelegatingConstructorAccessorImpl.java:45)	at java.lang.reflect.Constructor.newInstance(Constructor.java:526)	at net.thucydides.core.webdriver.WebdriverInstanceFactory.newInstanceOf(WebdriverInstanceFactory.java:28)	at net.thucydides.core.webdriver.WebDriverFactory.firefoxDriverFrom(WebDriverFactory.java:314)	at net.thucydides.core.webdriver.WebDriverFactory.newWebdriverInstance(WebDriverFactory.java:135)	... 47 moreCaused by: org.openqa.selenium.WebDriverException: Failed to connect to binary FirefoxBinary(/usr/bin/firefox) on port 7055; process output follows: 
Error: no display specified
Error: no display specified

Build info: version: &apos;2.25.0&apos;, revision: &apos;17482&apos;, time: &apos;2012-07-18 22:18:01&apos;
System info: os.name: &apos;Linux&apos;, os.arch: &apos;amd64&apos;, os.version: &apos;3.1.1&apos;, java.version: &apos;1.7.0_79&apos;
Driver info: driver.version: FirefoxDriver	at org.openqa.selenium.firefox.internal.NewProfileExtensionConnection.start(NewProfileExtensionConnection.java:121)	at org.openqa.selenium.firefox.FirefoxDriver.startClient(FirefoxDriver.java:245)	at org.openqa.selenium.remote.RemoteWebDriver.&lt;init&gt;(RemoteWebDriver.java:109)	at org.openqa.selenium.firefox.FirefoxDriver.&lt;init&gt;(FirefoxDriver.java:183)	at org.openqa.selenium.firefox.FirefoxDriver.&lt;init&gt;(FirefoxDriver.java:178)	at org.openqa.selenium.firefox.FirefoxDriver.&lt;init&gt;(FirefoxDriver.java:174)	at org.openqa.selenium.firefox.FirefoxDriver.&lt;init&gt;(FirefoxDriver.java:96)	... 53 moreCaused by: org.openqa.selenium.firefox.NotConnectedException: Unable to connect to host localhost on port 7055 after 45000 ms. Firefox console output:
Error: no display specified
Error: no display specified
	at org.openqa.selenium.firefox.internal.NewProfileExtensionConnection.start(NewProfileExtensionConnection.java:109)	... 59 moreorg.openqa.selenium.firefox.NotConnectedException: Unable to connect to host localhost on port 7055 after 45000 ms. Firefox console output:
Error: no display specified
Error: no display specified
	at org.openqa.selenium.firefox.internal.NewProfileExtensionConnection.start(NewProfileExtensionConnection.java:109)	at org.openqa.selenium.firefox.FirefoxDriver.startClient(FirefoxDriver.java:245)	at org.openqa.selenium.remote.RemoteWebDriver.&lt;init&gt;(RemoteWebDriver.java:109)	at org.openqa.selenium.firefox.FirefoxDriver.&lt;init&gt;(FirefoxDriver.java:183)	at org.openqa.selenium.firefox.FirefoxDriver.&lt;init&gt;(FirefoxDriver.java:178)	at org.openqa.selenium.firefox.FirefoxDriver.&lt;init&gt;(FirefoxDriver.java:174)	at org.openqa.selenium.firefox.FirefoxDriver.&lt;init&gt;(FirefoxDriver.java:96)	at sun.reflect.GeneratedConstructorAccessor39.newInstance(Unknown Source)	at sun.reflect.DelegatingConstructorAccessorImpl.newInstance(DelegatingConstructorAccessorImpl.java:45)	at java.lang.reflect.Constructor.newInstance(Constructor.java:526)	at net.thucydides.core.webdriver.WebdriverInstanceFactory.newInstanceOf(WebdriverInstanceFactory.java:28)	at net.thucydides.core.webdriver.WebDriverFactory.firefoxDriverFrom(WebDriverFactory.java:314)	at net.thucydides.core.webdriver.WebDriverFactory.newWebdriverInstance(WebDriverFactory.java:135)	at net.thucydides.core.webdriver.WebDriverFacade.newDriverInstance(WebDriverFacade.java:87)	at net.thucydides.core.webdriver.WebDriverFacade.newProxyDriver(WebDriverFacade.java:82)	at net.thucydides.core.webdriver.WebDriverFacade.getProxiedDriver(WebDriverFacade.java:54)	at net.thucydides.core.pages.Pages.browserIsHeadless(Pages.java:141)	at net.thucydides.core.pages.Pages.openHeadlessDriverIfNotOpen(Pages.java:126)	at net.thucydides.core.pages.Pages.openBrowserIfRequiredFor(Pages.java:119)	at net.thucydides.core.pages.Pages.currentPageAt(Pages.java:107)	at com.wakaleo.gameoflife.webtests.steps.PlayerSteps.onShowGridPage(PlayerSteps.java:65)	at com.wakaleo.gameoflife.webtests.steps.PlayerSteps.should_see_grid(PlayerSteps.java:38)	at com.wakaleo.gameoflife.webtests.steps.PlayerSteps$$EnhancerByCGLIB$$e7ad7fc9.CGLIB$should_see_grid$4(&lt;generated&gt;)	at com.wakaleo.gameoflife.webtests.steps.PlayerSteps$$EnhancerByCGLIB$$e7ad7fc9$$FastClassByCGLIB$$2f6316fe.invoke(&lt;generated&gt;)	at net.sf.cglib.proxy.MethodProxy.invokeSuper(MethodProxy.java:228)	at net.thucydides.core.steps.StepInterceptor.invokeMethod(StepInterceptor.java:285)	at net.thucydides.core.steps.StepInterceptor.runSkippedMethod(StepInterceptor.java:140)	at net.thucydides.core.steps.StepInterceptor.skipTestStep(StepInterceptor.java:130)	at net.thucydides.core.steps.StepInterceptor.testStepResult(StepInterceptor.java:121)	at net.thucydides.core.steps.StepInterceptor.intercept(StepInterceptor.java:50)	at com.wakaleo.gameoflife.webtests.steps.PlayerSteps$$EnhancerByCGLIB$$e7ad7fc9.should_see_grid(&lt;generated&gt;)	at com.wakaleo.gameoflife.webtests.WhenTheUserEntersAnInitialGrid.userShouldBeAbleToEnterOneLiveCellInTheGrid(WhenTheUserEntersAnInitialGrid.java:72)	at sun.reflect.NativeMethodAccessorImpl.invoke0(Native Method)	at sun.reflect.NativeMethodAccessorImpl.invoke(NativeMethodAccessorImpl.java:57)	at sun.reflect.DelegatingMethodAccessorImpl.invoke(DelegatingMethodAccessorImpl.java:43)	at java.lang.reflect.Method.invoke(Method.java:606)	at org.junit.runners.model.FrameworkMethod$1.runReflectiveCall(FrameworkMethod.java:45)	at org.junit.internal.runners.model.ReflectiveCallable.run(ReflectiveCallable.java:15)	at org.junit.runners.model.FrameworkMethod.invokeExplosively(FrameworkMethod.java:42)	at org.junit.internal.runners.statements.InvokeMethod.evaluate(InvokeMethod.java:20)	at net.thucydides.junit.runners.ThucydidesStatement.evaluate(ThucydidesStatement.java:21)	at org.junit.runners.ParentRunner.runLeaf(ParentRunner.java:263)	at org.junit.runners.BlockJUnit4ClassRunner.runChild(BlockJUnit4ClassRunner.java:68)	at net.thucydides.junit.runners.ThucydidesRunner.runChild(ThucydidesRunner.java:339)	at net.thucydides.junit.runners.ThucydidesRunner.runChild(ThucydidesRunner.java:56)	at org.junit.runners.ParentRunner$3.run(ParentRunner.java:231)	at org.junit.runners.ParentRunner$1.schedule(ParentRunner.java:60)	at org.junit.runners.ParentRunner.runChildren(ParentRunner.java:229)	at org.junit.runners.ParentRunner.access$000(ParentRunner.java:50)	at org.junit.runners.ParentRunner$2.evaluate(ParentRunner.java:222)	at org.junit.runners.ParentRunner.run(ParentRunner.java:300)	at net.thucydides.junit.runners.ThucydidesRunner.run(ThucydidesRunner.java:201)	at org.junit.runners.Suite.runChild(Suite.java:128)	at org.junit.runners.Suite.runChild(Suite.java:24)	at org.junit.runners.ParentRunner$3.run(ParentRunner.java:231)	at java.util.concurrent.Executors$RunnableAdapter.call(Executors.java:471)	at java.util.concurrent.FutureTask.run(FutureTask.java:262)	at java.util.concurrent.ThreadPoolExecutor.runWorker(ThreadPoolExecutor.java:1145)	at java.util.concurrent.ThreadPoolExecutor$Worker.run(ThreadPoolExecutor.java:615)	at java.lang.Thread.run(Thread.java:745)594936 [pool-1-thread-1] ERROR net.thucydides.core.webdriver.WebDriverFacade - FAILED TO CREATE NEW DRIVER INSTANCE class org.openqa.selenium.firefox.FirefoxDriver: Could not instantiate class org.openqa.selenium.firefox.FirefoxDriver
net.thucydides.core.webdriver.UnsupportedDriverException: Could not instantiate class org.openqa.selenium.firefox.FirefoxDriver	at net.thucydides.core.webdriver.WebDriverFactory.newWebdriverInstance(WebDriverFactory.java:149)	at net.thucydides.core.webdriver.WebDriverFacade.newDriverInstance(WebDriverFacade.java:87)	at net.thucydides.core.webdriver.WebDriverFacade.newProxyDriver(WebDriverFacade.java:82)	at net.thucydides.core.webdriver.WebDriverFacade.getProxiedDriver(WebDriverFacade.java:54)	at net.thucydides.core.pages.Pages.browserIsHeadless(Pages.java:141)	at net.thucydides.core.pages.Pages.openHeadlessDriverIfNotOpen(Pages.java:126)	at net.thucydides.core.pages.Pages.openBrowserIfRequiredFor(Pages.java:119)	at net.thucydides.core.pages.Pages.currentPageAt(Pages.java:107)	at com.wakaleo.gameoflife.webtests.steps.PlayerSteps.onShowGridPage(PlayerSteps.java:65)	at com.wakaleo.gameoflife.webtests.steps.PlayerSteps.should_see_grid(PlayerSteps.java:38)	at com.wakaleo.gameoflife.webtests.steps.PlayerSteps$$EnhancerByCGLIB$$e7ad7fc9.CGLIB$should_see_grid$4(&lt;generated&gt;)	at com.wakaleo.gameoflife.webtests.steps.PlayerSteps$$EnhancerByCGLIB$$e7ad7fc9$$FastClassByCGLIB$$2f6316fe.invoke(&lt;generated&gt;)	at net.sf.cglib.proxy.MethodProxy.invokeSuper(MethodProxy.java:228)	at net.thucydides.core.steps.StepInterceptor.invokeMethod(StepInterceptor.java:285)	at net.thucydides.core.steps.StepInterceptor.runSkippedMethod(StepInterceptor.java:140)	at net.thucydides.core.steps.StepInterceptor.skipTestStep(StepInterceptor.java:130)	at net.thucydides.core.steps.StepInterceptor.testStepResult(StepInterceptor.java:121)	at net.thucydides.core.steps.StepInterceptor.intercept(StepInterceptor.java:50)	at com.wakaleo.gameoflife.webtests.steps.PlayerSteps$$EnhancerByCGLIB$$e7ad7fc9.should_see_grid(&lt;generated&gt;)	at com.wakaleo.gameoflife.webtests.WhenTheUserEntersAnInitialGrid.userShouldBeAbleToEnterOneLiveCellInTheGrid(WhenTheUserEntersAnInitialGrid.java:72)	at sun.reflect.NativeMethodAccessorImpl.invoke0(Native Method)	at sun.reflect.NativeMethodAccessorImpl.invoke(NativeMethodAccessorImpl.java:57)	at sun.reflect.DelegatingMethodAccessorImpl.invoke(DelegatingMethodAccessorImpl.java:43)	at java.lang.reflect.Method.invoke(Method.java:606)	at org.junit.runners.model.FrameworkMethod$1.runReflectiveCall(FrameworkMethod.java:45)	at org.junit.internal.runners.model.ReflectiveCallable.run(ReflectiveCallable.java:15)	at org.junit.runners.model.FrameworkMethod.invokeExplosively(FrameworkMethod.java:42)	at org.junit.internal.runners.statements.InvokeMethod.evaluate(InvokeMethod.java:20)	at net.thucydides.junit.runners.ThucydidesStatement.evaluate(ThucydidesStatement.java:21)	at org.junit.runners.ParentRunner.runLeaf(ParentRunner.java:263)	at org.junit.runners.BlockJUnit4ClassRunner.runChild(BlockJUnit4ClassRunner.java:68)	at net.thucydides.junit.runners.ThucydidesRunner.runChild(ThucydidesRunner.java:339)	at net.thucydides.junit.runners.ThucydidesRunner.runChild(ThucydidesRunner.java:56)	at org.junit.runners.ParentRunner$3.run(ParentRunner.java:231)	at org.junit.runners.ParentRunner$1.schedule(ParentRunner.java:60)	at org.junit.runners.ParentRunner.runChildren(ParentRunner.java:229)	at org.junit.runners.ParentRunner.access$000(ParentRunner.java:50)	at org.junit.runners.ParentRunner$2.evaluate(ParentRunner.java:222)	at org.junit.runners.ParentRunner.run(ParentRunner.java:300)	at net.thucydides.junit.runners.ThucydidesRunner.run(ThucydidesRunner.java:201)	at org.junit.runners.Suite.runChild(Suite.java:128)	at org.junit.runners.Suite.runChild(Suite.java:24)	at org.junit.runners.ParentRunner$3.run(ParentRunner.java:231)	at java.util.concurrent.Executors$RunnableAdapter.call(Executors.java:471)	at java.util.concurrent.FutureTask.run(FutureTask.java:262)	at java.util.concurrent.ThreadPoolExecutor.runWorker(ThreadPoolExecutor.java:1145)	at java.util.concurrent.ThreadPoolExecutor$Worker.run(ThreadPoolExecutor.java:615)	at java.lang.Thread.run(Thread.java:745)Caused by: java.lang.reflect.InvocationTargetException	at sun.reflect.GeneratedConstructorAccessor39.newInstance(Unknown Source)	at sun.reflect.DelegatingConstructorAccessorImpl.newInstance(DelegatingConstructorAccessorImpl.java:45)	at java.lang.reflect.Constructor.newInstance(Constructor.java:526)	at net.thucydides.core.webdriver.WebdriverInstanceFactory.newInstanceOf(WebdriverInstanceFactory.java:28)	at net.thucydides.core.webdriver.WebDriverFactory.firefoxDriverFrom(WebDriverFactory.java:314)	at net.thucydides.core.webdriver.WebDriverFactory.newWebdriverInstance(WebDriverFactory.java:135)	... 47 moreCaused by: org.openqa.selenium.WebDriverException: Failed to connect to binary FirefoxBinary(/usr/bin/firefox) on port 7055; process output follows: 
Error: no display specified
Error: no display specified

Build info: version: &apos;2.25.0&apos;, revision: &apos;17482&apos;, time: &apos;2012-07-18 22:18:01&apos;
System info: os.name: &apos;Linux&apos;, os.arch: &apos;amd64&apos;, os.version: &apos;3.1.1&apos;, java.version: &apos;1.7.0_79&apos;
Driver info: driver.version: FirefoxDriver	at org.openqa.selenium.firefox.internal.NewProfileExtensionConnection.start(NewProfileExtensionConnection.java:121)	at org.openqa.selenium.firefox.FirefoxDriver.startClient(FirefoxDriver.java:245)	at org.openqa.selenium.remote.RemoteWebDriver.&lt;init&gt;(RemoteWebDriver.java:109)	at org.openqa.selenium.firefox.FirefoxDriver.&lt;init&gt;(FirefoxDriver.java:183)	at org.openqa.selenium.firefox.FirefoxDriver.&lt;init&gt;(FirefoxDriver.java:178)	at org.openqa.selenium.firefox.FirefoxDriver.&lt;init&gt;(FirefoxDriver.java:174)	at org.openqa.selenium.firefox.FirefoxDriver.&lt;init&gt;(FirefoxDriver.java:96)	... 53 moreCaused by: org.openqa.selenium.firefox.NotConnectedException: Unable to connect to host localhost on port 7055 after 45000 ms. Firefox console output:
Error: no display specified
Error: no display specified
	at org.openqa.selenium.firefox.internal.NewProfileExtensionConnection.start(NewProfileExtensionConnection.java:109)	... 59 more594951 [pool-1-thread-1] INFO net.thucydides.core.Thucydides - 
           __  _____ _____ ____ _____   _____ _    ___ _     _____ ____  
  _       / / |_   _| ____/ ___|_   _| |  ___/ \  |_ _| |   | ____|  _ \ 
 (_)_____| |    | | |  _| \___ \ | |   | |_ / _ \  | || |   |  _| | | | |
  _|_____| |    | | | |___ ___) || |   |  _/ ___ \ | || |___| |___| |_| |
 (_)     | |    |_| |_____|____/ |_|   |_|/_/   \_\___|_____|_____|____/ 
          \_\                                                            

TEST FAILED: User should be able to enter one live cell in the grid
--------------------------------------------------------------------------
594952 [pool-1-thread-1] INFO net.thucydides.core.Thucydides - RELATED ISSUES: 
594952 [pool-1-thread-1] INFO net.thucydides.core.Thucydides - 
  _____ _    ___ _     _   _ ____  _____ 
 |  ___/ \  |_ _| |   | | | |  _ \| ____|
 | |_ / _ \  | || |   | | | | |_) |  _|  
 |  _/ ___ \ | || |___| |_| |  _ &lt;| |___ 
 |_|/_/   \_\___|_____|\___/|_| \_\_____|
                                         

Could not instantiate class org.openqa.selenium.firefox.FirefoxDriver
594952 [pool-1-thread-1] INFO net.thucydides.core.Thucydides - 
           __  _____ _____ ____ _____   _____ _    ___ _     _____ ____  
  _       / / |_   _| ____/ ___|_   _| |  ___/ \  |_ _| |   | ____|  _ \ 
 (_)_____| |    | | |  _| \___ \ | |   | |_ / _ \  | || |   |  _| | | | |
  _|_____| |    | | | |___ ___) || |   |  _/ ___ \ | || |___| |___| |_| |
 (_)     | |    |_| |_____|____/ |_|   |_|/_/   \_\___|_____|_____|____/ 
          \_\                                                            

TEST FAILED: User should be able to enter one live cell in the grid
--------------------------------------------------------------------------
594952 [pool-1-thread-1] INFO net.thucydides.core.Thucydides - RELATED ISSUES: 
594952 [pool-1-thread-1] INFO net.thucydides.core.Thucydides - 
  _____ _    ___ _     _   _ ____  _____ 
 |  ___/ \  |_ _| |   | | | |  _ \| ____|
 | |_ / _ \  | || |   | | | | |_) |  _|  
 |  _/ ___ \ | || |___| |_| |  _ &lt;| |___ 
 |_|/_/   \_\___|_____|\___/|_| \_\_____|
                                         

Could not instantiate class org.openqa.selenium.firefox.FirefoxDriver
</system-err>
  </testcase>
  <testcase time="0.05" classname="com.wakaleo.gameoflife.webtests.WhenTheUserEntersAnInitialGrid" name="userShouldBeAbleToEnterLiveCellsInTheGrid">
    <failure message="Could not instantiate class org.openqa.selenium.firefox.FirefoxDriver" type="net.thucydides.core.webdriver.WebdriverAssertionError">net.thucydides.core.webdriver.WebdriverAssertionError: Could not instantiate class org.openqa.selenium.firefox.FirefoxDriver
	at net.thucydides.core.webdriver.WebDriverFacade.newDriverInstance(WebDriverFacade.java:90)
	at net.thucydides.core.webdriver.WebDriverFacade.newProxyDriver(WebDriverFacade.java:82)
	at net.thucydides.core.webdriver.WebDriverFacade.getProxiedDriver(WebDriverFacade.java:54)
	at net.thucydides.core.pages.Pages.browserIsHeadless(Pages.java:141)
	at net.thucydides.core.pages.Pages.openHeadlessDriverIfNotOpen(Pages.java:126)
	at net.thucydides.core.pages.Pages.openBrowserIfRequiredFor(Pages.java:119)
	at net.thucydides.core.pages.Pages.currentPageAt(Pages.java:107)
	at com.wakaleo.gameoflife.webtests.steps.PlayerSteps.onHomePage(PlayerSteps.java:57)
	at com.wakaleo.gameoflife.webtests.steps.PlayerSteps.opens_home_page(PlayerSteps.java:18)
	at com.wakaleo.gameoflife.webtests.steps.PlayerSteps$$EnhancerByCGLIB$$e7ad7fc9.CGLIB$opens_home_page$0(&lt;generated&gt;)
	at com.wakaleo.gameoflife.webtests.steps.PlayerSteps$$EnhancerByCGLIB$$e7ad7fc9$$FastClassByCGLIB$$2f6316fe.invoke(&lt;generated&gt;)
	at net.sf.cglib.proxy.MethodProxy.invokeSuper(MethodProxy.java:228)
	at net.thucydides.core.steps.StepInterceptor.executeTestStepMethod(StepInterceptor.java:273)
	at net.thucydides.core.steps.StepInterceptor.runTestStep(StepInterceptor.java:252)
	at net.thucydides.core.steps.StepInterceptor.testStepResult(StepInterceptor.java:124)
	at net.thucydides.core.steps.StepInterceptor.intercept(StepInterceptor.java:50)
	at com.wakaleo.gameoflife.webtests.steps.PlayerSteps$$EnhancerByCGLIB$$e7ad7fc9.opens_home_page(&lt;generated&gt;)
	at com.wakaleo.gameoflife.webtests.WhenTheUserEntersAnInitialGrid.userShouldBeAbleToEnterLiveCellsInTheGrid(WhenTheUserEntersAnInitialGrid.java:77)
	at sun.reflect.NativeMethodAccessorImpl.invoke0(Native Method)
	at sun.reflect.NativeMethodAccessorImpl.invoke(NativeMethodAccessorImpl.java:57)
	at sun.reflect.DelegatingMethodAccessorImpl.invoke(DelegatingMethodAccessorImpl.java:43)
	at java.lang.reflect.Method.invoke(Method.java:606)
	at org.junit.runners.model.FrameworkMethod$1.runReflectiveCall(FrameworkMethod.java:45)
	at org.junit.internal.runners.model.ReflectiveCallable.run(ReflectiveCallable.java:15)
	at org.junit.runners.model.FrameworkMethod.invokeExplosively(FrameworkMethod.java:42)
	at org.junit.internal.runners.statements.InvokeMethod.evaluate(InvokeMethod.java:20)
	at net.thucydides.junit.runners.ThucydidesStatement.evaluate(ThucydidesStatement.java:21)
	at org.junit.runners.ParentRunner.runLeaf(ParentRunner.java:263)
	at org.junit.runners.BlockJUnit4ClassRunner.runChild(BlockJUnit4ClassRunner.java:68)
	at net.thucydides.junit.runners.ThucydidesRunner.runChild(ThucydidesRunner.java:339)
	at net.thucydides.junit.runners.ThucydidesRunner.runChild(ThucydidesRunner.java:56)
	at org.junit.runners.ParentRunner$3.run(ParentRunner.java:231)
	at org.junit.runners.ParentRunner$1.schedule(ParentRunner.java:60)
	at org.junit.runners.ParentRunner.runChildren(ParentRunner.java:229)
	at org.junit.runners.ParentRunner.access$000(ParentRunner.java:50)
	at org.junit.runners.ParentRunner$2.evaluate(ParentRunner.java:222)
	at org.junit.runners.ParentRunner.run(ParentRunner.java:300)
	at net.thucydides.junit.runners.ThucydidesRunner.run(ThucydidesRunner.java:201)
	at org.junit.runners.Suite.runChild(Suite.java:128)
	at org.junit.runners.Suite.runChild(Suite.java:24)
	at org.junit.runners.ParentRunner$3.run(ParentRunner.java:231)
	at java.util.concurrent.Executors$RunnableAdapter.call(Executors.java:471)
	at java.util.concurrent.FutureTask.run(FutureTask.java:262)
	at java.util.concurrent.ThreadPoolExecutor.runWorker(ThreadPoolExecutor.java:1145)
	at java.util.concurrent.ThreadPoolExecutor$Worker.run(ThreadPoolExecutor.java:615)
	at java.lang.Thread.run(Thread.java:745)
</failure>
    <system-err>594959 [pool-1-thread-1] INFO net.thucydides.core.Thucydides - 
  _____ _____ ____ _____   ____ _____  _    ____ _____ _____ ____  
 |_   _| ____/ ___|_   _| / ___|_   _|/ \  |  _ \_   _| ____|  _ \ 
   | | |  _| \___ \ | |   \___ \ | | / _ \ | |_) || | |  _| | | | |
   | | | |___ ___) || |    ___) || |/ ___ \|  _ &lt; | | | |___| |_| |
   |_| |_____|____/ |_|   |____/ |_/_/   \_\_| \_\|_| |_____|____/ 
                                                                   

TEST STARTED: userShouldBeAbleToEnterLiveCellsInTheGrid
--------------------------------------------------------------------
594959 [pool-1-thread-1] INFO net.thucydides.core.Thucydides - TEST NUMBER: 11
594960 [pool-1-thread-1] INFO net.thucydides.core.Thucydides - 
  _____ _____ ____ _____   ____ _____  _    ____ _____ _____ ____  
 |_   _| ____/ ___|_   _| / ___|_   _|/ \  |  _ \_   _| ____|  _ \ 
   | | |  _| \___ \ | |   \___ \ | | / _ \ | |_) || | |  _| | | | |
   | | | |___ ___) || |    ___) || |/ ___ \|  _ &lt; | | | |___| |_| |
   |_| |_____|____/ |_|   |____/ |_/_/   \_\_| \_\|_| |_____|____/ 
                                                                   

TEST STARTED: userShouldBeAbleToEnterLiveCellsInTheGrid
--------------------------------------------------------------------
594960 [pool-1-thread-1] INFO net.thucydides.core.Thucydides - TEST NUMBER: 12
org.openqa.selenium.firefox.NotConnectedException: Unable to connect to host localhost on port 7055 after 45000 ms. Firefox console output:
Error: no display specified
Error: no display specified
	at org.openqa.selenium.firefox.internal.NewProfileExtensionConnection.start(NewProfileExtensionConnection.java:109)	at org.openqa.selenium.firefox.FirefoxDriver.startClient(FirefoxDriver.java:245)	at org.openqa.selenium.remote.RemoteWebDriver.&lt;init&gt;(RemoteWebDriver.java:109)	at org.openqa.selenium.firefox.FirefoxDriver.&lt;init&gt;(FirefoxDriver.java:183)	at org.openqa.selenium.firefox.FirefoxDriver.&lt;init&gt;(FirefoxDriver.java:178)	at org.openqa.selenium.firefox.FirefoxDriver.&lt;init&gt;(FirefoxDriver.java:174)	at org.openqa.selenium.firefox.FirefoxDriver.&lt;init&gt;(FirefoxDriver.java:96)	at sun.reflect.GeneratedConstructorAccessor39.newInstance(Unknown Source)	at sun.reflect.DelegatingConstructorAccessorImpl.newInstance(DelegatingConstructorAccessorImpl.java:45)	at java.lang.reflect.Constructor.newInstance(Constructor.java:526)	at net.thucydides.core.webdriver.WebdriverInstanceFactory.newInstanceOf(WebdriverInstanceFactory.java:28)	at net.thucydides.core.webdriver.WebDriverFactory.firefoxDriverFrom(WebDriverFactory.java:314)	at net.thucydides.core.webdriver.WebDriverFactory.newWebdriverInstance(WebDriverFactory.java:135)	at net.thucydides.core.webdriver.WebDriverFacade.newDriverInstance(WebDriverFacade.java:87)	at net.thucydides.core.webdriver.WebDriverFacade.newProxyDriver(WebDriverFacade.java:82)	at net.thucydides.core.webdriver.WebDriverFacade.getProxiedDriver(WebDriverFacade.java:54)	at net.thucydides.core.pages.Pages.browserIsHeadless(Pages.java:141)	at net.thucydides.core.pages.Pages.openHeadlessDriverIfNotOpen(Pages.java:126)	at net.thucydides.core.pages.Pages.openBrowserIfRequiredFor(Pages.java:119)	at net.thucydides.core.pages.Pages.currentPageAt(Pages.java:107)	at com.wakaleo.gameoflife.webtests.steps.PlayerSteps.onHomePage(PlayerSteps.java:57)	at com.wakaleo.gameoflife.webtests.steps.PlayerSteps.opens_home_page(PlayerSteps.java:18)	at com.wakaleo.gameoflife.webtests.steps.PlayerSteps$$EnhancerByCGLIB$$e7ad7fc9.CGLIB$opens_home_page$0(&lt;generated&gt;)	at com.wakaleo.gameoflife.webtests.steps.PlayerSteps$$EnhancerByCGLIB$$e7ad7fc9$$FastClassByCGLIB$$2f6316fe.invoke(&lt;generated&gt;)	at net.sf.cglib.proxy.MethodProxy.invokeSuper(MethodProxy.java:228)	at net.thucydides.core.steps.StepInterceptor.executeTestStepMethod(StepInterceptor.java:273)	at net.thucydides.core.steps.StepInterceptor.runTestStep(StepInterceptor.java:252)	at net.thucydides.core.steps.StepInterceptor.testStepResult(StepInterceptor.java:124)	at net.thucydides.core.steps.StepInterceptor.intercept(StepInterceptor.java:50)	at com.wakaleo.gameoflife.webtests.steps.PlayerSteps$$EnhancerByCGLIB$$e7ad7fc9.opens_home_page(&lt;generated&gt;)	at com.wakaleo.gameoflife.webtests.WhenTheUserEntersAnInitialGrid.userShouldBeAbleToEnterLiveCellsInTheGrid(WhenTheUserEntersAnInitialGrid.java:77)	at sun.reflect.NativeMethodAccessorImpl.invoke0(Native Method)	at sun.reflect.NativeMethodAccessorImpl.invoke(NativeMethodAccessorImpl.java:57)	at sun.reflect.DelegatingMethodAccessorImpl.invoke(DelegatingMethodAccessorImpl.java:43)	at java.lang.reflect.Method.invoke(Method.java:606)	at org.junit.runners.model.FrameworkMethod$1.runReflectiveCall(FrameworkMethod.java:45)	at org.junit.internal.runners.model.ReflectiveCallable.run(ReflectiveCallable.java:15)	at org.junit.runners.model.FrameworkMethod.invokeExplosively(FrameworkMethod.java:42)	at org.junit.internal.runners.statements.InvokeMethod.evaluate(InvokeMethod.java:20)	at net.thucydides.junit.runners.ThucydidesStatement.evaluate(ThucydidesStatement.java:21)	at org.junit.runners.ParentRunner.runLeaf(ParentRunner.java:263)	at org.junit.runners.BlockJUnit4ClassRunner.runChild(BlockJUnit4ClassRunner.java:68)	at net.thucydides.junit.runners.ThucydidesRunner.runChild(ThucydidesRunner.java:339)	at net.thucydides.junit.runners.ThucydidesRunner.runChild(ThucydidesRunner.java:56)	at org.junit.runners.ParentRunner$3.run(ParentRunner.java:231)	at org.junit.runners.ParentRunner$1.schedule(ParentRunner.java:60)	at org.junit.runners.ParentRunner.runChildren(ParentRunner.java:229)	at org.junit.runners.ParentRunner.access$000(ParentRunner.java:50)	at org.junit.runners.ParentRunner$2.evaluate(ParentRunner.java:222)	at org.junit.runners.ParentRunner.run(ParentRunner.java:300)	at net.thucydides.junit.runners.ThucydidesRunner.run(ThucydidesRunner.java:201)	at org.junit.runners.Suite.runChild(Suite.java:128)	at org.junit.runners.Suite.runChild(Suite.java:24)	at org.junit.runners.ParentRunner$3.run(ParentRunner.java:231)	at java.util.concurrent.Executors$RunnableAdapter.call(Executors.java:471)	at java.util.concurrent.FutureTask.run(FutureTask.java:262)	at java.util.concurrent.ThreadPoolExecutor.runWorker(ThreadPoolExecutor.java:1145)	at java.util.concurrent.ThreadPoolExecutor$Worker.run(ThreadPoolExecutor.java:615)	at java.lang.Thread.run(Thread.java:745)640292 [pool-1-thread-1] ERROR net.thucydides.core.webdriver.WebDriverFacade - FAILED TO CREATE NEW DRIVER INSTANCE class org.openqa.selenium.firefox.FirefoxDriver: Could not instantiate class org.openqa.selenium.firefox.FirefoxDriver
net.thucydides.core.webdriver.UnsupportedDriverException: Could not instantiate class org.openqa.selenium.firefox.FirefoxDriver	at net.thucydides.core.webdriver.WebDriverFactory.newWebdriverInstance(WebDriverFactory.java:149)	at net.thucydides.core.webdriver.WebDriverFacade.newDriverInstance(WebDriverFacade.java:87)	at net.thucydides.core.webdriver.WebDriverFacade.newProxyDriver(WebDriverFacade.java:82)	at net.thucydides.core.webdriver.WebDriverFacade.getProxiedDriver(WebDriverFacade.java:54)	at net.thucydides.core.pages.Pages.browserIsHeadless(Pages.java:141)	at net.thucydides.core.pages.Pages.openHeadlessDriverIfNotOpen(Pages.java:126)	at net.thucydides.core.pages.Pages.openBrowserIfRequiredFor(Pages.java:119)	at net.thucydides.core.pages.Pages.currentPageAt(Pages.java:107)	at com.wakaleo.gameoflife.webtests.steps.PlayerSteps.onHomePage(PlayerSteps.java:57)	at com.wakaleo.gameoflife.webtests.steps.PlayerSteps.opens_home_page(PlayerSteps.java:18)	at com.wakaleo.gameoflife.webtests.steps.PlayerSteps$$EnhancerByCGLIB$$e7ad7fc9.CGLIB$opens_home_page$0(&lt;generated&gt;)	at com.wakaleo.gameoflife.webtests.steps.PlayerSteps$$EnhancerByCGLIB$$e7ad7fc9$$FastClassByCGLIB$$2f6316fe.invoke(&lt;generated&gt;)	at net.sf.cglib.proxy.MethodProxy.invokeSuper(MethodProxy.java:228)	at net.thucydides.core.steps.StepInterceptor.executeTestStepMethod(StepInterceptor.java:273)	at net.thucydides.core.steps.StepInterceptor.runTestStep(StepInterceptor.java:252)	at net.thucydides.core.steps.StepInterceptor.testStepResult(StepInterceptor.java:124)	at net.thucydides.core.steps.StepInterceptor.intercept(StepInterceptor.java:50)	at com.wakaleo.gameoflife.webtests.steps.PlayerSteps$$EnhancerByCGLIB$$e7ad7fc9.opens_home_page(&lt;generated&gt;)	at com.wakaleo.gameoflife.webtests.WhenTheUserEntersAnInitialGrid.userShouldBeAbleToEnterLiveCellsInTheGrid(WhenTheUserEntersAnInitialGrid.java:77)	at sun.reflect.NativeMethodAccessorImpl.invoke0(Native Method)	at sun.reflect.NativeMethodAccessorImpl.invoke(NativeMethodAccessorImpl.java:57)	at sun.reflect.DelegatingMethodAccessorImpl.invoke(DelegatingMethodAccessorImpl.java:43)	at java.lang.reflect.Method.invoke(Method.java:606)	at org.junit.runners.model.FrameworkMethod$1.runReflectiveCall(FrameworkMethod.java:45)	at org.junit.internal.runners.model.ReflectiveCallable.run(ReflectiveCallable.java:15)	at org.junit.runners.model.FrameworkMethod.invokeExplosively(FrameworkMethod.java:42)	at org.junit.internal.runners.statements.InvokeMethod.evaluate(InvokeMethod.java:20)	at net.thucydides.junit.runners.ThucydidesStatement.evaluate(ThucydidesStatement.java:21)	at org.junit.runners.ParentRunner.runLeaf(ParentRunner.java:263)	at org.junit.runners.BlockJUnit4ClassRunner.runChild(BlockJUnit4ClassRunner.java:68)	at net.thucydides.junit.runners.ThucydidesRunner.runChild(ThucydidesRunner.java:339)	at net.thucydides.junit.runners.ThucydidesRunner.runChild(ThucydidesRunner.java:56)	at org.junit.runners.ParentRunner$3.run(ParentRunner.java:231)	at org.junit.runners.ParentRunner$1.schedule(ParentRunner.java:60)	at org.junit.runners.ParentRunner.runChildren(ParentRunner.java:229)	at org.junit.runners.ParentRunner.access$000(ParentRunner.java:50)	at org.junit.runners.ParentRunner$2.evaluate(ParentRunner.java:222)	at org.junit.runners.ParentRunner.run(ParentRunner.java:300)	at net.thucydides.junit.runners.ThucydidesRunner.run(ThucydidesRunner.java:201)	at org.junit.runners.Suite.runChild(Suite.java:128)	at org.junit.runners.Suite.runChild(Suite.java:24)	at org.junit.runners.ParentRunner$3.run(ParentRunner.java:231)	at java.util.concurrent.Executors$RunnableAdapter.call(Executors.java:471)	at java.util.concurrent.FutureTask.run(FutureTask.java:262)	at java.util.concurrent.ThreadPoolExecutor.runWorker(ThreadPoolExecutor.java:1145)	at java.util.concurrent.ThreadPoolExecutor$Worker.run(ThreadPoolExecutor.java:615)	at java.lang.Thread.run(Thread.java:745)Caused by: java.lang.reflect.InvocationTargetException	at sun.reflect.GeneratedConstructorAccessor39.newInstance(Unknown Source)	at sun.reflect.DelegatingConstructorAccessorImpl.newInstance(DelegatingConstructorAccessorImpl.java:45)	at java.lang.reflect.Constructor.newInstance(Constructor.java:526)	at net.thucydides.core.webdriver.WebdriverInstanceFactory.newInstanceOf(WebdriverInstanceFactory.java:28)	at net.thucydides.core.webdriver.WebDriverFactory.firefoxDriverFrom(WebDriverFactory.java:314)	at net.thucydides.core.webdriver.WebDriverFactory.newWebdriverInstance(WebDriverFactory.java:135)	... 46 moreCaused by: org.openqa.selenium.WebDriverException: Failed to connect to binary FirefoxBinary(/usr/bin/firefox) on port 7055; process output follows: 
Error: no display specified
Error: no display specified

Build info: version: &apos;2.25.0&apos;, revision: &apos;17482&apos;, time: &apos;2012-07-18 22:18:01&apos;
System info: os.name: &apos;Linux&apos;, os.arch: &apos;amd64&apos;, os.version: &apos;3.1.1&apos;, java.version: &apos;1.7.0_79&apos;
Driver info: driver.version: FirefoxDriver	at org.openqa.selenium.firefox.internal.NewProfileExtensionConnection.start(NewProfileExtensionConnection.java:121)	at org.openqa.selenium.firefox.FirefoxDriver.startClient(FirefoxDriver.java:245)	at org.openqa.selenium.remote.RemoteWebDriver.&lt;init&gt;(RemoteWebDriver.java:109)	at org.openqa.selenium.firefox.FirefoxDriver.&lt;init&gt;(FirefoxDriver.java:183)	at org.openqa.selenium.firefox.FirefoxDriver.&lt;init&gt;(FirefoxDriver.java:178)	at org.openqa.selenium.firefox.FirefoxDriver.&lt;init&gt;(FirefoxDriver.java:174)	at org.openqa.selenium.firefox.FirefoxDriver.&lt;init&gt;(FirefoxDriver.java:96)	... 52 moreCaused by: org.openqa.selenium.firefox.NotConnectedException: Unable to connect to host localhost on port 7055 after 45000 ms. Firefox console output:
Error: no display specified
Error: no display specified
	at org.openqa.selenium.firefox.internal.NewProfileExtensionConnection.start(NewProfileExtensionConnection.java:109)	... 58 moreorg.openqa.selenium.firefox.NotConnectedException: Unable to connect to host localhost on port 7055 after 45000 ms. Firefox console output:
Error: no display specified
Error: no display specified
	at org.openqa.selenium.firefox.internal.NewProfileExtensionConnection.start(NewProfileExtensionConnection.java:109)	at org.openqa.selenium.firefox.FirefoxDriver.startClient(FirefoxDriver.java:245)	at org.openqa.selenium.remote.RemoteWebDriver.&lt;init&gt;(RemoteWebDriver.java:109)	at org.openqa.selenium.firefox.FirefoxDriver.&lt;init&gt;(FirefoxDriver.java:183)	at org.openqa.selenium.firefox.FirefoxDriver.&lt;init&gt;(FirefoxDriver.java:178)	at org.openqa.selenium.firefox.FirefoxDriver.&lt;init&gt;(FirefoxDriver.java:174)	at org.openqa.selenium.firefox.FirefoxDriver.&lt;init&gt;(FirefoxDriver.java:96)	at sun.reflect.GeneratedConstructorAccessor39.newInstance(Unknown Source)	at sun.reflect.DelegatingConstructorAccessorImpl.newInstance(DelegatingConstructorAccessorImpl.java:45)	at java.lang.reflect.Constructor.newInstance(Constructor.java:526)	at net.thucydides.core.webdriver.WebdriverInstanceFactory.newInstanceOf(WebdriverInstanceFactory.java:28)	at net.thucydides.core.webdriver.WebDriverFactory.firefoxDriverFrom(WebDriverFactory.java:314)	at net.thucydides.core.webdriver.WebDriverFactory.newWebdriverInstance(WebDriverFactory.java:135)	at net.thucydides.core.webdriver.WebDriverFacade.newDriverInstance(WebDriverFacade.java:87)	at net.thucydides.core.webdriver.WebDriverFacade.newProxyDriver(WebDriverFacade.java:82)	at net.thucydides.core.webdriver.WebDriverFacade.getProxiedDriver(WebDriverFacade.java:54)	at net.thucydides.core.pages.Pages.browserIsHeadless(Pages.java:141)	at net.thucydides.core.pages.Pages.openHeadlessDriverIfNotOpen(Pages.java:126)	at net.thucydides.core.pages.Pages.openBrowserIfRequiredFor(Pages.java:119)	at net.thucydides.core.pages.Pages.currentPageAt(Pages.java:107)	at com.wakaleo.gameoflife.webtests.steps.PlayerSteps.onHomePage(PlayerSteps.java:57)	at com.wakaleo.gameoflife.webtests.steps.PlayerSteps.chooses_to_start_a_new_game(PlayerSteps.java:28)	at com.wakaleo.gameoflife.webtests.steps.PlayerSteps$$EnhancerByCGLIB$$e7ad7fc9.CGLIB$chooses_to_start_a_new_game$1(&lt;generated&gt;)	at com.wakaleo.gameoflife.webtests.steps.PlayerSteps$$EnhancerByCGLIB$$e7ad7fc9$$FastClassByCGLIB$$2f6316fe.invoke(&lt;generated&gt;)	at net.sf.cglib.proxy.MethodProxy.invokeSuper(MethodProxy.java:228)	at net.thucydides.core.steps.StepInterceptor.invokeMethod(StepInterceptor.java:285)	at net.thucydides.core.steps.StepInterceptor.runSkippedMethod(StepInterceptor.java:140)	at net.thucydides.core.steps.StepInterceptor.skipTestStep(StepInterceptor.java:130)	at net.thucydides.core.steps.StepInterceptor.testStepResult(StepInterceptor.java:121)	at net.thucydides.core.steps.StepInterceptor.intercept(StepInterceptor.java:50)	at com.wakaleo.gameoflife.webtests.steps.PlayerSteps$$EnhancerByCGLIB$$e7ad7fc9.chooses_to_start_a_new_game(&lt;generated&gt;)	at com.wakaleo.gameoflife.webtests.WhenTheUserEntersAnInitialGrid.userShouldBeAbleToEnterLiveCellsInTheGrid(WhenTheUserEntersAnInitialGrid.java:78)	at sun.reflect.NativeMethodAccessorImpl.invoke0(Native Method)	at sun.reflect.NativeMethodAccessorImpl.invoke(NativeMethodAccessorImpl.java:57)	at sun.reflect.DelegatingMethodAccessorImpl.invoke(DelegatingMethodAccessorImpl.java:43)	at java.lang.reflect.Method.invoke(Method.java:606)	at org.junit.runners.model.FrameworkMethod$1.runReflectiveCall(FrameworkMethod.java:45)	at org.junit.internal.runners.model.ReflectiveCallable.run(ReflectiveCallable.java:15)	at org.junit.runners.model.FrameworkMethod.invokeExplosively(FrameworkMethod.java:42)	at org.junit.internal.runners.statements.InvokeMethod.evaluate(InvokeMethod.java:20)	at net.thucydides.junit.runners.ThucydidesStatement.evaluate(ThucydidesStatement.java:21)	at org.junit.runners.ParentRunner.runLeaf(ParentRunner.java:263)	at org.junit.runners.BlockJUnit4ClassRunner.runChild(BlockJUnit4ClassRunner.java:68)	at net.thucydides.junit.runners.ThucydidesRunner.runChild(ThucydidesRunner.java:339)	at net.thucydides.junit.runners.ThucydidesRunner.runChild(ThucydidesRunner.java:56)	at org.junit.runners.ParentRunner$3.run(ParentRunner.java:231)	at org.junit.runners.ParentRunner$1.schedule(ParentRunner.java:60)	at org.junit.runners.ParentRunner.runChildren(ParentRunner.java:229)	at org.junit.runners.ParentRunner.access$000(ParentRunner.java:50)	at org.junit.runners.ParentRunner$2.evaluate(ParentRunner.java:222)	at org.junit.runners.ParentRunner.run(ParentRunner.java:300)	at net.thucydides.junit.runners.ThucydidesRunner.run(ThucydidesRunner.java:201)	at org.junit.runners.Suite.runChild(Suite.java:128)	at org.junit.runners.Suite.runChild(Suite.java:24)	at org.junit.runners.ParentRunner$3.run(ParentRunner.java:231)	at java.util.concurrent.Executors$RunnableAdapter.call(Executors.java:471)	at java.util.concurrent.FutureTask.run(FutureTask.java:262)	at java.util.concurrent.ThreadPoolExecutor.runWorker(ThreadPoolExecutor.java:1145)	at java.util.concurrent.ThreadPoolExecutor$Worker.run(ThreadPoolExecutor.java:615)	at java.lang.Thread.run(Thread.java:745)685622 [pool-1-thread-1] ERROR net.thucydides.core.webdriver.WebDriverFacade - FAILED TO CREATE NEW DRIVER INSTANCE class org.openqa.selenium.firefox.FirefoxDriver: Could not instantiate class org.openqa.selenium.firefox.FirefoxDriver
net.thucydides.core.webdriver.UnsupportedDriverException: Could not instantiate class org.openqa.selenium.firefox.FirefoxDriver	at net.thucydides.core.webdriver.WebDriverFactory.newWebdriverInstance(WebDriverFactory.java:149)	at net.thucydides.core.webdriver.WebDriverFacade.newDriverInstance(WebDriverFacade.java:87)	at net.thucydides.core.webdriver.WebDriverFacade.newProxyDriver(WebDriverFacade.java:82)	at net.thucydides.core.webdriver.WebDriverFacade.getProxiedDriver(WebDriverFacade.java:54)	at net.thucydides.core.pages.Pages.browserIsHeadless(Pages.java:141)	at net.thucydides.core.pages.Pages.openHeadlessDriverIfNotOpen(Pages.java:126)	at net.thucydides.core.pages.Pages.openBrowserIfRequiredFor(Pages.java:119)	at net.thucydides.core.pages.Pages.currentPageAt(Pages.java:107)	at com.wakaleo.gameoflife.webtests.steps.PlayerSteps.onHomePage(PlayerSteps.java:57)	at com.wakaleo.gameoflife.webtests.steps.PlayerSteps.chooses_to_start_a_new_game(PlayerSteps.java:28)	at com.wakaleo.gameoflife.webtests.steps.PlayerSteps$$EnhancerByCGLIB$$e7ad7fc9.CGLIB$chooses_to_start_a_new_game$1(&lt;generated&gt;)	at com.wakaleo.gameoflife.webtests.steps.PlayerSteps$$EnhancerByCGLIB$$e7ad7fc9$$FastClassByCGLIB$$2f6316fe.invoke(&lt;generated&gt;)	at net.sf.cglib.proxy.MethodProxy.invokeSuper(MethodProxy.java:228)	at net.thucydides.core.steps.StepInterceptor.invokeMethod(StepInterceptor.java:285)	at net.thucydides.core.steps.StepInterceptor.runSkippedMethod(StepInterceptor.java:140)	at net.thucydides.core.steps.StepInterceptor.skipTestStep(StepInterceptor.java:130)	at net.thucydides.core.steps.StepInterceptor.testStepResult(StepInterceptor.java:121)	at net.thucydides.core.steps.StepInterceptor.intercept(StepInterceptor.java:50)	at com.wakaleo.gameoflife.webtests.steps.PlayerSteps$$EnhancerByCGLIB$$e7ad7fc9.chooses_to_start_a_new_game(&lt;generated&gt;)	at com.wakaleo.gameoflife.webtests.WhenTheUserEntersAnInitialGrid.userShouldBeAbleToEnterLiveCellsInTheGrid(WhenTheUserEntersAnInitialGrid.java:78)	at sun.reflect.NativeMethodAccessorImpl.invoke0(Native Method)	at sun.reflect.NativeMethodAccessorImpl.invoke(NativeMethodAccessorImpl.java:57)	at sun.reflect.DelegatingMethodAccessorImpl.invoke(DelegatingMethodAccessorImpl.java:43)	at java.lang.reflect.Method.invoke(Method.java:606)	at org.junit.runners.model.FrameworkMethod$1.runReflectiveCall(FrameworkMethod.java:45)	at org.junit.internal.runners.model.ReflectiveCallable.run(ReflectiveCallable.java:15)	at org.junit.runners.model.FrameworkMethod.invokeExplosively(FrameworkMethod.java:42)	at org.junit.internal.runners.statements.InvokeMethod.evaluate(InvokeMethod.java:20)	at net.thucydides.junit.runners.ThucydidesStatement.evaluate(ThucydidesStatement.java:21)	at org.junit.runners.ParentRunner.runLeaf(ParentRunner.java:263)	at org.junit.runners.BlockJUnit4ClassRunner.runChild(BlockJUnit4ClassRunner.java:68)	at net.thucydides.junit.runners.ThucydidesRunner.runChild(ThucydidesRunner.java:339)	at net.thucydides.junit.runners.ThucydidesRunner.runChild(ThucydidesRunner.java:56)	at org.junit.runners.ParentRunner$3.run(ParentRunner.java:231)	at org.junit.runners.ParentRunner$1.schedule(ParentRunner.java:60)	at org.junit.runners.ParentRunner.runChildren(ParentRunner.java:229)	at org.junit.runners.ParentRunner.access$000(ParentRunner.java:50)	at org.junit.runners.ParentRunner$2.evaluate(ParentRunner.java:222)	at org.junit.runners.ParentRunner.run(ParentRunner.java:300)	at net.thucydides.junit.runners.ThucydidesRunner.run(ThucydidesRunner.java:201)	at org.junit.runners.Suite.runChild(Suite.java:128)	at org.junit.runners.Suite.runChild(Suite.java:24)	at org.junit.runners.ParentRunner$3.run(ParentRunner.java:231)	at java.util.concurrent.Executors$RunnableAdapter.call(Executors.java:471)	at java.util.concurrent.FutureTask.run(FutureTask.java:262)	at java.util.concurrent.ThreadPoolExecutor.runWorker(ThreadPoolExecutor.java:1145)	at java.util.concurrent.ThreadPoolExecutor$Worker.run(ThreadPoolExecutor.java:615)	at java.lang.Thread.run(Thread.java:745)Caused by: java.lang.reflect.InvocationTargetException	at sun.reflect.GeneratedConstructorAccessor39.newInstance(Unknown Source)	at sun.reflect.DelegatingConstructorAccessorImpl.newInstance(DelegatingConstructorAccessorImpl.java:45)	at java.lang.reflect.Constructor.newInstance(Constructor.java:526)	at net.thucydides.core.webdriver.WebdriverInstanceFactory.newInstanceOf(WebdriverInstanceFactory.java:28)	at net.thucydides.core.webdriver.WebDriverFactory.firefoxDriverFrom(WebDriverFactory.java:314)	at net.thucydides.core.webdriver.WebDriverFactory.newWebdriverInstance(WebDriverFactory.java:135)	... 47 moreCaused by: org.openqa.selenium.WebDriverException: Failed to connect to binary FirefoxBinary(/usr/bin/firefox) on port 7055; process output follows: 
Error: no display specified
Error: no display specified

Build info: version: &apos;2.25.0&apos;, revision: &apos;17482&apos;, time: &apos;2012-07-18 22:18:01&apos;
System info: os.name: &apos;Linux&apos;, os.arch: &apos;amd64&apos;, os.version: &apos;3.1.1&apos;, java.version: &apos;1.7.0_79&apos;
Driver info: driver.version: FirefoxDriver	at org.openqa.selenium.firefox.internal.NewProfileExtensionConnection.start(NewProfileExtensionConnection.java:121)	at org.openqa.selenium.firefox.FirefoxDriver.startClient(FirefoxDriver.java:245)	at org.openqa.selenium.remote.RemoteWebDriver.&lt;init&gt;(RemoteWebDriver.java:109)	at org.openqa.selenium.firefox.FirefoxDriver.&lt;init&gt;(FirefoxDriver.java:183)	at org.openqa.selenium.firefox.FirefoxDriver.&lt;init&gt;(FirefoxDriver.java:178)	at org.openqa.selenium.firefox.FirefoxDriver.&lt;init&gt;(FirefoxDriver.java:174)	at org.openqa.selenium.firefox.FirefoxDriver.&lt;init&gt;(FirefoxDriver.java:96)	... 53 moreCaused by: org.openqa.selenium.firefox.NotConnectedException: Unable to connect to host localhost on port 7055 after 45000 ms. Firefox console output:
Error: no display specified
Error: no display specified
	at org.openqa.selenium.firefox.internal.NewProfileExtensionConnection.start(NewProfileExtensionConnection.java:109)	... 59 moreorg.openqa.selenium.firefox.NotConnectedException: Unable to connect to host localhost on port 7055 after 45000 ms. Firefox console output:
Error: no display specified
Error: no display specified
	at org.openqa.selenium.firefox.internal.NewProfileExtensionConnection.start(NewProfileExtensionConnection.java:109)	at org.openqa.selenium.firefox.FirefoxDriver.startClient(FirefoxDriver.java:245)	at org.openqa.selenium.remote.RemoteWebDriver.&lt;init&gt;(RemoteWebDriver.java:109)	at org.openqa.selenium.firefox.FirefoxDriver.&lt;init&gt;(FirefoxDriver.java:183)	at org.openqa.selenium.firefox.FirefoxDriver.&lt;init&gt;(FirefoxDriver.java:178)	at org.openqa.selenium.firefox.FirefoxDriver.&lt;init&gt;(FirefoxDriver.java:174)	at org.openqa.selenium.firefox.FirefoxDriver.&lt;init&gt;(FirefoxDriver.java:96)	at sun.reflect.GeneratedConstructorAccessor39.newInstance(Unknown Source)	at sun.reflect.DelegatingConstructorAccessorImpl.newInstance(DelegatingConstructorAccessorImpl.java:45)	at java.lang.reflect.Constructor.newInstance(Constructor.java:526)	at net.thucydides.core.webdriver.WebdriverInstanceFactory.newInstanceOf(WebdriverInstanceFactory.java:28)	at net.thucydides.core.webdriver.WebDriverFactory.firefoxDriverFrom(WebDriverFactory.java:314)	at net.thucydides.core.webdriver.WebDriverFactory.newWebdriverInstance(WebDriverFactory.java:135)	at net.thucydides.core.webdriver.WebDriverFacade.newDriverInstance(WebDriverFacade.java:87)	at net.thucydides.core.webdriver.WebDriverFacade.newProxyDriver(WebDriverFacade.java:82)	at net.thucydides.core.webdriver.WebDriverFacade.getProxiedDriver(WebDriverFacade.java:54)	at net.thucydides.core.pages.Pages.browserIsHeadless(Pages.java:141)	at net.thucydides.core.pages.Pages.openHeadlessDriverIfNotOpen(Pages.java:126)	at net.thucydides.core.pages.Pages.openBrowserIfRequiredFor(Pages.java:119)	at net.thucydides.core.pages.Pages.currentPageAt(Pages.java:107)	at com.wakaleo.gameoflife.webtests.steps.PlayerSteps.onEnterGridPage(PlayerSteps.java:61)	at com.wakaleo.gameoflife.webtests.steps.PlayerSteps.clicks_on_cell_at(PlayerSteps.java:48)	at com.wakaleo.gameoflife.webtests.steps.PlayerSteps$$EnhancerByCGLIB$$e7ad7fc9.CGLIB$clicks_on_cell_at$5(&lt;generated&gt;)	at com.wakaleo.gameoflife.webtests.steps.PlayerSteps$$EnhancerByCGLIB$$e7ad7fc9$$FastClassByCGLIB$$2f6316fe.invoke(&lt;generated&gt;)	at net.sf.cglib.proxy.MethodProxy.invokeSuper(MethodProxy.java:228)	at net.thucydides.core.steps.StepInterceptor.invokeMethod(StepInterceptor.java:285)	at net.thucydides.core.steps.StepInterceptor.runSkippedMethod(StepInterceptor.java:140)	at net.thucydides.core.steps.StepInterceptor.skipTestStep(StepInterceptor.java:130)	at net.thucydides.core.steps.StepInterceptor.testStepResult(StepInterceptor.java:121)	at net.thucydides.core.steps.StepInterceptor.intercept(StepInterceptor.java:50)	at com.wakaleo.gameoflife.webtests.steps.PlayerSteps$$EnhancerByCGLIB$$e7ad7fc9.clicks_on_cell_at(&lt;generated&gt;)	at com.wakaleo.gameoflife.webtests.WhenTheUserEntersAnInitialGrid.userShouldBeAbleToEnterLiveCellsInTheGrid(WhenTheUserEntersAnInitialGrid.java:79)	at sun.reflect.NativeMethodAccessorImpl.invoke0(Native Method)	at sun.reflect.NativeMethodAccessorImpl.invoke(NativeMethodAccessorImpl.java:57)	at sun.reflect.DelegatingMethodAccessorImpl.invoke(DelegatingMethodAccessorImpl.java:43)	at java.lang.reflect.Method.invoke(Method.java:606)	at org.junit.runners.model.FrameworkMethod$1.runReflectiveCall(FrameworkMethod.java:45)	at org.junit.internal.runners.model.ReflectiveCallable.run(ReflectiveCallable.java:15)	at org.junit.runners.model.FrameworkMethod.invokeExplosively(FrameworkMethod.java:42)	at org.junit.internal.runners.statements.InvokeMethod.evaluate(InvokeMethod.java:20)	at net.thucydides.junit.runners.ThucydidesStatement.evaluate(ThucydidesStatement.java:21)	at org.junit.runners.ParentRunner.runLeaf(ParentRunner.java:263)	at org.junit.runners.BlockJUnit4ClassRunner.runChild(BlockJUnit4ClassRunner.java:68)	at net.thucydides.junit.runners.ThucydidesRunner.runChild(ThucydidesRunner.java:339)	at net.thucydides.junit.runners.ThucydidesRunner.runChild(ThucydidesRunner.java:56)	at org.junit.runners.ParentRunner$3.run(ParentRunner.java:231)	at org.junit.runners.ParentRunner$1.schedule(ParentRunner.java:60)	at org.junit.runners.ParentRunner.runChildren(ParentRunner.java:229)	at org.junit.runners.ParentRunner.access$000(ParentRunner.java:50)	at org.junit.runners.ParentRunner$2.evaluate(ParentRunner.java:222)	at org.junit.runners.ParentRunner.run(ParentRunner.java:300)	at net.thucydides.junit.runners.ThucydidesRunner.run(ThucydidesRunner.java:201)	at org.junit.runners.Suite.runChild(Suite.java:128)	at org.junit.runners.Suite.runChild(Suite.java:24)	at org.junit.runners.ParentRunner$3.run(ParentRunner.java:231)	at java.util.concurrent.Executors$RunnableAdapter.call(Executors.java:471)	at java.util.concurrent.FutureTask.run(FutureTask.java:262)	at java.util.concurrent.ThreadPoolExecutor.runWorker(ThreadPoolExecutor.java:1145)	at java.util.concurrent.ThreadPoolExecutor$Worker.run(ThreadPoolExecutor.java:615)	at java.lang.Thread.run(Thread.java:745)730951 [pool-1-thread-1] ERROR net.thucydides.core.webdriver.WebDriverFacade - FAILED TO CREATE NEW DRIVER INSTANCE class org.openqa.selenium.firefox.FirefoxDriver: Could not instantiate class org.openqa.selenium.firefox.FirefoxDriver
net.thucydides.core.webdriver.UnsupportedDriverException: Could not instantiate class org.openqa.selenium.firefox.FirefoxDriver	at net.thucydides.core.webdriver.WebDriverFactory.newWebdriverInstance(WebDriverFactory.java:149)	at net.thucydides.core.webdriver.WebDriverFacade.newDriverInstance(WebDriverFacade.java:87)	at net.thucydides.core.webdriver.WebDriverFacade.newProxyDriver(WebDriverFacade.java:82)	at net.thucydides.core.webdriver.WebDriverFacade.getProxiedDriver(WebDriverFacade.java:54)	at net.thucydides.core.pages.Pages.browserIsHeadless(Pages.java:141)	at net.thucydides.core.pages.Pages.openHeadlessDriverIfNotOpen(Pages.java:126)	at net.thucydides.core.pages.Pages.openBrowserIfRequiredFor(Pages.java:119)	at net.thucydides.core.pages.Pages.currentPageAt(Pages.java:107)	at com.wakaleo.gameoflife.webtests.steps.PlayerSteps.onEnterGridPage(PlayerSteps.java:61)	at com.wakaleo.gameoflife.webtests.steps.PlayerSteps.clicks_on_cell_at(PlayerSteps.java:48)	at com.wakaleo.gameoflife.webtests.steps.PlayerSteps$$EnhancerByCGLIB$$e7ad7fc9.CGLIB$clicks_on_cell_at$5(&lt;generated&gt;)	at com.wakaleo.gameoflife.webtests.steps.PlayerSteps$$EnhancerByCGLIB$$e7ad7fc9$$FastClassByCGLIB$$2f6316fe.invoke(&lt;generated&gt;)	at net.sf.cglib.proxy.MethodProxy.invokeSuper(MethodProxy.java:228)	at net.thucydides.core.steps.StepInterceptor.invokeMethod(StepInterceptor.java:285)	at net.thucydides.core.steps.StepInterceptor.runSkippedMethod(StepInterceptor.java:140)	at net.thucydides.core.steps.StepInterceptor.skipTestStep(StepInterceptor.java:130)	at net.thucydides.core.steps.StepInterceptor.testStepResult(StepInterceptor.java:121)	at net.thucydides.core.steps.StepInterceptor.intercept(StepInterceptor.java:50)	at com.wakaleo.gameoflife.webtests.steps.PlayerSteps$$EnhancerByCGLIB$$e7ad7fc9.clicks_on_cell_at(&lt;generated&gt;)	at com.wakaleo.gameoflife.webtests.WhenTheUserEntersAnInitialGrid.userShouldBeAbleToEnterLiveCellsInTheGrid(WhenTheUserEntersAnInitialGrid.java:79)	at sun.reflect.NativeMethodAccessorImpl.invoke0(Native Method)	at sun.reflect.NativeMethodAccessorImpl.invoke(NativeMethodAccessorImpl.java:57)	at sun.reflect.DelegatingMethodAccessorImpl.invoke(DelegatingMethodAccessorImpl.java:43)	at java.lang.reflect.Method.invoke(Method.java:606)	at org.junit.runners.model.FrameworkMethod$1.runReflectiveCall(FrameworkMethod.java:45)	at org.junit.internal.runners.model.ReflectiveCallable.run(ReflectiveCallable.java:15)	at org.junit.runners.model.FrameworkMethod.invokeExplosively(FrameworkMethod.java:42)	at org.junit.internal.runners.statements.InvokeMethod.evaluate(InvokeMethod.java:20)	at net.thucydides.junit.runners.ThucydidesStatement.evaluate(ThucydidesStatement.java:21)	at org.junit.runners.ParentRunner.runLeaf(ParentRunner.java:263)	at org.junit.runners.BlockJUnit4ClassRunner.runChild(BlockJUnit4ClassRunner.java:68)	at net.thucydides.junit.runners.ThucydidesRunner.runChild(ThucydidesRunner.java:339)	at net.thucydides.junit.runners.ThucydidesRunner.runChild(ThucydidesRunner.java:56)	at org.junit.runners.ParentRunner$3.run(ParentRunner.java:231)	at org.junit.runners.ParentRunner$1.schedule(ParentRunner.java:60)	at org.junit.runners.ParentRunner.runChildren(ParentRunner.java:229)	at org.junit.runners.ParentRunner.access$000(ParentRunner.java:50)	at org.junit.runners.ParentRunner$2.evaluate(ParentRunner.java:222)	at org.junit.runners.ParentRunner.run(ParentRunner.java:300)	at net.thucydides.junit.runners.ThucydidesRunner.run(ThucydidesRunner.java:201)	at org.junit.runners.Suite.runChild(Suite.java:128)	at org.junit.runners.Suite.runChild(Suite.java:24)	at org.junit.runners.ParentRunner$3.run(ParentRunner.java:231)	at java.util.concurrent.Executors$RunnableAdapter.call(Executors.java:471)	at java.util.concurrent.FutureTask.run(FutureTask.java:262)	at java.util.concurrent.ThreadPoolExecutor.runWorker(ThreadPoolExecutor.java:1145)	at java.util.concurrent.ThreadPoolExecutor$Worker.run(ThreadPoolExecutor.java:615)	at java.lang.Thread.run(Thread.java:745)Caused by: java.lang.reflect.InvocationTargetException	at sun.reflect.GeneratedConstructorAccessor39.newInstance(Unknown Source)	at sun.reflect.DelegatingConstructorAccessorImpl.newInstance(DelegatingConstructorAccessorImpl.java:45)	at java.lang.reflect.Constructor.newInstance(Constructor.java:526)	at net.thucydides.core.webdriver.WebdriverInstanceFactory.newInstanceOf(WebdriverInstanceFactory.java:28)	at net.thucydides.core.webdriver.WebDriverFactory.firefoxDriverFrom(WebDriverFactory.java:314)	at net.thucydides.core.webdriver.WebDriverFactory.newWebdriverInstance(WebDriverFactory.java:135)	... 47 moreCaused by: org.openqa.selenium.WebDriverException: Failed to connect to binary FirefoxBinary(/usr/bin/firefox) on port 7055; process output follows: 
Error: no display specified
Error: no display specified

Build info: version: &apos;2.25.0&apos;, revision: &apos;17482&apos;, time: &apos;2012-07-18 22:18:01&apos;
System info: os.name: &apos;Linux&apos;, os.arch: &apos;amd64&apos;, os.version: &apos;3.1.1&apos;, java.version: &apos;1.7.0_79&apos;
Driver info: driver.version: FirefoxDriver	at org.openqa.selenium.firefox.internal.NewProfileExtensionConnection.start(NewProfileExtensionConnection.java:121)	at org.openqa.selenium.firefox.FirefoxDriver.startClient(FirefoxDriver.java:245)	at org.openqa.selenium.remote.RemoteWebDriver.&lt;init&gt;(RemoteWebDriver.java:109)	at org.openqa.selenium.firefox.FirefoxDriver.&lt;init&gt;(FirefoxDriver.java:183)	at org.openqa.selenium.firefox.FirefoxDriver.&lt;init&gt;(FirefoxDriver.java:178)	at org.openqa.selenium.firefox.FirefoxDriver.&lt;init&gt;(FirefoxDriver.java:174)	at org.openqa.selenium.firefox.FirefoxDriver.&lt;init&gt;(FirefoxDriver.java:96)	... 53 moreCaused by: org.openqa.selenium.firefox.NotConnectedException: Unable to connect to host localhost on port 7055 after 45000 ms. Firefox console output:
Error: no display specified
Error: no display specified
	at org.openqa.selenium.firefox.internal.NewProfileExtensionConnection.start(NewProfileExtensionConnection.java:109)	... 59 moreorg.openqa.selenium.firefox.NotConnectedException: Unable to connect to host localhost on port 7055 after 45000 ms. Firefox console output:
Error: no display specified
Error: no display specified
	at org.openqa.selenium.firefox.internal.NewProfileExtensionConnection.start(NewProfileExtensionConnection.java:109)	at org.openqa.selenium.firefox.FirefoxDriver.startClient(FirefoxDriver.java:245)	at org.openqa.selenium.remote.RemoteWebDriver.&lt;init&gt;(RemoteWebDriver.java:109)	at org.openqa.selenium.firefox.FirefoxDriver.&lt;init&gt;(FirefoxDriver.java:183)	at org.openqa.selenium.firefox.FirefoxDriver.&lt;init&gt;(FirefoxDriver.java:178)	at org.openqa.selenium.firefox.FirefoxDriver.&lt;init&gt;(FirefoxDriver.java:174)	at org.openqa.selenium.firefox.FirefoxDriver.&lt;init&gt;(FirefoxDriver.java:96)	at sun.reflect.GeneratedConstructorAccessor39.newInstance(Unknown Source)	at sun.reflect.DelegatingConstructorAccessorImpl.newInstance(DelegatingConstructorAccessorImpl.java:45)	at java.lang.reflect.Constructor.newInstance(Constructor.java:526)	at net.thucydides.core.webdriver.WebdriverInstanceFactory.newInstanceOf(WebdriverInstanceFactory.java:28)	at net.thucydides.core.webdriver.WebDriverFactory.firefoxDriverFrom(WebDriverFactory.java:314)	at net.thucydides.core.webdriver.WebDriverFactory.newWebdriverInstance(WebDriverFactory.java:135)	at net.thucydides.core.webdriver.WebDriverFacade.newDriverInstance(WebDriverFacade.java:87)	at net.thucydides.core.webdriver.WebDriverFacade.newProxyDriver(WebDriverFacade.java:82)	at net.thucydides.core.webdriver.WebDriverFacade.getProxiedDriver(WebDriverFacade.java:54)	at net.thucydides.core.pages.Pages.browserIsHeadless(Pages.java:141)	at net.thucydides.core.pages.Pages.openHeadlessDriverIfNotOpen(Pages.java:126)	at net.thucydides.core.pages.Pages.openBrowserIfRequiredFor(Pages.java:119)	at net.thucydides.core.pages.Pages.currentPageAt(Pages.java:107)	at com.wakaleo.gameoflife.webtests.steps.PlayerSteps.onEnterGridPage(PlayerSteps.java:61)	at com.wakaleo.gameoflife.webtests.steps.PlayerSteps.clicks_on_cell_at(PlayerSteps.java:48)	at com.wakaleo.gameoflife.webtests.steps.PlayerSteps$$EnhancerByCGLIB$$e7ad7fc9.CGLIB$clicks_on_cell_at$5(&lt;generated&gt;)	at com.wakaleo.gameoflife.webtests.steps.PlayerSteps$$EnhancerByCGLIB$$e7ad7fc9$$FastClassByCGLIB$$2f6316fe.invoke(&lt;generated&gt;)	at net.sf.cglib.proxy.MethodProxy.invokeSuper(MethodProxy.java:228)	at net.thucydides.core.steps.StepInterceptor.invokeMethod(StepInterceptor.java:285)	at net.thucydides.core.steps.StepInterceptor.runSkippedMethod(StepInterceptor.java:140)	at net.thucydides.core.steps.StepInterceptor.skipTestStep(StepInterceptor.java:130)	at net.thucydides.core.steps.StepInterceptor.testStepResult(StepInterceptor.java:121)	at net.thucydides.core.steps.StepInterceptor.intercept(StepInterceptor.java:50)	at com.wakaleo.gameoflife.webtests.steps.PlayerSteps$$EnhancerByCGLIB$$e7ad7fc9.clicks_on_cell_at(&lt;generated&gt;)	at com.wakaleo.gameoflife.webtests.WhenTheUserEntersAnInitialGrid.userShouldBeAbleToEnterLiveCellsInTheGrid(WhenTheUserEntersAnInitialGrid.java:80)	at sun.reflect.NativeMethodAccessorImpl.invoke0(Native Method)	at sun.reflect.NativeMethodAccessorImpl.invoke(NativeMethodAccessorImpl.java:57)	at sun.reflect.DelegatingMethodAccessorImpl.invoke(DelegatingMethodAccessorImpl.java:43)	at java.lang.reflect.Method.invoke(Method.java:606)	at org.junit.runners.model.FrameworkMethod$1.runReflectiveCall(FrameworkMethod.java:45)	at org.junit.internal.runners.model.ReflectiveCallable.run(ReflectiveCallable.java:15)	at org.junit.runners.model.FrameworkMethod.invokeExplosively(FrameworkMethod.java:42)	at org.junit.internal.runners.statements.InvokeMethod.evaluate(InvokeMethod.java:20)	at net.thucydides.junit.runners.ThucydidesStatement.evaluate(ThucydidesStatement.java:21)	at org.junit.runners.ParentRunner.runLeaf(ParentRunner.java:263)	at org.junit.runners.BlockJUnit4ClassRunner.runChild(BlockJUnit4ClassRunner.java:68)	at net.thucydides.junit.runners.ThucydidesRunner.runChild(ThucydidesRunner.java:339)	at net.thucydides.junit.runners.ThucydidesRunner.runChild(ThucydidesRunner.java:56)	at org.junit.runners.ParentRunner$3.run(ParentRunner.java:231)	at org.junit.runners.ParentRunner$1.schedule(ParentRunner.java:60)	at org.junit.runners.ParentRunner.runChildren(ParentRunner.java:229)	at org.junit.runners.ParentRunner.access$000(ParentRunner.java:50)	at org.junit.runners.ParentRunner$2.evaluate(ParentRunner.java:222)	at org.junit.runners.ParentRunner.run(ParentRunner.java:300)	at net.thucydides.junit.runners.ThucydidesRunner.run(ThucydidesRunner.java:201)	at org.junit.runners.Suite.runChild(Suite.java:128)	at org.junit.runners.Suite.runChild(Suite.java:24)	at org.junit.runners.ParentRunner$3.run(ParentRunner.java:231)	at java.util.concurrent.Executors$RunnableAdapter.call(Executors.java:471)	at java.util.concurrent.FutureTask.run(FutureTask.java:262)	at java.util.concurrent.ThreadPoolExecutor.runWorker(ThreadPoolExecutor.java:1145)	at java.util.concurrent.ThreadPoolExecutor$Worker.run(ThreadPoolExecutor.java:615)	at java.lang.Thread.run(Thread.java:745)776265 [pool-1-thread-1] ERROR net.thucydides.core.webdriver.WebDriverFacade - FAILED TO CREATE NEW DRIVER INSTANCE class org.openqa.selenium.firefox.FirefoxDriver: Could not instantiate class org.openqa.selenium.firefox.FirefoxDriver
net.thucydides.core.webdriver.UnsupportedDriverException: Could not instantiate class org.openqa.selenium.firefox.FirefoxDriver	at net.thucydides.core.webdriver.WebDriverFactory.newWebdriverInstance(WebDriverFactory.java:149)	at net.thucydides.core.webdriver.WebDriverFacade.newDriverInstance(WebDriverFacade.java:87)	at net.thucydides.core.webdriver.WebDriverFacade.newProxyDriver(WebDriverFacade.java:82)	at net.thucydides.core.webdriver.WebDriverFacade.getProxiedDriver(WebDriverFacade.java:54)	at net.thucydides.core.pages.Pages.browserIsHeadless(Pages.java:141)	at net.thucydides.core.pages.Pages.openHeadlessDriverIfNotOpen(Pages.java:126)	at net.thucydides.core.pages.Pages.openBrowserIfRequiredFor(Pages.java:119)	at net.thucydides.core.pages.Pages.currentPageAt(Pages.java:107)	at com.wakaleo.gameoflife.webtests.steps.PlayerSteps.onEnterGridPage(PlayerSteps.java:61)	at com.wakaleo.gameoflife.webtests.steps.PlayerSteps.clicks_on_cell_at(PlayerSteps.java:48)	at com.wakaleo.gameoflife.webtests.steps.PlayerSteps$$EnhancerByCGLIB$$e7ad7fc9.CGLIB$clicks_on_cell_at$5(&lt;generated&gt;)	at com.wakaleo.gameoflife.webtests.steps.PlayerSteps$$EnhancerByCGLIB$$e7ad7fc9$$FastClassByCGLIB$$2f6316fe.invoke(&lt;generated&gt;)	at net.sf.cglib.proxy.MethodProxy.invokeSuper(MethodProxy.java:228)	at net.thucydides.core.steps.StepInterceptor.invokeMethod(StepInterceptor.java:285)	at net.thucydides.core.steps.StepInterceptor.runSkippedMethod(StepInterceptor.java:140)	at net.thucydides.core.steps.StepInterceptor.skipTestStep(StepInterceptor.java:130)	at net.thucydides.core.steps.StepInterceptor.testStepResult(StepInterceptor.java:121)	at net.thucydides.core.steps.StepInterceptor.intercept(StepInterceptor.java:50)	at com.wakaleo.gameoflife.webtests.steps.PlayerSteps$$EnhancerByCGLIB$$e7ad7fc9.clicks_on_cell_at(&lt;generated&gt;)	at com.wakaleo.gameoflife.webtests.WhenTheUserEntersAnInitialGrid.userShouldBeAbleToEnterLiveCellsInTheGrid(WhenTheUserEntersAnInitialGrid.java:80)	at sun.reflect.NativeMethodAccessorImpl.invoke0(Native Method)	at sun.reflect.NativeMethodAccessorImpl.invoke(NativeMethodAccessorImpl.java:57)	at sun.reflect.DelegatingMethodAccessorImpl.invoke(DelegatingMethodAccessorImpl.java:43)	at java.lang.reflect.Method.invoke(Method.java:606)	at org.junit.runners.model.FrameworkMethod$1.runReflectiveCall(FrameworkMethod.java:45)	at org.junit.internal.runners.model.ReflectiveCallable.run(ReflectiveCallable.java:15)	at org.junit.runners.model.FrameworkMethod.invokeExplosively(FrameworkMethod.java:42)	at org.junit.internal.runners.statements.InvokeMethod.evaluate(InvokeMethod.java:20)	at net.thucydides.junit.runners.ThucydidesStatement.evaluate(ThucydidesStatement.java:21)	at org.junit.runners.ParentRunner.runLeaf(ParentRunner.java:263)	at org.junit.runners.BlockJUnit4ClassRunner.runChild(BlockJUnit4ClassRunner.java:68)	at net.thucydides.junit.runners.ThucydidesRunner.runChild(ThucydidesRunner.java:339)	at net.thucydides.junit.runners.ThucydidesRunner.runChild(ThucydidesRunner.java:56)	at org.junit.runners.ParentRunner$3.run(ParentRunner.java:231)	at org.junit.runners.ParentRunner$1.schedule(ParentRunner.java:60)	at org.junit.runners.ParentRunner.runChildren(ParentRunner.java:229)	at org.junit.runners.ParentRunner.access$000(ParentRunner.java:50)	at org.junit.runners.ParentRunner$2.evaluate(ParentRunner.java:222)	at org.junit.runners.ParentRunner.run(ParentRunner.java:300)	at net.thucydides.junit.runners.ThucydidesRunner.run(ThucydidesRunner.java:201)	at org.junit.runners.Suite.runChild(Suite.java:128)	at org.junit.runners.Suite.runChild(Suite.java:24)	at org.junit.runners.ParentRunner$3.run(ParentRunner.java:231)	at java.util.concurrent.Executors$RunnableAdapter.call(Executors.java:471)	at java.util.concurrent.FutureTask.run(FutureTask.java:262)	at java.util.concurrent.ThreadPoolExecutor.runWorker(ThreadPoolExecutor.java:1145)	at java.util.concurrent.ThreadPoolExecutor$Worker.run(ThreadPoolExecutor.java:615)	at java.lang.Thread.run(Thread.java:745)Caused by: java.lang.reflect.InvocationTargetException	at sun.reflect.GeneratedConstructorAccessor39.newInstance(Unknown Source)	at sun.reflect.DelegatingConstructorAccessorImpl.newInstance(DelegatingConstructorAccessorImpl.java:45)	at java.lang.reflect.Constructor.newInstance(Constructor.java:526)	at net.thucydides.core.webdriver.WebdriverInstanceFactory.newInstanceOf(WebdriverInstanceFactory.java:28)	at net.thucydides.core.webdriver.WebDriverFactory.firefoxDriverFrom(WebDriverFactory.java:314)	at net.thucydides.core.webdriver.WebDriverFactory.newWebdriverInstance(WebDriverFactory.java:135)	... 47 moreCaused by: org.openqa.selenium.WebDriverException: Failed to connect to binary FirefoxBinary(/usr/bin/firefox) on port 7055; process output follows: 
Error: no display specified
Error: no display specified

Build info: version: &apos;2.25.0&apos;, revision: &apos;17482&apos;, time: &apos;2012-07-18 22:18:01&apos;
System info: os.name: &apos;Linux&apos;, os.arch: &apos;amd64&apos;, os.version: &apos;3.1.1&apos;, java.version: &apos;1.7.0_79&apos;
Driver info: driver.version: FirefoxDriver	at org.openqa.selenium.firefox.internal.NewProfileExtensionConnection.start(NewProfileExtensionConnection.java:121)	at org.openqa.selenium.firefox.FirefoxDriver.startClient(FirefoxDriver.java:245)	at org.openqa.selenium.remote.RemoteWebDriver.&lt;init&gt;(RemoteWebDriver.java:109)	at org.openqa.selenium.firefox.FirefoxDriver.&lt;init&gt;(FirefoxDriver.java:183)	at org.openqa.selenium.firefox.FirefoxDriver.&lt;init&gt;(FirefoxDriver.java:178)	at org.openqa.selenium.firefox.FirefoxDriver.&lt;init&gt;(FirefoxDriver.java:174)	at org.openqa.selenium.firefox.FirefoxDriver.&lt;init&gt;(FirefoxDriver.java:96)	... 53 moreCaused by: org.openqa.selenium.firefox.NotConnectedException: Unable to connect to host localhost on port 7055 after 45000 ms. Firefox console output:
Error: no display specified
Error: no display specified
	at org.openqa.selenium.firefox.internal.NewProfileExtensionConnection.start(NewProfileExtensionConnection.java:109)	... 59 moreorg.openqa.selenium.firefox.NotConnectedException: Unable to connect to host localhost on port 7055 after 45000 ms. Firefox console output:
Error: no display specified
Error: no display specified
	at org.openqa.selenium.firefox.internal.NewProfileExtensionConnection.start(NewProfileExtensionConnection.java:109)	at org.openqa.selenium.firefox.FirefoxDriver.startClient(FirefoxDriver.java:245)	at org.openqa.selenium.remote.RemoteWebDriver.&lt;init&gt;(RemoteWebDriver.java:109)	at org.openqa.selenium.firefox.FirefoxDriver.&lt;init&gt;(FirefoxDriver.java:183)	at org.openqa.selenium.firefox.FirefoxDriver.&lt;init&gt;(FirefoxDriver.java:178)	at org.openqa.selenium.firefox.FirefoxDriver.&lt;init&gt;(FirefoxDriver.java:174)	at org.openqa.selenium.firefox.FirefoxDriver.&lt;init&gt;(FirefoxDriver.java:96)	at sun.reflect.GeneratedConstructorAccessor39.newInstance(Unknown Source)	at sun.reflect.DelegatingConstructorAccessorImpl.newInstance(DelegatingConstructorAccessorImpl.java:45)	at java.lang.reflect.Constructor.newInstance(Constructor.java:526)	at net.thucydides.core.webdriver.WebdriverInstanceFactory.newInstanceOf(WebdriverInstanceFactory.java:28)	at net.thucydides.core.webdriver.WebDriverFactory.firefoxDriverFrom(WebDriverFactory.java:314)	at net.thucydides.core.webdriver.WebDriverFactory.newWebdriverInstance(WebDriverFactory.java:135)	at net.thucydides.core.webdriver.WebDriverFacade.newDriverInstance(WebDriverFacade.java:87)	at net.thucydides.core.webdriver.WebDriverFacade.newProxyDriver(WebDriverFacade.java:82)	at net.thucydides.core.webdriver.WebDriverFacade.getProxiedDriver(WebDriverFacade.java:54)	at net.thucydides.core.pages.Pages.browserIsHeadless(Pages.java:141)	at net.thucydides.core.pages.Pages.openHeadlessDriverIfNotOpen(Pages.java:126)	at net.thucydides.core.pages.Pages.openBrowserIfRequiredFor(Pages.java:119)	at net.thucydides.core.pages.Pages.currentPageAt(Pages.java:107)	at com.wakaleo.gameoflife.webtests.steps.PlayerSteps.onEnterGridPage(PlayerSteps.java:61)	at com.wakaleo.gameoflife.webtests.steps.PlayerSteps.clicks_on_cell_at(PlayerSteps.java:48)	at com.wakaleo.gameoflife.webtests.steps.PlayerSteps$$EnhancerByCGLIB$$e7ad7fc9.CGLIB$clicks_on_cell_at$5(&lt;generated&gt;)	at com.wakaleo.gameoflife.webtests.steps.PlayerSteps$$EnhancerByCGLIB$$e7ad7fc9$$FastClassByCGLIB$$2f6316fe.invoke(&lt;generated&gt;)	at net.sf.cglib.proxy.MethodProxy.invokeSuper(MethodProxy.java:228)	at net.thucydides.core.steps.StepInterceptor.invokeMethod(StepInterceptor.java:285)	at net.thucydides.core.steps.StepInterceptor.runSkippedMethod(StepInterceptor.java:140)	at net.thucydides.core.steps.StepInterceptor.skipTestStep(StepInterceptor.java:130)	at net.thucydides.core.steps.StepInterceptor.testStepResult(StepInterceptor.java:121)	at net.thucydides.core.steps.StepInterceptor.intercept(StepInterceptor.java:50)	at com.wakaleo.gameoflife.webtests.steps.PlayerSteps$$EnhancerByCGLIB$$e7ad7fc9.clicks_on_cell_at(&lt;generated&gt;)	at com.wakaleo.gameoflife.webtests.WhenTheUserEntersAnInitialGrid.userShouldBeAbleToEnterLiveCellsInTheGrid(WhenTheUserEntersAnInitialGrid.java:81)	at sun.reflect.NativeMethodAccessorImpl.invoke0(Native Method)	at sun.reflect.NativeMethodAccessorImpl.invoke(NativeMethodAccessorImpl.java:57)	at sun.reflect.DelegatingMethodAccessorImpl.invoke(DelegatingMethodAccessorImpl.java:43)	at java.lang.reflect.Method.invoke(Method.java:606)	at org.junit.runners.model.FrameworkMethod$1.runReflectiveCall(FrameworkMethod.java:45)	at org.junit.internal.runners.model.ReflectiveCallable.run(ReflectiveCallable.java:15)	at org.junit.runners.model.FrameworkMethod.invokeExplosively(FrameworkMethod.java:42)	at org.junit.internal.runners.statements.InvokeMethod.evaluate(InvokeMethod.java:20)	at net.thucydides.junit.runners.ThucydidesStatement.evaluate(ThucydidesStatement.java:21)	at org.junit.runners.ParentRunner.runLeaf(ParentRunner.java:263)	at org.junit.runners.BlockJUnit4ClassRunner.runChild(BlockJUnit4ClassRunner.java:68)	at net.thucydides.junit.runners.ThucydidesRunner.runChild(ThucydidesRunner.java:339)	at net.thucydides.junit.runners.ThucydidesRunner.runChild(ThucydidesRunner.java:56)	at org.junit.runners.ParentRunner$3.run(ParentRunner.java:231)	at org.junit.runners.ParentRunner$1.schedule(ParentRunner.java:60)	at org.junit.runners.ParentRunner.runChildren(ParentRunner.java:229)	at org.junit.runners.ParentRunner.access$000(ParentRunner.java:50)	at org.junit.runners.ParentRunner$2.evaluate(ParentRunner.java:222)	at org.junit.runners.ParentRunner.run(ParentRunner.java:300)	at net.thucydides.junit.runners.ThucydidesRunner.run(ThucydidesRunner.java:201)	at org.junit.runners.Suite.runChild(Suite.java:128)	at org.junit.runners.Suite.runChild(Suite.java:24)	at org.junit.runners.ParentRunner$3.run(ParentRunner.java:231)	at java.util.concurrent.Executors$RunnableAdapter.call(Executors.java:471)	at java.util.concurrent.FutureTask.run(FutureTask.java:262)	at java.util.concurrent.ThreadPoolExecutor.runWorker(ThreadPoolExecutor.java:1145)	at java.util.concurrent.ThreadPoolExecutor$Worker.run(ThreadPoolExecutor.java:615)	at java.lang.Thread.run(Thread.java:745)821577 [pool-1-thread-1] ERROR net.thucydides.core.webdriver.WebDriverFacade - FAILED TO CREATE NEW DRIVER INSTANCE class org.openqa.selenium.firefox.FirefoxDriver: Could not instantiate class org.openqa.selenium.firefox.FirefoxDriver
net.thucydides.core.webdriver.UnsupportedDriverException: Could not instantiate class org.openqa.selenium.firefox.FirefoxDriver	at net.thucydides.core.webdriver.WebDriverFactory.newWebdriverInstance(WebDriverFactory.java:149)	at net.thucydides.core.webdriver.WebDriverFacade.newDriverInstance(WebDriverFacade.java:87)	at net.thucydides.core.webdriver.WebDriverFacade.newProxyDriver(WebDriverFacade.java:82)	at net.thucydides.core.webdriver.WebDriverFacade.getProxiedDriver(WebDriverFacade.java:54)	at net.thucydides.core.pages.Pages.browserIsHeadless(Pages.java:141)	at net.thucydides.core.pages.Pages.openHeadlessDriverIfNotOpen(Pages.java:126)	at net.thucydides.core.pages.Pages.openBrowserIfRequiredFor(Pages.java:119)	at net.thucydides.core.pages.Pages.currentPageAt(Pages.java:107)	at com.wakaleo.gameoflife.webtests.steps.PlayerSteps.onEnterGridPage(PlayerSteps.java:61)	at com.wakaleo.gameoflife.webtests.steps.PlayerSteps.clicks_on_cell_at(PlayerSteps.java:48)	at com.wakaleo.gameoflife.webtests.steps.PlayerSteps$$EnhancerByCGLIB$$e7ad7fc9.CGLIB$clicks_on_cell_at$5(&lt;generated&gt;)	at com.wakaleo.gameoflife.webtests.steps.PlayerSteps$$EnhancerByCGLIB$$e7ad7fc9$$FastClassByCGLIB$$2f6316fe.invoke(&lt;generated&gt;)	at net.sf.cglib.proxy.MethodProxy.invokeSuper(MethodProxy.java:228)	at net.thucydides.core.steps.StepInterceptor.invokeMethod(StepInterceptor.java:285)	at net.thucydides.core.steps.StepInterceptor.runSkippedMethod(StepInterceptor.java:140)	at net.thucydides.core.steps.StepInterceptor.skipTestStep(StepInterceptor.java:130)	at net.thucydides.core.steps.StepInterceptor.testStepResult(StepInterceptor.java:121)	at net.thucydides.core.steps.StepInterceptor.intercept(StepInterceptor.java:50)	at com.wakaleo.gameoflife.webtests.steps.PlayerSteps$$EnhancerByCGLIB$$e7ad7fc9.clicks_on_cell_at(&lt;generated&gt;)	at com.wakaleo.gameoflife.webtests.WhenTheUserEntersAnInitialGrid.userShouldBeAbleToEnterLiveCellsInTheGrid(WhenTheUserEntersAnInitialGrid.java:81)	at sun.reflect.NativeMethodAccessorImpl.invoke0(Native Method)	at sun.reflect.NativeMethodAccessorImpl.invoke(NativeMethodAccessorImpl.java:57)	at sun.reflect.DelegatingMethodAccessorImpl.invoke(DelegatingMethodAccessorImpl.java:43)	at java.lang.reflect.Method.invoke(Method.java:606)	at org.junit.runners.model.FrameworkMethod$1.runReflectiveCall(FrameworkMethod.java:45)	at org.junit.internal.runners.model.ReflectiveCallable.run(ReflectiveCallable.java:15)	at org.junit.runners.model.FrameworkMethod.invokeExplosively(FrameworkMethod.java:42)	at org.junit.internal.runners.statements.InvokeMethod.evaluate(InvokeMethod.java:20)	at net.thucydides.junit.runners.ThucydidesStatement.evaluate(ThucydidesStatement.java:21)	at org.junit.runners.ParentRunner.runLeaf(ParentRunner.java:263)	at org.junit.runners.BlockJUnit4ClassRunner.runChild(BlockJUnit4ClassRunner.java:68)	at net.thucydides.junit.runners.ThucydidesRunner.runChild(ThucydidesRunner.java:339)	at net.thucydides.junit.runners.ThucydidesRunner.runChild(ThucydidesRunner.java:56)	at org.junit.runners.ParentRunner$3.run(ParentRunner.java:231)	at org.junit.runners.ParentRunner$1.schedule(ParentRunner.java:60)	at org.junit.runners.ParentRunner.runChildren(ParentRunner.java:229)	at org.junit.runners.ParentRunner.access$000(ParentRunner.java:50)	at org.junit.runners.ParentRunner$2.evaluate(ParentRunner.java:222)	at org.junit.runners.ParentRunner.run(ParentRunner.java:300)	at net.thucydides.junit.runners.ThucydidesRunner.run(ThucydidesRunner.java:201)	at org.junit.runners.Suite.runChild(Suite.java:128)	at org.junit.runners.Suite.runChild(Suite.java:24)	at org.junit.runners.ParentRunner$3.run(ParentRunner.java:231)	at java.util.concurrent.Executors$RunnableAdapter.call(Executors.java:471)	at java.util.concurrent.FutureTask.run(FutureTask.java:262)	at java.util.concurrent.ThreadPoolExecutor.runWorker(ThreadPoolExecutor.java:1145)	at java.util.concurrent.ThreadPoolExecutor$Worker.run(ThreadPoolExecutor.java:615)	at java.lang.Thread.run(Thread.java:745)Caused by: java.lang.reflect.InvocationTargetException	at sun.reflect.GeneratedConstructorAccessor39.newInstance(Unknown Source)	at sun.reflect.DelegatingConstructorAccessorImpl.newInstance(DelegatingConstructorAccessorImpl.java:45)	at java.lang.reflect.Constructor.newInstance(Constructor.java:526)	at net.thucydides.core.webdriver.WebdriverInstanceFactory.newInstanceOf(WebdriverInstanceFactory.java:28)	at net.thucydides.core.webdriver.WebDriverFactory.firefoxDriverFrom(WebDriverFactory.java:314)	at net.thucydides.core.webdriver.WebDriverFactory.newWebdriverInstance(WebDriverFactory.java:135)	... 47 moreCaused by: org.openqa.selenium.WebDriverException: Failed to connect to binary FirefoxBinary(/usr/bin/firefox) on port 7055; process output follows: 
Error: no display specified
Error: no display specified

Build info: version: &apos;2.25.0&apos;, revision: &apos;17482&apos;, time: &apos;2012-07-18 22:18:01&apos;
System info: os.name: &apos;Linux&apos;, os.arch: &apos;amd64&apos;, os.version: &apos;3.1.1&apos;, java.version: &apos;1.7.0_79&apos;
Driver info: driver.version: FirefoxDriver	at org.openqa.selenium.firefox.internal.NewProfileExtensionConnection.start(NewProfileExtensionConnection.java:121)	at org.openqa.selenium.firefox.FirefoxDriver.startClient(FirefoxDriver.java:245)	at org.openqa.selenium.remote.RemoteWebDriver.&lt;init&gt;(RemoteWebDriver.java:109)	at org.openqa.selenium.firefox.FirefoxDriver.&lt;init&gt;(FirefoxDriver.java:183)	at org.openqa.selenium.firefox.FirefoxDriver.&lt;init&gt;(FirefoxDriver.java:178)	at org.openqa.selenium.firefox.FirefoxDriver.&lt;init&gt;(FirefoxDriver.java:174)	at org.openqa.selenium.firefox.FirefoxDriver.&lt;init&gt;(FirefoxDriver.java:96)	... 53 moreCaused by: org.openqa.selenium.firefox.NotConnectedException: Unable to connect to host localhost on port 7055 after 45000 ms. Firefox console output:
Error: no display specified
Error: no display specified
	at org.openqa.selenium.firefox.internal.NewProfileExtensionConnection.start(NewProfileExtensionConnection.java:109)	... 59 moreorg.openqa.selenium.firefox.NotConnectedException: Unable to connect to host localhost on port 7055 after 45000 ms. Firefox console output:
Error: no display specified
Error: no display specified
	at org.openqa.selenium.firefox.internal.NewProfileExtensionConnection.start(NewProfileExtensionConnection.java:109)	at org.openqa.selenium.firefox.FirefoxDriver.startClient(FirefoxDriver.java:245)	at org.openqa.selenium.remote.RemoteWebDriver.&lt;init&gt;(RemoteWebDriver.java:109)	at org.openqa.selenium.firefox.FirefoxDriver.&lt;init&gt;(FirefoxDriver.java:183)	at org.openqa.selenium.firefox.FirefoxDriver.&lt;init&gt;(FirefoxDriver.java:178)	at org.openqa.selenium.firefox.FirefoxDriver.&lt;init&gt;(FirefoxDriver.java:174)	at org.openqa.selenium.firefox.FirefoxDriver.&lt;init&gt;(FirefoxDriver.java:96)	at sun.reflect.GeneratedConstructorAccessor39.newInstance(Unknown Source)	at sun.reflect.DelegatingConstructorAccessorImpl.newInstance(DelegatingConstructorAccessorImpl.java:45)	at java.lang.reflect.Constructor.newInstance(Constructor.java:526)	at net.thucydides.core.webdriver.WebdriverInstanceFactory.newInstanceOf(WebdriverInstanceFactory.java:28)	at net.thucydides.core.webdriver.WebDriverFactory.firefoxDriverFrom(WebDriverFactory.java:314)	at net.thucydides.core.webdriver.WebDriverFactory.newWebdriverInstance(WebDriverFactory.java:135)	at net.thucydides.core.webdriver.WebDriverFacade.newDriverInstance(WebDriverFacade.java:87)	at net.thucydides.core.webdriver.WebDriverFacade.newProxyDriver(WebDriverFacade.java:82)	at net.thucydides.core.webdriver.WebDriverFacade.getProxiedDriver(WebDriverFacade.java:54)	at net.thucydides.core.pages.Pages.browserIsHeadless(Pages.java:141)	at net.thucydides.core.pages.Pages.openHeadlessDriverIfNotOpen(Pages.java:126)	at net.thucydides.core.pages.Pages.openBrowserIfRequiredFor(Pages.java:119)	at net.thucydides.core.pages.Pages.currentPageAt(Pages.java:107)	at com.wakaleo.gameoflife.webtests.steps.PlayerSteps.onEnterGridPage(PlayerSteps.java:61)	at com.wakaleo.gameoflife.webtests.steps.PlayerSteps.starts_simulation(PlayerSteps.java:43)	at com.wakaleo.gameoflife.webtests.steps.PlayerSteps$$EnhancerByCGLIB$$e7ad7fc9.CGLIB$starts_simulation$3(&lt;generated&gt;)	at com.wakaleo.gameoflife.webtests.steps.PlayerSteps$$EnhancerByCGLIB$$e7ad7fc9$$FastClassByCGLIB$$2f6316fe.invoke(&lt;generated&gt;)	at net.sf.cglib.proxy.MethodProxy.invokeSuper(MethodProxy.java:228)	at net.thucydides.core.steps.StepInterceptor.invokeMethod(StepInterceptor.java:285)	at net.thucydides.core.steps.StepInterceptor.runSkippedMethod(StepInterceptor.java:140)	at net.thucydides.core.steps.StepInterceptor.skipTestStep(StepInterceptor.java:130)	at net.thucydides.core.steps.StepInterceptor.testStepResult(StepInterceptor.java:121)	at net.thucydides.core.steps.StepInterceptor.intercept(StepInterceptor.java:50)	at com.wakaleo.gameoflife.webtests.steps.PlayerSteps$$EnhancerByCGLIB$$e7ad7fc9.starts_simulation(&lt;generated&gt;)	at com.wakaleo.gameoflife.webtests.WhenTheUserEntersAnInitialGrid.userShouldBeAbleToEnterLiveCellsInTheGrid(WhenTheUserEntersAnInitialGrid.java:82)	at sun.reflect.NativeMethodAccessorImpl.invoke0(Native Method)	at sun.reflect.NativeMethodAccessorImpl.invoke(NativeMethodAccessorImpl.java:57)	at sun.reflect.DelegatingMethodAccessorImpl.invoke(DelegatingMethodAccessorImpl.java:43)	at java.lang.reflect.Method.invoke(Method.java:606)	at org.junit.runners.model.FrameworkMethod$1.runReflectiveCall(FrameworkMethod.java:45)	at org.junit.internal.runners.model.ReflectiveCallable.run(ReflectiveCallable.java:15)	at org.junit.runners.model.FrameworkMethod.invokeExplosively(FrameworkMethod.java:42)	at org.junit.internal.runners.statements.InvokeMethod.evaluate(InvokeMethod.java:20)	at net.thucydides.junit.runners.ThucydidesStatement.evaluate(ThucydidesStatement.java:21)	at org.junit.runners.ParentRunner.runLeaf(ParentRunner.java:263)	at org.junit.runners.BlockJUnit4ClassRunner.runChild(BlockJUnit4ClassRunner.java:68)	at net.thucydides.junit.runners.ThucydidesRunner.runChild(ThucydidesRunner.java:339)	at net.thucydides.junit.runners.ThucydidesRunner.runChild(ThucydidesRunner.java:56)	at org.junit.runners.ParentRunner$3.run(ParentRunner.java:231)	at org.junit.runners.ParentRunner$1.schedule(ParentRunner.java:60)	at org.junit.runners.ParentRunner.runChildren(ParentRunner.java:229)	at org.junit.runners.ParentRunner.access$000(ParentRunner.java:50)	at org.junit.runners.ParentRunner$2.evaluate(ParentRunner.java:222)	at org.junit.runners.ParentRunner.run(ParentRunner.java:300)	at net.thucydides.junit.runners.ThucydidesRunner.run(ThucydidesRunner.java:201)	at org.junit.runners.Suite.runChild(Suite.java:128)	at org.junit.runners.Suite.runChild(Suite.java:24)	at org.junit.runners.ParentRunner$3.run(ParentRunner.java:231)	at java.util.concurrent.Executors$RunnableAdapter.call(Executors.java:471)	at java.util.concurrent.FutureTask.run(FutureTask.java:262)	at java.util.concurrent.ThreadPoolExecutor.runWorker(ThreadPoolExecutor.java:1145)	at java.util.concurrent.ThreadPoolExecutor$Worker.run(ThreadPoolExecutor.java:615)	at java.lang.Thread.run(Thread.java:745)866878 [pool-1-thread-1] ERROR net.thucydides.core.webdriver.WebDriverFacade - FAILED TO CREATE NEW DRIVER INSTANCE class org.openqa.selenium.firefox.FirefoxDriver: Could not instantiate class org.openqa.selenium.firefox.FirefoxDriver
net.thucydides.core.webdriver.UnsupportedDriverException: Could not instantiate class org.openqa.selenium.firefox.FirefoxDriver	at net.thucydides.core.webdriver.WebDriverFactory.newWebdriverInstance(WebDriverFactory.java:149)	at net.thucydides.core.webdriver.WebDriverFacade.newDriverInstance(WebDriverFacade.java:87)	at net.thucydides.core.webdriver.WebDriverFacade.newProxyDriver(WebDriverFacade.java:82)	at net.thucydides.core.webdriver.WebDriverFacade.getProxiedDriver(WebDriverFacade.java:54)	at net.thucydides.core.pages.Pages.browserIsHeadless(Pages.java:141)	at net.thucydides.core.pages.Pages.openHeadlessDriverIfNotOpen(Pages.java:126)	at net.thucydides.core.pages.Pages.openBrowserIfRequiredFor(Pages.java:119)	at net.thucydides.core.pages.Pages.currentPageAt(Pages.java:107)	at com.wakaleo.gameoflife.webtests.steps.PlayerSteps.onEnterGridPage(PlayerSteps.java:61)	at com.wakaleo.gameoflife.webtests.steps.PlayerSteps.starts_simulation(PlayerSteps.java:43)	at com.wakaleo.gameoflife.webtests.steps.PlayerSteps$$EnhancerByCGLIB$$e7ad7fc9.CGLIB$starts_simulation$3(&lt;generated&gt;)	at com.wakaleo.gameoflife.webtests.steps.PlayerSteps$$EnhancerByCGLIB$$e7ad7fc9$$FastClassByCGLIB$$2f6316fe.invoke(&lt;generated&gt;)	at net.sf.cglib.proxy.MethodProxy.invokeSuper(MethodProxy.java:228)	at net.thucydides.core.steps.StepInterceptor.invokeMethod(StepInterceptor.java:285)	at net.thucydides.core.steps.StepInterceptor.runSkippedMethod(StepInterceptor.java:140)	at net.thucydides.core.steps.StepInterceptor.skipTestStep(StepInterceptor.java:130)	at net.thucydides.core.steps.StepInterceptor.testStepResult(StepInterceptor.java:121)	at net.thucydides.core.steps.StepInterceptor.intercept(StepInterceptor.java:50)	at com.wakaleo.gameoflife.webtests.steps.PlayerSteps$$EnhancerByCGLIB$$e7ad7fc9.starts_simulation(&lt;generated&gt;)	at com.wakaleo.gameoflife.webtests.WhenTheUserEntersAnInitialGrid.userShouldBeAbleToEnterLiveCellsInTheGrid(WhenTheUserEntersAnInitialGrid.java:82)	at sun.reflect.NativeMethodAccessorImpl.invoke0(Native Method)	at sun.reflect.NativeMethodAccessorImpl.invoke(NativeMethodAccessorImpl.java:57)	at sun.reflect.DelegatingMethodAccessorImpl.invoke(DelegatingMethodAccessorImpl.java:43)	at java.lang.reflect.Method.invoke(Method.java:606)	at org.junit.runners.model.FrameworkMethod$1.runReflectiveCall(FrameworkMethod.java:45)	at org.junit.internal.runners.model.ReflectiveCallable.run(ReflectiveCallable.java:15)	at org.junit.runners.model.FrameworkMethod.invokeExplosively(FrameworkMethod.java:42)	at org.junit.internal.runners.statements.InvokeMethod.evaluate(InvokeMethod.java:20)	at net.thucydides.junit.runners.ThucydidesStatement.evaluate(ThucydidesStatement.java:21)	at org.junit.runners.ParentRunner.runLeaf(ParentRunner.java:263)	at org.junit.runners.BlockJUnit4ClassRunner.runChild(BlockJUnit4ClassRunner.java:68)	at net.thucydides.junit.runners.ThucydidesRunner.runChild(ThucydidesRunner.java:339)	at net.thucydides.junit.runners.ThucydidesRunner.runChild(ThucydidesRunner.java:56)	at org.junit.runners.ParentRunner$3.run(ParentRunner.java:231)	at org.junit.runners.ParentRunner$1.schedule(ParentRunner.java:60)	at org.junit.runners.ParentRunner.runChildren(ParentRunner.java:229)	at org.junit.runners.ParentRunner.access$000(ParentRunner.java:50)	at org.junit.runners.ParentRunner$2.evaluate(ParentRunner.java:222)	at org.junit.runners.ParentRunner.run(ParentRunner.java:300)	at net.thucydides.junit.runners.ThucydidesRunner.run(ThucydidesRunner.java:201)	at org.junit.runners.Suite.runChild(Suite.java:128)	at org.junit.runners.Suite.runChild(Suite.java:24)	at org.junit.runners.ParentRunner$3.run(ParentRunner.java:231)	at java.util.concurrent.Executors$RunnableAdapter.call(Executors.java:471)	at java.util.concurrent.FutureTask.run(FutureTask.java:262)	at java.util.concurrent.ThreadPoolExecutor.runWorker(ThreadPoolExecutor.java:1145)	at java.util.concurrent.ThreadPoolExecutor$Worker.run(ThreadPoolExecutor.java:615)	at java.lang.Thread.run(Thread.java:745)Caused by: java.lang.reflect.InvocationTargetException	at sun.reflect.GeneratedConstructorAccessor39.newInstance(Unknown Source)	at sun.reflect.DelegatingConstructorAccessorImpl.newInstance(DelegatingConstructorAccessorImpl.java:45)	at java.lang.reflect.Constructor.newInstance(Constructor.java:526)	at net.thucydides.core.webdriver.WebdriverInstanceFactory.newInstanceOf(WebdriverInstanceFactory.java:28)	at net.thucydides.core.webdriver.WebDriverFactory.firefoxDriverFrom(WebDriverFactory.java:314)	at net.thucydides.core.webdriver.WebDriverFactory.newWebdriverInstance(WebDriverFactory.java:135)	... 47 moreCaused by: org.openqa.selenium.WebDriverException: Failed to connect to binary FirefoxBinary(/usr/bin/firefox) on port 7055; process output follows: 
Error: no display specified
Error: no display specified

Build info: version: &apos;2.25.0&apos;, revision: &apos;17482&apos;, time: &apos;2012-07-18 22:18:01&apos;
System info: os.name: &apos;Linux&apos;, os.arch: &apos;amd64&apos;, os.version: &apos;3.1.1&apos;, java.version: &apos;1.7.0_79&apos;
Driver info: driver.version: FirefoxDriver	at org.openqa.selenium.firefox.internal.NewProfileExtensionConnection.start(NewProfileExtensionConnection.java:121)	at org.openqa.selenium.firefox.FirefoxDriver.startClient(FirefoxDriver.java:245)	at org.openqa.selenium.remote.RemoteWebDriver.&lt;init&gt;(RemoteWebDriver.java:109)	at org.openqa.selenium.firefox.FirefoxDriver.&lt;init&gt;(FirefoxDriver.java:183)	at org.openqa.selenium.firefox.FirefoxDriver.&lt;init&gt;(FirefoxDriver.java:178)	at org.openqa.selenium.firefox.FirefoxDriver.&lt;init&gt;(FirefoxDriver.java:174)	at org.openqa.selenium.firefox.FirefoxDriver.&lt;init&gt;(FirefoxDriver.java:96)	... 53 moreCaused by: org.openqa.selenium.firefox.NotConnectedException: Unable to connect to host localhost on port 7055 after 45000 ms. Firefox console output:
Error: no display specified
Error: no display specified
	at org.openqa.selenium.firefox.internal.NewProfileExtensionConnection.start(NewProfileExtensionConnection.java:109)	... 59 moreorg.openqa.selenium.firefox.NotConnectedException: Unable to connect to host localhost on port 7055 after 45000 ms. Firefox console output:
Error: no display specified
Error: no display specified
	at org.openqa.selenium.firefox.internal.NewProfileExtensionConnection.start(NewProfileExtensionConnection.java:109)	at org.openqa.selenium.firefox.FirefoxDriver.startClient(FirefoxDriver.java:245)	at org.openqa.selenium.remote.RemoteWebDriver.&lt;init&gt;(RemoteWebDriver.java:109)	at org.openqa.selenium.firefox.FirefoxDriver.&lt;init&gt;(FirefoxDriver.java:183)	at org.openqa.selenium.firefox.FirefoxDriver.&lt;init&gt;(FirefoxDriver.java:178)	at org.openqa.selenium.firefox.FirefoxDriver.&lt;init&gt;(FirefoxDriver.java:174)	at org.openqa.selenium.firefox.FirefoxDriver.&lt;init&gt;(FirefoxDriver.java:96)	at sun.reflect.GeneratedConstructorAccessor39.newInstance(Unknown Source)	at sun.reflect.DelegatingConstructorAccessorImpl.newInstance(DelegatingConstructorAccessorImpl.java:45)	at java.lang.reflect.Constructor.newInstance(Constructor.java:526)	at net.thucydides.core.webdriver.WebdriverInstanceFactory.newInstanceOf(WebdriverInstanceFactory.java:28)	at net.thucydides.core.webdriver.WebDriverFactory.firefoxDriverFrom(WebDriverFactory.java:314)	at net.thucydides.core.webdriver.WebDriverFactory.newWebdriverInstance(WebDriverFactory.java:135)	at net.thucydides.core.webdriver.WebDriverFacade.newDriverInstance(WebDriverFacade.java:87)	at net.thucydides.core.webdriver.WebDriverFacade.newProxyDriver(WebDriverFacade.java:82)	at net.thucydides.core.webdriver.WebDriverFacade.getProxiedDriver(WebDriverFacade.java:54)	at net.thucydides.core.pages.Pages.browserIsHeadless(Pages.java:141)	at net.thucydides.core.pages.Pages.openHeadlessDriverIfNotOpen(Pages.java:126)	at net.thucydides.core.pages.Pages.openBrowserIfRequiredFor(Pages.java:119)	at net.thucydides.core.pages.Pages.currentPageAt(Pages.java:107)	at com.wakaleo.gameoflife.webtests.steps.PlayerSteps.onShowGridPage(PlayerSteps.java:65)	at com.wakaleo.gameoflife.webtests.steps.PlayerSteps.should_see_grid(PlayerSteps.java:38)	at com.wakaleo.gameoflife.webtests.steps.PlayerSteps$$EnhancerByCGLIB$$e7ad7fc9.CGLIB$should_see_grid$4(&lt;generated&gt;)	at com.wakaleo.gameoflife.webtests.steps.PlayerSteps$$EnhancerByCGLIB$$e7ad7fc9$$FastClassByCGLIB$$2f6316fe.invoke(&lt;generated&gt;)	at net.sf.cglib.proxy.MethodProxy.invokeSuper(MethodProxy.java:228)	at net.thucydides.core.steps.StepInterceptor.invokeMethod(StepInterceptor.java:285)	at net.thucydides.core.steps.StepInterceptor.runSkippedMethod(StepInterceptor.java:140)	at net.thucydides.core.steps.StepInterceptor.skipTestStep(StepInterceptor.java:130)	at net.thucydides.core.steps.StepInterceptor.testStepResult(StepInterceptor.java:121)	at net.thucydides.core.steps.StepInterceptor.intercept(StepInterceptor.java:50)	at com.wakaleo.gameoflife.webtests.steps.PlayerSteps$$EnhancerByCGLIB$$e7ad7fc9.should_see_grid(&lt;generated&gt;)	at com.wakaleo.gameoflife.webtests.WhenTheUserEntersAnInitialGrid.userShouldBeAbleToEnterLiveCellsInTheGrid(WhenTheUserEntersAnInitialGrid.java:88)	at sun.reflect.NativeMethodAccessorImpl.invoke0(Native Method)	at sun.reflect.NativeMethodAccessorImpl.invoke(NativeMethodAccessorImpl.java:57)	at sun.reflect.DelegatingMethodAccessorImpl.invoke(DelegatingMethodAccessorImpl.java:43)	at java.lang.reflect.Method.invoke(Method.java:606)	at org.junit.runners.model.FrameworkMethod$1.runReflectiveCall(FrameworkMethod.java:45)	at org.junit.internal.runners.model.ReflectiveCallable.run(ReflectiveCallable.java:15)	at org.junit.runners.model.FrameworkMethod.invokeExplosively(FrameworkMethod.java:42)	at org.junit.internal.runners.statements.InvokeMethod.evaluate(InvokeMethod.java:20)	at net.thucydides.junit.runners.ThucydidesStatement.evaluate(ThucydidesStatement.java:21)	at org.junit.runners.ParentRunner.runLeaf(ParentRunner.java:263)	at org.junit.runners.BlockJUnit4ClassRunner.runChild(BlockJUnit4ClassRunner.java:68)	at net.thucydides.junit.runners.ThucydidesRunner.runChild(ThucydidesRunner.java:339)	at net.thucydides.junit.runners.ThucydidesRunner.runChild(ThucydidesRunner.java:56)	at org.junit.runners.ParentRunner$3.run(ParentRunner.java:231)	at org.junit.runners.ParentRunner$1.schedule(ParentRunner.java:60)	at org.junit.runners.ParentRunner.runChildren(ParentRunner.java:229)	at org.junit.runners.ParentRunner.access$000(ParentRunner.java:50)	at org.junit.runners.ParentRunner$2.evaluate(ParentRunner.java:222)	at org.junit.runners.ParentRunner.run(ParentRunner.java:300)	at net.thucydides.junit.runners.ThucydidesRunner.run(ThucydidesRunner.java:201)	at org.junit.runners.Suite.runChild(Suite.java:128)	at org.junit.runners.Suite.runChild(Suite.java:24)	at org.junit.runners.ParentRunner$3.run(ParentRunner.java:231)	at java.util.concurrent.Executors$RunnableAdapter.call(Executors.java:471)	at java.util.concurrent.FutureTask.run(FutureTask.java:262)	at java.util.concurrent.ThreadPoolExecutor.runWorker(ThreadPoolExecutor.java:1145)	at java.util.concurrent.ThreadPoolExecutor$Worker.run(ThreadPoolExecutor.java:615)	at java.lang.Thread.run(Thread.java:745)912201 [pool-1-thread-1] ERROR net.thucydides.core.webdriver.WebDriverFacade - FAILED TO CREATE NEW DRIVER INSTANCE class org.openqa.selenium.firefox.FirefoxDriver: Could not instantiate class org.openqa.selenium.firefox.FirefoxDriver
net.thucydides.core.webdriver.UnsupportedDriverException: Could not instantiate class org.openqa.selenium.firefox.FirefoxDriver	at net.thucydides.core.webdriver.WebDriverFactory.newWebdriverInstance(WebDriverFactory.java:149)	at net.thucydides.core.webdriver.WebDriverFacade.newDriverInstance(WebDriverFacade.java:87)	at net.thucydides.core.webdriver.WebDriverFacade.newProxyDriver(WebDriverFacade.java:82)	at net.thucydides.core.webdriver.WebDriverFacade.getProxiedDriver(WebDriverFacade.java:54)	at net.thucydides.core.pages.Pages.browserIsHeadless(Pages.java:141)	at net.thucydides.core.pages.Pages.openHeadlessDriverIfNotOpen(Pages.java:126)	at net.thucydides.core.pages.Pages.openBrowserIfRequiredFor(Pages.java:119)	at net.thucydides.core.pages.Pages.currentPageAt(Pages.java:107)	at com.wakaleo.gameoflife.webtests.steps.PlayerSteps.onShowGridPage(PlayerSteps.java:65)	at com.wakaleo.gameoflife.webtests.steps.PlayerSteps.should_see_grid(PlayerSteps.java:38)	at com.wakaleo.gameoflife.webtests.steps.PlayerSteps$$EnhancerByCGLIB$$e7ad7fc9.CGLIB$should_see_grid$4(&lt;generated&gt;)	at com.wakaleo.gameoflife.webtests.steps.PlayerSteps$$EnhancerByCGLIB$$e7ad7fc9$$FastClassByCGLIB$$2f6316fe.invoke(&lt;generated&gt;)	at net.sf.cglib.proxy.MethodProxy.invokeSuper(MethodProxy.java:228)	at net.thucydides.core.steps.StepInterceptor.invokeMethod(StepInterceptor.java:285)	at net.thucydides.core.steps.StepInterceptor.runSkippedMethod(StepInterceptor.java:140)	at net.thucydides.core.steps.StepInterceptor.skipTestStep(StepInterceptor.java:130)	at net.thucydides.core.steps.StepInterceptor.testStepResult(StepInterceptor.java:121)	at net.thucydides.core.steps.StepInterceptor.intercept(StepInterceptor.java:50)	at com.wakaleo.gameoflife.webtests.steps.PlayerSteps$$EnhancerByCGLIB$$e7ad7fc9.should_see_grid(&lt;generated&gt;)	at com.wakaleo.gameoflife.webtests.WhenTheUserEntersAnInitialGrid.userShouldBeAbleToEnterLiveCellsInTheGrid(WhenTheUserEntersAnInitialGrid.java:88)	at sun.reflect.NativeMethodAccessorImpl.invoke0(Native Method)	at sun.reflect.NativeMethodAccessorImpl.invoke(NativeMethodAccessorImpl.java:57)	at sun.reflect.DelegatingMethodAccessorImpl.invoke(DelegatingMethodAccessorImpl.java:43)	at java.lang.reflect.Method.invoke(Method.java:606)	at org.junit.runners.model.FrameworkMethod$1.runReflectiveCall(FrameworkMethod.java:45)	at org.junit.internal.runners.model.ReflectiveCallable.run(ReflectiveCallable.java:15)	at org.junit.runners.model.FrameworkMethod.invokeExplosively(FrameworkMethod.java:42)	at org.junit.internal.runners.statements.InvokeMethod.evaluate(InvokeMethod.java:20)	at net.thucydides.junit.runners.ThucydidesStatement.evaluate(ThucydidesStatement.java:21)	at org.junit.runners.ParentRunner.runLeaf(ParentRunner.java:263)	at org.junit.runners.BlockJUnit4ClassRunner.runChild(BlockJUnit4ClassRunner.java:68)	at net.thucydides.junit.runners.ThucydidesRunner.runChild(ThucydidesRunner.java:339)	at net.thucydides.junit.runners.ThucydidesRunner.runChild(ThucydidesRunner.java:56)	at org.junit.runners.ParentRunner$3.run(ParentRunner.java:231)	at org.junit.runners.ParentRunner$1.schedule(ParentRunner.java:60)	at org.junit.runners.ParentRunner.runChildren(ParentRunner.java:229)	at org.junit.runners.ParentRunner.access$000(ParentRunner.java:50)	at org.junit.runners.ParentRunner$2.evaluate(ParentRunner.java:222)	at org.junit.runners.ParentRunner.run(ParentRunner.java:300)	at net.thucydides.junit.runners.ThucydidesRunner.run(ThucydidesRunner.java:201)	at org.junit.runners.Suite.runChild(Suite.java:128)	at org.junit.runners.Suite.runChild(Suite.java:24)	at org.junit.runners.ParentRunner$3.run(ParentRunner.java:231)	at java.util.concurrent.Executors$RunnableAdapter.call(Executors.java:471)	at java.util.concurrent.FutureTask.run(FutureTask.java:262)	at java.util.concurrent.ThreadPoolExecutor.runWorker(ThreadPoolExecutor.java:1145)	at java.util.concurrent.ThreadPoolExecutor$Worker.run(ThreadPoolExecutor.java:615)	at java.lang.Thread.run(Thread.java:745)Caused by: java.lang.reflect.InvocationTargetException	at sun.reflect.GeneratedConstructorAccessor39.newInstance(Unknown Source)	at sun.reflect.DelegatingConstructorAccessorImpl.newInstance(DelegatingConstructorAccessorImpl.java:45)	at java.lang.reflect.Constructor.newInstance(Constructor.java:526)	at net.thucydides.core.webdriver.WebdriverInstanceFactory.newInstanceOf(WebdriverInstanceFactory.java:28)	at net.thucydides.core.webdriver.WebDriverFactory.firefoxDriverFrom(WebDriverFactory.java:314)	at net.thucydides.core.webdriver.WebDriverFactory.newWebdriverInstance(WebDriverFactory.java:135)	... 47 moreCaused by: org.openqa.selenium.WebDriverException: Failed to connect to binary FirefoxBinary(/usr/bin/firefox) on port 7055; process output follows: 
Error: no display specified
Error: no display specified

Build info: version: &apos;2.25.0&apos;, revision: &apos;17482&apos;, time: &apos;2012-07-18 22:18:01&apos;
System info: os.name: &apos;Linux&apos;, os.arch: &apos;amd64&apos;, os.version: &apos;3.1.1&apos;, java.version: &apos;1.7.0_79&apos;
Driver info: driver.version: FirefoxDriver	at org.openqa.selenium.firefox.internal.NewProfileExtensionConnection.start(NewProfileExtensionConnection.java:121)	at org.openqa.selenium.firefox.FirefoxDriver.startClient(FirefoxDriver.java:245)	at org.openqa.selenium.remote.RemoteWebDriver.&lt;init&gt;(RemoteWebDriver.java:109)	at org.openqa.selenium.firefox.FirefoxDriver.&lt;init&gt;(FirefoxDriver.java:183)	at org.openqa.selenium.firefox.FirefoxDriver.&lt;init&gt;(FirefoxDriver.java:178)	at org.openqa.selenium.firefox.FirefoxDriver.&lt;init&gt;(FirefoxDriver.java:174)	at org.openqa.selenium.firefox.FirefoxDriver.&lt;init&gt;(FirefoxDriver.java:96)	... 53 moreCaused by: org.openqa.selenium.firefox.NotConnectedException: Unable to connect to host localhost on port 7055 after 45000 ms. Firefox console output:
Error: no display specified
Error: no display specified
	at org.openqa.selenium.firefox.internal.NewProfileExtensionConnection.start(NewProfileExtensionConnection.java:109)	... 59 more912209 [pool-1-thread-1] INFO net.thucydides.core.Thucydides - 
           __  _____ _____ ____ _____   _____ _    ___ _     _____ ____  
  _       / / |_   _| ____/ ___|_   _| |  ___/ \  |_ _| |   | ____|  _ \ 
 (_)_____| |    | | |  _| \___ \ | |   | |_ / _ \  | || |   |  _| | | | |
  _|_____| |    | | | |___ ___) || |   |  _/ ___ \ | || |___| |___| |_| |
 (_)     | |    |_| |_____|____/ |_|   |_|/_/   \_\___|_____|_____|____/ 
          \_\                                                            

TEST FAILED: User should be able to enter live cells in the grid
--------------------------------------------------------------------------
912210 [pool-1-thread-1] INFO net.thucydides.core.Thucydides - RELATED ISSUES: 
912210 [pool-1-thread-1] INFO net.thucydides.core.Thucydides - 
  _____ _    ___ _     _   _ ____  _____ 
 |  ___/ \  |_ _| |   | | | |  _ \| ____|
 | |_ / _ \  | || |   | | | | |_) |  _|  
 |  _/ ___ \ | || |___| |_| |  _ &lt;| |___ 
 |_|/_/   \_\___|_____|\___/|_| \_\_____|
                                         

Could not instantiate class org.openqa.selenium.firefox.FirefoxDriver
912211 [pool-1-thread-1] INFO net.thucydides.core.Thucydides - 
           __  _____ _____ ____ _____   _____ _    ___ _     _____ ____  
  _       / / |_   _| ____/ ___|_   _| |  ___/ \  |_ _| |   | ____|  _ \ 
 (_)_____| |    | | |  _| \___ \ | |   | |_ / _ \  | || |   |  _| | | | |
  _|_____| |    | | | |___ ___) || |   |  _/ ___ \ | || |___| |___| |_| |
 (_)     | |    |_| |_____|____/ |_|   |_|/_/   \_\___|_____|_____|____/ 
          \_\                                                            

TEST FAILED: User should be able to enter live cells in the grid
--------------------------------------------------------------------------
912211 [pool-1-thread-1] INFO net.thucydides.core.Thucydides - RELATED ISSUES: 
912211 [pool-1-thread-1] INFO net.thucydides.core.Thucydides - 
  _____ _    ___ _     _   _ ____  _____ 
 |  ___/ \  |_ _| |   | | | |  _ \| ____|
 | |_ / _ \  | || |   | | | | |_) |  _|  
 |  _/ ___ \ | || |___| |_| |  _ &lt;| |___ 
 |_|/_/   \_\___|_____|\___/|_| \_\_____|
                                         

Could not instantiate class org.openqa.selenium.firefox.FirefoxDriver
</system-err>
  </testcase>
  <testcase time="0.919" classname="com.wakaleo.gameoflife.webtests.WhenTheUserEntersAnInitialGrid" name="theGridPageShouldHaveALinkBackToTheHomePage">
    <failure message="Could not instantiate class org.openqa.selenium.firefox.FirefoxDriver" type="net.thucydides.core.webdriver.WebdriverAssertionError">net.thucydides.core.webdriver.WebdriverAssertionError: Could not instantiate class org.openqa.selenium.firefox.FirefoxDriver
	at net.thucydides.core.webdriver.WebDriverFacade.newDriverInstance(WebDriverFacade.java:90)
	at net.thucydides.core.webdriver.WebDriverFacade.newProxyDriver(WebDriverFacade.java:82)
	at net.thucydides.core.webdriver.WebDriverFacade.getProxiedDriver(WebDriverFacade.java:54)
	at net.thucydides.core.pages.Pages.browserIsHeadless(Pages.java:141)
	at net.thucydides.core.pages.Pages.openHeadlessDriverIfNotOpen(Pages.java:126)
	at net.thucydides.core.pages.Pages.openBrowserIfRequiredFor(Pages.java:119)
	at net.thucydides.core.pages.Pages.currentPageAt(Pages.java:107)
	at com.wakaleo.gameoflife.webtests.steps.PlayerSteps.onHomePage(PlayerSteps.java:57)
	at com.wakaleo.gameoflife.webtests.steps.PlayerSteps.opens_home_page(PlayerSteps.java:18)
	at com.wakaleo.gameoflife.webtests.steps.PlayerSteps$$EnhancerByCGLIB$$e7ad7fc9.CGLIB$opens_home_page$0(&lt;generated&gt;)
	at com.wakaleo.gameoflife.webtests.steps.PlayerSteps$$EnhancerByCGLIB$$e7ad7fc9$$FastClassByCGLIB$$2f6316fe.invoke(&lt;generated&gt;)
	at net.sf.cglib.proxy.MethodProxy.invokeSuper(MethodProxy.java:228)
	at net.thucydides.core.steps.StepInterceptor.executeTestStepMethod(StepInterceptor.java:273)
	at net.thucydides.core.steps.StepInterceptor.runTestStep(StepInterceptor.java:252)
	at net.thucydides.core.steps.StepInterceptor.testStepResult(StepInterceptor.java:124)
	at net.thucydides.core.steps.StepInterceptor.intercept(StepInterceptor.java:50)
	at com.wakaleo.gameoflife.webtests.steps.PlayerSteps$$EnhancerByCGLIB$$e7ad7fc9.opens_home_page(&lt;generated&gt;)
	at com.wakaleo.gameoflife.webtests.WhenTheUserEntersAnInitialGrid.theGridPageShouldHaveALinkBackToTheHomePage(WhenTheUserEntersAnInitialGrid.java:94)
	at sun.reflect.NativeMethodAccessorImpl.invoke0(Native Method)
	at sun.reflect.NativeMethodAccessorImpl.invoke(NativeMethodAccessorImpl.java:57)
	at sun.reflect.DelegatingMethodAccessorImpl.invoke(DelegatingMethodAccessorImpl.java:43)
	at java.lang.reflect.Method.invoke(Method.java:606)
	at org.junit.runners.model.FrameworkMethod$1.runReflectiveCall(FrameworkMethod.java:45)
	at org.junit.internal.runners.model.ReflectiveCallable.run(ReflectiveCallable.java:15)
	at org.junit.runners.model.FrameworkMethod.invokeExplosively(FrameworkMethod.java:42)
	at org.junit.internal.runners.statements.InvokeMethod.evaluate(InvokeMethod.java:20)
	at net.thucydides.junit.runners.ThucydidesStatement.evaluate(ThucydidesStatement.java:21)
	at org.junit.runners.ParentRunner.runLeaf(ParentRunner.java:263)
	at org.junit.runners.BlockJUnit4ClassRunner.runChild(BlockJUnit4ClassRunner.java:68)
	at net.thucydides.junit.runners.ThucydidesRunner.runChild(ThucydidesRunner.java:339)
	at net.thucydides.junit.runners.ThucydidesRunner.runChild(ThucydidesRunner.java:56)
	at org.junit.runners.ParentRunner$3.run(ParentRunner.java:231)
	at org.junit.runners.ParentRunner$1.schedule(ParentRunner.java:60)
	at org.junit.runners.ParentRunner.runChildren(ParentRunner.java:229)
	at org.junit.runners.ParentRunner.access$000(ParentRunner.java:50)
	at org.junit.runners.ParentRunner$2.evaluate(ParentRunner.java:222)
	at org.junit.runners.ParentRunner.run(ParentRunner.java:300)
	at net.thucydides.junit.runners.ThucydidesRunner.run(ThucydidesRunner.java:201)
	at org.junit.runners.Suite.runChild(Suite.java:128)
	at org.junit.runners.Suite.runChild(Suite.java:24)
	at org.junit.runners.ParentRunner$3.run(ParentRunner.java:231)
	at java.util.concurrent.Executors$RunnableAdapter.call(Executors.java:471)
	at java.util.concurrent.FutureTask.run(FutureTask.java:262)
	at java.util.concurrent.ThreadPoolExecutor.runWorker(ThreadPoolExecutor.java:1145)
	at java.util.concurrent.ThreadPoolExecutor$Worker.run(ThreadPoolExecutor.java:615)
	at java.lang.Thread.run(Thread.java:745)
</failure>
    <system-err>912214 [pool-1-thread-1] INFO net.thucydides.core.Thucydides - 
  _____ _____ ____ _____   ____ _____  _    ____ _____ _____ ____  
 |_   _| ____/ ___|_   _| / ___|_   _|/ \  |  _ \_   _| ____|  _ \ 
   | | |  _| \___ \ | |   \___ \ | | / _ \ | |_) || | |  _| | | | |
   | | | |___ ___) || |    ___) || |/ ___ \|  _ &lt; | | | |___| |_| |
   |_| |_____|____/ |_|   |____/ |_/_/   \_\_| \_\|_| |_____|____/ 
                                                                   

TEST STARTED: theGridPageShouldHaveALinkBackToTheHomePage
--------------------------------------------------------------------
912214 [pool-1-thread-1] INFO net.thucydides.core.Thucydides - TEST NUMBER: 13
912215 [pool-1-thread-1] INFO net.thucydides.core.Thucydides - 
  _____ _____ ____ _____   ____ _____  _    ____ _____ _____ ____  
 |_   _| ____/ ___|_   _| / ___|_   _|/ \  |  _ \_   _| ____|  _ \ 
   | | |  _| \___ \ | |   \___ \ | | / _ \ | |_) || | |  _| | | | |
   | | | |___ ___) || |    ___) || |/ ___ \|  _ &lt; | | | |___| |_| |
   |_| |_____|____/ |_|   |____/ |_/_/   \_\_| \_\|_| |_____|____/ 
                                                                   

TEST STARTED: theGridPageShouldHaveALinkBackToTheHomePage
--------------------------------------------------------------------
912215 [pool-1-thread-1] INFO net.thucydides.core.Thucydides - TEST NUMBER: 14
org.openqa.selenium.firefox.NotConnectedException: Unable to connect to host localhost on port 7055 after 45000 ms. Firefox console output:
Error: no display specified
Error: no display specified
	at org.openqa.selenium.firefox.internal.NewProfileExtensionConnection.start(NewProfileExtensionConnection.java:109)	at org.openqa.selenium.firefox.FirefoxDriver.startClient(FirefoxDriver.java:245)	at org.openqa.selenium.remote.RemoteWebDriver.&lt;init&gt;(RemoteWebDriver.java:109)	at org.openqa.selenium.firefox.FirefoxDriver.&lt;init&gt;(FirefoxDriver.java:183)	at org.openqa.selenium.firefox.FirefoxDriver.&lt;init&gt;(FirefoxDriver.java:178)	at org.openqa.selenium.firefox.FirefoxDriver.&lt;init&gt;(FirefoxDriver.java:174)	at org.openqa.selenium.firefox.FirefoxDriver.&lt;init&gt;(FirefoxDriver.java:96)	at sun.reflect.GeneratedConstructorAccessor39.newInstance(Unknown Source)	at sun.reflect.DelegatingConstructorAccessorImpl.newInstance(DelegatingConstructorAccessorImpl.java:45)	at java.lang.reflect.Constructor.newInstance(Constructor.java:526)	at net.thucydides.core.webdriver.WebdriverInstanceFactory.newInstanceOf(WebdriverInstanceFactory.java:28)	at net.thucydides.core.webdriver.WebDriverFactory.firefoxDriverFrom(WebDriverFactory.java:314)	at net.thucydides.core.webdriver.WebDriverFactory.newWebdriverInstance(WebDriverFactory.java:135)	at net.thucydides.core.webdriver.WebDriverFacade.newDriverInstance(WebDriverFacade.java:87)	at net.thucydides.core.webdriver.WebDriverFacade.newProxyDriver(WebDriverFacade.java:82)	at net.thucydides.core.webdriver.WebDriverFacade.getProxiedDriver(WebDriverFacade.java:54)	at net.thucydides.core.pages.Pages.browserIsHeadless(Pages.java:141)	at net.thucydides.core.pages.Pages.openHeadlessDriverIfNotOpen(Pages.java:126)	at net.thucydides.core.pages.Pages.openBrowserIfRequiredFor(Pages.java:119)	at net.thucydides.core.pages.Pages.currentPageAt(Pages.java:107)	at com.wakaleo.gameoflife.webtests.steps.PlayerSteps.onHomePage(PlayerSteps.java:57)	at com.wakaleo.gameoflife.webtests.steps.PlayerSteps.opens_home_page(PlayerSteps.java:18)	at com.wakaleo.gameoflife.webtests.steps.PlayerSteps$$EnhancerByCGLIB$$e7ad7fc9.CGLIB$opens_home_page$0(&lt;generated&gt;)	at com.wakaleo.gameoflife.webtests.steps.PlayerSteps$$EnhancerByCGLIB$$e7ad7fc9$$FastClassByCGLIB$$2f6316fe.invoke(&lt;generated&gt;)	at net.sf.cglib.proxy.MethodProxy.invokeSuper(MethodProxy.java:228)	at net.thucydides.core.steps.StepInterceptor.executeTestStepMethod(StepInterceptor.java:273)	at net.thucydides.core.steps.StepInterceptor.runTestStep(StepInterceptor.java:252)	at net.thucydides.core.steps.StepInterceptor.testStepResult(StepInterceptor.java:124)	at net.thucydides.core.steps.StepInterceptor.intercept(StepInterceptor.java:50)	at com.wakaleo.gameoflife.webtests.steps.PlayerSteps$$EnhancerByCGLIB$$e7ad7fc9.opens_home_page(&lt;generated&gt;)	at com.wakaleo.gameoflife.webtests.WhenTheUserEntersAnInitialGrid.theGridPageShouldHaveALinkBackToTheHomePage(WhenTheUserEntersAnInitialGrid.java:94)	at sun.reflect.NativeMethodAccessorImpl.invoke0(Native Method)	at sun.reflect.NativeMethodAccessorImpl.invoke(NativeMethodAccessorImpl.java:57)	at sun.reflect.DelegatingMethodAccessorImpl.invoke(DelegatingMethodAccessorImpl.java:43)	at java.lang.reflect.Method.invoke(Method.java:606)	at org.junit.runners.model.FrameworkMethod$1.runReflectiveCall(FrameworkMethod.java:45)	at org.junit.internal.runners.model.ReflectiveCallable.run(ReflectiveCallable.java:15)	at org.junit.runners.model.FrameworkMethod.invokeExplosively(FrameworkMethod.java:42)	at org.junit.internal.runners.statements.InvokeMethod.evaluate(InvokeMethod.java:20)	at net.thucydides.junit.runners.ThucydidesStatement.evaluate(ThucydidesStatement.java:21)	at org.junit.runners.ParentRunner.runLeaf(ParentRunner.java:263)	at org.junit.runners.BlockJUnit4ClassRunner.runChild(BlockJUnit4ClassRunner.java:68)	at net.thucydides.junit.runners.ThucydidesRunner.runChild(ThucydidesRunner.java:339)	at net.thucydides.junit.runners.ThucydidesRunner.runChild(ThucydidesRunner.java:56)	at org.junit.runners.ParentRunner$3.run(ParentRunner.java:231)	at org.junit.runners.ParentRunner$1.schedule(ParentRunner.java:60)	at org.junit.runners.ParentRunner.runChildren(ParentRunner.java:229)	at org.junit.runners.ParentRunner.access$000(ParentRunner.java:50)	at org.junit.runners.ParentRunner$2.evaluate(ParentRunner.java:222)	at org.junit.runners.ParentRunner.run(ParentRunner.java:300)	at net.thucydides.junit.runners.ThucydidesRunner.run(ThucydidesRunner.java:201)	at org.junit.runners.Suite.runChild(Suite.java:128)	at org.junit.runners.Suite.runChild(Suite.java:24)	at org.junit.runners.ParentRunner$3.run(ParentRunner.java:231)	at java.util.concurrent.Executors$RunnableAdapter.call(Executors.java:471)	at java.util.concurrent.FutureTask.run(FutureTask.java:262)	at java.util.concurrent.ThreadPoolExecutor.runWorker(ThreadPoolExecutor.java:1145)	at java.util.concurrent.ThreadPoolExecutor$Worker.run(ThreadPoolExecutor.java:615)	at java.lang.Thread.run(Thread.java:745)957538 [pool-1-thread-1] ERROR net.thucydides.core.webdriver.WebDriverFacade - FAILED TO CREATE NEW DRIVER INSTANCE class org.openqa.selenium.firefox.FirefoxDriver: Could not instantiate class org.openqa.selenium.firefox.FirefoxDriver
net.thucydides.core.webdriver.UnsupportedDriverException: Could not instantiate class org.openqa.selenium.firefox.FirefoxDriver	at net.thucydides.core.webdriver.WebDriverFactory.newWebdriverInstance(WebDriverFactory.java:149)	at net.thucydides.core.webdriver.WebDriverFacade.newDriverInstance(WebDriverFacade.java:87)	at net.thucydides.core.webdriver.WebDriverFacade.newProxyDriver(WebDriverFacade.java:82)	at net.thucydides.core.webdriver.WebDriverFacade.getProxiedDriver(WebDriverFacade.java:54)	at net.thucydides.core.pages.Pages.browserIsHeadless(Pages.java:141)	at net.thucydides.core.pages.Pages.openHeadlessDriverIfNotOpen(Pages.java:126)	at net.thucydides.core.pages.Pages.openBrowserIfRequiredFor(Pages.java:119)	at net.thucydides.core.pages.Pages.currentPageAt(Pages.java:107)	at com.wakaleo.gameoflife.webtests.steps.PlayerSteps.onHomePage(PlayerSteps.java:57)	at com.wakaleo.gameoflife.webtests.steps.PlayerSteps.opens_home_page(PlayerSteps.java:18)	at com.wakaleo.gameoflife.webtests.steps.PlayerSteps$$EnhancerByCGLIB$$e7ad7fc9.CGLIB$opens_home_page$0(&lt;generated&gt;)	at com.wakaleo.gameoflife.webtests.steps.PlayerSteps$$EnhancerByCGLIB$$e7ad7fc9$$FastClassByCGLIB$$2f6316fe.invoke(&lt;generated&gt;)	at net.sf.cglib.proxy.MethodProxy.invokeSuper(MethodProxy.java:228)	at net.thucydides.core.steps.StepInterceptor.executeTestStepMethod(StepInterceptor.java:273)	at net.thucydides.core.steps.StepInterceptor.runTestStep(StepInterceptor.java:252)	at net.thucydides.core.steps.StepInterceptor.testStepResult(StepInterceptor.java:124)	at net.thucydides.core.steps.StepInterceptor.intercept(StepInterceptor.java:50)	at com.wakaleo.gameoflife.webtests.steps.PlayerSteps$$EnhancerByCGLIB$$e7ad7fc9.opens_home_page(&lt;generated&gt;)	at com.wakaleo.gameoflife.webtests.WhenTheUserEntersAnInitialGrid.theGridPageShouldHaveALinkBackToTheHomePage(WhenTheUserEntersAnInitialGrid.java:94)	at sun.reflect.NativeMethodAccessorImpl.invoke0(Native Method)	at sun.reflect.NativeMethodAccessorImpl.invoke(NativeMethodAccessorImpl.java:57)	at sun.reflect.DelegatingMethodAccessorImpl.invoke(DelegatingMethodAccessorImpl.java:43)	at java.lang.reflect.Method.invoke(Method.java:606)	at org.junit.runners.model.FrameworkMethod$1.runReflectiveCall(FrameworkMethod.java:45)	at org.junit.internal.runners.model.ReflectiveCallable.run(ReflectiveCallable.java:15)	at org.junit.runners.model.FrameworkMethod.invokeExplosively(FrameworkMethod.java:42)	at org.junit.internal.runners.statements.InvokeMethod.evaluate(InvokeMethod.java:20)	at net.thucydides.junit.runners.ThucydidesStatement.evaluate(ThucydidesStatement.java:21)	at org.junit.runners.ParentRunner.runLeaf(ParentRunner.java:263)	at org.junit.runners.BlockJUnit4ClassRunner.runChild(BlockJUnit4ClassRunner.java:68)	at net.thucydides.junit.runners.ThucydidesRunner.runChild(ThucydidesRunner.java:339)	at net.thucydides.junit.runners.ThucydidesRunner.runChild(ThucydidesRunner.java:56)	at org.junit.runners.ParentRunner$3.run(ParentRunner.java:231)	at org.junit.runners.ParentRunner$1.schedule(ParentRunner.java:60)	at org.junit.runners.ParentRunner.runChildren(ParentRunner.java:229)	at org.junit.runners.ParentRunner.access$000(ParentRunner.java:50)	at org.junit.runners.ParentRunner$2.evaluate(ParentRunner.java:222)	at org.junit.runners.ParentRunner.run(ParentRunner.java:300)	at net.thucydides.junit.runners.ThucydidesRunner.run(ThucydidesRunner.java:201)	at org.junit.runners.Suite.runChild(Suite.java:128)	at org.junit.runners.Suite.runChild(Suite.java:24)	at org.junit.runners.ParentRunner$3.run(ParentRunner.java:231)	at java.util.concurrent.Executors$RunnableAdapter.call(Executors.java:471)	at java.util.concurrent.FutureTask.run(FutureTask.java:262)	at java.util.concurrent.ThreadPoolExecutor.runWorker(ThreadPoolExecutor.java:1145)	at java.util.concurrent.ThreadPoolExecutor$Worker.run(ThreadPoolExecutor.java:615)	at java.lang.Thread.run(Thread.java:745)Caused by: java.lang.reflect.InvocationTargetException	at sun.reflect.GeneratedConstructorAccessor39.newInstance(Unknown Source)	at sun.reflect.DelegatingConstructorAccessorImpl.newInstance(DelegatingConstructorAccessorImpl.java:45)	at java.lang.reflect.Constructor.newInstance(Constructor.java:526)	at net.thucydides.core.webdriver.WebdriverInstanceFactory.newInstanceOf(WebdriverInstanceFactory.java:28)	at net.thucydides.core.webdriver.WebDriverFactory.firefoxDriverFrom(WebDriverFactory.java:314)	at net.thucydides.core.webdriver.WebDriverFactory.newWebdriverInstance(WebDriverFactory.java:135)	... 46 moreCaused by: org.openqa.selenium.WebDriverException: Failed to connect to binary FirefoxBinary(/usr/bin/firefox) on port 7055; process output follows: 
Error: no display specified
Error: no display specified

Build info: version: &apos;2.25.0&apos;, revision: &apos;17482&apos;, time: &apos;2012-07-18 22:18:01&apos;
System info: os.name: &apos;Linux&apos;, os.arch: &apos;amd64&apos;, os.version: &apos;3.1.1&apos;, java.version: &apos;1.7.0_79&apos;
Driver info: driver.version: FirefoxDriver	at org.openqa.selenium.firefox.internal.NewProfileExtensionConnection.start(NewProfileExtensionConnection.java:121)	at org.openqa.selenium.firefox.FirefoxDriver.startClient(FirefoxDriver.java:245)	at org.openqa.selenium.remote.RemoteWebDriver.&lt;init&gt;(RemoteWebDriver.java:109)	at org.openqa.selenium.firefox.FirefoxDriver.&lt;init&gt;(FirefoxDriver.java:183)	at org.openqa.selenium.firefox.FirefoxDriver.&lt;init&gt;(FirefoxDriver.java:178)	at org.openqa.selenium.firefox.FirefoxDriver.&lt;init&gt;(FirefoxDriver.java:174)	at org.openqa.selenium.firefox.FirefoxDriver.&lt;init&gt;(FirefoxDriver.java:96)	... 52 moreCaused by: org.openqa.selenium.firefox.NotConnectedException: Unable to connect to host localhost on port 7055 after 45000 ms. Firefox console output:
Error: no display specified
Error: no display specified
	at org.openqa.selenium.firefox.internal.NewProfileExtensionConnection.start(NewProfileExtensionConnection.java:109)	... 58 moreorg.openqa.selenium.firefox.NotConnectedException: Unable to connect to host localhost on port 7055 after 45000 ms. Firefox console output:
Error: no display specified
Error: no display specified
	at org.openqa.selenium.firefox.internal.NewProfileExtensionConnection.start(NewProfileExtensionConnection.java:109)	at org.openqa.selenium.firefox.FirefoxDriver.startClient(FirefoxDriver.java:245)	at org.openqa.selenium.remote.RemoteWebDriver.&lt;init&gt;(RemoteWebDriver.java:109)	at org.openqa.selenium.firefox.FirefoxDriver.&lt;init&gt;(FirefoxDriver.java:183)	at org.openqa.selenium.firefox.FirefoxDriver.&lt;init&gt;(FirefoxDriver.java:178)	at org.openqa.selenium.firefox.FirefoxDriver.&lt;init&gt;(FirefoxDriver.java:174)	at org.openqa.selenium.firefox.FirefoxDriver.&lt;init&gt;(FirefoxDriver.java:96)	at sun.reflect.GeneratedConstructorAccessor39.newInstance(Unknown Source)	at sun.reflect.DelegatingConstructorAccessorImpl.newInstance(DelegatingConstructorAccessorImpl.java:45)	at java.lang.reflect.Constructor.newInstance(Constructor.java:526)	at net.thucydides.core.webdriver.WebdriverInstanceFactory.newInstanceOf(WebdriverInstanceFactory.java:28)	at net.thucydides.core.webdriver.WebDriverFactory.firefoxDriverFrom(WebDriverFactory.java:314)	at net.thucydides.core.webdriver.WebDriverFactory.newWebdriverInstance(WebDriverFactory.java:135)	at net.thucydides.core.webdriver.WebDriverFacade.newDriverInstance(WebDriverFacade.java:87)	at net.thucydides.core.webdriver.WebDriverFacade.newProxyDriver(WebDriverFacade.java:82)	at net.thucydides.core.webdriver.WebDriverFacade.getProxiedDriver(WebDriverFacade.java:54)	at net.thucydides.core.pages.Pages.browserIsHeadless(Pages.java:141)	at net.thucydides.core.pages.Pages.openHeadlessDriverIfNotOpen(Pages.java:126)	at net.thucydides.core.pages.Pages.openBrowserIfRequiredFor(Pages.java:119)	at net.thucydides.core.pages.Pages.currentPageAt(Pages.java:107)	at com.wakaleo.gameoflife.webtests.steps.PlayerSteps.onHomePage(PlayerSteps.java:57)	at com.wakaleo.gameoflife.webtests.steps.PlayerSteps.chooses_to_start_a_new_game(PlayerSteps.java:28)	at com.wakaleo.gameoflife.webtests.steps.PlayerSteps$$EnhancerByCGLIB$$e7ad7fc9.CGLIB$chooses_to_start_a_new_game$1(&lt;generated&gt;)	at com.wakaleo.gameoflife.webtests.steps.PlayerSteps$$EnhancerByCGLIB$$e7ad7fc9$$FastClassByCGLIB$$2f6316fe.invoke(&lt;generated&gt;)	at net.sf.cglib.proxy.MethodProxy.invokeSuper(MethodProxy.java:228)	at net.thucydides.core.steps.StepInterceptor.invokeMethod(StepInterceptor.java:285)	at net.thucydides.core.steps.StepInterceptor.runSkippedMethod(StepInterceptor.java:140)	at net.thucydides.core.steps.StepInterceptor.skipTestStep(StepInterceptor.java:130)	at net.thucydides.core.steps.StepInterceptor.testStepResult(StepInterceptor.java:121)	at net.thucydides.core.steps.StepInterceptor.intercept(StepInterceptor.java:50)	at com.wakaleo.gameoflife.webtests.steps.PlayerSteps$$EnhancerByCGLIB$$e7ad7fc9.chooses_to_start_a_new_game(&lt;generated&gt;)	at com.wakaleo.gameoflife.webtests.WhenTheUserEntersAnInitialGrid.theGridPageShouldHaveALinkBackToTheHomePage(WhenTheUserEntersAnInitialGrid.java:95)	at sun.reflect.NativeMethodAccessorImpl.invoke0(Native Method)	at sun.reflect.NativeMethodAccessorImpl.invoke(NativeMethodAccessorImpl.java:57)	at sun.reflect.DelegatingMethodAccessorImpl.invoke(DelegatingMethodAccessorImpl.java:43)	at java.lang.reflect.Method.invoke(Method.java:606)	at org.junit.runners.model.FrameworkMethod$1.runReflectiveCall(FrameworkMethod.java:45)	at org.junit.internal.runners.model.ReflectiveCallable.run(ReflectiveCallable.java:15)	at org.junit.runners.model.FrameworkMethod.invokeExplosively(FrameworkMethod.java:42)	at org.junit.internal.runners.statements.InvokeMethod.evaluate(InvokeMethod.java:20)	at net.thucydides.junit.runners.ThucydidesStatement.evaluate(ThucydidesStatement.java:21)	at org.junit.runners.ParentRunner.runLeaf(ParentRunner.java:263)	at org.junit.runners.BlockJUnit4ClassRunner.runChild(BlockJUnit4ClassRunner.java:68)	at net.thucydides.junit.runners.ThucydidesRunner.runChild(ThucydidesRunner.java:339)	at net.thucydides.junit.runners.ThucydidesRunner.runChild(ThucydidesRunner.java:56)	at org.junit.runners.ParentRunner$3.run(ParentRunner.java:231)	at org.junit.runners.ParentRunner$1.schedule(ParentRunner.java:60)	at org.junit.runners.ParentRunner.runChildren(ParentRunner.java:229)	at org.junit.runners.ParentRunner.access$000(ParentRunner.java:50)	at org.junit.runners.ParentRunner$2.evaluate(ParentRunner.java:222)	at org.junit.runners.ParentRunner.run(ParentRunner.java:300)	at net.thucydides.junit.runners.ThucydidesRunner.run(ThucydidesRunner.java:201)	at org.junit.runners.Suite.runChild(Suite.java:128)	at org.junit.runners.Suite.runChild(Suite.java:24)	at org.junit.runners.ParentRunner$3.run(ParentRunner.java:231)	at java.util.concurrent.Executors$RunnableAdapter.call(Executors.java:471)	at java.util.concurrent.FutureTask.run(FutureTask.java:262)	at java.util.concurrent.ThreadPoolExecutor.runWorker(ThreadPoolExecutor.java:1145)	at java.util.concurrent.ThreadPoolExecutor$Worker.run(ThreadPoolExecutor.java:615)	at java.lang.Thread.run(Thread.java:745)1002854 [pool-1-thread-1] ERROR net.thucydides.core.webdriver.WebDriverFacade - FAILED TO CREATE NEW DRIVER INSTANCE class org.openqa.selenium.firefox.FirefoxDriver: Could not instantiate class org.openqa.selenium.firefox.FirefoxDriver
net.thucydides.core.webdriver.UnsupportedDriverException: Could not instantiate class org.openqa.selenium.firefox.FirefoxDriver	at net.thucydides.core.webdriver.WebDriverFactory.newWebdriverInstance(WebDriverFactory.java:149)	at net.thucydides.core.webdriver.WebDriverFacade.newDriverInstance(WebDriverFacade.java:87)	at net.thucydides.core.webdriver.WebDriverFacade.newProxyDriver(WebDriverFacade.java:82)	at net.thucydides.core.webdriver.WebDriverFacade.getProxiedDriver(WebDriverFacade.java:54)	at net.thucydides.core.pages.Pages.browserIsHeadless(Pages.java:141)	at net.thucydides.core.pages.Pages.openHeadlessDriverIfNotOpen(Pages.java:126)	at net.thucydides.core.pages.Pages.openBrowserIfRequiredFor(Pages.java:119)	at net.thucydides.core.pages.Pages.currentPageAt(Pages.java:107)	at com.wakaleo.gameoflife.webtests.steps.PlayerSteps.onHomePage(PlayerSteps.java:57)	at com.wakaleo.gameoflife.webtests.steps.PlayerSteps.chooses_to_start_a_new_game(PlayerSteps.java:28)	at com.wakaleo.gameoflife.webtests.steps.PlayerSteps$$EnhancerByCGLIB$$e7ad7fc9.CGLIB$chooses_to_start_a_new_game$1(&lt;generated&gt;)	at com.wakaleo.gameoflife.webtests.steps.PlayerSteps$$EnhancerByCGLIB$$e7ad7fc9$$FastClassByCGLIB$$2f6316fe.invoke(&lt;generated&gt;)	at net.sf.cglib.proxy.MethodProxy.invokeSuper(MethodProxy.java:228)	at net.thucydides.core.steps.StepInterceptor.invokeMethod(StepInterceptor.java:285)	at net.thucydides.core.steps.StepInterceptor.runSkippedMethod(StepInterceptor.java:140)	at net.thucydides.core.steps.StepInterceptor.skipTestStep(StepInterceptor.java:130)	at net.thucydides.core.steps.StepInterceptor.testStepResult(StepInterceptor.java:121)	at net.thucydides.core.steps.StepInterceptor.intercept(StepInterceptor.java:50)	at com.wakaleo.gameoflife.webtests.steps.PlayerSteps$$EnhancerByCGLIB$$e7ad7fc9.chooses_to_start_a_new_game(&lt;generated&gt;)	at com.wakaleo.gameoflife.webtests.WhenTheUserEntersAnInitialGrid.theGridPageShouldHaveALinkBackToTheHomePage(WhenTheUserEntersAnInitialGrid.java:95)	at sun.reflect.NativeMethodAccessorImpl.invoke0(Native Method)	at sun.reflect.NativeMethodAccessorImpl.invoke(NativeMethodAccessorImpl.java:57)	at sun.reflect.DelegatingMethodAccessorImpl.invoke(DelegatingMethodAccessorImpl.java:43)	at java.lang.reflect.Method.invoke(Method.java:606)	at org.junit.runners.model.FrameworkMethod$1.runReflectiveCall(FrameworkMethod.java:45)	at org.junit.internal.runners.model.ReflectiveCallable.run(ReflectiveCallable.java:15)	at org.junit.runners.model.FrameworkMethod.invokeExplosively(FrameworkMethod.java:42)	at org.junit.internal.runners.statements.InvokeMethod.evaluate(InvokeMethod.java:20)	at net.thucydides.junit.runners.ThucydidesStatement.evaluate(ThucydidesStatement.java:21)	at org.junit.runners.ParentRunner.runLeaf(ParentRunner.java:263)	at org.junit.runners.BlockJUnit4ClassRunner.runChild(BlockJUnit4ClassRunner.java:68)	at net.thucydides.junit.runners.ThucydidesRunner.runChild(ThucydidesRunner.java:339)	at net.thucydides.junit.runners.ThucydidesRunner.runChild(ThucydidesRunner.java:56)	at org.junit.runners.ParentRunner$3.run(ParentRunner.java:231)	at org.junit.runners.ParentRunner$1.schedule(ParentRunner.java:60)	at org.junit.runners.ParentRunner.runChildren(ParentRunner.java:229)	at org.junit.runners.ParentRunner.access$000(ParentRunner.java:50)	at org.junit.runners.ParentRunner$2.evaluate(ParentRunner.java:222)	at org.junit.runners.ParentRunner.run(ParentRunner.java:300)	at net.thucydides.junit.runners.ThucydidesRunner.run(ThucydidesRunner.java:201)	at org.junit.runners.Suite.runChild(Suite.java:128)	at org.junit.runners.Suite.runChild(Suite.java:24)	at org.junit.runners.ParentRunner$3.run(ParentRunner.java:231)	at java.util.concurrent.Executors$RunnableAdapter.call(Executors.java:471)	at java.util.concurrent.FutureTask.run(FutureTask.java:262)	at java.util.concurrent.ThreadPoolExecutor.runWorker(ThreadPoolExecutor.java:1145)	at java.util.concurrent.ThreadPoolExecutor$Worker.run(ThreadPoolExecutor.java:615)	at java.lang.Thread.run(Thread.java:745)Caused by: java.lang.reflect.InvocationTargetException	at sun.reflect.GeneratedConstructorAccessor39.newInstance(Unknown Source)	at sun.reflect.DelegatingConstructorAccessorImpl.newInstance(DelegatingConstructorAccessorImpl.java:45)	at java.lang.reflect.Constructor.newInstance(Constructor.java:526)	at net.thucydides.core.webdriver.WebdriverInstanceFactory.newInstanceOf(WebdriverInstanceFactory.java:28)	at net.thucydides.core.webdriver.WebDriverFactory.firefoxDriverFrom(WebDriverFactory.java:314)	at net.thucydides.core.webdriver.WebDriverFactory.newWebdriverInstance(WebDriverFactory.java:135)	... 47 moreCaused by: org.openqa.selenium.WebDriverException: Failed to connect to binary FirefoxBinary(/usr/bin/firefox) on port 7055; process output follows: 
Error: no display specified
Error: no display specified

Build info: version: &apos;2.25.0&apos;, revision: &apos;17482&apos;, time: &apos;2012-07-18 22:18:01&apos;
System info: os.name: &apos;Linux&apos;, os.arch: &apos;amd64&apos;, os.version: &apos;3.1.1&apos;, java.version: &apos;1.7.0_79&apos;
Driver info: driver.version: FirefoxDriver	at org.openqa.selenium.firefox.internal.NewProfileExtensionConnection.start(NewProfileExtensionConnection.java:121)	at org.openqa.selenium.firefox.FirefoxDriver.startClient(FirefoxDriver.java:245)	at org.openqa.selenium.remote.RemoteWebDriver.&lt;init&gt;(RemoteWebDriver.java:109)	at org.openqa.selenium.firefox.FirefoxDriver.&lt;init&gt;(FirefoxDriver.java:183)	at org.openqa.selenium.firefox.FirefoxDriver.&lt;init&gt;(FirefoxDriver.java:178)	at org.openqa.selenium.firefox.FirefoxDriver.&lt;init&gt;(FirefoxDriver.java:174)	at org.openqa.selenium.firefox.FirefoxDriver.&lt;init&gt;(FirefoxDriver.java:96)	... 53 moreCaused by: org.openqa.selenium.firefox.NotConnectedException: Unable to connect to host localhost on port 7055 after 45000 ms. Firefox console output:
Error: no display specified
Error: no display specified
	at org.openqa.selenium.firefox.internal.NewProfileExtensionConnection.start(NewProfileExtensionConnection.java:109)	... 59 moreorg.openqa.selenium.firefox.NotConnectedException: Unable to connect to host localhost on port 7055 after 45000 ms. Firefox console output:
Error: no display specified
Error: no display specified
	at org.openqa.selenium.firefox.internal.NewProfileExtensionConnection.start(NewProfileExtensionConnection.java:109)	at org.openqa.selenium.firefox.FirefoxDriver.startClient(FirefoxDriver.java:245)	at org.openqa.selenium.remote.RemoteWebDriver.&lt;init&gt;(RemoteWebDriver.java:109)	at org.openqa.selenium.firefox.FirefoxDriver.&lt;init&gt;(FirefoxDriver.java:183)	at org.openqa.selenium.firefox.FirefoxDriver.&lt;init&gt;(FirefoxDriver.java:178)	at org.openqa.selenium.firefox.FirefoxDriver.&lt;init&gt;(FirefoxDriver.java:174)	at org.openqa.selenium.firefox.FirefoxDriver.&lt;init&gt;(FirefoxDriver.java:96)	at sun.reflect.GeneratedConstructorAccessor39.newInstance(Unknown Source)	at sun.reflect.DelegatingConstructorAccessorImpl.newInstance(DelegatingConstructorAccessorImpl.java:45)	at java.lang.reflect.Constructor.newInstance(Constructor.java:526)	at net.thucydides.core.webdriver.WebdriverInstanceFactory.newInstanceOf(WebdriverInstanceFactory.java:28)	at net.thucydides.core.webdriver.WebDriverFactory.firefoxDriverFrom(WebDriverFactory.java:314)	at net.thucydides.core.webdriver.WebDriverFactory.newWebdriverInstance(WebDriverFactory.java:135)	at net.thucydides.core.webdriver.WebDriverFacade.newDriverInstance(WebDriverFacade.java:87)	at net.thucydides.core.webdriver.WebDriverFacade.newProxyDriver(WebDriverFacade.java:82)	at net.thucydides.core.webdriver.WebDriverFacade.getProxiedDriver(WebDriverFacade.java:54)	at net.thucydides.core.pages.Pages.browserIsHeadless(Pages.java:141)	at net.thucydides.core.pages.Pages.openHeadlessDriverIfNotOpen(Pages.java:126)	at net.thucydides.core.pages.Pages.openBrowserIfRequiredFor(Pages.java:119)	at net.thucydides.core.pages.Pages.get(Pages.java:90)	at com.wakaleo.gameoflife.webtests.steps.PlayerSteps.currentPage(PlayerSteps.java:69)	at com.wakaleo.gameoflife.webtests.steps.PlayerSteps.clicks_on_home(PlayerSteps.java:53)	at com.wakaleo.gameoflife.webtests.steps.PlayerSteps$$EnhancerByCGLIB$$e7ad7fc9.CGLIB$clicks_on_home$6(&lt;generated&gt;)	at com.wakaleo.gameoflife.webtests.steps.PlayerSteps$$EnhancerByCGLIB$$e7ad7fc9$$FastClassByCGLIB$$2f6316fe.invoke(&lt;generated&gt;)	at net.sf.cglib.proxy.MethodProxy.invokeSuper(MethodProxy.java:228)	at net.thucydides.core.steps.StepInterceptor.invokeMethod(StepInterceptor.java:285)	at net.thucydides.core.steps.StepInterceptor.runSkippedMethod(StepInterceptor.java:140)	at net.thucydides.core.steps.StepInterceptor.skipTestStep(StepInterceptor.java:130)	at net.thucydides.core.steps.StepInterceptor.testStepResult(StepInterceptor.java:121)	at net.thucydides.core.steps.StepInterceptor.intercept(StepInterceptor.java:50)	at com.wakaleo.gameoflife.webtests.steps.PlayerSteps$$EnhancerByCGLIB$$e7ad7fc9.clicks_on_home(&lt;generated&gt;)	at com.wakaleo.gameoflife.webtests.WhenTheUserEntersAnInitialGrid.theGridPageShouldHaveALinkBackToTheHomePage(WhenTheUserEntersAnInitialGrid.java:96)	at sun.reflect.NativeMethodAccessorImpl.invoke0(Native Method)	at sun.reflect.NativeMethodAccessorImpl.invoke(NativeMethodAccessorImpl.java:57)	at sun.reflect.DelegatingMethodAccessorImpl.invoke(DelegatingMethodAccessorImpl.java:43)	at java.lang.reflect.Method.invoke(Method.java:606)	at org.junit.runners.model.FrameworkMethod$1.runReflectiveCall(FrameworkMethod.java:45)	at org.junit.internal.runners.model.ReflectiveCallable.run(ReflectiveCallable.java:15)	at org.junit.runners.model.FrameworkMethod.invokeExplosively(FrameworkMethod.java:42)	at org.junit.internal.runners.statements.InvokeMethod.evaluate(InvokeMethod.java:20)	at net.thucydides.junit.runners.ThucydidesStatement.evaluate(ThucydidesStatement.java:21)	at org.junit.runners.ParentRunner.runLeaf(ParentRunner.java:263)	at org.junit.runners.BlockJUnit4ClassRunner.runChild(BlockJUnit4ClassRunner.java:68)	at net.thucydides.junit.runners.ThucydidesRunner.runChild(ThucydidesRunner.java:339)	at net.thucydides.junit.runners.ThucydidesRunner.runChild(ThucydidesRunner.java:56)	at org.junit.runners.ParentRunner$3.run(ParentRunner.java:231)	at org.junit.runners.ParentRunner$1.schedule(ParentRunner.java:60)	at org.junit.runners.ParentRunner.runChildren(ParentRunner.java:229)	at org.junit.runners.ParentRunner.access$000(ParentRunner.java:50)	at org.junit.runners.ParentRunner$2.evaluate(ParentRunner.java:222)	at org.junit.runners.ParentRunner.run(ParentRunner.java:300)	at net.thucydides.junit.runners.ThucydidesRunner.run(ThucydidesRunner.java:201)	at org.junit.runners.Suite.runChild(Suite.java:128)	at org.junit.runners.Suite.runChild(Suite.java:24)	at org.junit.runners.ParentRunner$3.run(ParentRunner.java:231)	at java.util.concurrent.Executors$RunnableAdapter.call(Executors.java:471)	at java.util.concurrent.FutureTask.run(FutureTask.java:262)	at java.util.concurrent.ThreadPoolExecutor.runWorker(ThreadPoolExecutor.java:1145)	at java.util.concurrent.ThreadPoolExecutor$Worker.run(ThreadPoolExecutor.java:615)	at java.lang.Thread.run(Thread.java:745)1048082 [pool-1-thread-1] ERROR net.thucydides.core.webdriver.WebDriverFacade - FAILED TO CREATE NEW DRIVER INSTANCE class org.openqa.selenium.firefox.FirefoxDriver: Could not instantiate class org.openqa.selenium.firefox.FirefoxDriver
net.thucydides.core.webdriver.UnsupportedDriverException: Could not instantiate class org.openqa.selenium.firefox.FirefoxDriver	at net.thucydides.core.webdriver.WebDriverFactory.newWebdriverInstance(WebDriverFactory.java:149)	at net.thucydides.core.webdriver.WebDriverFacade.newDriverInstance(WebDriverFacade.java:87)	at net.thucydides.core.webdriver.WebDriverFacade.newProxyDriver(WebDriverFacade.java:82)	at net.thucydides.core.webdriver.WebDriverFacade.getProxiedDriver(WebDriverFacade.java:54)	at net.thucydides.core.pages.Pages.browserIsHeadless(Pages.java:141)	at net.thucydides.core.pages.Pages.openHeadlessDriverIfNotOpen(Pages.java:126)	at net.thucydides.core.pages.Pages.openBrowserIfRequiredFor(Pages.java:119)	at net.thucydides.core.pages.Pages.get(Pages.java:90)	at com.wakaleo.gameoflife.webtests.steps.PlayerSteps.currentPage(PlayerSteps.java:69)	at com.wakaleo.gameoflife.webtests.steps.PlayerSteps.clicks_on_home(PlayerSteps.java:53)	at com.wakaleo.gameoflife.webtests.steps.PlayerSteps$$EnhancerByCGLIB$$e7ad7fc9.CGLIB$clicks_on_home$6(&lt;generated&gt;)	at com.wakaleo.gameoflife.webtests.steps.PlayerSteps$$EnhancerByCGLIB$$e7ad7fc9$$FastClassByCGLIB$$2f6316fe.invoke(&lt;generated&gt;)	at net.sf.cglib.proxy.MethodProxy.invokeSuper(MethodProxy.java:228)	at net.thucydides.core.steps.StepInterceptor.invokeMethod(StepInterceptor.java:285)	at net.thucydides.core.steps.StepInterceptor.runSkippedMethod(StepInterceptor.java:140)	at net.thucydides.core.steps.StepInterceptor.skipTestStep(StepInterceptor.java:130)	at net.thucydides.core.steps.StepInterceptor.testStepResult(StepInterceptor.java:121)	at net.thucydides.core.steps.StepInterceptor.intercept(StepInterceptor.java:50)	at com.wakaleo.gameoflife.webtests.steps.PlayerSteps$$EnhancerByCGLIB$$e7ad7fc9.clicks_on_home(&lt;generated&gt;)	at com.wakaleo.gameoflife.webtests.WhenTheUserEntersAnInitialGrid.theGridPageShouldHaveALinkBackToTheHomePage(WhenTheUserEntersAnInitialGrid.java:96)	at sun.reflect.NativeMethodAccessorImpl.invoke0(Native Method)	at sun.reflect.NativeMethodAccessorImpl.invoke(NativeMethodAccessorImpl.java:57)	at sun.reflect.DelegatingMethodAccessorImpl.invoke(DelegatingMethodAccessorImpl.java:43)	at java.lang.reflect.Method.invoke(Method.java:606)	at org.junit.runners.model.FrameworkMethod$1.runReflectiveCall(FrameworkMethod.java:45)	at org.junit.internal.runners.model.ReflectiveCallable.run(ReflectiveCallable.java:15)	at org.junit.runners.model.FrameworkMethod.invokeExplosively(FrameworkMethod.java:42)	at org.junit.internal.runners.statements.InvokeMethod.evaluate(InvokeMethod.java:20)	at net.thucydides.junit.runners.ThucydidesStatement.evaluate(ThucydidesStatement.java:21)	at org.junit.runners.ParentRunner.runLeaf(ParentRunner.java:263)	at org.junit.runners.BlockJUnit4ClassRunner.runChild(BlockJUnit4ClassRunner.java:68)	at net.thucydides.junit.runners.ThucydidesRunner.runChild(ThucydidesRunner.java:339)	at net.thucydides.junit.runners.ThucydidesRunner.runChild(ThucydidesRunner.java:56)	at org.junit.runners.ParentRunner$3.run(ParentRunner.java:231)	at org.junit.runners.ParentRunner$1.schedule(ParentRunner.java:60)	at org.junit.runners.ParentRunner.runChildren(ParentRunner.java:229)	at org.junit.runners.ParentRunner.access$000(ParentRunner.java:50)	at org.junit.runners.ParentRunner$2.evaluate(ParentRunner.java:222)	at org.junit.runners.ParentRunner.run(ParentRunner.java:300)	at net.thucydides.junit.runners.ThucydidesRunner.run(ThucydidesRunner.java:201)	at org.junit.runners.Suite.runChild(Suite.java:128)	at org.junit.runners.Suite.runChild(Suite.java:24)	at org.junit.runners.ParentRunner$3.run(ParentRunner.java:231)	at java.util.concurrent.Executors$RunnableAdapter.call(Executors.java:471)	at java.util.concurrent.FutureTask.run(FutureTask.java:262)	at java.util.concurrent.ThreadPoolExecutor.runWorker(ThreadPoolExecutor.java:1145)	at java.util.concurrent.ThreadPoolExecutor$Worker.run(ThreadPoolExecutor.java:615)	at java.lang.Thread.run(Thread.java:745)Caused by: java.lang.reflect.InvocationTargetException	at sun.reflect.GeneratedConstructorAccessor39.newInstance(Unknown Source)	at sun.reflect.DelegatingConstructorAccessorImpl.newInstance(DelegatingConstructorAccessorImpl.java:45)	at java.lang.reflect.Constructor.newInstance(Constructor.java:526)	at net.thucydides.core.webdriver.WebdriverInstanceFactory.newInstanceOf(WebdriverInstanceFactory.java:28)	at net.thucydides.core.webdriver.WebDriverFactory.firefoxDriverFrom(WebDriverFactory.java:314)	at net.thucydides.core.webdriver.WebDriverFactory.newWebdriverInstance(WebDriverFactory.java:135)	... 47 moreCaused by: org.openqa.selenium.WebDriverException: Failed to connect to binary FirefoxBinary(/usr/bin/firefox) on port 7055; process output follows: 
Error: no display specified
Error: no display specified

Build info: version: &apos;2.25.0&apos;, revision: &apos;17482&apos;, time: &apos;2012-07-18 22:18:01&apos;
System info: os.name: &apos;Linux&apos;, os.arch: &apos;amd64&apos;, os.version: &apos;3.1.1&apos;, java.version: &apos;1.7.0_79&apos;
Driver info: driver.version: FirefoxDriver	at org.openqa.selenium.firefox.internal.NewProfileExtensionConnection.start(NewProfileExtensionConnection.java:121)	at org.openqa.selenium.firefox.FirefoxDriver.startClient(FirefoxDriver.java:245)	at org.openqa.selenium.remote.RemoteWebDriver.&lt;init&gt;(RemoteWebDriver.java:109)	at org.openqa.selenium.firefox.FirefoxDriver.&lt;init&gt;(FirefoxDriver.java:183)	at org.openqa.selenium.firefox.FirefoxDriver.&lt;init&gt;(FirefoxDriver.java:178)	at org.openqa.selenium.firefox.FirefoxDriver.&lt;init&gt;(FirefoxDriver.java:174)	at org.openqa.selenium.firefox.FirefoxDriver.&lt;init&gt;(FirefoxDriver.java:96)	... 53 moreCaused by: org.openqa.selenium.firefox.NotConnectedException: Unable to connect to host localhost on port 7055 after 45000 ms. Firefox console output:
Error: no display specified
Error: no display specified
	at org.openqa.selenium.firefox.internal.NewProfileExtensionConnection.start(NewProfileExtensionConnection.java:109)	... 59 moreorg.openqa.selenium.firefox.NotConnectedException: Unable to connect to host localhost on port 7055 after 45000 ms. Firefox console output:
Error: no display specified
Error: no display specified
	at org.openqa.selenium.firefox.internal.NewProfileExtensionConnection.start(NewProfileExtensionConnection.java:109)	at org.openqa.selenium.firefox.FirefoxDriver.startClient(FirefoxDriver.java:245)	at org.openqa.selenium.remote.RemoteWebDriver.&lt;init&gt;(RemoteWebDriver.java:109)	at org.openqa.selenium.firefox.FirefoxDriver.&lt;init&gt;(FirefoxDriver.java:183)	at org.openqa.selenium.firefox.FirefoxDriver.&lt;init&gt;(FirefoxDriver.java:178)	at org.openqa.selenium.firefox.FirefoxDriver.&lt;init&gt;(FirefoxDriver.java:174)	at org.openqa.selenium.firefox.FirefoxDriver.&lt;init&gt;(FirefoxDriver.java:96)	at sun.reflect.GeneratedConstructorAccessor39.newInstance(Unknown Source)	at sun.reflect.DelegatingConstructorAccessorImpl.newInstance(DelegatingConstructorAccessorImpl.java:45)	at java.lang.reflect.Constructor.newInstance(Constructor.java:526)	at net.thucydides.core.webdriver.WebdriverInstanceFactory.newInstanceOf(WebdriverInstanceFactory.java:28)	at net.thucydides.core.webdriver.WebDriverFactory.firefoxDriverFrom(WebDriverFactory.java:314)	at net.thucydides.core.webdriver.WebDriverFactory.newWebdriverInstance(WebDriverFactory.java:135)	at net.thucydides.core.webdriver.WebDriverFacade.newDriverInstance(WebDriverFacade.java:87)	at net.thucydides.core.webdriver.WebDriverFacade.newProxyDriver(WebDriverFacade.java:82)	at net.thucydides.core.webdriver.WebDriverFacade.getProxiedDriver(WebDriverFacade.java:54)	at net.thucydides.core.pages.Pages.browserIsHeadless(Pages.java:141)	at net.thucydides.core.pages.Pages.openHeadlessDriverIfNotOpen(Pages.java:126)	at net.thucydides.core.pages.Pages.openBrowserIfRequiredFor(Pages.java:119)	at net.thucydides.core.pages.Pages.get(Pages.java:90)	at com.wakaleo.gameoflife.webtests.steps.PlayerSteps.currentPage(PlayerSteps.java:69)	at com.wakaleo.gameoflife.webtests.steps.PlayerSteps.should_see_a_page_containing_text(PlayerSteps.java:33)	at com.wakaleo.gameoflife.webtests.steps.PlayerSteps$$EnhancerByCGLIB$$e7ad7fc9.CGLIB$should_see_a_page_containing_text$2(&lt;generated&gt;)	at com.wakaleo.gameoflife.webtests.steps.PlayerSteps$$EnhancerByCGLIB$$e7ad7fc9$$FastClassByCGLIB$$2f6316fe.invoke(&lt;generated&gt;)	at net.sf.cglib.proxy.MethodProxy.invokeSuper(MethodProxy.java:228)	at net.thucydides.core.steps.StepInterceptor.invokeMethod(StepInterceptor.java:285)	at net.thucydides.core.steps.StepInterceptor.runSkippedMethod(StepInterceptor.java:140)	at net.thucydides.core.steps.StepInterceptor.skipTestStep(StepInterceptor.java:130)	at net.thucydides.core.steps.StepInterceptor.testStepResult(StepInterceptor.java:121)	at net.thucydides.core.steps.StepInterceptor.intercept(StepInterceptor.java:50)	at com.wakaleo.gameoflife.webtests.steps.PlayerSteps$$EnhancerByCGLIB$$e7ad7fc9.should_see_a_page_containing_text(&lt;generated&gt;)	at com.wakaleo.gameoflife.webtests.WhenTheUserEntersAnInitialGrid.theGridPageShouldHaveALinkBackToTheHomePage(WhenTheUserEntersAnInitialGrid.java:97)	at sun.reflect.NativeMethodAccessorImpl.invoke0(Native Method)	at sun.reflect.NativeMethodAccessorImpl.invoke(NativeMethodAccessorImpl.java:57)	at sun.reflect.DelegatingMethodAccessorImpl.invoke(DelegatingMethodAccessorImpl.java:43)	at java.lang.reflect.Method.invoke(Method.java:606)	at org.junit.runners.model.FrameworkMethod$1.runReflectiveCall(FrameworkMethod.java:45)	at org.junit.internal.runners.model.ReflectiveCallable.run(ReflectiveCallable.java:15)	at org.junit.runners.model.FrameworkMethod.invokeExplosively(FrameworkMethod.java:42)	at org.junit.internal.runners.statements.InvokeMethod.evaluate(InvokeMethod.java:20)	at net.thucydides.junit.runners.ThucydidesStatement.evaluate(ThucydidesStatement.java:21)	at org.junit.runners.ParentRunner.runLeaf(ParentRunner.java:263)	at org.junit.runners.BlockJUnit4ClassRunner.runChild(BlockJUnit4ClassRunner.java:68)	at net.thucydides.junit.runners.ThucydidesRunner.runChild(ThucydidesRunner.java:339)	at net.thucydides.junit.runners.ThucydidesRunner.runChild(ThucydidesRunner.java:56)	at org.junit.runners.ParentRunner$3.run(ParentRunner.java:231)	at org.junit.runners.ParentRunner$1.schedule(ParentRunner.java:60)	at org.junit.runners.ParentRunner.runChildren(ParentRunner.java:229)	at org.junit.runners.ParentRunner.access$000(ParentRunner.java:50)	at org.junit.runners.ParentRunner$2.evaluate(ParentRunner.java:222)	at org.junit.runners.ParentRunner.run(ParentRunner.java:300)	at net.thucydides.junit.runners.ThucydidesRunner.run(ThucydidesRunner.java:201)	at org.junit.runners.Suite.runChild(Suite.java:128)	at org.junit.runners.Suite.runChild(Suite.java:24)	at org.junit.runners.ParentRunner$3.run(ParentRunner.java:231)	at java.util.concurrent.Executors$RunnableAdapter.call(Executors.java:471)	at java.util.concurrent.FutureTask.run(FutureTask.java:262)	at java.util.concurrent.ThreadPoolExecutor.runWorker(ThreadPoolExecutor.java:1145)	at java.util.concurrent.ThreadPoolExecutor$Worker.run(ThreadPoolExecutor.java:615)	at java.lang.Thread.run(Thread.java:745)1093458 [pool-1-thread-1] ERROR net.thucydides.core.webdriver.WebDriverFacade - FAILED TO CREATE NEW DRIVER INSTANCE class org.openqa.selenium.firefox.FirefoxDriver: Could not instantiate class org.openqa.selenium.firefox.FirefoxDriver
net.thucydides.core.webdriver.UnsupportedDriverException: Could not instantiate class org.openqa.selenium.firefox.FirefoxDriver	at net.thucydides.core.webdriver.WebDriverFactory.newWebdriverInstance(WebDriverFactory.java:149)	at net.thucydides.core.webdriver.WebDriverFacade.newDriverInstance(WebDriverFacade.java:87)	at net.thucydides.core.webdriver.WebDriverFacade.newProxyDriver(WebDriverFacade.java:82)	at net.thucydides.core.webdriver.WebDriverFacade.getProxiedDriver(WebDriverFacade.java:54)	at net.thucydides.core.pages.Pages.browserIsHeadless(Pages.java:141)	at net.thucydides.core.pages.Pages.openHeadlessDriverIfNotOpen(Pages.java:126)	at net.thucydides.core.pages.Pages.openBrowserIfRequiredFor(Pages.java:119)	at net.thucydides.core.pages.Pages.get(Pages.java:90)	at com.wakaleo.gameoflife.webtests.steps.PlayerSteps.currentPage(PlayerSteps.java:69)	at com.wakaleo.gameoflife.webtests.steps.PlayerSteps.should_see_a_page_containing_text(PlayerSteps.java:33)	at com.wakaleo.gameoflife.webtests.steps.PlayerSteps$$EnhancerByCGLIB$$e7ad7fc9.CGLIB$should_see_a_page_containing_text$2(&lt;generated&gt;)	at com.wakaleo.gameoflife.webtests.steps.PlayerSteps$$EnhancerByCGLIB$$e7ad7fc9$$FastClassByCGLIB$$2f6316fe.invoke(&lt;generated&gt;)	at net.sf.cglib.proxy.MethodProxy.invokeSuper(MethodProxy.java:228)	at net.thucydides.core.steps.StepInterceptor.invokeMethod(StepInterceptor.java:285)	at net.thucydides.core.steps.StepInterceptor.runSkippedMethod(StepInterceptor.java:140)	at net.thucydides.core.steps.StepInterceptor.skipTestStep(StepInterceptor.java:130)	at net.thucydides.core.steps.StepInterceptor.testStepResult(StepInterceptor.java:121)	at net.thucydides.core.steps.StepInterceptor.intercept(StepInterceptor.java:50)	at com.wakaleo.gameoflife.webtests.steps.PlayerSteps$$EnhancerByCGLIB$$e7ad7fc9.should_see_a_page_containing_text(&lt;generated&gt;)	at com.wakaleo.gameoflife.webtests.WhenTheUserEntersAnInitialGrid.theGridPageShouldHaveALinkBackToTheHomePage(WhenTheUserEntersAnInitialGrid.java:97)	at sun.reflect.NativeMethodAccessorImpl.invoke0(Native Method)	at sun.reflect.NativeMethodAccessorImpl.invoke(NativeMethodAccessorImpl.java:57)	at sun.reflect.DelegatingMethodAccessorImpl.invoke(DelegatingMethodAccessorImpl.java:43)	at java.lang.reflect.Method.invoke(Method.java:606)	at org.junit.runners.model.FrameworkMethod$1.runReflectiveCall(FrameworkMethod.java:45)	at org.junit.internal.runners.model.ReflectiveCallable.run(ReflectiveCallable.java:15)	at org.junit.runners.model.FrameworkMethod.invokeExplosively(FrameworkMethod.java:42)	at org.junit.internal.runners.statements.InvokeMethod.evaluate(InvokeMethod.java:20)	at net.thucydides.junit.runners.ThucydidesStatement.evaluate(ThucydidesStatement.java:21)	at org.junit.runners.ParentRunner.runLeaf(ParentRunner.java:263)	at org.junit.runners.BlockJUnit4ClassRunner.runChild(BlockJUnit4ClassRunner.java:68)	at net.thucydides.junit.runners.ThucydidesRunner.runChild(ThucydidesRunner.java:339)	at net.thucydides.junit.runners.ThucydidesRunner.runChild(ThucydidesRunner.java:56)	at org.junit.runners.ParentRunner$3.run(ParentRunner.java:231)	at org.junit.runners.ParentRunner$1.schedule(ParentRunner.java:60)	at org.junit.runners.ParentRunner.runChildren(ParentRunner.java:229)	at org.junit.runners.ParentRunner.access$000(ParentRunner.java:50)	at org.junit.runners.ParentRunner$2.evaluate(ParentRunner.java:222)	at org.junit.runners.ParentRunner.run(ParentRunner.java:300)	at net.thucydides.junit.runners.ThucydidesRunner.run(ThucydidesRunner.java:201)	at org.junit.runners.Suite.runChild(Suite.java:128)	at org.junit.runners.Suite.runChild(Suite.java:24)	at org.junit.runners.ParentRunner$3.run(ParentRunner.java:231)	at java.util.concurrent.Executors$RunnableAdapter.call(Executors.java:471)	at java.util.concurrent.FutureTask.run(FutureTask.java:262)	at java.util.concurrent.ThreadPoolExecutor.runWorker(ThreadPoolExecutor.java:1145)	at java.util.concurrent.ThreadPoolExecutor$Worker.run(ThreadPoolExecutor.java:615)	at java.lang.Thread.run(Thread.java:745)Caused by: java.lang.reflect.InvocationTargetException	at sun.reflect.GeneratedConstructorAccessor39.newInstance(Unknown Source)	at sun.reflect.DelegatingConstructorAccessorImpl.newInstance(DelegatingConstructorAccessorImpl.java:45)	at java.lang.reflect.Constructor.newInstance(Constructor.java:526)	at net.thucydides.core.webdriver.WebdriverInstanceFactory.newInstanceOf(WebdriverInstanceFactory.java:28)	at net.thucydides.core.webdriver.WebDriverFactory.firefoxDriverFrom(WebDriverFactory.java:314)	at net.thucydides.core.webdriver.WebDriverFactory.newWebdriverInstance(WebDriverFactory.java:135)	... 47 moreCaused by: org.openqa.selenium.WebDriverException: Failed to connect to binary FirefoxBinary(/usr/bin/firefox) on port 7055; process output follows: 
Error: no display specified
Error: no display specified

Build info: version: &apos;2.25.0&apos;, revision: &apos;17482&apos;, time: &apos;2012-07-18 22:18:01&apos;
System info: os.name: &apos;Linux&apos;, os.arch: &apos;amd64&apos;, os.version: &apos;3.1.1&apos;, java.version: &apos;1.7.0_79&apos;
Driver info: driver.version: FirefoxDriver	at org.openqa.selenium.firefox.internal.NewProfileExtensionConnection.start(NewProfileExtensionConnection.java:121)	at org.openqa.selenium.firefox.FirefoxDriver.startClient(FirefoxDriver.java:245)	at org.openqa.selenium.remote.RemoteWebDriver.&lt;init&gt;(RemoteWebDriver.java:109)	at org.openqa.selenium.firefox.FirefoxDriver.&lt;init&gt;(FirefoxDriver.java:183)	at org.openqa.selenium.firefox.FirefoxDriver.&lt;init&gt;(FirefoxDriver.java:178)	at org.openqa.selenium.firefox.FirefoxDriver.&lt;init&gt;(FirefoxDriver.java:174)	at org.openqa.selenium.firefox.FirefoxDriver.&lt;init&gt;(FirefoxDriver.java:96)	... 53 moreCaused by: org.openqa.selenium.firefox.NotConnectedException: Unable to connect to host localhost on port 7055 after 45000 ms. Firefox console output:
Error: no display specified
Error: no display specified
	at org.openqa.selenium.firefox.internal.NewProfileExtensionConnection.start(NewProfileExtensionConnection.java:109)	... 59 more1093470 [pool-1-thread-1] INFO net.thucydides.core.Thucydides - 
           __  _____ _____ ____ _____   _____ _    ___ _     _____ ____  
  _       / / |_   _| ____/ ___|_   _| |  ___/ \  |_ _| |   | ____|  _ \ 
 (_)_____| |    | | |  _| \___ \ | |   | |_ / _ \  | || |   |  _| | | | |
  _|_____| |    | | | |___ ___) || |   |  _/ ___ \ | || |___| |___| |_| |
 (_)     | |    |_| |_____|____/ |_|   |_|/_/   \_\___|_____|_____|____/ 
          \_\                                                            

TEST FAILED: The grid page should have a link back to the home page
--------------------------------------------------------------------------
1093470 [pool-1-thread-1] INFO net.thucydides.core.Thucydides - RELATED ISSUES: 
1093471 [pool-1-thread-1] INFO net.thucydides.core.Thucydides - 
  _____ _    ___ _     _   _ ____  _____ 
 |  ___/ \  |_ _| |   | | | |  _ \| ____|
 | |_ / _ \  | || |   | | | | |_) |  _|  
 |  _/ ___ \ | || |___| |_| |  _ &lt;| |___ 
 |_|/_/   \_\___|_____|\___/|_| \_\_____|
                                         

Could not instantiate class org.openqa.selenium.firefox.FirefoxDriver
1093471 [pool-1-thread-1] INFO net.thucydides.core.Thucydides - 
           __  _____ _____ ____ _____   _____ _    ___ _     _____ ____  
  _       / / |_   _| ____/ ___|_   _| |  ___/ \  |_ _| |   | ____|  _ \ 
 (_)_____| |    | | |  _| \___ \ | |   | |_ / _ \  | || |   |  _| | | | |
  _|_____| |    | | | |___ ___) || |   |  _/ ___ \ | || |___| |___| |_| |
 (_)     | |    |_| |_____|____/ |_|   |_|/_/   \_\___|_____|_____|____/ 
          \_\                                                            

TEST FAILED: The grid page should have a link back to the home page
--------------------------------------------------------------------------
1093471 [pool-1-thread-1] INFO net.thucydides.core.Thucydides - RELATED ISSUES: 
1093471 [pool-1-thread-1] INFO net.thucydides.core.Thucydides - 
  _____ _    ___ _     _   _ ____  _____ 
 |  ___/ \  |_ _| |   | | | |  _ \| ____|
 | |_ / _ \  | || |   | | | | |_) |  _|  
 |  _/ ___ \ | || |___| |_| |  _ &lt;| |___ 
 |_|/_/   \_\___|_____|\___/|_| \_\_____|
                                         

Could not instantiate class org.openqa.selenium.firefox.FirefoxDriver
</system-err>
  </testcase>
  <testcase time="0.026" classname="com.wakaleo.gameoflife.webtests.WhenTheUserEntersAnInitialGrid" name="userShouldBeAbleChooseToCreateANewGameOnTheHomePage">
    <failure message="Could not instantiate class org.openqa.selenium.firefox.FirefoxDriver" type="net.thucydides.core.webdriver.WebdriverAssertionError">net.thucydides.core.webdriver.WebdriverAssertionError: Could not instantiate class org.openqa.selenium.firefox.FirefoxDriver
	at net.thucydides.core.webdriver.WebDriverFacade.newDriverInstance(WebDriverFacade.java:90)
	at net.thucydides.core.webdriver.WebDriverFacade.newProxyDriver(WebDriverFacade.java:82)
	at net.thucydides.core.webdriver.WebDriverFacade.getProxiedDriver(WebDriverFacade.java:54)
	at net.thucydides.core.pages.Pages.browserIsHeadless(Pages.java:141)
	at net.thucydides.core.pages.Pages.openHeadlessDriverIfNotOpen(Pages.java:126)
	at net.thucydides.core.pages.Pages.openBrowserIfRequiredFor(Pages.java:119)
	at net.thucydides.core.pages.Pages.currentPageAt(Pages.java:107)
	at com.wakaleo.gameoflife.webtests.steps.PlayerSteps.onHomePage(PlayerSteps.java:57)
	at com.wakaleo.gameoflife.webtests.steps.PlayerSteps.opens_home_page(PlayerSteps.java:18)
	at com.wakaleo.gameoflife.webtests.steps.PlayerSteps$$EnhancerByCGLIB$$e7ad7fc9.CGLIB$opens_home_page$0(&lt;generated&gt;)
	at com.wakaleo.gameoflife.webtests.steps.PlayerSteps$$EnhancerByCGLIB$$e7ad7fc9$$FastClassByCGLIB$$2f6316fe.invoke(&lt;generated&gt;)
	at net.sf.cglib.proxy.MethodProxy.invokeSuper(MethodProxy.java:228)
	at net.thucydides.core.steps.StepInterceptor.executeTestStepMethod(StepInterceptor.java:273)
	at net.thucydides.core.steps.StepInterceptor.runTestStep(StepInterceptor.java:252)
	at net.thucydides.core.steps.StepInterceptor.testStepResult(StepInterceptor.java:124)
	at net.thucydides.core.steps.StepInterceptor.intercept(StepInterceptor.java:50)
	at com.wakaleo.gameoflife.webtests.steps.PlayerSteps$$EnhancerByCGLIB$$e7ad7fc9.opens_home_page(&lt;generated&gt;)
	at com.wakaleo.gameoflife.webtests.WhenTheUserEntersAnInitialGrid.userShouldBeAbleChooseToCreateANewGameOnTheHomePage(WhenTheUserEntersAnInitialGrid.java:39)
	at sun.reflect.NativeMethodAccessorImpl.invoke0(Native Method)
	at sun.reflect.NativeMethodAccessorImpl.invoke(NativeMethodAccessorImpl.java:57)
	at sun.reflect.DelegatingMethodAccessorImpl.invoke(DelegatingMethodAccessorImpl.java:43)
	at java.lang.reflect.Method.invoke(Method.java:606)
	at org.junit.runners.model.FrameworkMethod$1.runReflectiveCall(FrameworkMethod.java:45)
	at org.junit.internal.runners.model.ReflectiveCallable.run(ReflectiveCallable.java:15)
	at org.junit.runners.model.FrameworkMethod.invokeExplosively(FrameworkMethod.java:42)
	at org.junit.internal.runners.statements.InvokeMethod.evaluate(InvokeMethod.java:20)
	at net.thucydides.junit.runners.ThucydidesStatement.evaluate(ThucydidesStatement.java:21)
	at org.junit.runners.ParentRunner.runLeaf(ParentRunner.java:263)
	at org.junit.runners.BlockJUnit4ClassRunner.runChild(BlockJUnit4ClassRunner.java:68)
	at net.thucydides.junit.runners.ThucydidesRunner.runChild(ThucydidesRunner.java:339)
	at net.thucydides.junit.runners.ThucydidesRunner.runChild(ThucydidesRunner.java:56)
	at org.junit.runners.ParentRunner$3.run(ParentRunner.java:231)
	at org.junit.runners.ParentRunner$1.schedule(ParentRunner.java:60)
	at org.junit.runners.ParentRunner.runChildren(ParentRunner.java:229)
	at org.junit.runners.ParentRunner.access$000(ParentRunner.java:50)
	at org.junit.runners.ParentRunner$2.evaluate(ParentRunner.java:222)
	at org.junit.runners.ParentRunner.run(ParentRunner.java:300)
	at net.thucydides.junit.runners.ThucydidesRunner.run(ThucydidesRunner.java:201)
	at org.junit.runners.Suite.runChild(Suite.java:128)
	at org.junit.runners.Suite.runChild(Suite.java:24)
	at org.junit.runners.ParentRunner$3.run(ParentRunner.java:231)
	at java.util.concurrent.Executors$RunnableAdapter.call(Executors.java:471)
	at java.util.concurrent.FutureTask.run(FutureTask.java:262)
	at java.util.concurrent.ThreadPoolExecutor.runWorker(ThreadPoolExecutor.java:1145)
	at java.util.concurrent.ThreadPoolExecutor$Worker.run(ThreadPoolExecutor.java:615)
	at java.lang.Thread.run(Thread.java:745)
</failure>
    <system-err>1093475 [pool-1-thread-1] INFO net.thucydides.core.Thucydides - 
  _____ _____ ____ _____   ____ _____  _    ____ _____ _____ ____  
 |_   _| ____/ ___|_   _| / ___|_   _|/ \  |  _ \_   _| ____|  _ \ 
   | | |  _| \___ \ | |   \___ \ | | / _ \ | |_) || | |  _| | | | |
   | | | |___ ___) || |    ___) || |/ ___ \|  _ &lt; | | | |___| |_| |
   |_| |_____|____/ |_|   |____/ |_/_/   \_\_| \_\|_| |_____|____/ 
                                                                   

TEST STARTED: userShouldBeAbleChooseToCreateANewGameOnTheHomePage
--------------------------------------------------------------------
1093475 [pool-1-thread-1] INFO net.thucydides.core.Thucydides - TEST NUMBER: 15
1093475 [pool-1-thread-1] INFO net.thucydides.core.Thucydides - 
  _____ _____ ____ _____   ____ _____  _    ____ _____ _____ ____  
 |_   _| ____/ ___|_   _| / ___|_   _|/ \  |  _ \_   _| ____|  _ \ 
   | | |  _| \___ \ | |   \___ \ | | / _ \ | |_) || | |  _| | | | |
   | | | |___ ___) || |    ___) || |/ ___ \|  _ &lt; | | | |___| |_| |
   |_| |_____|____/ |_|   |____/ |_/_/   \_\_| \_\|_| |_____|____/ 
                                                                   

TEST STARTED: userShouldBeAbleChooseToCreateANewGameOnTheHomePage
--------------------------------------------------------------------
1093475 [pool-1-thread-1] INFO net.thucydides.core.Thucydides - TEST NUMBER: 16
org.openqa.selenium.firefox.NotConnectedException: Unable to connect to host localhost on port 7055 after 45000 ms. Firefox console output:
Error: no display specified
Error: no display specified
	at org.openqa.selenium.firefox.internal.NewProfileExtensionConnection.start(NewProfileExtensionConnection.java:109)	at org.openqa.selenium.firefox.FirefoxDriver.startClient(FirefoxDriver.java:245)	at org.openqa.selenium.remote.RemoteWebDriver.&lt;init&gt;(RemoteWebDriver.java:109)	at org.openqa.selenium.firefox.FirefoxDriver.&lt;init&gt;(FirefoxDriver.java:183)	at org.openqa.selenium.firefox.FirefoxDriver.&lt;init&gt;(FirefoxDriver.java:178)	at org.openqa.selenium.firefox.FirefoxDriver.&lt;init&gt;(FirefoxDriver.java:174)	at org.openqa.selenium.firefox.FirefoxDriver.&lt;init&gt;(FirefoxDriver.java:96)	at sun.reflect.GeneratedConstructorAccessor39.newInstance(Unknown Source)	at sun.reflect.DelegatingConstructorAccessorImpl.newInstance(DelegatingConstructorAccessorImpl.java:45)	at java.lang.reflect.Constructor.newInstance(Constructor.java:526)	at net.thucydides.core.webdriver.WebdriverInstanceFactory.newInstanceOf(WebdriverInstanceFactory.java:28)	at net.thucydides.core.webdriver.WebDriverFactory.firefoxDriverFrom(WebDriverFactory.java:314)	at net.thucydides.core.webdriver.WebDriverFactory.newWebdriverInstance(WebDriverFactory.java:135)	at net.thucydides.core.webdriver.WebDriverFacade.newDriverInstance(WebDriverFacade.java:87)	at net.thucydides.core.webdriver.WebDriverFacade.newProxyDriver(WebDriverFacade.java:82)	at net.thucydides.core.webdriver.WebDriverFacade.getProxiedDriver(WebDriverFacade.java:54)	at net.thucydides.core.pages.Pages.browserIsHeadless(Pages.java:141)	at net.thucydides.core.pages.Pages.openHeadlessDriverIfNotOpen(Pages.java:126)	at net.thucydides.core.pages.Pages.openBrowserIfRequiredFor(Pages.java:119)	at net.thucydides.core.pages.Pages.currentPageAt(Pages.java:107)	at com.wakaleo.gameoflife.webtests.steps.PlayerSteps.onHomePage(PlayerSteps.java:57)	at com.wakaleo.gameoflife.webtests.steps.PlayerSteps.opens_home_page(PlayerSteps.java:18)	at com.wakaleo.gameoflife.webtests.steps.PlayerSteps$$EnhancerByCGLIB$$e7ad7fc9.CGLIB$opens_home_page$0(&lt;generated&gt;)	at com.wakaleo.gameoflife.webtests.steps.PlayerSteps$$EnhancerByCGLIB$$e7ad7fc9$$FastClassByCGLIB$$2f6316fe.invoke(&lt;generated&gt;)	at net.sf.cglib.proxy.MethodProxy.invokeSuper(MethodProxy.java:228)	at net.thucydides.core.steps.StepInterceptor.executeTestStepMethod(StepInterceptor.java:273)	at net.thucydides.core.steps.StepInterceptor.runTestStep(StepInterceptor.java:252)	at net.thucydides.core.steps.StepInterceptor.testStepResult(StepInterceptor.java:124)	at net.thucydides.core.steps.StepInterceptor.intercept(StepInterceptor.java:50)	at com.wakaleo.gameoflife.webtests.steps.PlayerSteps$$EnhancerByCGLIB$$e7ad7fc9.opens_home_page(&lt;generated&gt;)	at com.wakaleo.gameoflife.webtests.WhenTheUserEntersAnInitialGrid.userShouldBeAbleChooseToCreateANewGameOnTheHomePage(WhenTheUserEntersAnInitialGrid.java:39)	at sun.reflect.NativeMethodAccessorImpl.invoke0(Native Method)	at sun.reflect.NativeMethodAccessorImpl.invoke(NativeMethodAccessorImpl.java:57)	at sun.reflect.DelegatingMethodAccessorImpl.invoke(DelegatingMethodAccessorImpl.java:43)	at java.lang.reflect.Method.invoke(Method.java:606)	at org.junit.runners.model.FrameworkMethod$1.runReflectiveCall(FrameworkMethod.java:45)	at org.junit.internal.runners.model.ReflectiveCallable.run(ReflectiveCallable.java:15)	at org.junit.runners.model.FrameworkMethod.invokeExplosively(FrameworkMethod.java:42)	at org.junit.internal.runners.statements.InvokeMethod.evaluate(InvokeMethod.java:20)	at net.thucydides.junit.runners.ThucydidesStatement.evaluate(ThucydidesStatement.java:21)	at org.junit.runners.ParentRunner.runLeaf(ParentRunner.java:263)	at org.junit.runners.BlockJUnit4ClassRunner.runChild(BlockJUnit4ClassRunner.java:68)	at net.thucydides.junit.runners.ThucydidesRunner.runChild(ThucydidesRunner.java:339)	at net.thucydides.junit.runners.ThucydidesRunner.runChild(ThucydidesRunner.java:56)	at org.junit.runners.ParentRunner$3.run(ParentRunner.java:231)	at org.junit.runners.ParentRunner$1.schedule(ParentRunner.java:60)	at org.junit.runners.ParentRunner.runChildren(ParentRunner.java:229)	at org.junit.runners.ParentRunner.access$000(ParentRunner.java:50)	at org.junit.runners.ParentRunner$2.evaluate(ParentRunner.java:222)	at org.junit.runners.ParentRunner.run(ParentRunner.java:300)	at net.thucydides.junit.runners.ThucydidesRunner.run(ThucydidesRunner.java:201)	at org.junit.runners.Suite.runChild(Suite.java:128)	at org.junit.runners.Suite.runChild(Suite.java:24)	at org.junit.runners.ParentRunner$3.run(ParentRunner.java:231)	at java.util.concurrent.Executors$RunnableAdapter.call(Executors.java:471)	at java.util.concurrent.FutureTask.run(FutureTask.java:262)	at java.util.concurrent.ThreadPoolExecutor.runWorker(ThreadPoolExecutor.java:1145)	at java.util.concurrent.ThreadPoolExecutor$Worker.run(ThreadPoolExecutor.java:615)	at java.lang.Thread.run(Thread.java:745)1138713 [pool-1-thread-1] ERROR net.thucydides.core.webdriver.WebDriverFacade - FAILED TO CREATE NEW DRIVER INSTANCE class org.openqa.selenium.firefox.FirefoxDriver: Could not instantiate class org.openqa.selenium.firefox.FirefoxDriver
net.thucydides.core.webdriver.UnsupportedDriverException: Could not instantiate class org.openqa.selenium.firefox.FirefoxDriver	at net.thucydides.core.webdriver.WebDriverFactory.newWebdriverInstance(WebDriverFactory.java:149)	at net.thucydides.core.webdriver.WebDriverFacade.newDriverInstance(WebDriverFacade.java:87)	at net.thucydides.core.webdriver.WebDriverFacade.newProxyDriver(WebDriverFacade.java:82)	at net.thucydides.core.webdriver.WebDriverFacade.getProxiedDriver(WebDriverFacade.java:54)	at net.thucydides.core.pages.Pages.browserIsHeadless(Pages.java:141)	at net.thucydides.core.pages.Pages.openHeadlessDriverIfNotOpen(Pages.java:126)	at net.thucydides.core.pages.Pages.openBrowserIfRequiredFor(Pages.java:119)	at net.thucydides.core.pages.Pages.currentPageAt(Pages.java:107)	at com.wakaleo.gameoflife.webtests.steps.PlayerSteps.onHomePage(PlayerSteps.java:57)	at com.wakaleo.gameoflife.webtests.steps.PlayerSteps.opens_home_page(PlayerSteps.java:18)	at com.wakaleo.gameoflife.webtests.steps.PlayerSteps$$EnhancerByCGLIB$$e7ad7fc9.CGLIB$opens_home_page$0(&lt;generated&gt;)	at com.wakaleo.gameoflife.webtests.steps.PlayerSteps$$EnhancerByCGLIB$$e7ad7fc9$$FastClassByCGLIB$$2f6316fe.invoke(&lt;generated&gt;)	at net.sf.cglib.proxy.MethodProxy.invokeSuper(MethodProxy.java:228)	at net.thucydides.core.steps.StepInterceptor.executeTestStepMethod(StepInterceptor.java:273)	at net.thucydides.core.steps.StepInterceptor.runTestStep(StepInterceptor.java:252)	at net.thucydides.core.steps.StepInterceptor.testStepResult(StepInterceptor.java:124)	at net.thucydides.core.steps.StepInterceptor.intercept(StepInterceptor.java:50)	at com.wakaleo.gameoflife.webtests.steps.PlayerSteps$$EnhancerByCGLIB$$e7ad7fc9.opens_home_page(&lt;generated&gt;)	at com.wakaleo.gameoflife.webtests.WhenTheUserEntersAnInitialGrid.userShouldBeAbleChooseToCreateANewGameOnTheHomePage(WhenTheUserEntersAnInitialGrid.java:39)	at sun.reflect.NativeMethodAccessorImpl.invoke0(Native Method)	at sun.reflect.NativeMethodAccessorImpl.invoke(NativeMethodAccessorImpl.java:57)	at sun.reflect.DelegatingMethodAccessorImpl.invoke(DelegatingMethodAccessorImpl.java:43)	at java.lang.reflect.Method.invoke(Method.java:606)	at org.junit.runners.model.FrameworkMethod$1.runReflectiveCall(FrameworkMethod.java:45)	at org.junit.internal.runners.model.ReflectiveCallable.run(ReflectiveCallable.java:15)	at org.junit.runners.model.FrameworkMethod.invokeExplosively(FrameworkMethod.java:42)	at org.junit.internal.runners.statements.InvokeMethod.evaluate(InvokeMethod.java:20)	at net.thucydides.junit.runners.ThucydidesStatement.evaluate(ThucydidesStatement.java:21)	at org.junit.runners.ParentRunner.runLeaf(ParentRunner.java:263)	at org.junit.runners.BlockJUnit4ClassRunner.runChild(BlockJUnit4ClassRunner.java:68)	at net.thucydides.junit.runners.ThucydidesRunner.runChild(ThucydidesRunner.java:339)	at net.thucydides.junit.runners.ThucydidesRunner.runChild(ThucydidesRunner.java:56)	at org.junit.runners.ParentRunner$3.run(ParentRunner.java:231)	at org.junit.runners.ParentRunner$1.schedule(ParentRunner.java:60)	at org.junit.runners.ParentRunner.runChildren(ParentRunner.java:229)	at org.junit.runners.ParentRunner.access$000(ParentRunner.java:50)	at org.junit.runners.ParentRunner$2.evaluate(ParentRunner.java:222)	at org.junit.runners.ParentRunner.run(ParentRunner.java:300)	at net.thucydides.junit.runners.ThucydidesRunner.run(ThucydidesRunner.java:201)	at org.junit.runners.Suite.runChild(Suite.java:128)	at org.junit.runners.Suite.runChild(Suite.java:24)	at org.junit.runners.ParentRunner$3.run(ParentRunner.java:231)	at java.util.concurrent.Executors$RunnableAdapter.call(Executors.java:471)	at java.util.concurrent.FutureTask.run(FutureTask.java:262)	at java.util.concurrent.ThreadPoolExecutor.runWorker(ThreadPoolExecutor.java:1145)	at java.util.concurrent.ThreadPoolExecutor$Worker.run(ThreadPoolExecutor.java:615)	at java.lang.Thread.run(Thread.java:745)Caused by: java.lang.reflect.InvocationTargetException	at sun.reflect.GeneratedConstructorAccessor39.newInstance(Unknown Source)	at sun.reflect.DelegatingConstructorAccessorImpl.newInstance(DelegatingConstructorAccessorImpl.java:45)	at java.lang.reflect.Constructor.newInstance(Constructor.java:526)	at net.thucydides.core.webdriver.WebdriverInstanceFactory.newInstanceOf(WebdriverInstanceFactory.java:28)	at net.thucydides.core.webdriver.WebDriverFactory.firefoxDriverFrom(WebDriverFactory.java:314)	at net.thucydides.core.webdriver.WebDriverFactory.newWebdriverInstance(WebDriverFactory.java:135)	... 46 moreCaused by: org.openqa.selenium.WebDriverException: Failed to connect to binary FirefoxBinary(/usr/bin/firefox) on port 7055; process output follows: 
Error: no display specified
Error: no display specified

Build info: version: &apos;2.25.0&apos;, revision: &apos;17482&apos;, time: &apos;2012-07-18 22:18:01&apos;
System info: os.name: &apos;Linux&apos;, os.arch: &apos;amd64&apos;, os.version: &apos;3.1.1&apos;, java.version: &apos;1.7.0_79&apos;
Driver info: driver.version: FirefoxDriver	at org.openqa.selenium.firefox.internal.NewProfileExtensionConnection.start(NewProfileExtensionConnection.java:121)	at org.openqa.selenium.firefox.FirefoxDriver.startClient(FirefoxDriver.java:245)	at org.openqa.selenium.remote.RemoteWebDriver.&lt;init&gt;(RemoteWebDriver.java:109)	at org.openqa.selenium.firefox.FirefoxDriver.&lt;init&gt;(FirefoxDriver.java:183)	at org.openqa.selenium.firefox.FirefoxDriver.&lt;init&gt;(FirefoxDriver.java:178)	at org.openqa.selenium.firefox.FirefoxDriver.&lt;init&gt;(FirefoxDriver.java:174)	at org.openqa.selenium.firefox.FirefoxDriver.&lt;init&gt;(FirefoxDriver.java:96)	... 52 moreCaused by: org.openqa.selenium.firefox.NotConnectedException: Unable to connect to host localhost on port 7055 after 45000 ms. Firefox console output:
Error: no display specified
Error: no display specified
	at org.openqa.selenium.firefox.internal.NewProfileExtensionConnection.start(NewProfileExtensionConnection.java:109)	... 58 moreorg.openqa.selenium.firefox.NotConnectedException: Unable to connect to host localhost on port 7055 after 45000 ms. Firefox console output:
Error: no display specified
Error: no display specified
	at org.openqa.selenium.firefox.internal.NewProfileExtensionConnection.start(NewProfileExtensionConnection.java:109)	at org.openqa.selenium.firefox.FirefoxDriver.startClient(FirefoxDriver.java:245)	at org.openqa.selenium.remote.RemoteWebDriver.&lt;init&gt;(RemoteWebDriver.java:109)	at org.openqa.selenium.firefox.FirefoxDriver.&lt;init&gt;(FirefoxDriver.java:183)	at org.openqa.selenium.firefox.FirefoxDriver.&lt;init&gt;(FirefoxDriver.java:178)	at org.openqa.selenium.firefox.FirefoxDriver.&lt;init&gt;(FirefoxDriver.java:174)	at org.openqa.selenium.firefox.FirefoxDriver.&lt;init&gt;(FirefoxDriver.java:96)	at sun.reflect.GeneratedConstructorAccessor39.newInstance(Unknown Source)	at sun.reflect.DelegatingConstructorAccessorImpl.newInstance(DelegatingConstructorAccessorImpl.java:45)	at java.lang.reflect.Constructor.newInstance(Constructor.java:526)	at net.thucydides.core.webdriver.WebdriverInstanceFactory.newInstanceOf(WebdriverInstanceFactory.java:28)	at net.thucydides.core.webdriver.WebDriverFactory.firefoxDriverFrom(WebDriverFactory.java:314)	at net.thucydides.core.webdriver.WebDriverFactory.newWebdriverInstance(WebDriverFactory.java:135)	at net.thucydides.core.webdriver.WebDriverFacade.newDriverInstance(WebDriverFacade.java:87)	at net.thucydides.core.webdriver.WebDriverFacade.newProxyDriver(WebDriverFacade.java:82)	at net.thucydides.core.webdriver.WebDriverFacade.getProxiedDriver(WebDriverFacade.java:54)	at net.thucydides.core.pages.Pages.browserIsHeadless(Pages.java:141)	at net.thucydides.core.pages.Pages.openHeadlessDriverIfNotOpen(Pages.java:126)	at net.thucydides.core.pages.Pages.openBrowserIfRequiredFor(Pages.java:119)	at net.thucydides.core.pages.Pages.currentPageAt(Pages.java:107)	at com.wakaleo.gameoflife.webtests.steps.PlayerSteps.onHomePage(PlayerSteps.java:57)	at com.wakaleo.gameoflife.webtests.steps.PlayerSteps.chooses_to_start_a_new_game(PlayerSteps.java:28)	at com.wakaleo.gameoflife.webtests.steps.PlayerSteps$$EnhancerByCGLIB$$e7ad7fc9.CGLIB$chooses_to_start_a_new_game$1(&lt;generated&gt;)	at com.wakaleo.gameoflife.webtests.steps.PlayerSteps$$EnhancerByCGLIB$$e7ad7fc9$$FastClassByCGLIB$$2f6316fe.invoke(&lt;generated&gt;)	at net.sf.cglib.proxy.MethodProxy.invokeSuper(MethodProxy.java:228)	at net.thucydides.core.steps.StepInterceptor.invokeMethod(StepInterceptor.java:285)	at net.thucydides.core.steps.StepInterceptor.runSkippedMethod(StepInterceptor.java:140)	at net.thucydides.core.steps.StepInterceptor.skipTestStep(StepInterceptor.java:130)	at net.thucydides.core.steps.StepInterceptor.testStepResult(StepInterceptor.java:121)	at net.thucydides.core.steps.StepInterceptor.intercept(StepInterceptor.java:50)	at com.wakaleo.gameoflife.webtests.steps.PlayerSteps$$EnhancerByCGLIB$$e7ad7fc9.chooses_to_start_a_new_game(&lt;generated&gt;)	at com.wakaleo.gameoflife.webtests.WhenTheUserEntersAnInitialGrid.userShouldBeAbleChooseToCreateANewGameOnTheHomePage(WhenTheUserEntersAnInitialGrid.java:40)	at sun.reflect.NativeMethodAccessorImpl.invoke0(Native Method)	at sun.reflect.NativeMethodAccessorImpl.invoke(NativeMethodAccessorImpl.java:57)	at sun.reflect.DelegatingMethodAccessorImpl.invoke(DelegatingMethodAccessorImpl.java:43)	at java.lang.reflect.Method.invoke(Method.java:606)	at org.junit.runners.model.FrameworkMethod$1.runReflectiveCall(FrameworkMethod.java:45)	at org.junit.internal.runners.model.ReflectiveCallable.run(ReflectiveCallable.java:15)	at org.junit.runners.model.FrameworkMethod.invokeExplosively(FrameworkMethod.java:42)	at org.junit.internal.runners.statements.InvokeMethod.evaluate(InvokeMethod.java:20)	at net.thucydides.junit.runners.ThucydidesStatement.evaluate(ThucydidesStatement.java:21)	at org.junit.runners.ParentRunner.runLeaf(ParentRunner.java:263)	at org.junit.runners.BlockJUnit4ClassRunner.runChild(BlockJUnit4ClassRunner.java:68)	at net.thucydides.junit.runners.ThucydidesRunner.runChild(ThucydidesRunner.java:339)	at net.thucydides.junit.runners.ThucydidesRunner.runChild(ThucydidesRunner.java:56)	at org.junit.runners.ParentRunner$3.run(ParentRunner.java:231)	at org.junit.runners.ParentRunner$1.schedule(ParentRunner.java:60)	at org.junit.runners.ParentRunner.runChildren(ParentRunner.java:229)	at org.junit.runners.ParentRunner.access$000(ParentRunner.java:50)	at org.junit.runners.ParentRunner$2.evaluate(ParentRunner.java:222)	at org.junit.runners.ParentRunner.run(ParentRunner.java:300)	at net.thucydides.junit.runners.ThucydidesRunner.run(ThucydidesRunner.java:201)	at org.junit.runners.Suite.runChild(Suite.java:128)	at org.junit.runners.Suite.runChild(Suite.java:24)	at org.junit.runners.ParentRunner$3.run(ParentRunner.java:231)	at java.util.concurrent.Executors$RunnableAdapter.call(Executors.java:471)	at java.util.concurrent.FutureTask.run(FutureTask.java:262)	at java.util.concurrent.ThreadPoolExecutor.runWorker(ThreadPoolExecutor.java:1145)	at java.util.concurrent.ThreadPoolExecutor$Worker.run(ThreadPoolExecutor.java:615)	at java.lang.Thread.run(Thread.java:745)1184014 [pool-1-thread-1] ERROR net.thucydides.core.webdriver.WebDriverFacade - FAILED TO CREATE NEW DRIVER INSTANCE class org.openqa.selenium.firefox.FirefoxDriver: Could not instantiate class org.openqa.selenium.firefox.FirefoxDriver
net.thucydides.core.webdriver.UnsupportedDriverException: Could not instantiate class org.openqa.selenium.firefox.FirefoxDriver	at net.thucydides.core.webdriver.WebDriverFactory.newWebdriverInstance(WebDriverFactory.java:149)	at net.thucydides.core.webdriver.WebDriverFacade.newDriverInstance(WebDriverFacade.java:87)	at net.thucydides.core.webdriver.WebDriverFacade.newProxyDriver(WebDriverFacade.java:82)	at net.thucydides.core.webdriver.WebDriverFacade.getProxiedDriver(WebDriverFacade.java:54)	at net.thucydides.core.pages.Pages.browserIsHeadless(Pages.java:141)	at net.thucydides.core.pages.Pages.openHeadlessDriverIfNotOpen(Pages.java:126)	at net.thucydides.core.pages.Pages.openBrowserIfRequiredFor(Pages.java:119)	at net.thucydides.core.pages.Pages.currentPageAt(Pages.java:107)	at com.wakaleo.gameoflife.webtests.steps.PlayerSteps.onHomePage(PlayerSteps.java:57)	at com.wakaleo.gameoflife.webtests.steps.PlayerSteps.chooses_to_start_a_new_game(PlayerSteps.java:28)	at com.wakaleo.gameoflife.webtests.steps.PlayerSteps$$EnhancerByCGLIB$$e7ad7fc9.CGLIB$chooses_to_start_a_new_game$1(&lt;generated&gt;)	at com.wakaleo.gameoflife.webtests.steps.PlayerSteps$$EnhancerByCGLIB$$e7ad7fc9$$FastClassByCGLIB$$2f6316fe.invoke(&lt;generated&gt;)	at net.sf.cglib.proxy.MethodProxy.invokeSuper(MethodProxy.java:228)	at net.thucydides.core.steps.StepInterceptor.invokeMethod(StepInterceptor.java:285)	at net.thucydides.core.steps.StepInterceptor.runSkippedMethod(StepInterceptor.java:140)	at net.thucydides.core.steps.StepInterceptor.skipTestStep(StepInterceptor.java:130)	at net.thucydides.core.steps.StepInterceptor.testStepResult(StepInterceptor.java:121)	at net.thucydides.core.steps.StepInterceptor.intercept(StepInterceptor.java:50)	at com.wakaleo.gameoflife.webtests.steps.PlayerSteps$$EnhancerByCGLIB$$e7ad7fc9.chooses_to_start_a_new_game(&lt;generated&gt;)	at com.wakaleo.gameoflife.webtests.WhenTheUserEntersAnInitialGrid.userShouldBeAbleChooseToCreateANewGameOnTheHomePage(WhenTheUserEntersAnInitialGrid.java:40)	at sun.reflect.NativeMethodAccessorImpl.invoke0(Native Method)	at sun.reflect.NativeMethodAccessorImpl.invoke(NativeMethodAccessorImpl.java:57)	at sun.reflect.DelegatingMethodAccessorImpl.invoke(DelegatingMethodAccessorImpl.java:43)	at java.lang.reflect.Method.invoke(Method.java:606)	at org.junit.runners.model.FrameworkMethod$1.runReflectiveCall(FrameworkMethod.java:45)	at org.junit.internal.runners.model.ReflectiveCallable.run(ReflectiveCallable.java:15)	at org.junit.runners.model.FrameworkMethod.invokeExplosively(FrameworkMethod.java:42)	at org.junit.internal.runners.statements.InvokeMethod.evaluate(InvokeMethod.java:20)	at net.thucydides.junit.runners.ThucydidesStatement.evaluate(ThucydidesStatement.java:21)	at org.junit.runners.ParentRunner.runLeaf(ParentRunner.java:263)	at org.junit.runners.BlockJUnit4ClassRunner.runChild(BlockJUnit4ClassRunner.java:68)	at net.thucydides.junit.runners.ThucydidesRunner.runChild(ThucydidesRunner.java:339)	at net.thucydides.junit.runners.ThucydidesRunner.runChild(ThucydidesRunner.java:56)	at org.junit.runners.ParentRunner$3.run(ParentRunner.java:231)	at org.junit.runners.ParentRunner$1.schedule(ParentRunner.java:60)	at org.junit.runners.ParentRunner.runChildren(ParentRunner.java:229)	at org.junit.runners.ParentRunner.access$000(ParentRunner.java:50)	at org.junit.runners.ParentRunner$2.evaluate(ParentRunner.java:222)	at org.junit.runners.ParentRunner.run(ParentRunner.java:300)	at net.thucydides.junit.runners.ThucydidesRunner.run(ThucydidesRunner.java:201)	at org.junit.runners.Suite.runChild(Suite.java:128)	at org.junit.runners.Suite.runChild(Suite.java:24)	at org.junit.runners.ParentRunner$3.run(ParentRunner.java:231)	at java.util.concurrent.Executors$RunnableAdapter.call(Executors.java:471)	at java.util.concurrent.FutureTask.run(FutureTask.java:262)	at java.util.concurrent.ThreadPoolExecutor.runWorker(ThreadPoolExecutor.java:1145)	at java.util.concurrent.ThreadPoolExecutor$Worker.run(ThreadPoolExecutor.java:615)	at java.lang.Thread.run(Thread.java:745)Caused by: java.lang.reflect.InvocationTargetException	at sun.reflect.GeneratedConstructorAccessor39.newInstance(Unknown Source)	at sun.reflect.DelegatingConstructorAccessorImpl.newInstance(DelegatingConstructorAccessorImpl.java:45)	at java.lang.reflect.Constructor.newInstance(Constructor.java:526)	at net.thucydides.core.webdriver.WebdriverInstanceFactory.newInstanceOf(WebdriverInstanceFactory.java:28)	at net.thucydides.core.webdriver.WebDriverFactory.firefoxDriverFrom(WebDriverFactory.java:314)	at net.thucydides.core.webdriver.WebDriverFactory.newWebdriverInstance(WebDriverFactory.java:135)	... 47 moreCaused by: org.openqa.selenium.WebDriverException: Failed to connect to binary FirefoxBinary(/usr/bin/firefox) on port 7055; process output follows: 
Error: no display specified
Error: no display specified

Build info: version: &apos;2.25.0&apos;, revision: &apos;17482&apos;, time: &apos;2012-07-18 22:18:01&apos;
System info: os.name: &apos;Linux&apos;, os.arch: &apos;amd64&apos;, os.version: &apos;3.1.1&apos;, java.version: &apos;1.7.0_79&apos;
Driver info: driver.version: FirefoxDriver	at org.openqa.selenium.firefox.internal.NewProfileExtensionConnection.start(NewProfileExtensionConnection.java:121)	at org.openqa.selenium.firefox.FirefoxDriver.startClient(FirefoxDriver.java:245)	at org.openqa.selenium.remote.RemoteWebDriver.&lt;init&gt;(RemoteWebDriver.java:109)	at org.openqa.selenium.firefox.FirefoxDriver.&lt;init&gt;(FirefoxDriver.java:183)	at org.openqa.selenium.firefox.FirefoxDriver.&lt;init&gt;(FirefoxDriver.java:178)	at org.openqa.selenium.firefox.FirefoxDriver.&lt;init&gt;(FirefoxDriver.java:174)	at org.openqa.selenium.firefox.FirefoxDriver.&lt;init&gt;(FirefoxDriver.java:96)	... 53 moreCaused by: org.openqa.selenium.firefox.NotConnectedException: Unable to connect to host localhost on port 7055 after 45000 ms. Firefox console output:
Error: no display specified
Error: no display specified
	at org.openqa.selenium.firefox.internal.NewProfileExtensionConnection.start(NewProfileExtensionConnection.java:109)	... 59 moreorg.openqa.selenium.firefox.NotConnectedException: Unable to connect to host localhost on port 7055 after 45000 ms. Firefox console output:
Error: no display specified
Error: no display specified
	at org.openqa.selenium.firefox.internal.NewProfileExtensionConnection.start(NewProfileExtensionConnection.java:109)	at org.openqa.selenium.firefox.FirefoxDriver.startClient(FirefoxDriver.java:245)	at org.openqa.selenium.remote.RemoteWebDriver.&lt;init&gt;(RemoteWebDriver.java:109)	at org.openqa.selenium.firefox.FirefoxDriver.&lt;init&gt;(FirefoxDriver.java:183)	at org.openqa.selenium.firefox.FirefoxDriver.&lt;init&gt;(FirefoxDriver.java:178)	at org.openqa.selenium.firefox.FirefoxDriver.&lt;init&gt;(FirefoxDriver.java:174)	at org.openqa.selenium.firefox.FirefoxDriver.&lt;init&gt;(FirefoxDriver.java:96)	at sun.reflect.GeneratedConstructorAccessor39.newInstance(Unknown Source)	at sun.reflect.DelegatingConstructorAccessorImpl.newInstance(DelegatingConstructorAccessorImpl.java:45)	at java.lang.reflect.Constructor.newInstance(Constructor.java:526)	at net.thucydides.core.webdriver.WebdriverInstanceFactory.newInstanceOf(WebdriverInstanceFactory.java:28)	at net.thucydides.core.webdriver.WebDriverFactory.firefoxDriverFrom(WebDriverFactory.java:314)	at net.thucydides.core.webdriver.WebDriverFactory.newWebdriverInstance(WebDriverFactory.java:135)	at net.thucydides.core.webdriver.WebDriverFacade.newDriverInstance(WebDriverFacade.java:87)	at net.thucydides.core.webdriver.WebDriverFacade.newProxyDriver(WebDriverFacade.java:82)	at net.thucydides.core.webdriver.WebDriverFacade.getProxiedDriver(WebDriverFacade.java:54)	at net.thucydides.core.pages.Pages.browserIsHeadless(Pages.java:141)	at net.thucydides.core.pages.Pages.openHeadlessDriverIfNotOpen(Pages.java:126)	at net.thucydides.core.pages.Pages.openBrowserIfRequiredFor(Pages.java:119)	at net.thucydides.core.pages.Pages.get(Pages.java:90)	at com.wakaleo.gameoflife.webtests.steps.PlayerSteps.currentPage(PlayerSteps.java:69)	at com.wakaleo.gameoflife.webtests.steps.PlayerSteps.should_see_a_page_containing_text(PlayerSteps.java:33)	at com.wakaleo.gameoflife.webtests.steps.PlayerSteps$$EnhancerByCGLIB$$e7ad7fc9.CGLIB$should_see_a_page_containing_text$2(&lt;generated&gt;)	at com.wakaleo.gameoflife.webtests.steps.PlayerSteps$$EnhancerByCGLIB$$e7ad7fc9$$FastClassByCGLIB$$2f6316fe.invoke(&lt;generated&gt;)	at net.sf.cglib.proxy.MethodProxy.invokeSuper(MethodProxy.java:228)	at net.thucydides.core.steps.StepInterceptor.invokeMethod(StepInterceptor.java:285)	at net.thucydides.core.steps.StepInterceptor.runSkippedMethod(StepInterceptor.java:140)	at net.thucydides.core.steps.StepInterceptor.skipTestStep(StepInterceptor.java:130)	at net.thucydides.core.steps.StepInterceptor.testStepResult(StepInterceptor.java:121)	at net.thucydides.core.steps.StepInterceptor.intercept(StepInterceptor.java:50)	at com.wakaleo.gameoflife.webtests.steps.PlayerSteps$$EnhancerByCGLIB$$e7ad7fc9.should_see_a_page_containing_text(&lt;generated&gt;)	at com.wakaleo.gameoflife.webtests.WhenTheUserEntersAnInitialGrid.userShouldBeAbleChooseToCreateANewGameOnTheHomePage(WhenTheUserEntersAnInitialGrid.java:41)	at sun.reflect.NativeMethodAccessorImpl.invoke0(Native Method)	at sun.reflect.NativeMethodAccessorImpl.invoke(NativeMethodAccessorImpl.java:57)	at sun.reflect.DelegatingMethodAccessorImpl.invoke(DelegatingMethodAccessorImpl.java:43)	at java.lang.reflect.Method.invoke(Method.java:606)	at org.junit.runners.model.FrameworkMethod$1.runReflectiveCall(FrameworkMethod.java:45)	at org.junit.internal.runners.model.ReflectiveCallable.run(ReflectiveCallable.java:15)	at org.junit.runners.model.FrameworkMethod.invokeExplosively(FrameworkMethod.java:42)	at org.junit.internal.runners.statements.InvokeMethod.evaluate(InvokeMethod.java:20)	at net.thucydides.junit.runners.ThucydidesStatement.evaluate(ThucydidesStatement.java:21)	at org.junit.runners.ParentRunner.runLeaf(ParentRunner.java:263)	at org.junit.runners.BlockJUnit4ClassRunner.runChild(BlockJUnit4ClassRunner.java:68)	at net.thucydides.junit.runners.ThucydidesRunner.runChild(ThucydidesRunner.java:339)	at net.thucydides.junit.runners.ThucydidesRunner.runChild(ThucydidesRunner.java:56)	at org.junit.runners.ParentRunner$3.run(ParentRunner.java:231)	at org.junit.runners.ParentRunner$1.schedule(ParentRunner.java:60)	at org.junit.runners.ParentRunner.runChildren(ParentRunner.java:229)	at org.junit.runners.ParentRunner.access$000(ParentRunner.java:50)	at org.junit.runners.ParentRunner$2.evaluate(ParentRunner.java:222)	at org.junit.runners.ParentRunner.run(ParentRunner.java:300)	at net.thucydides.junit.runners.ThucydidesRunner.run(ThucydidesRunner.java:201)	at org.junit.runners.Suite.runChild(Suite.java:128)	at org.junit.runners.Suite.runChild(Suite.java:24)	at org.junit.runners.ParentRunner$3.run(ParentRunner.java:231)	at java.util.concurrent.Executors$RunnableAdapter.call(Executors.java:471)	at java.util.concurrent.FutureTask.run(FutureTask.java:262)	at java.util.concurrent.ThreadPoolExecutor.runWorker(ThreadPoolExecutor.java:1145)	at java.util.concurrent.ThreadPoolExecutor$Worker.run(ThreadPoolExecutor.java:615)	at java.lang.Thread.run(Thread.java:745)1229319 [pool-1-thread-1] ERROR net.thucydides.core.webdriver.WebDriverFacade - FAILED TO CREATE NEW DRIVER INSTANCE class org.openqa.selenium.firefox.FirefoxDriver: Could not instantiate class org.openqa.selenium.firefox.FirefoxDriver
net.thucydides.core.webdriver.UnsupportedDriverException: Could not instantiate class org.openqa.selenium.firefox.FirefoxDriver	at net.thucydides.core.webdriver.WebDriverFactory.newWebdriverInstance(WebDriverFactory.java:149)	at net.thucydides.core.webdriver.WebDriverFacade.newDriverInstance(WebDriverFacade.java:87)	at net.thucydides.core.webdriver.WebDriverFacade.newProxyDriver(WebDriverFacade.java:82)	at net.thucydides.core.webdriver.WebDriverFacade.getProxiedDriver(WebDriverFacade.java:54)	at net.thucydides.core.pages.Pages.browserIsHeadless(Pages.java:141)	at net.thucydides.core.pages.Pages.openHeadlessDriverIfNotOpen(Pages.java:126)	at net.thucydides.core.pages.Pages.openBrowserIfRequiredFor(Pages.java:119)	at net.thucydides.core.pages.Pages.get(Pages.java:90)	at com.wakaleo.gameoflife.webtests.steps.PlayerSteps.currentPage(PlayerSteps.java:69)	at com.wakaleo.gameoflife.webtests.steps.PlayerSteps.should_see_a_page_containing_text(PlayerSteps.java:33)	at com.wakaleo.gameoflife.webtests.steps.PlayerSteps$$EnhancerByCGLIB$$e7ad7fc9.CGLIB$should_see_a_page_containing_text$2(&lt;generated&gt;)	at com.wakaleo.gameoflife.webtests.steps.PlayerSteps$$EnhancerByCGLIB$$e7ad7fc9$$FastClassByCGLIB$$2f6316fe.invoke(&lt;generated&gt;)	at net.sf.cglib.proxy.MethodProxy.invokeSuper(MethodProxy.java:228)	at net.thucydides.core.steps.StepInterceptor.invokeMethod(StepInterceptor.java:285)	at net.thucydides.core.steps.StepInterceptor.runSkippedMethod(StepInterceptor.java:140)	at net.thucydides.core.steps.StepInterceptor.skipTestStep(StepInterceptor.java:130)	at net.thucydides.core.steps.StepInterceptor.testStepResult(StepInterceptor.java:121)	at net.thucydides.core.steps.StepInterceptor.intercept(StepInterceptor.java:50)	at com.wakaleo.gameoflife.webtests.steps.PlayerSteps$$EnhancerByCGLIB$$e7ad7fc9.should_see_a_page_containing_text(&lt;generated&gt;)	at com.wakaleo.gameoflife.webtests.WhenTheUserEntersAnInitialGrid.userShouldBeAbleChooseToCreateANewGameOnTheHomePage(WhenTheUserEntersAnInitialGrid.java:41)	at sun.reflect.NativeMethodAccessorImpl.invoke0(Native Method)	at sun.reflect.NativeMethodAccessorImpl.invoke(NativeMethodAccessorImpl.java:57)	at sun.reflect.DelegatingMethodAccessorImpl.invoke(DelegatingMethodAccessorImpl.java:43)	at java.lang.reflect.Method.invoke(Method.java:606)	at org.junit.runners.model.FrameworkMethod$1.runReflectiveCall(FrameworkMethod.java:45)	at org.junit.internal.runners.model.ReflectiveCallable.run(ReflectiveCallable.java:15)	at org.junit.runners.model.FrameworkMethod.invokeExplosively(FrameworkMethod.java:42)	at org.junit.internal.runners.statements.InvokeMethod.evaluate(InvokeMethod.java:20)	at net.thucydides.junit.runners.ThucydidesStatement.evaluate(ThucydidesStatement.java:21)	at org.junit.runners.ParentRunner.runLeaf(ParentRunner.java:263)	at org.junit.runners.BlockJUnit4ClassRunner.runChild(BlockJUnit4ClassRunner.java:68)	at net.thucydides.junit.runners.ThucydidesRunner.runChild(ThucydidesRunner.java:339)	at net.thucydides.junit.runners.ThucydidesRunner.runChild(ThucydidesRunner.java:56)	at org.junit.runners.ParentRunner$3.run(ParentRunner.java:231)	at org.junit.runners.ParentRunner$1.schedule(ParentRunner.java:60)	at org.junit.runners.ParentRunner.runChildren(ParentRunner.java:229)	at org.junit.runners.ParentRunner.access$000(ParentRunner.java:50)	at org.junit.runners.ParentRunner$2.evaluate(ParentRunner.java:222)	at org.junit.runners.ParentRunner.run(ParentRunner.java:300)	at net.thucydides.junit.runners.ThucydidesRunner.run(ThucydidesRunner.java:201)	at org.junit.runners.Suite.runChild(Suite.java:128)	at org.junit.runners.Suite.runChild(Suite.java:24)	at org.junit.runners.ParentRunner$3.run(ParentRunner.java:231)	at java.util.concurrent.Executors$RunnableAdapter.call(Executors.java:471)	at java.util.concurrent.FutureTask.run(FutureTask.java:262)	at java.util.concurrent.ThreadPoolExecutor.runWorker(ThreadPoolExecutor.java:1145)	at java.util.concurrent.ThreadPoolExecutor$Worker.run(ThreadPoolExecutor.java:615)	at java.lang.Thread.run(Thread.java:745)Caused by: java.lang.reflect.InvocationTargetException	at sun.reflect.GeneratedConstructorAccessor39.newInstance(Unknown Source)	at sun.reflect.DelegatingConstructorAccessorImpl.newInstance(DelegatingConstructorAccessorImpl.java:45)	at java.lang.reflect.Constructor.newInstance(Constructor.java:526)	at net.thucydides.core.webdriver.WebdriverInstanceFactory.newInstanceOf(WebdriverInstanceFactory.java:28)	at net.thucydides.core.webdriver.WebDriverFactory.firefoxDriverFrom(WebDriverFactory.java:314)	at net.thucydides.core.webdriver.WebDriverFactory.newWebdriverInstance(WebDriverFactory.java:135)	... 47 moreCaused by: org.openqa.selenium.WebDriverException: Failed to connect to binary FirefoxBinary(/usr/bin/firefox) on port 7055; process output follows: 
Error: no display specified
Error: no display specified

Build info: version: &apos;2.25.0&apos;, revision: &apos;17482&apos;, time: &apos;2012-07-18 22:18:01&apos;
System info: os.name: &apos;Linux&apos;, os.arch: &apos;amd64&apos;, os.version: &apos;3.1.1&apos;, java.version: &apos;1.7.0_79&apos;
Driver info: driver.version: FirefoxDriver	at org.openqa.selenium.firefox.internal.NewProfileExtensionConnection.start(NewProfileExtensionConnection.java:121)	at org.openqa.selenium.firefox.FirefoxDriver.startClient(FirefoxDriver.java:245)	at org.openqa.selenium.remote.RemoteWebDriver.&lt;init&gt;(RemoteWebDriver.java:109)	at org.openqa.selenium.firefox.FirefoxDriver.&lt;init&gt;(FirefoxDriver.java:183)	at org.openqa.selenium.firefox.FirefoxDriver.&lt;init&gt;(FirefoxDriver.java:178)	at org.openqa.selenium.firefox.FirefoxDriver.&lt;init&gt;(FirefoxDriver.java:174)	at org.openqa.selenium.firefox.FirefoxDriver.&lt;init&gt;(FirefoxDriver.java:96)	... 53 moreCaused by: org.openqa.selenium.firefox.NotConnectedException: Unable to connect to host localhost on port 7055 after 45000 ms. Firefox console output:
Error: no display specified
Error: no display specified
	at org.openqa.selenium.firefox.internal.NewProfileExtensionConnection.start(NewProfileExtensionConnection.java:109)	... 59 more1229324 [pool-1-thread-1] INFO net.thucydides.core.Thucydides - 
           __  _____ _____ ____ _____   _____ _    ___ _     _____ ____  
  _       / / |_   _| ____/ ___|_   _| |  ___/ \  |_ _| |   | ____|  _ \ 
 (_)_____| |    | | |  _| \___ \ | |   | |_ / _ \  | || |   |  _| | | | |
  _|_____| |    | | | |___ ___) || |   |  _/ ___ \ | || |___| |___| |_| |
 (_)     | |    |_| |_____|____/ |_|   |_|/_/   \_\___|_____|_____|____/ 
          \_\                                                            

TEST FAILED: User should be able choose to create a new game on the home page
--------------------------------------------------------------------------
1229324 [pool-1-thread-1] INFO net.thucydides.core.Thucydides - RELATED ISSUES: 
1229324 [pool-1-thread-1] INFO net.thucydides.core.Thucydides - 
  _____ _    ___ _     _   _ ____  _____ 
 |  ___/ \  |_ _| |   | | | |  _ \| ____|
 | |_ / _ \  | || |   | | | | |_) |  _|  
 |  _/ ___ \ | || |___| |_| |  _ &lt;| |___ 
 |_|/_/   \_\___|_____|\___/|_| \_\_____|
                                         

Could not instantiate class org.openqa.selenium.firefox.FirefoxDriver
1229325 [pool-1-thread-1] INFO net.thucydides.core.Thucydides - 
           __  _____ _____ ____ _____   _____ _    ___ _     _____ ____  
  _       / / |_   _| ____/ ___|_   _| |  ___/ \  |_ _| |   | ____|  _ \ 
 (_)_____| |    | | |  _| \___ \ | |   | |_ / _ \  | || |   |  _| | | | |
  _|_____| |    | | | |___ ___) || |   |  _/ ___ \ | || |___| |___| |_| |
 (_)     | |    |_| |_____|____/ |_|   |_|/_/   \_\___|_____|_____|____/ 
          \_\                                                            

TEST FAILED: User should be able choose to create a new game on the home page
--------------------------------------------------------------------------
1229329 [pool-1-thread-1] INFO net.thucydides.core.Thucydides - RELATED ISSUES: 
1229329 [pool-1-thread-1] INFO net.thucydides.core.Thucydides - 
  _____ _    ___ _     _   _ ____  _____ 
 |  ___/ \  |_ _| |   | | | |  _ \| ____|
 | |_ / _ \  | || |   | | | | |_) |  _|  
 |  _/ ___ \ | || |___| |_| |  _ &lt;| |___ 
 |_|/_/   \_\___|_____|\___/|_| \_\_____|
                                         

Could not instantiate class org.openqa.selenium.firefox.FirefoxDriver
1229436 [pool-1-thread-1] INFO net.thucydides.core.webdriver.SystemPropertiesConfiguration - Writing reports to target/site/thucydides
1229613 [pool-1-thread-1] INFO net.thucydides.core.requirements.ClasspathRequirementsProviderService - Using requirements providers: [net.thucydides.core.statistics.service.AnnotationBasedTagProvider@92a973b, net.thucydides.core.statistics.service.FeatureStoryTagProvider@4b2ea730, net.thucydides.core.requirements.FileSystemRequirementsTagProvider@63e266df]
</system-err>
  </testcase>
</testsuite>